25
24.8819
24.7639
24.646
24.5281
24.4103
24.2927
24.1753
24.058
23.9411
23.8243
23.7079
23.5918
23.4761
23.3607
23.2458
23.1313
23.0172
22.9037
22.7907
22.6782
22.5663
22.4551
22.3445
22.2345
22.1253
22.0167
21.909
21.802
21.6958
21.5904
21.4859
21.3823
21.2796
21.1778
21.077
20.9772
20.8784
20.7806
20.6839
20.5883
20.4938
20.4004
20.3082
20.2172
20.1273
20.0387
19.9514
19.8653
19.7805
19.697
19.6149
19.5341
19.4547
19.3766
19.3
19.2249
19.1512
19.0789
19.0082
18.9389
18.8712
18.805
18.7404
18.6774
18.616
18.5561
18.4979
18.4413
18.3864
18.3331
18.2815
18.2317
18.1835
18.137
18.0922
18.0492
18.008
17.9685
17.9308
17.8948
17.8607
17.8283
17.7977
17.769
17.7421
17.717
17.6937
17.6723
17.6527
17.635
17.6191
17.6051
17.593
17.5827
17.5742
17.5677
17.563
17.5602
17.5593
