25
24.978
24.956
24.934
24.912
24.89
24.8681
24.8462
24.8243
24.8025
24.7807
24.759
24.7373
24.7157
24.6942
24.6728
24.6514
24.6301
24.609
24.5879
24.5669
24.546
24.5253
24.5046
24.4841
24.4637
24.4435
24.4234
24.4034
24.3836
24.364
24.3445
24.3252
24.306
24.287
24.2682
24.2496
24.2311
24.2129
24.1949
24.177
24.1594
24.142
24.1248
24.1078
24.091
24.0745
24.0582
24.0422
24.0263
24.0108
23.9954
23.9804
23.9656
23.951
23.9367
23.9227
23.9089
23.8955
23.8823
23.8694
23.8567
23.8444
23.8323
23.8206
23.8091
23.7979
23.7871
23.7765
23.7663
23.7563
23.7467
23.7374
23.7284
23.7198
23.7114
23.7034
23.6957
23.6883
23.6813
23.6746
23.6682
23.6622
23.6565
23.6511
23.6461
23.6414
23.6371
23.6331
23.6294
23.6261
23.6231
23.6205
23.6183
23.6163
23.6148
23.6136
23.6127
23.6122
23.612
