25
24.9478
24.8956
24.8435
24.7914
24.7393
24.6873
24.6354
24.5836
24.5319
24.4803
24.4288
24.3775
24.3263
24.2753
24.2245
24.1739
24.1235
24.0733
24.0234
23.9737
23.9242
23.875
23.8261
23.7775
23.7292
23.6812
23.6336
23.5863
23.5394
23.4928
23.4466
23.4008
23.3554
23.3104
23.2658
23.2217
23.178
23.1348
23.0921
23.0498
23.008
22.9667
22.926
22.8857
22.846
22.8068
22.7682
22.7302
22.6927
22.6558
22.6195
22.5838
22.5487
22.5142
22.4803
22.4471
22.4145
22.3826
22.3513
22.3207
22.2907
22.2615
22.2329
22.2051
22.1779
22.1514
22.1257
22.1007
22.0764
22.0529
22.0301
22.008
21.9867
21.9662
21.9464
21.9274
21.9091
21.8917
21.875
21.8591
21.844
21.8297
21.8162
21.8035
21.7916
21.7805
21.7702
21.7607
21.7521
21.7443
21.7372
21.731
21.7257
21.7211
21.7174
21.7145
21.7124
21.7112
21.7108
