25
24.938
24.876
24.814
24.7521
24.6902
24.6285
24.5668
24.5052
24.4437
24.3824
24.3213
24.2603
24.1995
24.1389
24.0785
24.0183
23.9584
23.8988
23.8394
23.7804
23.7216
23.6631
23.605
23.5473
23.4899
23.4329
23.3763
23.3201
23.2643
23.2089
23.154
23.0996
23.0456
22.9922
22.9392
22.8868
22.8349
22.7835
22.7327
22.6825
22.6328
22.5838
22.5353
22.4875
22.4403
22.3938
22.3479
22.3027
22.2581
22.2143
22.1711
22.1287
22.087
22.046
22.0058
21.9663
21.9275
21.8896
21.8524
21.8161
21.7805
21.7457
21.7118
21.6787
21.6464
21.615
21.5844
21.5547
21.5258
21.4978
21.4707
21.4445
21.4192
21.3948
21.3713
21.3487
21.327
21.3063
21.2864
21.2676
21.2496
21.2326
21.2166
21.2015
21.1873
21.1741
21.1619
21.1507
21.1404
21.1311
21.1227
21.1154
21.109
21.1036
21.0992
21.0957
21.0933
21.0918
21.0913
