25
24.8555
24.7109
24.5665
24.4222
24.278
24.134
23.9902
23.8467
23.7034
23.5605
23.418
23.2758
23.1341
22.9928
22.8521
22.7119
22.5723
22.4332
22.2949
22.1572
22.0202
21.884
21.7486
21.6139
21.4802
21.3473
21.2153
21.0843
20.9543
20.8253
20.6974
20.5705
20.4447
20.3201
20.1967
20.0745
19.9535
19.8338
19.7154
19.5983
19.4826
19.3683
19.2554
19.1439
19.034
18.9255
18.8185
18.7131
18.6093
18.5071
18.4065
18.3076
18.2104
18.1149
18.0211
17.9291
17.8388
17.7504
17.6638
17.579
17.4961
17.4151
17.336
17.2588
17.1836
17.1103
17.0391
16.9698
16.9026
16.8374
16.7742
16.7131
16.6541
16.5972
16.5425
16.4898
16.4393
16.391
16.3448
16.3008
16.2589
16.2193
16.1819
16.1467
16.1138
16.0831
16.0546
16.0284
16.0044
15.9827
15.9633
15.9461
15.9312
15.9186
15.9083
15.9003
15.8946
15.8911
15.89
