25
24.9444
24.8888
24.8333
24.7778
24.7224
24.667
24.6117
24.5565
24.5014
24.4465
24.3917
24.337
24.2825
24.2282
24.1741
24.1202
24.0665
24.013
23.9598
23.9069
23.8542
23.8018
23.7497
23.698
23.6465
23.5954
23.5447
23.4943
23.4443
23.3947
23.3455
23.2967
23.2484
23.2004
23.153
23.106
23.0595
23.0134
22.9679
22.9229
22.8784
22.8344
22.791
22.7481
22.7058
22.6641
22.623
22.5825
22.5425
22.5032
22.4646
22.4265
22.3891
22.3524
22.3163
22.2809
22.2462
22.2122
22.1789
22.1463
22.1144
22.0833
22.0528
22.0232
21.9942
21.9661
21.9387
21.912
21.8862
21.8611
21.8368
21.8133
21.7906
21.7687
21.7477
21.7274
21.708
21.6894
21.6716
21.6547
21.6386
21.6234
21.609
21.5955
21.5828
21.571
21.56
21.5499
21.5407
21.5324
21.5249
21.5183
21.5126
21.5077
21.5038
21.5007
21.4985
21.4972
21.4967
