25
24.9429
24.8859
24.8288
24.7718
24.7149
24.658
24.6013
24.5446
24.488
24.4316
24.3753
24.3192
24.2632
24.2074
24.1518
24.0965
24.0414
23.9865
23.9318
23.8774
23.8234
23.7696
23.7161
23.6629
23.6101
23.5576
23.5055
23.4538
23.4025
23.3515
23.301
23.2509
23.2012
23.152
23.1033
23.055
23.0073
22.96
22.9132
22.867
22.8213
22.7762
22.7316
22.6875
22.6441
22.6013
22.559
22.5174
22.4764
22.4361
22.3963
22.3573
22.3189
22.2812
22.2441
22.2078
22.1721
22.1372
22.103
22.0695
22.0368
22.0048
21.9736
21.9431
21.9134
21.8844
21.8563
21.8289
21.8024
21.7766
21.7517
21.7276
21.7043
21.6818
21.6602
21.6394
21.6194
21.6003
21.5821
21.5647
21.5482
21.5325
21.5178
21.5039
21.4909
21.4787
21.4675
21.4571
21.4477
21.4391
21.4314
21.4246
21.4188
21.4138
21.4097
21.4065
21.4043
21.4029
21.4025
