25
24.8634
24.7268
24.5903
24.4539
24.3176
24.1815
24.0456
23.9099
23.7746
23.6395
23.5048
23.3704
23.2365
23.103
22.9699
22.8374
22.7055
22.5741
22.4433
22.3132
22.1837
22.055
21.927
21.7997
21.6733
21.5477
21.423
21.2992
21.1763
21.0544
20.9334
20.8135
20.6947
20.5769
20.4602
20.3447
20.2304
20.1172
20.0053
19.8947
19.7853
19.6773
19.5705
19.4652
19.3612
19.2587
19.1576
19.058
18.9599
18.8633
18.7682
18.6747
18.5829
18.4926
18.4039
18.317
18.2317
18.1481
18.0662
17.9861
17.9077
17.8311
17.7564
17.6834
17.6123
17.5431
17.4757
17.4103
17.3467
17.2851
17.2254
17.1677
17.1119
17.0581
17.0063
16.9566
16.9088
16.8631
16.8195
16.7779
16.7384
16.7009
16.6656
16.6323
16.6011
16.5721
16.5452
16.5204
16.4978
16.4772
16.4589
16.4427
16.4286
16.4167
16.4069
16.3994
16.3939
16.3907
16.3896
