25
24.901
24.802
24.7031
24.6042
24.5054
24.4068
24.3083
24.21
24.1118
24.014
23.9163
23.8189
23.7219
23.6251
23.5287
23.4326
23.337
23.2418
23.147
23.0527
22.9588
22.8655
22.7728
22.6805
22.5889
22.4979
22.4075
22.3178
22.2287
22.1403
22.0527
21.9658
21.8796
21.7943
21.7097
21.626
21.5431
21.4611
21.38
21.2998
21.2205
21.1422
21.0649
20.9885
20.9132
20.8389
20.7656
20.6934
20.6223
20.5523
20.4834
20.4156
20.349
20.2836
20.2193
20.1563
20.0944
20.0339
19.9745
19.9164
19.8596
19.8041
19.75
19.6971
19.6455
19.5954
19.5465
19.4991
19.453
19.4083
19.3651
19.3232
19.2828
19.2438
19.2063
19.1702
19.1356
19.1025
19.0709
19.0407
19.0121
18.9849
18.9593
18.9352
18.9126
18.8916
18.872
18.8541
18.8377
18.8228
18.8095
18.7977
18.7875
18.7789
18.7718
18.7663
18.7624
18.76
18.7593
