25
24.76
24.52
24.2802
24.0405
23.8011
23.562
23.3233
23.085
22.8472
22.6099
22.3733
22.1374
21.9021
21.6677
21.4341
21.2015
20.9698
20.7392
20.5096
20.2812
20.054
19.8281
19.6035
19.3803
19.1585
18.9383
18.7195
18.5024
18.287
18.0732
17.8613
17.6512
17.4429
17.2366
17.0322
16.8299
16.6297
16.4316
16.2357
16.042
15.8506
15.6616
15.4749
15.2906
15.1088
14.9296
14.7528
14.5787
14.4073
14.2385
14.0724
13.9091
13.7486
13.591
13.4363
13.2844
13.1356
12.9897
12.8469
12.7071
12.5705
12.437
12.3066
12.1795
12.0556
11.9349
11.8175
11.7035
11.5928
11.4854
11.3815
11.281
11.1839
11.0903
11.0002
10.9136
10.8305
10.751
10.6751
10.6027
10.534
10.4688
10.4074
10.3495
10.2954
10.2449
10.1981
10.155
10.1156
10.08
10.0481
10.0199
9.99542
9.97473
9.9578
9.94462
9.93521
9.92956
9.92768
