25
24.9482
24.8963
24.8445
24.7928
24.7411
24.6894
24.6378
24.5864
24.535
24.4837
24.4326
24.3816
24.3308
24.2801
24.2297
24.1794
24.1293
24.0794
24.0298
23.9804
23.9313
23.8825
23.8339
23.7856
23.7376
23.69
23.6426
23.5957
23.549
23.5028
23.4569
23.4114
23.3663
23.3216
23.2773
23.2335
23.1901
23.1471
23.1047
23.0627
23.0212
22.9802
22.9397
22.8997
22.8603
22.8214
22.783
22.7452
22.708
22.6713
22.6352
22.5997
22.5649
22.5306
22.497
22.464
22.4316
22.3999
22.3688
22.3384
22.3087
22.2796
22.2512
22.2235
22.1966
22.1703
22.1447
22.1199
22.0958
22.0724
22.0497
22.0278
22.0066
21.9862
21.9666
21.9477
21.9296
21.9122
21.8957
21.8799
21.8649
21.8507
21.8373
21.8246
21.8128
21.8018
21.7916
21.7822
21.7736
21.7658
21.7588
21.7527
21.7473
21.7428
21.7391
21.7362
21.7342
21.7329
21.7325
