25
24.9588
24.9175
24.8763
24.8352
24.794
24.753
24.712
24.671
24.6302
24.5894
24.5487
24.5082
24.4677
24.4275
24.3873
24.3473
24.3075
24.2678
24.2284
24.1891
24.15
24.1112
24.0725
24.0341
23.996
23.9581
23.9204
23.883
23.846
23.8092
23.7727
23.7365
23.7006
23.6651
23.6298
23.595
23.5605
23.5263
23.4925
23.4592
23.4261
23.3935
23.3613
23.3295
23.2981
23.2672
23.2367
23.2066
23.177
23.1479
23.1192
23.0909
23.0632
23.036
23.0092
22.983
22.9572
22.932
22.9073
22.8831
22.8594
22.8363
22.8138
22.7917
22.7703
22.7494
22.729
22.7093
22.6901
22.6715
22.6535
22.6361
22.6192
22.603
22.5874
22.5723
22.5579
22.5441
22.531
22.5184
22.5065
22.4952
22.4845
22.4745
22.4651
22.4563
22.4482
22.4407
22.4338
22.4277
22.4221
22.4172
22.413
22.4094
22.4064
22.4041
22.4025
22.4015
22.4012
