25
24.2826
23.5662
22.8517
22.14
21.4321
20.7289
20.0312
19.34
18.6561
17.9802
17.3133
16.656
16.0091
15.3732
14.7489
14.1369
13.5377
12.9517
12.3795
11.8214
11.2778
10.749
10.2353
9.73676
9.25369
8.78617
8.33426
7.898
7.47738
7.07235
6.6828
6.30863
5.94966
5.60571
5.27655
4.96194
4.66158
4.3752
4.10246
3.84303
3.59655
3.36266
3.14098
2.93111
2.73266
2.54523
2.36841
2.20179
2.04496
1.89752
1.75907
1.62919
1.5075
1.39361
1.28713
1.18769
1.09494
1.00851
0.928057
0.853255
0.783778
0.719317
0.659574
0.604262
0.553106
0.505845
0.462227
0.422015
0.384981
0.350912
0.319602
0.290861
0.264505
0.240365
0.218279
0.198096
0.179676
0.162885
0.147602
0.133711
0.121106
0.109688
0.0993659
0.0900556
0.0816798
0.0741679
0.0674554
0.0614836
0.0561997
0.0515563
0.047511
0.0440267
0.041071
0.0386161
0.0366388
0.0351203
0.0340459
0.0334054
0.0331926
