25
23.5619
22.1321
20.7188
19.3296
17.9721
16.6529
15.3779
14.1525
12.9809
11.8667
10.8124
9.81976
8.88976
8.02252
7.21752
6.47362
5.78916
5.16201
4.58971
4.06952
3.5985
3.17355
2.79155
2.44934
2.14379
1.87185
1.6306
1.4172
1.22899
1.06348
0.918319
0.791345
0.680566
0.584155
0.500451
0.42795
0.365294
0.311264
0.264773
0.224851
0.190638
0.161376
0.136394
0.115106
0.0969986
0.0816225
0.0685879
0.0575564
0.0482349
0.0403706
0.0337457
0.0281731
0.0234922
0.019566
0.0162771
0.0135258
0.0112272
0.00930918
0.00771069
0.0063801
0.00527381
0.00435505
0.00359287
0.00296129
0.00243848
0.00200615
0.00164901
0.00135427
0.00111127
0.000911114
0.000746398
0.000610973
0.000499727
0.000408424
0.000333552
0.000272206
0.000221984
0.000180901
0.000147322
0.000119897
9.75175e-05
7.92687e-05
6.44008e-05
5.2298e-05
4.24551e-05
3.44586e-05
2.79701e-05
2.27134e-05
1.84631e-05
1.50359e-05
1.22832e-05
1.00848e-05
8.34445e-06
6.98536e-06
5.94743e-06
5.18456e-06
4.66277e-06
4.35875e-06
4.25889e-06
