25
24.6758
24.3517
24.0277
23.7041
23.3809
23.0581
22.736
22.4145
22.0938
21.7739
21.455
21.1372
20.8206
20.5051
20.1911
19.8784
19.5673
19.2578
18.9499
18.6439
18.3398
18.0376
17.7374
17.4394
17.1435
16.85
16.5588
16.2701
15.9839
15.7003
15.4194
15.1412
14.8658
14.5934
14.3238
14.0573
13.7939
13.5337
13.2766
13.0228
12.7724
12.5253
12.2817
12.0415
11.805
11.572
11.3427
11.1171
10.8952
10.6771
10.4629
10.2525
10.0461
9.84363
9.64514
9.45069
9.2603
9.07401
8.89186
8.71387
8.54008
8.3705
8.20518
8.04413
7.88738
7.73496
7.58688
7.44317
7.30384
7.16892
7.03843
6.91238
6.79079
6.67368
6.56105
6.45292
6.34932
6.25023
6.15569
6.0657
5.98027
5.89941
5.82312
5.75142
5.68432
5.62181
5.56391
5.51063
5.46196
5.41791
5.37848
5.34369
5.31353
5.288
5.26712
5.25087
5.23926
5.2323
5.22998
