25
24.743
24.4861
24.2293
23.9727
23.7164
23.4605
23.2049
22.9498
22.6952
22.4412
22.1879
21.9354
21.6836
21.4327
21.1827
20.9337
20.6858
20.439
20.1934
19.949
19.706
19.4643
19.2241
18.9853
18.7482
18.5126
18.2787
18.0466
17.8163
17.5878
17.3612
17.1366
16.9141
16.6936
16.4753
16.2591
16.0453
15.8337
15.6245
15.4177
15.2133
15.0115
14.8122
14.6155
14.4215
14.2302
14.0416
13.8559
13.673
13.4929
13.3158
13.1417
12.9706
12.8026
12.6376
12.4758
12.3172
12.1618
12.0096
11.8607
11.7152
11.573
11.4342
11.2988
11.1668
11.0384
10.9134
10.7921
10.6742
10.56
10.4494
10.3425
10.2392
10.1396
10.0438
9.95168
9.86334
9.77879
9.69804
9.62111
9.54803
9.4788
9.41344
9.35197
9.2944
9.24075
9.19102
9.14523
9.10339
9.0655
9.03158
9.00163
8.97566
8.95368
8.93568
8.92169
8.91168
8.90568
8.90368
