25
24.8424
24.6849
24.5274
24.3701
24.2129
24.0559
23.8991
23.7427
23.5865
23.4307
23.2753
23.1203
22.9658
22.8119
22.6584
22.5056
22.3534
22.2018
22.051
21.9009
21.7516
21.6031
21.4554
21.3087
21.1629
21.018
20.8741
20.7313
20.5896
20.449
20.3095
20.1712
20.0341
19.8983
19.7637
19.6305
19.4986
19.3681
19.2391
19.1115
18.9853
18.8607
18.7376
18.6161
18.4962
18.378
18.2614
18.1465
18.0333
17.9219
17.8123
17.7045
17.5985
17.4944
17.3922
17.2919
17.1935
17.0971
17.0027
16.9103
16.8199
16.7316
16.6454
16.5613
16.4793
16.3994
16.3217
16.2462
16.1729
16.1019
16.033
15.9665
15.9021
15.8401
15.7804
15.723
15.668
15.6153
15.5649
15.517
15.4714
15.4282
15.3875
15.3491
15.3132
15.2797
15.2487
15.2201
15.194
15.1703
15.1491
15.1304
15.1142
15.1005
15.0892
15.0805
15.0742
15.0705
15.0692
