25
24.9632
24.9263
24.8895
24.8528
24.816
24.7793
24.7427
24.7061
24.6696
24.6332
24.5969
24.5606
24.5245
24.4885
24.4527
24.417
24.3814
24.346
24.3107
24.2756
24.2407
24.206
24.1715
24.1372
24.1031
24.0692
24.0356
24.0022
23.9691
23.9362
23.9036
23.8713
23.8392
23.8075
23.776
23.7449
23.7141
23.6836
23.6534
23.6235
23.5941
23.5649
23.5362
23.5078
23.4797
23.4521
23.4248
23.398
23.3715
23.3455
23.3198
23.2946
23.2698
23.2455
23.2216
23.1982
23.1752
23.1526
23.1305
23.1089
23.0878
23.0672
23.047
23.0273
23.0082
22.9895
22.9713
22.9537
22.9365
22.9199
22.9038
22.8883
22.8732
22.8587
22.8448
22.8314
22.8185
22.8062
22.7944
22.7832
22.7725
22.7624
22.7529
22.7439
22.7355
22.7277
22.7204
22.7137
22.7076
22.7021
22.6972
22.6928
22.689
22.6858
22.6831
22.6811
22.6796
22.6788
22.6785
