25
24.9769
24.9539
24.9308
24.9078
24.8848
24.8618
24.8388
24.8159
24.7931
24.7703
24.7475
24.7248
24.7022
24.6797
24.6572
24.6348
24.6125
24.5904
24.5683
24.5463
24.5244
24.5027
24.4811
24.4596
24.4382
24.417
24.396
24.3751
24.3543
24.3337
24.3133
24.2931
24.273
24.2531
24.2334
24.2139
24.1946
24.1755
24.1566
24.1379
24.1194
24.1012
24.0832
24.0654
24.0478
24.0305
24.0134
23.9966
23.98
23.9637
23.9477
23.9319
23.9164
23.9011
23.8862
23.8715
23.8571
23.8429
23.8291
23.8156
23.8024
23.7894
23.7768
23.7645
23.7525
23.7408
23.7294
23.7183
23.7076
23.6972
23.6871
23.6774
23.668
23.6589
23.6501
23.6417
23.6337
23.6259
23.6186
23.6116
23.6049
23.5986
23.5926
23.587
23.5817
23.5768
23.5723
23.5681
23.5642
23.5608
23.5577
23.5549
23.5526
23.5506
23.5489
23.5476
23.5467
23.5462
23.546
