25
24.7293
24.4587
24.1882
23.9179
23.6479
23.3783
23.1091
22.8404
22.5723
22.3048
22.0381
21.7721
21.507
21.2428
20.9796
20.7175
20.4564
20.1966
19.9381
19.6809
19.4251
19.1708
18.918
18.6668
18.4173
18.1695
17.9235
17.6794
17.4372
17.1969
16.9587
16.7226
16.4887
16.257
16.0276
15.8005
15.5758
15.3535
15.1338
14.9166
14.702
14.4901
14.2809
14.0745
13.8709
13.6702
13.4724
13.2775
13.0857
12.8969
12.7112
12.5287
12.3493
12.1732
12.0004
11.8308
11.6646
11.5019
11.3425
11.1866
11.0342
10.8853
10.74
10.5983
10.4602
10.3258
10.1951
10.0682
9.94492
9.82547
9.70982
9.598
9.49004
9.38595
9.28577
9.18951
9.0972
9.00884
8.92448
8.84411
8.76776
8.69545
8.62718
8.56298
8.50286
8.44683
8.3949
8.34709
8.3034
8.26385
8.22843
8.19717
8.17006
8.14711
8.12832
8.11371
8.10327
8.09701
8.09492
