25
24.9427
24.8855
24.8283
24.7711
24.7139
24.6569
24.5999
24.5431
24.4863
24.4297
24.3732
24.3169
24.2608
24.2048
24.149
24.0935
24.0382
23.9831
23.9283
23.8737
23.8194
23.7655
23.7118
23.6585
23.6055
23.5528
23.5006
23.4487
23.3971
23.346
23.2953
23.2451
23.1953
23.1459
23.097
23.0486
23.0006
22.9532
22.9063
22.8599
22.8141
22.7688
22.724
22.6799
22.6363
22.5933
22.5509
22.5092
22.468
22.4275
22.3877
22.3485
22.31
22.2721
22.235
22.1985
22.1627
22.1277
22.0934
22.0598
22.0269
21.9948
21.9635
21.9329
21.9031
21.8741
21.8458
21.8184
21.7918
21.7659
21.7409
21.7167
21.6933
21.6708
21.6491
21.6282
21.6082
21.589
21.5707
21.5533
21.5367
21.521
21.5062
21.4923
21.4792
21.467
21.4557
21.4453
21.4358
21.4272
21.4195
21.4127
21.4068
21.4019
21.3978
21.3946
21.3923
21.391
21.3905
