25
24.7575
24.5151
24.2728
24.0307
23.7889
23.5473
23.3061
23.0654
22.8252
22.5855
22.3465
22.1081
21.8705
21.6337
21.3977
21.1627
20.9286
20.6957
20.4638
20.2331
20.0036
19.7754
19.5485
19.323
19.099
18.8765
18.6556
18.4363
18.2187
18.0028
17.7887
17.5765
17.3661
17.1578
16.9514
16.747
16.5448
16.3448
16.1469
15.9513
15.758
15.5671
15.3786
15.1925
15.0089
14.8279
14.6494
14.4736
14.3004
14.13
13.9623
13.7974
13.6354
13.4762
13.32
13.1667
13.0164
12.8691
12.7249
12.5838
12.4459
12.3111
12.1795
12.0511
11.926
11.8042
11.6857
11.5706
11.4588
11.3504
11.2455
11.144
11.046
10.9516
10.8606
10.7732
10.6893
10.6091
10.5324
10.4594
10.39
10.3243
10.2622
10.2038
10.1492
10.0982
10.051
10.0075
9.96773
9.93175
9.89953
9.87108
9.84641
9.82553
9.80844
9.79514
9.78564
9.77993
9.77803
