25
24.9026
24.8053
24.7079
24.6107
24.5136
24.4165
24.3197
24.223
24.1265
24.0302
23.9341
23.8384
23.7429
23.6477
23.5529
23.4584
23.3644
23.2707
23.1775
23.0847
22.9924
22.9007
22.8094
22.7187
22.6286
22.5391
22.4502
22.3619
22.2743
22.1874
22.1012
22.0157
21.931
21.847
21.7639
21.6815
21.6
21.5194
21.4396
21.3607
21.2827
21.2057
21.1296
21.0545
20.9804
20.9073
20.8353
20.7643
20.6943
20.6254
20.5577
20.491
20.4255
20.3612
20.298
20.236
20.1752
20.1156
20.0572
20.0001
19.9442
19.8896
19.8363
19.7843
19.7337
19.6843
19.6363
19.5896
19.5443
19.5003
19.4578
19.4166
19.3769
19.3385
19.3016
19.2662
19.2321
19.1995
19.1684
19.1388
19.1106
19.0839
19.0587
19.035
19.0128
18.9921
18.9729
18.9552
18.9391
18.9244
18.9113
18.8998
18.8897
18.8813
18.8743
18.8689
18.865
18.8627
18.862
