25
24.9052
24.8104
24.7156
24.6209
24.5263
24.4318
24.3375
24.2433
24.1493
24.0556
23.9621
23.8688
23.7758
23.6831
23.5908
23.4988
23.4072
23.316
23.2252
23.1349
23.045
22.9557
22.8668
22.7785
22.6907
22.6035
22.517
22.431
22.3457
22.2611
22.1771
22.0939
22.0114
21.9296
21.8486
21.7685
21.6891
21.6105
21.5329
21.456
21.3801
21.3051
21.231
21.1579
21.0857
21.0146
20.9444
20.8752
20.8071
20.74
20.6741
20.6092
20.5454
20.4827
20.4212
20.3608
20.3016
20.2435
20.1867
20.1311
20.0767
20.0235
19.9716
19.921
19.8716
19.8236
19.7768
19.7313
19.6872
19.6444
19.603
19.5629
19.5242
19.4869
19.4509
19.4164
19.3832
19.3515
19.3212
19.2923
19.2649
19.2389
19.2143
19.1912
19.1696
19.1495
19.1308
19.1136
19.0978
19.0836
19.0708
19.0596
19.0498
19.0416
19.0348
19.0295
19.0258
19.0235
19.0228
