25
24.888
24.7761
24.6643
24.5525
24.4408
24.3293
24.2179
24.1068
23.9958
23.8851
23.7747
23.6646
23.5549
23.4455
23.3365
23.2279
23.1197
23.0121
22.9049
22.7983
22.6922
22.5867
22.4818
22.3775
22.2739
22.171
22.0688
21.9673
21.8666
21.7667
21.6676
21.5694
21.472
21.3755
21.2799
21.1852
21.0915
20.9988
20.9071
20.8164
20.7268
20.6383
20.5508
20.4645
20.3793
20.2953
20.2124
20.1308
20.0504
19.9712
19.8933
19.8167
19.7414
19.6674
19.5948
19.5235
19.4536
19.3851
19.318
19.2523
19.1881
19.1254
19.0641
19.0043
18.9461
18.8893
18.8341
18.7805
18.7284
18.6779
18.629
18.5816
18.5359
18.4919
18.4494
18.4087
18.3695
18.3321
18.2963
18.2622
18.2298
18.1991
18.1702
18.1429
18.1174
18.0936
18.0715
18.0512
18.0326
18.0158
18.0008
17.9875
17.976
17.9662
17.9582
17.952
17.9476
17.9449
17.944
