25
24.8253
24.6507
24.4761
24.3017
24.1275
23.9535
23.7797
23.6063
23.4332
23.2605
23.0882
22.9164
22.7452
22.5745
22.4044
22.235
22.0663
21.8983
21.7311
21.5647
21.3992
21.2346
21.071
20.9083
20.7467
20.5861
20.4267
20.2684
20.1113
19.9554
19.8008
19.6475
19.4956
19.3451
19.1959
19.0483
18.9021
18.7575
18.6144
18.473
18.3332
18.1951
18.0587
17.924
17.7912
17.6601
17.5309
17.4036
17.2782
17.1547
17.0332
16.9138
16.7963
16.6809
16.5676
16.4565
16.3475
16.2407
16.136
16.0336
15.9335
15.8357
15.7401
15.6469
15.5561
15.4676
15.3815
15.2978
15.2166
15.1379
15.0616
14.9878
14.9166
14.8479
14.7817
14.7181
14.6571
14.5987
14.543
14.4898
14.4393
14.3915
14.3463
14.3038
14.264
14.2269
14.1925
14.1609
14.1319
14.1057
14.0822
14.0615
14.0436
14.0283
14.0159
14.0062
13.9993
13.9951
13.9937
