25
24.8355
24.671
24.5066
24.3423
24.1781
24.0142
23.8506
23.6872
23.5241
23.3615
23.1992
23.0374
22.8761
22.7153
22.5551
22.3955
22.2366
22.0784
21.9209
21.7642
21.6082
21.4532
21.299
21.1458
20.9936
20.8423
20.6921
20.543
20.395
20.2482
20.1026
19.9582
19.8151
19.6732
19.5328
19.3937
19.256
19.1197
18.985
18.8517
18.72
18.5899
18.4614
18.3346
18.2094
18.0859
17.9642
17.8443
17.7261
17.6098
17.4954
17.3828
17.2721
17.1634
17.0567
16.952
16.8493
16.7486
16.6501
16.5536
16.4593
16.3671
16.2771
16.1892
16.1036
16.0203
15.9392
15.8604
15.7838
15.7096
15.6378
15.5683
15.5011
15.4364
15.3741
15.3142
15.2567
15.2017
15.1491
15.099
15.0515
15.0064
14.9638
14.9238
14.8863
14.8513
14.8189
14.7891
14.7618
14.7371
14.715
14.6955
14.6785
14.6642
14.6525
14.6433
14.6368
14.6329
14.6316
