25
24.921
24.842
24.763
24.6841
24.6053
24.5266
24.448
24.3696
24.2913
24.2131
24.1352
24.0575
23.98
23.9028
23.8259
23.7493
23.6729
23.5969
23.5213
23.446
23.3712
23.2967
23.2227
23.1491
23.076
23.0033
22.9312
22.8596
22.7885
22.718
22.648
22.5787
22.5099
22.4418
22.3744
22.3076
22.2414
22.176
22.1113
22.0473
21.984
21.9215
21.8598
21.7989
21.7387
21.6794
21.621
21.5633
21.5066
21.4507
21.3957
21.3417
21.2885
21.2363
21.185
21.1347
21.0854
21.037
20.9897
20.9433
20.898
20.8537
20.8105
20.7683
20.7272
20.6871
20.6481
20.6103
20.5735
20.5379
20.5033
20.4699
20.4377
20.4066
20.3766
20.3479
20.3202
20.2938
20.2686
20.2445
20.2216
20.2
20.1795
20.1603
20.1423
20.1255
20.1099
20.0956
20.0825
20.0706
20.06
20.0506
20.0425
20.0356
20.0299
20.0255
20.0224
20.0205
20.0199
