25
24.764
24.5281
24.2923
24.0566
23.8212
23.5862
23.3514
23.1171
22.8833
22.65
22.4174
22.1854
21.9541
21.7236
21.4939
21.2651
21.0373
20.8105
20.5848
20.3602
20.1368
19.9147
19.6938
19.4743
19.2562
19.0396
18.8245
18.611
18.3991
18.1889
17.9804
17.7738
17.5689
17.366
17.165
16.966
16.7691
16.5742
16.3815
16.191
16.0028
15.8168
15.6331
15.4519
15.273
15.0966
14.9228
14.7515
14.5828
14.4167
14.2533
14.0927
13.9348
13.7796
13.6274
13.478
13.3315
13.188
13.0474
12.9099
12.7754
12.644
12.5157
12.3906
12.2686
12.1499
12.0344
11.9221
11.8131
11.7075
11.6052
11.5062
11.4107
11.3186
11.2298
11.1446
11.0628
10.9846
10.9098
10.8386
10.7709
10.7068
10.6463
10.5893
10.536
10.4863
10.4402
10.3978
10.3591
10.324
10.2925
10.2648
10.2407
10.2203
10.2037
10.1907
10.1814
10.1759
10.174
