25
24.9795
24.9591
24.9386
24.9182
24.8977
24.8773
24.857
24.8367
24.8164
24.7961
24.7759
24.7558
24.7357
24.7157
24.6958
24.6759
24.6562
24.6365
24.6169
24.5974
24.578
24.5587
24.5395
24.5204
24.5015
24.4827
24.464
24.4454
24.427
24.4088
24.3906
24.3727
24.3549
24.3372
24.3197
24.3024
24.2853
24.2683
24.2516
24.235
24.2186
24.2024
24.1864
24.1706
24.155
24.1397
24.1245
24.1096
24.0949
24.0804
24.0662
24.0522
24.0384
24.0249
24.0116
23.9985
23.9858
23.9732
23.961
23.949
23.9372
23.9257
23.9145
23.9036
23.8929
23.8826
23.8725
23.8627
23.8531
23.8439
23.835
23.8263
23.8179
23.8099
23.8021
23.7947
23.7875
23.7807
23.7741
23.7679
23.762
23.7564
23.7511
23.7461
23.7414
23.7371
23.733
23.7293
23.7259
23.7228
23.7201
23.7177
23.7155
23.7138
23.7123
23.7112
23.7104
23.7099
23.7097
