25
24.8638
24.7277
24.5916
24.4557
24.3199
24.1842
24.0488
23.9136
23.7786
23.644
23.5097
23.3758
23.2423
23.1092
22.9767
22.8446
22.7131
22.5821
22.4518
22.3221
22.193
22.0647
21.9371
21.8103
21.6843
21.5591
21.4348
21.3114
21.1889
21.0674
20.9469
20.8274
20.7089
20.5915
20.4753
20.3601
20.2462
20.1334
20.0219
19.9116
19.8026
19.6949
19.5885
19.4835
19.3799
19.2777
19.177
19.0777
18.9799
18.8836
18.7889
18.6957
18.6041
18.5141
18.4258
18.3391
18.2541
18.1708
18.0892
18.0093
17.9312
17.8549
17.7804
17.7077
17.6368
17.5678
17.5007
17.4354
17.3721
17.3106
17.2511
17.1936
17.138
17.0844
17.0328
16.9832
16.9356
16.8901
16.8466
16.8051
16.7657
16.7284
16.6932
16.66
16.629
16.6
16.5732
16.5485
16.5259
16.5055
16.4872
16.471
16.457
16.4451
16.4354
16.4278
16.4225
16.4192
16.4181
