25
24.9643
24.9285
24.8928
24.8571
24.8214
24.7858
24.7503
24.7148
24.6793
24.644
24.6087
24.5736
24.5385
24.5036
24.4688
24.4341
24.3996
24.3652
24.331
24.2969
24.263
24.2294
24.1959
24.1626
24.1295
24.0966
24.064
24.0316
23.9994
23.9675
23.9359
23.9045
23.8734
23.8426
23.812
23.7818
23.7519
23.7223
23.693
23.664
23.6354
23.6072
23.5792
23.5517
23.5245
23.4976
23.4712
23.4451
23.4194
23.3941
23.3693
23.3448
23.3208
23.2971
23.2739
23.2512
23.2289
23.207
23.1856
23.1646
23.1441
23.124
23.1045
23.0854
23.0668
23.0487
23.031
23.0139
22.9973
22.9811
22.9655
22.9504
22.9358
22.9217
22.9082
22.8952
22.8827
22.8707
22.8593
22.8484
22.8381
22.8283
22.819
22.8103
22.8021
22.7945
22.7875
22.781
22.7751
22.7697
22.7649
22.7607
22.757
22.7539
22.7513
22.7493
22.7479
22.7471
22.7468
