25
24.8656
24.7313
24.597
24.4629
24.3288
24.195
24.0613
23.9279
23.7947
23.6619
23.5294
23.3972
23.2655
23.1342
23.0033
22.873
22.7432
22.614
22.4854
22.3574
22.2301
22.1034
21.9775
21.8524
21.728
21.6045
21.4819
21.3601
21.2392
21.1193
21.0003
20.8824
20.7655
20.6497
20.5349
20.4213
20.3089
20.1976
20.0875
19.9787
19.8711
19.7649
19.6599
19.5563
19.454
19.3532
19.2538
19.1558
19.0593
18.9643
18.8708
18.7788
18.6885
18.5997
18.5125
18.4269
18.343
18.2608
18.1803
18.1015
18.0244
17.9491
17.8756
17.8038
17.7339
17.6658
17.5995
17.5352
17.4726
17.412
17.3533
17.2965
17.2417
17.1888
17.1379
17.0889
17.042
16.997
16.9541
16.9132
16.8743
16.8375
16.8027
16.77
16.7393
16.7108
16.6843
16.6599
16.6376
16.6175
16.5994
16.5835
16.5696
16.5579
16.5483
16.5409
16.5355
16.5323
16.5313
