25
24.9694
24.9388
24.9083
24.8777
24.8472
24.8167
24.7863
24.756
24.7256
24.6954
24.6652
24.6352
24.6052
24.5753
24.5455
24.5158
24.4863
24.4569
24.4276
24.3985
24.3695
24.3406
24.312
24.2835
24.2552
24.2271
24.1992
24.1714
24.1439
24.1166
24.0895
24.0627
24.0361
24.0097
23.9836
23.9577
23.9321
23.9068
23.8817
23.857
23.8325
23.8083
23.7844
23.7608
23.7375
23.7146
23.6919
23.6696
23.6477
23.626
23.6048
23.5838
23.5633
23.543
23.5232
23.5037
23.4846
23.4659
23.4476
23.4296
23.4121
23.3949
23.3782
23.3619
23.346
23.3304
23.3154
23.3007
23.2865
23.2727
23.2593
23.2464
23.2339
23.2219
23.2103
23.1991
23.1884
23.1782
23.1684
23.1591
23.1503
23.1419
23.134
23.1265
23.1195
23.113
23.107
23.1015
23.0964
23.0918
23.0877
23.084
23.0809
23.0782
23.0761
23.0744
23.0731
23.0724
23.0722
