25
24.979
24.958
24.937
24.916
24.895
24.874
24.8531
24.8323
24.8114
24.7906
24.7699
24.7492
24.7286
24.7081
24.6876
24.6672
24.6469
24.6267
24.6066
24.5866
24.5666
24.5468
24.5271
24.5075
24.4881
24.4688
24.4496
24.4305
24.4116
24.3928
24.3742
24.3558
24.3375
24.3194
24.3014
24.2836
24.2661
24.2486
24.2314
24.2144
24.1976
24.1809
24.1645
24.1483
24.1323
24.1165
24.101
24.0856
24.0705
24.0557
24.041
24.0267
24.0125
23.9986
23.985
23.9716
23.9585
23.9456
23.933
23.9207
23.9086
23.8968
23.8853
23.8741
23.8632
23.8525
23.8421
23.8321
23.8223
23.8128
23.8036
23.7947
23.7861
23.7779
23.7699
23.7622
23.7549
23.7479
23.7411
23.7347
23.7287
23.7229
23.7175
23.7123
23.7075
23.7031
23.6989
23.6951
23.6916
23.6885
23.6857
23.6832
23.681
23.6792
23.6777
23.6765
23.6757
23.6752
23.675
