25
24.8812
24.7623
24.6436
24.5249
24.4064
24.288
24.1698
24.0518
23.934
23.8165
23.6993
23.5824
23.4659
23.3498
23.2341
23.1188
23.004
22.8897
22.776
22.6628
22.5501
22.4381
22.3268
22.2161
22.1061
21.9969
21.8884
21.7807
21.6738
21.5677
21.4625
21.3582
21.2548
21.1524
21.0509
20.9504
20.8509
20.7525
20.6552
20.5589
20.4638
20.3698
20.2769
20.1853
20.0949
20.0057
19.9177
19.8311
19.7457
19.6617
19.579
19.4977
19.4177
19.3392
19.2621
19.1864
19.1122
19.0395
18.9683
18.8986
18.8304
18.7638
18.6988
18.6353
18.5734
18.5132
18.4546
18.3976
18.3424
18.2887
18.2368
18.1866
18.1381
18.0913
18.0463
18.003
17.9614
17.9217
17.8837
17.8475
17.8131
17.7805
17.7498
17.7209
17.6938
17.6685
17.6451
17.6235
17.6038
17.586
17.57
17.5559
17.5436
17.5333
17.5248
17.5182
17.5135
17.5107
17.5097
