25
24.9319
24.8639
24.7959
24.728
24.6601
24.5923
24.5246
24.457
24.3896
24.3223
24.2552
24.1882
24.1215
24.055
23.9888
23.9228
23.857
23.7916
23.7264
23.6616
23.5971
23.533
23.4692
23.4058
23.3429
23.2803
23.2182
23.1565
23.0953
23.0345
22.9743
22.9146
22.8554
22.7967
22.7386
22.681
22.6241
22.5677
22.512
22.4568
22.4024
22.3485
22.2954
22.2429
22.1911
22.14
22.0897
22.04
21.9912
21.943
21.8957
21.8491
21.8033
21.7584
21.7142
21.6709
21.6284
21.5867
21.546
21.506
21.467
21.4289
21.3916
21.3553
21.3199
21.2854
21.2518
21.2192
21.1875
21.1568
21.1271
21.0983
21.0705
21.0437
21.018
20.9932
20.9694
20.9466
20.9249
20.9041
20.8844
20.8658
20.8482
20.8316
20.8161
20.8016
20.7882
20.7759
20.7646
20.7544
20.7452
20.7371
20.7301
20.7242
20.7193
20.7156
20.7129
20.7112
20.7107
