25
24.5268
24.0538
23.5814
23.1098
22.6393
22.1701
21.7025
21.2368
20.7731
20.3119
19.8533
19.3975
18.9449
18.4956
18.0498
17.6079
17.1699
16.7362
16.3069
15.8822
15.4624
15.0475
14.6378
14.2334
13.8345
13.4412
13.0537
12.6722
12.2966
11.9272
11.5641
11.2073
10.857
10.5131
10.1759
9.84532
9.52145
9.20434
8.89402
8.59052
8.29387
8.00407
7.72113
7.44505
7.17583
6.91344
6.65786
6.40907
6.16703
5.93169
5.70302
5.48096
5.26544
5.05642
4.85382
4.65757
4.46759
4.28382
4.10616
3.93454
3.76887
3.60905
3.45499
3.30661
3.16381
3.02649
2.89456
2.76793
2.64648
2.53013
2.41879
2.31235
2.21073
2.11382
2.02154
1.93379
1.85049
1.77156
1.6969
1.62643
1.56009
1.49778
1.43945
1.38501
1.33441
1.28757
1.24445
1.20499
1.16913
1.13683
1.10805
1.08274
1.06088
1.04244
1.02738
1.01569
1.00735
1.00235
1.00068
