25
24.8993
24.7987
24.6981
24.5976
24.4971
24.3969
24.2967
24.1967
24.097
23.9975
23.8982
23.7992
23.7005
23.6021
23.5041
23.4064
23.3092
23.2124
23.116
23.0201
22.9247
22.8298
22.7355
22.6417
22.5486
22.456
22.3641
22.2729
22.1823
22.0925
22.0034
21.915
21.8274
21.7406
21.6547
21.5695
21.4853
21.4019
21.3194
21.2379
21.1573
21.0777
20.999
20.9214
20.8448
20.7692
20.6948
20.6213
20.549
20.4778
20.4078
20.3389
20.2712
20.2047
20.1393
20.0752
20.0124
19.9508
19.8904
19.8314
19.7736
19.7172
19.6621
19.6084
19.556
19.5049
19.4553
19.407
19.3602
19.3148
19.2708
19.2282
19.1872
19.1475
19.1094
19.0727
19.0375
19.0038
18.9717
18.941
18.9119
18.8843
18.8582
18.8337
18.8108
18.7894
18.7695
18.7513
18.7346
18.7194
18.7059
18.694
18.6836
18.6748
18.6676
18.662
18.6581
18.6557
18.6549
