25
24.337
23.6748
23.014
22.3555
21.6999
21.0481
20.4006
19.7582
19.1216
18.4915
17.8684
17.253
16.6458
16.0475
15.4585
14.8794
14.3106
13.7525
13.2057
12.6704
12.1469
11.6357
11.1368
10.6507
10.1774
9.71723
9.27018
8.8364
8.41594
8.00885
7.61513
7.23474
6.86762
6.51371
6.17287
5.84499
5.5299
5.22743
4.93737
4.65951
4.39361
4.13942
3.89669
3.66513
3.44445
3.23437
3.03458
2.84476
2.6646
2.49379
2.332
2.17891
2.0342
1.89754
1.76861
1.6471
1.5327
1.42508
1.32396
1.22903
1.13999
1.05657
0.978487
0.905469
0.837254
0.77359
0.714232
0.658943
0.607495
0.559672
0.515262
0.474066
0.435893
0.400561
0.367895
0.337731
0.309912
0.284293
0.260732
0.2391
0.219272
0.201134
0.184579
0.169504
0.155819
0.143436
0.132277
0.122269
0.113346
0.105449
0.0985234
0.0925225
0.0874045
0.0831339
0.0796804
0.0770196
0.0751325
0.0740056
0.0736309
