25
24.9324
24.8648
24.7973
24.7298
24.6623
24.595
24.5277
24.4606
24.3936
24.3268
24.2601
24.1936
24.1273
24.0613
23.9954
23.9299
23.8646
23.7996
23.7348
23.6704
23.6064
23.5427
23.4793
23.4164
23.3538
23.2917
23.2299
23.1687
23.1079
23.0475
22.9877
22.9284
22.8695
22.8113
22.7535
22.6964
22.6398
22.5838
22.5284
22.4737
22.4195
22.3661
22.3133
22.2611
22.2097
22.1589
22.1089
22.0596
22.0111
21.9633
21.9162
21.87
21.8245
21.7798
21.7359
21.6929
21.6507
21.6093
21.5688
21.5292
21.4904
21.4525
21.4155
21.3794
21.3442
21.3099
21.2766
21.2442
21.2127
21.1822
21.1527
21.1241
21.0965
21.0699
21.0443
21.0197
20.996
20.9734
20.9518
20.9312
20.9117
20.8931
20.8756
20.8592
20.8438
20.8294
20.8161
20.8038
20.7926
20.7824
20.7734
20.7653
20.7584
20.7525
20.7477
20.7439
20.7412
20.7396
20.7391
