25
24.8076
24.6153
24.4231
24.231
24.0391
23.8475
23.6561
23.4651
23.2745
23.0843
22.8946
22.7054
22.5168
22.3288
22.1415
21.955
21.7692
21.5842
21.4001
21.2168
21.0346
20.8533
20.6731
20.494
20.316
20.1392
19.9637
19.7894
19.6164
19.4448
19.2746
19.1058
18.9385
18.7728
18.6086
18.446
18.2851
18.1259
17.9684
17.8127
17.6588
17.5067
17.3566
17.2083
17.0621
16.9178
16.7756
16.6354
16.4974
16.3615
16.2278
16.0963
15.967
15.84
15.7153
15.593
15.473
15.3554
15.2403
15.1276
15.0174
14.9097
14.8046
14.702
14.602
14.5047
14.4099
14.3179
14.2285
14.1418
14.0579
13.9767
13.8983
13.8227
13.75
13.68
13.6129
13.5486
13.4873
13.4288
13.3732
13.3206
13.2709
13.2241
13.1803
13.1395
13.1017
13.0669
13.035
13.0062
12.9804
12.9576
12.9378
12.9211
12.9074
12.8967
12.8891
12.8845
12.883
