25
24.9228
24.8456
24.7685
24.6914
24.6144
24.5375
24.4607
24.384
24.3075
24.2312
24.1551
24.0792
24.0035
23.928
23.8529
23.778
23.7034
23.6292
23.5553
23.4817
23.4086
23.3358
23.2635
23.1916
23.1201
23.0492
22.9787
22.9087
22.8393
22.7704
22.702
22.6343
22.5671
22.5006
22.4347
22.3694
22.3048
22.2408
22.1776
22.1151
22.0533
21.9922
21.9319
21.8724
21.8136
21.7557
21.6985
21.6422
21.5868
21.5322
21.4785
21.4257
21.3737
21.3227
21.2726
21.2235
21.1753
21.128
21.0818
21.0365
20.9922
20.9489
20.9067
20.8654
20.8253
20.7861
20.7481
20.7111
20.6751
20.6403
20.6066
20.574
20.5424
20.5121
20.4828
20.4547
20.4277
20.4019
20.3772
20.3537
20.3313
20.3102
20.2902
20.2714
20.2538
20.2374
20.2222
20.2082
20.1954
20.1838
20.1734
20.1642
20.1563
20.1496
20.144
20.1398
20.1367
20.1349
20.1342
