25
24.9485
24.897
24.8456
24.7941
24.7428
24.6915
24.6402
24.5891
24.5381
24.4871
24.4364
24.3857
24.3352
24.2849
24.2348
24.1848
24.1351
24.0855
24.0362
23.9872
23.9384
23.8899
23.8416
23.7936
23.746
23.6986
23.6516
23.6049
23.5586
23.5127
23.4671
23.4219
23.3771
23.3327
23.2887
23.2452
23.2021
23.1594
23.1172
23.0755
23.0343
22.9935
22.9533
22.9136
22.8744
22.8358
22.7977
22.7601
22.7231
22.6867
22.6509
22.6156
22.581
22.5469
22.5135
22.4807
22.4486
22.4171
22.3862
22.356
22.3265
22.2976
22.2694
22.2419
22.2151
22.189
22.1636
22.1389
22.115
22.0917
22.0692
22.0475
22.0264
22.0062
21.9866
21.9679
21.9499
21.9327
21.9162
21.9005
21.8856
21.8715
21.8582
21.8456
21.8339
21.8229
21.8128
21.8035
21.7949
21.7872
21.7803
21.7741
21.7688
21.7644
21.7607
21.7578
21.7558
21.7546
21.7541
