25
24.928
24.856
24.7841
24.7122
24.6403
24.5686
24.497
24.4255
24.3541
24.283
24.2119
24.1411
24.0705
24.0002
23.9301
23.8602
23.7907
23.7214
23.6525
23.5839
23.5157
23.4478
23.3804
23.3133
23.2467
23.1805
23.1148
23.0495
22.9847
22.9205
22.8567
22.7935
22.7309
22.6688
22.6073
22.5465
22.4862
22.4266
22.3676
22.3093
22.2516
22.1947
22.1384
22.0829
22.0281
21.9741
21.9208
21.8683
21.8166
21.7656
21.7155
21.6663
21.6178
21.5702
21.5235
21.4777
21.4327
21.3887
21.3455
21.3033
21.262
21.2216
21.1822
21.1438
21.1063
21.0698
21.0343
20.9998
20.9663
20.9338
20.9023
20.8719
20.8425
20.8142
20.7869
20.7606
20.7355
20.7114
20.6884
20.6664
20.6456
20.6259
20.6072
20.5897
20.5733
20.558
20.5438
20.5307
20.5188
20.508
20.4983
20.4897
20.4823
20.4761
20.4709
20.4669
20.4641
20.4623
20.4618
