25
24.7448
24.4896
24.2346
23.9798
23.7252
23.471
23.2172
22.9638
22.711
22.4588
22.2072
21.9563
21.7063
21.4571
21.2088
20.9615
20.7153
20.4702
20.2262
19.9835
19.7421
19.502
19.2634
19.0263
18.7907
18.5567
18.3244
18.0938
17.865
17.6381
17.413
17.1899
16.9688
16.7498
16.5329
16.3182
16.1058
15.8956
15.6877
15.4822
15.2792
15.0787
14.8807
14.6853
14.4925
14.3025
14.1151
13.9306
13.7488
13.5699
13.394
13.221
13.0509
12.884
12.72
12.5593
12.4016
12.2472
12.096
11.948
11.8033
11.662
11.5241
11.3895
11.2584
11.1307
11.0066
10.8859
10.7688
10.6553
10.5454
10.4391
10.3364
10.2375
10.1422
10.0506
9.96283
9.87878
9.79852
9.72205
9.6494
9.58059
9.51562
9.45452
9.39729
9.34396
9.29452
9.249
9.20741
9.16974
9.13602
9.10625
9.08044
9.05858
9.04069
9.02678
9.01684
9.01087
9.00888
