25
24.9793
24.9585
24.9378
24.9171
24.8964
24.8757
24.8551
24.8345
24.8139
24.7934
24.7729
24.7525
24.7322
24.7119
24.6917
24.6716
24.6516
24.6316
24.6118
24.592
24.5723
24.5528
24.5334
24.514
24.4948
24.4758
24.4568
24.438
24.4194
24.4009
24.3825
24.3643
24.3462
24.3283
24.3106
24.2931
24.2757
24.2585
24.2416
24.2248
24.2081
24.1917
24.1755
24.1595
24.1437
24.1282
24.1128
24.0977
24.0828
24.0681
24.0537
24.0395
24.0255
24.0118
23.9984
23.9852
23.9722
23.9595
23.9471
23.9349
23.923
23.9114
23.9
23.889
23.8782
23.8676
23.8574
23.8475
23.8378
23.8285
23.8194
23.8106
23.8022
23.794
23.7861
23.7786
23.7713
23.7644
23.7577
23.7514
23.7454
23.7397
23.7344
23.7293
23.7246
23.7202
23.7161
23.7123
23.7089
23.7058
23.703
23.7005
23.6984
23.6966
23.6951
23.6939
23.6931
23.6926
23.6925
