25
24.6638
24.3277
23.9918
23.6562
23.3211
22.9864
22.6524
22.3192
21.9867
21.6552
21.3248
20.9955
20.6674
20.3407
20.0154
19.6917
19.3696
19.0493
18.7307
18.4141
18.0995
17.787
17.4768
17.1687
16.8631
16.5599
16.2593
15.9612
15.6659
15.3734
15.0837
14.7969
14.5131
14.2325
13.9549
13.6806
13.4096
13.1419
12.8776
12.6168
12.3595
12.1058
11.8557
11.6094
11.3668
11.128
10.893
10.6619
10.4348
10.2116
9.99252
9.77745
9.56649
9.35966
9.15701
8.95856
8.76435
8.5744
8.38875
8.20743
8.03045
7.85785
7.68965
7.52586
7.36651
7.21163
7.06122
6.9153
6.77389
6.63702
6.50467
6.37689
6.25366
6.13502
6.02096
5.9115
5.80664
5.70639
5.61077
5.51977
5.43341
5.35169
5.27462
5.2022
5.13443
5.07132
5.01287
4.95908
4.90997
4.86553
4.82575
4.79066
4.76024
4.7345
4.71343
4.69705
4.68535
4.67832
4.67598
