25
24.9594
24.9189
24.8784
24.8379
24.7974
24.757
24.7167
24.6764
24.6362
24.5961
24.5561
24.5163
24.4765
24.4369
24.3974
24.3581
24.3189
24.2799
24.2411
24.2024
24.164
24.1258
24.0878
24.05
24.0125
23.9752
23.9382
23.9014
23.865
23.8288
23.7929
23.7573
23.722
23.687
23.6524
23.6181
23.5842
23.5506
23.5174
23.4845
23.452
23.42
23.3883
23.357
23.3262
23.2957
23.2657
23.2361
23.207
23.1783
23.1501
23.1224
23.0951
23.0683
23.042
23.0161
22.9908
22.966
22.9417
22.9179
22.8947
22.8719
22.8497
22.8281
22.807
22.7864
22.7664
22.747
22.7281
22.7098
22.6921
22.6749
22.6584
22.6424
22.6271
22.6123
22.5981
22.5845
22.5716
22.5592
22.5475
22.5364
22.5259
22.516
22.5068
22.4981
22.4902
22.4828
22.4761
22.47
22.4645
22.4597
22.4555
22.452
22.4491
22.4469
22.4453
22.4443
22.444
