25
24.8496
24.6992
24.5489
24.3987
24.2486
24.0988
23.9491
23.7998
23.6507
23.502
23.3537
23.2057
23.0582
22.9113
22.7648
22.6189
22.4736
22.3289
22.1849
22.0417
21.8991
21.7574
21.6164
21.4763
21.3371
21.1989
21.0615
20.9252
20.7899
20.6557
20.5225
20.3905
20.2596
20.13
20.0015
19.8744
19.7485
19.6239
19.5007
19.3789
19.2584
19.1395
19.022
18.906
18.7915
18.6787
18.5674
18.4577
18.3497
18.2433
18.1387
18.0357
17.9346
17.8352
17.7376
17.6418
17.5479
17.4559
17.3657
17.2775
17.1913
17.107
17.0246
16.9443
16.8661
16.7898
16.7157
16.6436
16.5736
16.5058
16.4401
16.3765
16.3151
16.2559
16.1989
16.1441
16.0916
16.0412
15.9932
15.9474
15.9039
15.8627
15.8237
15.7871
15.7528
15.7209
15.6912
15.6639
15.639
15.6164
15.5962
15.5783
15.5629
15.5498
15.539
15.5307
15.5247
15.5211
15.5199
