25
24.9029
24.8059
24.7089
24.612
24.5152
24.4185
24.3219
24.2255
24.1294
24.0334
23.9377
23.8422
23.747
23.6522
23.5577
23.4635
23.3698
23.2764
23.1835
23.0911
22.9991
22.9076
22.8167
22.7263
22.6364
22.5472
22.4586
22.3706
22.2833
22.1967
22.1108
22.0256
21.9411
21.8575
21.7746
21.6925
21.6113
21.5309
21.4514
21.3728
21.295
21.2183
21.1425
21.0676
20.9937
20.9209
20.8491
20.7783
20.7086
20.6399
20.5724
20.506
20.4407
20.3765
20.3136
20.2518
20.1911
20.1318
20.0736
20.0167
19.961
19.9066
19.8534
19.8016
19.7511
19.7019
19.654
19.6075
19.5624
19.5186
19.4762
19.4351
19.3955
19.3573
19.3205
19.2852
19.2512
19.2188
19.1877
19.1582
19.1301
19.1035
19.0784
19.0547
19.0326
19.012
18.9928
18.9752
18.9591
18.9446
18.9315
18.92
18.91
18.9015
18.8946
18.8892
18.8854
18.8831
18.8823
