25
24.9732
24.9464
24.9197
24.8929
24.8662
24.8395
24.8129
24.7863
24.7597
24.7333
24.7068
24.6805
24.6542
24.6281
24.602
24.576
24.5501
24.5244
24.4987
24.4732
24.4478
24.4226
24.3975
24.3726
24.3478
24.3232
24.2987
24.2744
24.2503
24.2264
24.2027
24.1792
24.1559
24.1328
24.1099
24.0873
24.0649
24.0427
24.0208
23.9991
23.9776
23.9564
23.9355
23.9148
23.8945
23.8744
23.8545
23.835
23.8158
23.7968
23.7782
23.7599
23.7418
23.7241
23.7068
23.6897
23.673
23.6566
23.6405
23.6248
23.6095
23.5945
23.5798
23.5655
23.5516
23.538
23.5248
23.5119
23.4995
23.4874
23.4757
23.4644
23.4534
23.4429
23.4327
23.423
23.4136
23.4047
23.3961
23.3879
23.3802
23.3728
23.3659
23.3594
23.3533
23.3476
23.3423
23.3375
23.333
23.329
23.3254
23.3222
23.3194
23.3171
23.3152
23.3137
23.3127
23.312
23.3118
