25
24.9801
24.9601
24.9402
24.9203
24.9004
24.8806
24.8607
24.8409
24.8212
24.8015
24.7818
24.7622
24.7427
24.7232
24.7038
24.6844
24.6652
24.646
24.6269
24.6079
24.589
24.5703
24.5516
24.533
24.5146
24.4962
24.478
24.46
24.442
24.4242
24.4066
24.3891
24.3718
24.3546
24.3375
24.3207
24.304
24.2875
24.2712
24.255
24.2391
24.2233
24.2077
24.1923
24.1772
24.1622
24.1475
24.1329
24.1186
24.1045
24.0906
24.077
24.0636
24.0504
24.0375
24.0248
24.0123
24.0001
23.9882
23.9765
23.9651
23.9539
23.943
23.9323
23.9219
23.9118
23.902
23.8925
23.8832
23.8742
23.8655
23.8571
23.8489
23.8411
23.8335
23.8262
23.8193
23.8126
23.8062
23.8002
23.7944
23.7889
23.7838
23.7789
23.7744
23.7701
23.7662
23.7626
23.7593
23.7563
23.7536
23.7512
23.7492
23.7475
23.746
23.7449
23.7441
23.7437
23.7435
