25
24.845
24.6901
24.5352
24.3804
24.2258
24.0714
23.9173
23.7634
23.6098
23.4566
23.3037
23.1513
22.9993
22.8479
22.697
22.5467
22.397
22.2479
22.0995
21.9519
21.8051
21.659
21.5138
21.3695
21.226
21.0836
20.9421
20.8016
20.6622
20.5239
20.3867
20.2507
20.1159
19.9823
19.8499
19.7189
19.5892
19.4609
19.3339
19.2084
19.0843
18.9618
18.8407
18.7212
18.6033
18.487
18.3723
18.2593
18.148
18.0384
17.9306
17.8246
17.7203
17.6179
17.5174
17.4187
17.322
17.2271
17.1343
17.0434
16.9545
16.8677
16.7829
16.7001
16.6195
16.5409
16.4645
16.3903
16.3182
16.2483
16.1806
16.1151
16.0518
15.9908
15.9321
15.8757
15.8215
15.7697
15.7202
15.673
15.6282
15.5857
15.5456
15.5079
15.4725
15.4396
15.4091
15.381
15.3553
15.332
15.3112
15.2928
15.2768
15.2633
15.2523
15.2437
15.2375
15.2338
15.2326
