25
24.9805
24.9609
24.9414
24.9219
24.9024
24.8829
24.8635
24.8441
24.8247
24.8054
24.7861
24.7669
24.7477
24.7286
24.7096
24.6907
24.6718
24.653
24.6343
24.6157
24.5971
24.5787
24.5604
24.5422
24.5241
24.5062
24.4883
24.4706
24.453
24.4356
24.4183
24.4011
24.3841
24.3673
24.3506
24.3341
24.3177
24.3015
24.2855
24.2697
24.2541
24.2386
24.2233
24.2083
24.1934
24.1787
24.1643
24.15
24.136
24.1222
24.1086
24.0952
24.082
24.0691
24.0564
24.044
24.0318
24.0198
24.0081
23.9967
23.9855
23.9745
23.9638
23.9534
23.9432
23.9333
23.9237
23.9143
23.9052
23.8964
23.8878
23.8796
23.8716
23.8639
23.8565
23.8494
23.8426
23.836
23.8298
23.8238
23.8182
23.8128
23.8078
23.803
23.7985
23.7944
23.7905
23.787
23.7837
23.7808
23.7782
23.7759
23.7739
23.7721
23.7708
23.7697
23.7689
23.7684
23.7683
