25
24.8564
24.7129
24.5694
24.426
24.2828
24.1397
23.9969
23.8543
23.712
23.57
23.4284
23.2872
23.1464
23.0061
22.8663
22.727
22.5883
22.4502
22.3128
22.176
22.0399
21.9046
21.7701
21.6363
21.5035
21.3715
21.2404
21.1102
20.9811
20.8529
20.7258
20.5998
20.4749
20.3511
20.2285
20.1071
19.9869
19.868
19.7504
19.6341
19.5191
19.4056
19.2934
19.1827
19.0734
18.9657
18.8594
18.7547
18.6516
18.5501
18.4502
18.3519
18.2553
18.1604
18.0673
17.9759
17.8862
17.7984
17.7123
17.6281
17.5458
17.4653
17.3867
17.31
17.2353
17.1625
17.0917
17.0229
16.9561
16.8914
16.8286
16.7679
16.7093
16.6528
16.5984
16.5461
16.4959
16.4479
16.402
16.3583
16.3168
16.2774
16.2402
16.2053
16.1725
16.142
16.1137
16.0877
16.0639
16.0423
16.023
16.006
15.9912
15.9787
15.9684
15.9605
15.9548
15.9514
15.9502
