25
24.9529
24.9058
24.8588
24.8118
24.7648
24.7179
24.6711
24.6243
24.5777
24.5311
24.4847
24.4384
24.3922
24.3462
24.3003
24.2547
24.2092
24.1639
24.1188
24.074
24.0294
23.985
23.9409
23.897
23.8534
23.8102
23.7672
23.7245
23.6821
23.6401
23.5984
23.5571
23.5162
23.4756
23.4354
23.3955
23.3561
23.3171
23.2786
23.2404
23.2027
23.1655
23.1287
23.0924
23.0566
23.0212
22.9864
22.9521
22.9182
22.8849
22.8522
22.82
22.7883
22.7572
22.7266
22.6966
22.6672
22.6384
22.6102
22.5826
22.5556
22.5292
22.5034
22.4783
22.4538
22.4299
22.4067
22.3841
22.3622
22.341
22.3204
22.3005
22.2813
22.2627
22.2449
22.2277
22.2113
22.1955
22.1805
22.1661
22.1525
22.1396
22.1274
22.116
22.1052
22.0952
22.0859
22.0774
22.0696
22.0625
22.0562
22.0506
22.0457
22.0416
22.0383
22.0357
22.0338
22.0327
22.0323
