25
24.9797
24.9595
24.9392
24.919
24.8988
24.8786
24.8584
24.8383
24.8182
24.7982
24.7782
24.7582
24.7384
24.7185
24.6988
24.6792
24.6596
24.6401
24.6207
24.6014
24.5822
24.5631
24.5441
24.5252
24.5064
24.4878
24.4693
24.4509
24.4327
24.4146
24.3967
24.3789
24.3612
24.3438
24.3265
24.3093
24.2924
24.2756
24.259
24.2426
24.2263
24.2103
24.1945
24.1788
24.1634
24.1482
24.1332
24.1184
24.1039
24.0895
24.0754
24.0615
24.0479
24.0345
24.0214
24.0085
23.9958
23.9834
23.9713
23.9594
23.9477
23.9364
23.9253
23.9145
23.9039
23.8936
23.8836
23.8739
23.8645
23.8554
23.8465
23.8379
23.8297
23.8217
23.814
23.8066
23.7995
23.7927
23.7863
23.7801
23.7742
23.7687
23.7634
23.7585
23.7539
23.7496
23.7456
23.7419
23.7385
23.7355
23.7328
23.7304
23.7283
23.7265
23.7251
23.7239
23.7231
23.7226
23.7225
