25
24.9637
24.9273
24.891
24.8547
24.8184
24.7822
24.7461
24.71
24.674
24.638
24.6022
24.5664
24.5308
24.4953
24.4599
24.4246
24.3895
24.3546
24.3198
24.2852
24.2507
24.2165
24.1824
24.1486
24.1149
24.0815
24.0483
24.0154
23.9827
23.9502
23.9181
23.8862
23.8545
23.8232
23.7922
23.7614
23.731
23.7009
23.6711
23.6417
23.6126
23.5839
23.5555
23.5274
23.4998
23.4725
23.4456
23.4191
23.393
23.3673
23.342
23.3171
23.2927
23.2686
23.2451
23.2219
23.1992
23.177
23.1552
23.1339
23.113
23.0927
23.0728
23.0534
23.0344
23.016
22.9981
22.9807
22.9638
22.9474
22.9315
22.9161
22.9013
22.887
22.8732
22.8599
22.8472
22.8351
22.8235
22.8124
22.8019
22.7919
22.7825
22.7737
22.7654
22.7576
22.7505
22.7439
22.7379
22.7324
22.7275
22.7232
22.7195
22.7163
22.7137
22.7117
22.7102
22.7094
22.7091
