25
24.9803
24.9605
24.9408
24.9211
24.9014
24.8817
24.8621
24.8425
24.823
24.8034
24.784
24.7646
24.7452
24.7259
24.7067
24.6876
24.6685
24.6495
24.6306
24.6118
24.5931
24.5745
24.556
24.5376
24.5194
24.5012
24.4832
24.4653
24.4476
24.4299
24.4125
24.3951
24.378
24.361
24.3441
24.3274
24.3109
24.2946
24.2784
24.2624
24.2466
24.231
24.2156
24.2003
24.1853
24.1705
24.1559
24.1415
24.1273
24.1134
24.0996
24.0861
24.0729
24.0598
24.047
24.0344
24.0221
24.01
23.9982
23.9866
23.9753
23.9642
23.9534
23.9429
23.9326
23.9226
23.9129
23.9034
23.8942
23.8853
23.8767
23.8684
23.8603
23.8525
23.8451
23.8379
23.831
23.8244
23.8181
23.8121
23.8063
23.8009
23.7958
23.791
23.7865
23.7823
23.7784
23.7749
23.7716
23.7686
23.766
23.7636
23.7616
23.7599
23.7585
23.7574
23.7566
23.7561
23.756
