25
24.885
24.7701
24.6552
24.5404
24.4258
24.3112
24.1969
24.0827
23.9688
23.8551
23.7418
23.6287
23.516
23.4037
23.2917
23.1802
23.0692
22.9586
22.8486
22.739
22.6301
22.5218
22.414
22.307
22.2006
22.0949
21.99
21.8858
21.7823
21.6797
21.578
21.4771
21.3771
21.278
21.1798
21.0826
20.9864
20.8912
20.797
20.7039
20.6118
20.5209
20.4311
20.3425
20.255
20.1687
20.0836
19.9998
19.9172
19.8359
19.7559
19.6773
19.5999
19.524
19.4494
19.3762
19.3044
19.234
19.1651
19.0977
19.0318
18.9673
18.9044
18.843
18.7832
18.7249
18.6682
18.6131
18.5597
18.5078
18.4576
18.409
18.362
18.3168
18.2732
18.2313
18.1912
18.1527
18.116
18.081
18.0477
18.0162
17.9864
17.9584
17.9322
17.9078
17.8851
17.8643
17.8452
17.8279
17.8125
17.7988
17.787
17.777
17.7688
17.7624
17.7578
17.7551
17.7542
