25
24.6706
24.3412
24.0121
23.6833
23.3549
23.0269
22.6996
22.373
22.0472
21.7223
21.3984
21.0755
20.7539
20.4336
20.1146
19.7971
19.4812
19.167
18.8545
18.5438
18.2351
17.9284
17.6238
17.3214
17.0213
16.7235
16.4282
16.1354
15.8452
15.5577
15.2729
14.9909
14.7118
14.4358
14.1627
13.8927
13.6259
13.3624
13.1021
12.8452
12.5917
12.3417
12.0952
11.8523
11.6131
11.3775
11.1456
10.9176
10.6933
10.473
10.2565
10.044
9.83555
9.63109
9.43071
9.23444
9.0423
8.85434
8.67058
8.49106
8.31579
8.14482
7.97815
7.81583
7.65787
7.50429
7.35511
7.21036
7.07005
6.9342
6.80283
6.67594
6.55357
6.43571
6.32239
6.21361
6.1094
6.00974
5.91467
5.82418
5.73829
5.65699
5.58031
5.50825
5.44081
5.37799
5.31981
5.26627
5.21737
5.17312
5.13352
5.09857
5.06827
5.04263
5.02165
5.00533
4.99368
4.98668
4.98435
