25
24.9396
24.8792
24.8189
24.7586
24.6983
24.6382
24.5781
24.5181
24.4583
24.3986
24.339
24.2797
24.2204
24.1614
24.1026
24.0441
23.9857
23.9276
23.8698
23.8123
23.7551
23.6982
23.6416
23.5853
23.5294
23.4739
23.4188
23.3641
23.3097
23.2558
23.2024
23.1494
23.0968
23.0448
22.9932
22.9422
22.8916
22.8416
22.7921
22.7432
22.6949
22.6471
22.5999
22.5533
22.5074
22.4621
22.4174
22.3733
22.33
22.2873
22.2452
22.2039
22.1633
22.1234
22.0842
22.0457
22.008
21.9711
21.9349
21.8995
21.8648
21.831
21.7979
21.7657
21.7342
21.7036
21.6739
21.6449
21.6168
21.5896
21.5632
21.5377
21.513
21.4892
21.4663
21.4443
21.4232
21.403
21.3837
21.3653
21.3479
21.3313
21.3157
21.301
21.2872
21.2744
21.2625
21.2515
21.2415
21.2324
21.2243
21.2171
21.2109
21.2057
21.2013
21.198
21.1956
21.1942
21.1937
