25
24.8481
24.6962
24.5444
24.3927
24.2411
24.0898
23.9386
23.7878
23.6372
23.487
23.3372
23.1878
23.0388
22.8903
22.7424
22.5951
22.4483
22.3022
22.1568
22.012
21.8681
21.7249
21.5826
21.4411
21.3005
21.1608
21.0221
20.8844
20.7478
20.6122
20.4777
20.3444
20.2122
20.0812
19.9515
19.8231
19.6959
19.5701
19.4456
19.3226
19.201
19.0808
18.9622
18.845
18.7294
18.6154
18.503
18.3922
18.2831
18.1757
18.07
17.966
17.8639
17.7635
17.6649
17.5682
17.4733
17.3804
17.2894
17.2003
17.1131
17.028
16.9449
16.8637
16.7847
16.7077
16.6328
16.56
16.4893
16.4208
16.3544
16.2902
16.2282
16.1684
16.1109
16.0555
16.0024
15.9516
15.9031
15.8568
15.8129
15.7713
15.7319
15.695
15.6603
15.628
15.5981
15.5706
15.5454
15.5226
15.5021
15.4841
15.4685
15.4552
15.4444
15.436
15.4299
15.4263
15.4251
