25
24.6129
24.226
23.8394
23.4533
23.0677
22.6829
22.299
21.9161
21.5344
21.154
20.7751
20.3979
20.0224
19.6488
19.2772
18.9078
18.5406
18.1759
17.8138
17.4543
17.0976
16.7439
16.3931
16.0456
15.7012
15.3603
15.0228
14.6888
14.3586
14.0321
13.7094
13.3906
13.0759
12.7653
12.4588
12.1566
11.8587
11.5652
11.2761
10.9916
10.7115
10.4361
10.1654
9.89928
9.63795
9.3814
9.12966
8.88277
8.64074
8.40361
8.17141
7.94414
7.72183
7.50448
7.29212
7.08475
6.88238
6.68501
6.49264
6.30527
6.1229
5.94553
5.77315
5.60576
5.44334
5.28588
5.13338
4.98581
4.84317
4.70545
4.57261
4.44466
4.32157
4.20332
4.0899
3.98128
3.87746
3.77841
3.68411
3.59455
3.5097
3.42955
3.35409
3.28329
3.21714
3.15563
3.09873
3.04644
2.99875
2.95563
2.91708
2.8831
2.85366
2.82876
2.8084
2.79257
2.78127
2.77449
2.77223
