25
24.9104
24.8208
24.7312
24.6417
24.5523
24.463
24.3738
24.2848
24.196
24.1074
24.019
23.9308
23.843
23.7554
23.6681
23.5812
23.4946
23.4084
23.3226
23.2372
23.1523
23.0678
22.9838
22.9003
22.8174
22.735
22.6532
22.5719
22.4913
22.4113
22.332
22.2533
22.1753
22.098
22.0215
21.9457
21.8707
21.7965
21.723
21.6504
21.5787
21.5078
21.4378
21.3686
21.3004
21.2332
21.1668
21.1015
21.0371
20.9737
20.9113
20.85
20.7897
20.7305
20.6723
20.6152
20.5593
20.5044
20.4507
20.3981
20.3467
20.2965
20.2474
20.1996
20.1529
20.1075
20.0633
20.0203
19.9786
19.9382
19.899
19.8611
19.8245
19.7893
19.7553
19.7226
19.6913
19.6613
19.6327
19.6054
19.5794
19.5549
19.5317
19.5099
19.4894
19.4704
19.4527
19.4364
19.4216
19.4081
19.3961
19.3854
19.3762
19.3684
19.362
19.357
19.3535
19.3513
19.3506
