25
24.038
23.0783
22.1233
21.1753
20.2364
19.3089
18.3948
17.4961
16.6148
15.7524
14.9106
14.0909
13.2945
12.5227
11.7763
11.0563
10.3634
9.69787
9.06026
8.45072
7.86932
7.31598
6.79051
6.29258
5.82176
5.37752
4.95925
4.56625
4.19775
3.85293
3.53092
3.2308
2.95165
2.6925
2.45238
2.23032
2.02534
1.83648
1.6628
1.50335
1.35724
1.22359
1.10154
0.990274
0.889019
0.797026
0.713583
0.63802
0.569702
0.508032
0.452449
0.402431
0.357488
0.317165
0.281042
0.248727
0.219861
0.194111
0.171175
0.150772
0.132647
0.116568
0.102322
0.0897164
0.0785773
0.0687462
0.0600804
0.0524513
0.0457429
0.0398513
0.0346832
0.0301549
0.0261921
0.022728
0.0197033
0.0170654
0.0147674
0.0127678
0.0110299
0.00952128
0.00821328
0.00708071
0.0061014
0.00525592
0.00452722
0.00390044
0.00336259
0.00290241
0.00251014
0.00217735
0.00189683
0.00166242
0.00146896
0.00131211
0.00118837
0.00109493
0.00102967
0.000991102
0.000978343
