25
24.966
24.932
24.898
24.864
24.8301
24.7962
24.7624
24.7286
24.6949
24.6613
24.6277
24.5943
24.5609
24.5277
24.4946
24.4616
24.4287
24.396
24.3635
24.3311
24.2988
24.2668
24.2349
24.2032
24.1718
24.1405
24.1094
24.0786
24.048
24.0177
23.9875
23.9577
23.9281
23.8988
23.8697
23.841
23.8125
23.7843
23.7565
23.7289
23.7017
23.6748
23.6482
23.622
23.5961
23.5706
23.5454
23.5206
23.4962
23.4721
23.4485
23.4252
23.4023
23.3798
23.3577
23.3361
23.3149
23.294
23.2737
23.2537
23.2342
23.2151
23.1965
23.1784
23.1606
23.1434
23.1266
23.1103
23.0945
23.0792
23.0643
23.0499
23.036
23.0226
23.0098
22.9974
22.9855
22.9741
22.9632
22.9529
22.943
22.9337
22.9249
22.9166
22.9089
22.9016
22.8949
22.8888
22.8831
22.878
22.8734
22.8694
22.8659
22.8629
22.8605
22.8586
22.8573
22.8565
22.8562
