25
24.9665
24.9331
24.8997
24.8663
24.8329
24.7996
24.7663
24.7331
24.6999
24.6668
24.6339
24.601
24.5682
24.5355
24.5029
24.4704
24.4381
24.406
24.3739
24.3421
24.3104
24.2788
24.2475
24.2163
24.1854
24.1546
24.1241
24.0938
24.0637
24.0338
24.0042
23.9748
23.9457
23.9169
23.8883
23.86
23.832
23.8043
23.7769
23.7498
23.7231
23.6966
23.6705
23.6447
23.6192
23.5941
23.5693
23.5449
23.5209
23.4973
23.474
23.4511
23.4286
23.4065
23.3848
23.3635
23.3426
23.3221
23.3021
23.2824
23.2633
23.2445
23.2262
23.2083
23.1909
23.174
23.1575
23.1414
23.1259
23.1108
23.0962
23.082
23.0684
23.0552
23.0425
23.0303
23.0186
23.0074
22.9967
22.9866
22.9769
22.9677
22.959
22.9509
22.9433
22.9362
22.9296
22.9235
22.918
22.9129
22.9084
22.9045
22.901
22.8981
22.8957
22.8939
22.8925
22.8917
22.8915
