25
24.9751
24.9502
24.9253
24.9005
24.8756
24.8508
24.8261
24.8013
24.7767
24.752
24.7275
24.703
24.6786
24.6543
24.63
24.6059
24.5818
24.5579
24.534
24.5103
24.4867
24.4633
24.4399
24.4167
24.3937
24.3708
24.3481
24.3255
24.3031
24.2809
24.2588
24.237
24.2153
24.1939
24.1726
24.1515
24.1307
24.1101
24.0897
24.0695
24.0496
24.0299
24.0104
23.9912
23.9723
23.9536
23.9352
23.917
23.8991
23.8815
23.8642
23.8472
23.8304
23.814
23.7978
23.782
23.7664
23.7512
23.7363
23.7217
23.7074
23.6934
23.6798
23.6665
23.6535
23.6409
23.6286
23.6167
23.6051
23.5939
23.583
23.5725
23.5623
23.5525
23.5431
23.534
23.5253
23.517
23.509
23.5014
23.4942
23.4874
23.481
23.4749
23.4692
23.4639
23.459
23.4545
23.4504
23.4466
23.4433
23.4403
23.4378
23.4356
23.4338
23.4324
23.4314
23.4309
23.4307
