25
24.9036
24.8072
24.7108
24.6146
24.5184
24.4223
24.3264
24.2307
24.1351
24.0398
23.9447
23.8499
23.7553
23.6611
23.5672
23.4737
23.3806
23.2878
23.1955
23.1037
23.0123
22.9215
22.8311
22.7413
22.6521
22.5634
22.4754
22.388
22.3013
22.2152
22.1299
22.0453
21.9614
21.8783
21.7959
21.7144
21.6337
21.5538
21.4748
21.3967
21.3196
21.2433
21.168
21.0936
21.0202
20.9479
20.8765
20.8062
20.737
20.6688
20.6017
20.5357
20.4708
20.4071
20.3446
20.2832
20.223
20.164
20.1062
20.0496
19.9943
19.9403
19.8875
19.836
19.7858
19.7369
19.6894
19.6432
19.5983
19.5548
19.5127
19.4719
19.4326
19.3946
19.3581
19.323
19.2893
19.257
19.2262
19.1968
19.1689
19.1425
19.1175
19.0941
19.0721
19.0516
19.0326
19.0151
18.9991
18.9846
18.9716
18.9602
18.9503
18.9419
18.935
18.9296
18.9258
18.9235
18.9228
