25
24.8371
24.6742
24.5115
24.3488
24.1863
24.024
23.862
23.7002
23.5388
23.3777
23.2171
23.0569
22.8972
22.738
22.5794
22.4214
22.264
22.1073
21.9514
21.7962
21.6419
21.4884
21.3357
21.184
21.0333
20.8835
20.7348
20.5872
20.4407
20.2953
20.1511
20.0082
19.8665
19.726
19.587
19.4492
19.3129
19.178
19.0446
18.9127
18.7823
18.6535
18.5262
18.4006
18.2767
18.1545
18.0339
17.9152
17.7982
17.683
17.5697
17.4583
17.3487
17.2411
17.1354
17.0317
16.9301
16.8304
16.7328
16.6373
16.5439
16.4526
16.3635
16.2765
16.1918
16.1092
16.0289
15.9509
15.8751
15.8017
15.7305
15.6617
15.5952
15.5311
15.4694
15.4101
15.3532
15.2987
15.2467
15.1971
15.15
15.1053
15.0632
15.0236
14.9864
14.9518
14.9197
14.8902
14.8632
14.8387
14.8168
14.7975
14.7807
14.7666
14.7549
14.7459
14.7394
14.7356
14.7343
