25
23.9728
22.9486
21.93
20.9199
19.9211
18.9361
17.9675
17.0175
16.0884
15.1823
14.3008
13.4458
12.6186
11.8204
11.0523
10.315
9.60916
8.93517
8.29322
7.68333
7.10535
6.55894
6.04365
5.55887
5.10388
4.67784
4.27985
3.9089
3.56394
3.24386
2.94752
2.67375
2.42137
2.1892
1.97606
1.7808
1.60227
1.43936
1.29099
1.15614
1.03379
0.922992
0.822845
0.732485
0.651101
0.577929
0.512254
0.453407
0.400767
0.353756
0.311839
0.274524
0.241358
0.211925
0.185844
0.162767
0.14238
0.124393
0.108547
0.0946075
0.0823609
0.0716164
0.0622025
0.0539651
0.0467665
0.0404837
0.0350071
0.0302391
0.026093
0.0224921
0.0193684
0.0166617
0.0143192
0.0122941
0.0105453
0.00903696
0.00773734
0.00661883
0.00565728
0.0048316
0.00412342
0.00351676
0.00299773
0.0025543
0.00217604
0.00185397
0.00158031
0.00134841
0.00115255
0.000987856
0.000850178
0.000736025
0.000642472
0.000567106
0.000507967
0.00046351
0.000432567
0.000414322
0.000408294
