25
24.7321
24.4643
24.1966
23.9292
23.662
23.3952
23.1288
22.8629
22.5976
22.3329
22.0689
21.8057
21.5433
21.2818
21.0213
20.7619
20.5036
20.2464
19.9906
19.736
19.4828
19.2311
18.9809
18.7322
18.4852
18.2399
17.9964
17.7547
17.5149
17.2771
17.0413
16.8075
16.5759
16.3465
16.1194
15.8945
15.672
15.4519
15.2343
15.0192
14.8068
14.5969
14.3897
14.1853
13.9836
13.7848
13.5889
13.3959
13.2058
13.0188
12.8349
12.654
12.4763
12.3019
12.1306
11.9626
11.798
11.6366
11.4787
11.3242
11.1732
11.0257
10.8817
10.7413
10.6044
10.4712
10.3417
10.2158
10.0936
9.97523
9.86059
9.74974
9.64272
9.53953
9.44022
9.34478
9.25326
9.16567
9.08202
9.00233
8.92663
8.85493
8.78725
8.72359
8.66398
8.60842
8.55693
8.50951
8.46619
8.42697
8.39185
8.36084
8.33396
8.3112
8.29258
8.27808
8.26773
8.26152
8.25945
