25
24.8206
24.6413
24.462
24.2829
24.104
23.9253
23.7468
23.5687
23.3909
23.2136
23.0367
22.8603
22.6844
22.5091
22.3345
22.1605
21.9872
21.8147
21.643
21.4721
21.3022
21.1331
20.9651
20.798
20.6321
20.4672
20.3034
20.1409
19.9796
19.8195
19.6607
19.5033
19.3473
19.1927
19.0396
18.888
18.7379
18.5894
18.4425
18.2972
18.1537
18.0118
17.8718
17.7335
17.5971
17.4625
17.3298
17.1991
17.0703
16.9435
16.8188
16.6961
16.5755
16.457
16.3407
16.2266
16.1146
16.0049
15.8975
15.7924
15.6896
15.5891
15.491
15.3953
15.302
15.2111
15.1227
15.0368
14.9535
14.8726
14.7943
14.7185
14.6454
14.5748
14.5069
14.4416
14.379
14.319
14.2618
14.2072
14.1553
14.1062
14.0598
14.0162
13.9753
13.9373
13.9019
13.8694
13.8397
13.8128
13.7887
13.7674
13.749
13.7334
13.7206
13.7106
13.7035
13.6993
13.6979
