25
24.9238
24.8477
24.7715
24.6955
24.6195
24.5436
24.4678
24.3922
24.3167
24.2413
24.1662
24.0913
24.0166
23.9422
23.868
23.7941
23.7205
23.6472
23.5743
23.5017
23.4296
23.3578
23.2864
23.2154
23.1449
23.0749
23.0053
22.9363
22.8678
22.7998
22.7323
22.6655
22.5992
22.5335
22.4685
22.4041
22.3403
22.2772
22.2148
22.1531
22.0921
22.0319
21.9723
21.9136
21.8556
21.7984
21.7421
21.6865
21.6318
21.5779
21.5249
21.4728
21.4215
21.3712
21.3218
21.2733
21.2257
21.1791
21.1334
21.0887
21.045
21.0023
20.9606
20.92
20.8803
20.8417
20.8041
20.7676
20.7322
20.6978
20.6645
20.6323
20.6012
20.5712
20.5424
20.5146
20.488
20.4625
20.4381
20.4149
20.3929
20.372
20.3523
20.3338
20.3164
20.3002
20.2852
20.2714
20.2587
20.2473
20.237
20.228
20.2201
20.2135
20.2081
20.2038
20.2008
20.199
20.1984
