25
24.5871
24.1744
23.762
23.3502
22.9391
22.5289
22.1198
21.7119
21.3054
20.9006
20.4975
20.0963
19.6972
19.3004
18.906
18.5142
18.1251
17.7389
17.3558
16.9758
16.5991
16.2259
15.8562
15.4903
15.1282
14.77
14.4159
14.066
13.7204
13.3791
13.0424
12.7102
12.3827
12.0599
11.7419
11.4288
11.1207
10.8176
10.5196
10.2267
9.93898
9.6565
9.37929
9.10738
8.8408
8.57957
8.32373
8.07329
7.82826
7.58865
7.35447
7.12572
6.90241
6.68452
6.47205
6.26499
6.06333
5.86704
5.67612
5.49054
5.31027
5.13529
4.96558
4.8011
4.64183
4.48772
4.33875
4.19489
4.05609
3.92232
3.79354
3.66971
3.5508
3.43677
3.32758
3.2232
3.12357
3.02868
2.93847
2.85292
2.77199
2.69564
2.62385
2.55658
2.4938
2.43548
2.3816
2.33213
2.28704
2.24631
2.20993
2.17787
2.15012
2.12666
2.10748
2.09258
2.08194
2.07556
2.07343
