25
24.9118
24.8237
24.7356
24.6476
24.5597
24.4718
24.3841
24.2966
24.2092
24.1221
24.0351
23.9484
23.862
23.7759
23.69
23.6045
23.5194
23.4346
23.3502
23.2662
23.1827
23.0996
23.017
22.9349
22.8533
22.7723
22.6918
22.6119
22.5326
22.4539
22.3759
22.2985
22.2218
22.1458
22.0705
21.996
21.9222
21.8492
21.777
21.7055
21.635
21.5652
21.4964
21.4284
21.3613
21.2951
21.2299
21.1656
21.1023
21.04
20.9786
20.9183
20.859
20.8007
20.7435
20.6874
20.6323
20.5784
20.5256
20.4739
20.4233
20.3739
20.3256
20.2786
20.2327
20.188
20.1445
20.1023
20.0612
20.0215
19.983
19.9457
19.9097
19.875
19.8416
19.8095
19.7787
19.7492
19.721
19.6942
19.6686
19.6445
19.6217
19.6002
19.5801
19.5614
19.544
19.528
19.5134
19.5001
19.4883
19.4778
19.4687
19.461
19.4548
19.4499
19.4464
19.4443
19.4436
