25
24.6365
24.2731
23.9099
23.5472
23.1849
22.8233
22.4624
22.1024
21.7435
21.3856
21.029
20.6738
20.3201
19.968
19.6176
19.2691
18.9225
18.578
18.2356
17.8956
17.558
17.2228
16.8903
16.5604
16.2334
15.9093
15.5882
15.2701
14.9552
14.6436
14.3353
14.0305
13.7291
13.4314
13.1373
12.8469
12.5603
12.2776
11.9987
11.7239
11.4531
11.1865
10.9239
10.6656
10.4115
10.1618
9.9163
9.67523
9.43858
9.20638
8.97866
8.75546
8.5368
8.32271
8.11322
7.90834
7.70811
7.51253
7.32162
7.13541
6.95389
6.77709
6.60501
6.43767
6.27506
6.1172
5.96409
5.81573
5.67213
5.53328
5.3992
5.26987
5.14529
5.02547
4.9104
4.80008
4.6945
4.59367
4.49757
4.4062
4.31956
4.23763
4.16043
4.08793
4.02015
3.95706
3.89867
3.84497
3.79595
3.75162
3.71196
3.67698
3.64667
3.62103
3.60006
3.58375
3.5721
3.56511
3.56278
