25
24.8647
24.7295
24.5943
24.4593
24.3244
24.1896
24.0551
23.9207
23.7867
23.653
23.5196
23.3865
23.2539
23.1218
22.9901
22.8589
22.7282
22.5981
22.4686
22.3398
22.2116
22.0841
21.9574
21.8314
21.7063
21.5819
21.4584
21.3358
21.2142
21.0934
20.9737
20.855
20.7373
20.6207
20.5052
20.3908
20.2776
20.1656
20.0548
19.9453
19.837
19.73
19.6243
19.52
19.4171
19.3156
19.2155
19.1169
19.0197
18.9241
18.83
18.7374
18.6464
18.557
18.4693
18.3832
18.2987
18.2159
18.1349
18.0556
17.978
17.9022
17.8281
17.7559
17.6855
17.617
17.5503
17.4854
17.4225
17.3615
17.3024
17.2452
17.19
17.1368
17.0855
17.0362
16.989
16.9437
16.9005
16.8593
16.8202
16.7831
16.7481
16.7152
16.6843
16.6556
16.6289
16.6044
16.582
16.5617
16.5435
16.5274
16.5135
16.5017
16.4921
16.4845
16.4792
16.476
16.4749
