25
24.9699
24.9398
24.9098
24.8797
24.8497
24.8198
24.7898
24.76
24.7302
24.7004
24.6707
24.6412
24.6117
24.5823
24.553
24.5238
24.4947
24.4658
24.437
24.4084
24.3798
24.3515
24.3233
24.2953
24.2674
24.2398
24.2123
24.1851
24.158
24.1312
24.1045
24.0781
24.0519
24.026
24.0003
23.9749
23.9497
23.9248
23.9001
23.8758
23.8517
23.8279
23.8044
23.7812
23.7583
23.7357
23.7135
23.6915
23.6699
23.6487
23.6277
23.6071
23.5869
23.567
23.5475
23.5283
23.5096
23.4911
23.4731
23.4555
23.4382
23.4214
23.4049
23.3888
23.3732
23.3579
23.3431
23.3287
23.3147
23.3011
23.288
23.2752
23.263
23.2511
23.2397
23.2288
23.2182
23.2082
23.1986
23.1894
23.1807
23.1725
23.1647
23.1573
23.1505
23.1441
23.1382
23.1327
23.1277
23.1232
23.1191
23.1156
23.1125
23.1099
23.1077
23.106
23.1048
23.1041
23.1039
