25
24.6745
24.3491
24.0239
23.699
23.3745
23.0504
22.727
22.4042
22.0823
21.7612
21.441
21.122
20.8041
20.4875
20.1722
19.8583
19.546
19.2353
18.9264
18.6192
18.3139
18.0106
17.7093
17.4102
17.1133
16.8187
16.5265
16.2368
15.9496
15.665
15.3831
15.104
14.8277
14.5544
14.284
14.0166
13.7523
13.4912
13.2334
12.9788
12.7276
12.4798
12.2355
11.9947
11.7574
11.5238
11.2938
11.0676
10.8451
10.6265
10.4117
10.2008
9.99385
9.79087
9.5919
9.39698
9.20615
9.01944
8.83688
8.6585
8.48433
8.3144
8.14873
7.98736
7.8303
7.67758
7.52921
7.38523
7.24565
7.1105
6.97977
6.85351
6.73171
6.61441
6.5016
6.3933
6.28953
6.1903
6.09562
6.0055
5.91994
5.83897
5.76258
5.69078
5.62359
5.561
5.50302
5.44967
5.40094
5.35683
5.31736
5.28252
5.25233
5.22677
5.20586
5.18959
5.17797
5.171
5.16867
