25
24.9661
24.9322
24.8983
24.8645
24.8307
24.7969
24.7632
24.7295
24.6959
24.6624
24.629
24.5956
24.5624
24.5293
24.4963
24.4634
24.4306
24.398
24.3656
24.3333
24.3012
24.2692
24.2374
24.2059
24.1745
24.1433
24.1124
24.0817
24.0512
24.0209
23.9909
23.9611
23.9316
23.9024
23.8735
23.8448
23.8164
23.7884
23.7606
23.7331
23.706
23.6792
23.6527
23.6266
23.6008
23.5753
23.5502
23.5255
23.5012
23.4772
23.4536
23.4304
23.4076
23.3852
23.3632
23.3416
23.3204
23.2997
23.2794
23.2595
23.24
23.221
23.2025
23.1844
23.1667
23.1496
23.1328
23.1166
23.1008
23.0855
23.0707
23.0564
23.0425
23.0292
23.0164
23.004
22.9922
22.9808
22.97
22.9597
22.9498
22.9406
22.9318
22.9235
22.9158
22.9086
22.9019
22.8958
22.8901
22.885
22.8805
22.8765
22.873
22.87
22.8676
22.8657
22.8644
22.8636
22.8633
