25
24.8305
24.661
24.4916
24.3223
24.1532
23.9843
23.8157
23.6473
23.4793
23.3117
23.1446
22.9778
22.8116
22.646
22.4809
22.3165
22.1527
21.9897
21.8274
21.6659
21.5053
21.3456
21.1867
21.0289
20.872
20.7162
20.5614
20.4078
20.2553
20.104
19.954
19.8052
19.6577
19.5116
19.3669
19.2236
19.0817
18.9413
18.8025
18.6652
18.5295
18.3955
18.2631
18.1324
18.0034
17.8762
17.7508
17.6272
17.5055
17.3857
17.2678
17.1518
17.0378
16.9258
16.8158
16.708
16.6021
16.4985
16.3969
16.2975
16.2003
16.1053
16.0126
15.9221
15.8339
15.7481
15.6645
15.5833
15.5045
15.428
15.354
15.2824
15.2132
15.1465
15.0823
15.0206
14.9614
14.9047
14.8505
14.799
14.7499
14.7035
14.6597
14.6184
14.5798
14.5438
14.5104
14.4796
14.4515
14.4261
14.4033
14.3832
14.3658
14.351
14.3389
14.3295
14.3228
14.3188
14.3174
