25
24.7186
24.4373
24.1561
23.8751
23.5945
23.3142
23.0344
22.7551
22.4764
22.1984
21.9212
21.6448
21.3693
21.0947
20.8212
20.5489
20.2777
20.0078
19.7393
19.4721
19.2065
18.9424
18.6799
18.4191
18.16
17.9028
17.6474
17.3941
17.1427
16.8934
16.6463
16.4014
16.1587
15.9184
15.6805
15.4451
15.2121
14.9817
14.754
14.5289
14.3066
14.0871
13.8704
13.6566
13.4458
13.238
13.0332
12.8315
12.6329
12.4376
12.2455
12.0567
11.8712
11.689
11.5103
11.335
11.1633
10.995
10.8303
10.6692
10.5118
10.358
10.208
10.0616
9.91907
9.78032
9.64539
9.51433
9.38716
9.2639
9.14458
9.02923
8.91787
8.81052
8.7072
8.60794
8.51276
8.42168
8.3347
8.25187
8.17318
8.09865
8.0283
7.96215
7.90021
7.84248
7.78898
7.73973
7.69472
7.65398
7.6175
7.5853
7.55738
7.53374
7.5144
7.49935
7.4886
7.48214
7.47999
