25
24.9382
24.8764
24.8146
24.7529
24.6913
24.6297
24.5682
24.5068
24.4456
24.3845
24.3235
24.2627
24.2021
24.1417
24.0815
24.0216
23.9619
23.9024
23.8433
23.7844
23.7258
23.6676
23.6097
23.5521
23.4949
23.4381
23.3816
23.3256
23.27
23.2149
23.1601
23.1059
23.0521
22.9988
22.9461
22.8938
22.8421
22.7909
22.7402
22.6902
22.6407
22.5918
22.5435
22.4958
22.4488
22.4024
22.3567
22.3116
22.2672
22.2235
22.1805
22.1382
22.0966
22.0558
22.0157
21.9763
21.9377
21.8999
21.8629
21.8266
21.7911
21.7565
21.7227
21.6897
21.6575
21.6262
21.5957
21.5661
21.5373
21.5094
21.4824
21.4563
21.4311
21.4067
21.3833
21.3608
21.3392
21.3185
21.2987
21.2799
21.262
21.2451
21.2291
21.214
21.2
21.1868
21.1746
21.1634
21.1532
21.1439
21.1356
21.1282
21.1219
21.1165
21.1121
21.1086
21.1062
21.1047
21.1042
