25
24.8776
24.7551
24.6328
24.5105
24.3884
24.2664
24.1446
24.023
23.9017
23.7806
23.6599
23.5395
23.4194
23.2998
23.1805
23.0618
22.9435
22.8257
22.7085
22.5919
22.4759
22.3605
22.2457
22.1317
22.0184
21.9058
21.7941
21.6831
21.5729
21.4637
21.3553
21.2478
21.1413
21.0357
20.9312
20.8276
20.7252
20.6237
20.5234
20.4243
20.3262
20.2294
20.1338
20.0393
19.9462
19.8543
19.7637
19.6744
19.5864
19.4998
19.4146
19.3309
19.2485
19.1676
19.0881
19.0102
18.9337
18.8588
18.7854
18.7136
18.6434
18.5747
18.5077
18.4423
18.3786
18.3166
18.2562
18.1975
18.1405
18.0853
18.0318
17.98
17.9301
17.8819
17.8354
17.7908
17.7481
17.7071
17.668
17.6307
17.5953
17.5617
17.53
17.5002
17.4723
17.4462
17.4221
17.3999
17.3796
17.3612
17.3447
17.3302
17.3176
17.3069
17.2982
17.2914
17.2865
17.2836
17.2827
