25
24.9571
24.9142
24.8713
24.8285
24.7857
24.7429
24.7003
24.6576
24.6151
24.5727
24.5304
24.4882
24.4461
24.4042
24.3624
24.3208
24.2794
24.2381
24.197
24.1561
24.1155
24.0751
24.0348
23.9949
23.9552
23.9157
23.8766
23.8377
23.7991
23.7608
23.7228
23.6851
23.6478
23.6108
23.5742
23.5379
23.502
23.4665
23.4313
23.3966
23.3622
23.3283
23.2948
23.2617
23.229
23.1968
23.1651
23.1338
23.103
23.0726
23.0428
23.0134
22.9845
22.9562
22.9283
22.901
22.8742
22.848
22.8223
22.7971
22.7725
22.7484
22.7249
22.702
22.6797
22.6579
22.6368
22.6162
22.5963
22.5769
22.5582
22.54
22.5225
22.5056
22.4893
22.4737
22.4587
22.4444
22.4307
22.4176
22.4052
22.3934
22.3823
22.3719
22.3621
22.353
22.3445
22.3367
22.3296
22.3232
22.3174
22.3123
22.3079
22.3041
22.3011
22.2987
22.297
22.296
22.2956
