25
24.4355
23.8714
23.3082
22.7464
22.1865
21.6288
21.0738
20.522
19.9737
19.4295
18.8897
18.3546
17.8248
17.3005
16.7822
16.2701
15.7647
15.2662
14.7749
14.2911
13.8151
13.3472
12.8875
12.4363
11.9938
11.5601
11.1355
10.7201
10.3139
9.91721
9.52998
9.15231
8.78428
8.42591
8.07723
7.73824
7.40894
7.0893
6.77928
6.47883
6.18788
5.90635
5.63416
5.37119
5.11733
4.87246
4.63644
4.40914
4.19039
3.98004
3.77794
3.58389
3.39774
3.21929
3.04836
2.88477
2.72832
2.57881
2.43606
2.29987
2.17004
2.04637
1.92868
1.81676
1.71042
1.60947
1.51372
1.42299
1.33709
1.25585
1.17909
1.10663
1.03832
0.973988
0.913479
0.856639
0.803323
0.753389
0.7067
0.663127
0.622546
0.584838
0.54989
0.517597
0.487858
0.460579
0.435674
0.41306
0.392664
0.374417
0.358256
0.344128
0.331982
0.321776
0.313475
0.30705
0.302476
0.299738
0.298827
