25
24.951
24.902
24.8531
24.8041
24.7553
24.7064
24.6577
24.6091
24.5605
24.5121
24.4637
24.4155
24.3675
24.3196
24.2719
24.2244
24.1771
24.1299
24.083
24.0364
23.9899
23.9438
23.8978
23.8522
23.8069
23.7618
23.7171
23.6727
23.6286
23.5849
23.5415
23.4985
23.4559
23.4136
23.3718
23.3304
23.2894
23.2488
23.2086
23.169
23.1297
23.091
23.0527
23.0149
22.9776
22.9409
22.9046
22.8689
22.8337
22.799
22.7649
22.7314
22.6984
22.6661
22.6343
22.6031
22.5725
22.5425
22.5131
22.4844
22.4563
22.4288
22.402
22.3758
22.3503
22.3255
22.3013
22.2779
22.2551
22.2329
22.2115
22.1908
22.1708
22.1515
22.133
22.1151
22.098
22.0816
22.0659
22.051
22.0368
22.0234
22.0107
21.9988
21.9876
21.9772
21.9676
21.9587
21.9505
21.9432
21.9366
21.9308
21.9257
21.9215
21.918
21.9152
21.9133
21.9121
21.9118
