25
24.2122
23.4257
22.6417
21.8615
21.0863
20.3173
19.5557
18.8026
18.0591
17.3263
16.6052
15.8966
15.2015
14.5208
13.8551
13.2051
12.5716
11.9549
11.3557
10.7743
10.2111
9.66632
9.14018
8.63283
8.14433
7.67471
7.2239
6.7918
6.37826
5.98306
5.60595
5.24663
4.90475
4.57994
4.2718
3.97989
3.70374
3.44288
3.1968
2.96498
2.74692
2.54206
2.34989
2.16984
2.00139
1.844
1.69714
1.56029
1.43292
1.31454
1.20466
1.10279
1.00846
0.921241
0.840684
0.766375
0.697914
0.634918
0.57702
0.523871
0.47514
0.430513
0.389691
0.352394
0.318356
0.287329
0.259078
0.233384
0.210041
0.18886
0.169661
0.152278
0.136557
0.122356
0.109542
0.0979937
0.0875985
0.0782528
0.0698616
0.0623378
0.0556016
0.0495802
0.0442074
0.0394228
0.0351719
0.0314052
0.0280785
0.0251518
0.0225896
0.0203603
0.018436
0.0167926
0.0154091
0.0142677
0.0133535
0.0126547
0.012162
0.011869
0.0117718
