25
24.9796
24.9592
24.9388
24.9184
24.8981
24.8778
24.8575
24.8372
24.817
24.7968
24.7767
24.7566
24.7366
24.7167
24.6968
24.677
24.6573
24.6377
24.6182
24.5987
24.5794
24.5602
24.541
24.522
24.5032
24.4844
24.4658
24.4473
24.4289
24.4107
24.3926
24.3747
24.357
24.3394
24.322
24.3047
24.2876
24.2707
24.254
24.2375
24.2212
24.205
24.1891
24.1734
24.1578
24.1425
24.1274
24.1125
24.0979
24.0835
24.0693
24.0553
24.0416
24.0281
24.0148
24.0019
23.9891
23.9766
23.9644
23.9524
23.9407
23.9293
23.9181
23.9072
23.8966
23.8863
23.8762
23.8664
23.8569
23.8477
23.8388
23.8302
23.8219
23.8138
23.8061
23.7987
23.7915
23.7847
23.7782
23.772
23.7661
23.7605
23.7552
23.7502
23.7456
23.7412
23.7372
23.7335
23.7301
23.7271
23.7243
23.7219
23.7198
23.718
23.7166
23.7154
23.7146
23.7141
23.714
