25
24.8611
24.7222
24.5834
24.4447
24.3062
24.1678
24.0296
23.8917
23.7541
23.6167
23.4797
23.3431
23.2069
23.0712
22.936
22.8012
22.6671
22.5335
22.4005
22.2682
22.1366
22.0057
21.8755
21.7462
21.6176
21.4899
21.3631
21.2372
21.1123
20.9883
20.8654
20.7435
20.6226
20.5029
20.3843
20.2668
20.1506
20.0355
19.9218
19.8093
19.6981
19.5882
19.4797
19.3726
19.2669
19.1627
19.0599
18.9586
18.8588
18.7606
18.664
18.5689
18.4755
18.3837
18.2936
18.2051
18.1184
18.0334
17.9502
17.8687
17.7891
17.7112
17.6352
17.561
17.4887
17.4183
17.3499
17.2833
17.2187
17.156
17.0953
17.0366
16.9799
16.9252
16.8726
16.822
16.7735
16.727
16.6826
16.6403
16.6001
16.5621
16.5261
16.4923
16.4606
16.4311
16.4038
16.3786
16.3555
16.3347
16.316
16.2995
16.2852
16.2731
16.2632
16.2555
16.25
16.2467
16.2456
