25
24.8018
24.6036
24.4055
24.2076
24.0098
23.8124
23.6152
23.4184
23.2219
23.0259
22.8305
22.6355
22.4412
22.2475
22.0545
21.8623
21.6708
21.4802
21.2905
21.1017
20.9139
20.7272
20.5415
20.3569
20.1735
19.9914
19.8105
19.6309
19.4527
19.2758
19.1005
18.9266
18.7542
18.5834
18.4143
18.2468
18.081
17.9169
17.7547
17.5943
17.4357
17.2791
17.1244
16.9717
16.821
16.6723
16.5258
16.3814
16.2392
16.0992
15.9615
15.826
15.6928
15.562
15.4336
15.3075
15.184
15.0628
14.9442
14.8282
14.7146
14.6037
14.4954
14.3898
14.2868
14.1865
14.0889
13.9941
13.902
13.8128
13.7263
13.6427
13.562
13.4841
13.4091
13.3371
13.2679
13.2018
13.1386
13.0783
13.0211
12.9669
12.9157
12.8676
12.8225
12.7804
12.7415
12.7056
12.6728
12.6431
12.6165
12.593
12.5727
12.5554
12.5413
12.5303
12.5225
12.5178
12.5162
