25
24.6985
24.3971
24.0959
23.7949
23.4942
23.194
22.8943
22.5952
22.2967
21.9991
21.7022
21.4063
21.1114
20.8176
20.525
20.2336
19.9435
19.6549
19.3677
19.0821
18.7982
18.5159
18.2355
17.957
17.6804
17.4058
17.1333
16.8629
16.5948
16.3291
16.0656
15.8047
15.5462
15.2903
15.037
14.7864
14.5386
14.2936
14.0515
13.8124
13.5762
13.3431
13.1131
12.8862
12.6626
12.4422
12.2252
12.0115
11.8012
11.5944
11.3911
11.1914
10.9952
10.8027
10.6138
10.4287
10.2474
10.0698
9.89603
9.72615
9.56016
9.39811
9.24002
9.08593
8.93586
8.78984
8.64791
8.51008
8.37639
8.24685
8.12149
8.00034
7.88341
7.77073
7.66232
7.55819
7.45837
7.36286
7.2717
7.18488
7.10243
7.02436
6.95069
6.88142
6.81657
6.75614
6.70016
6.64861
6.60153
6.5589
6.52075
6.48707
6.45787
6.43315
6.41292
6.39719
6.38594
6.3792
6.37695
