25
24.9606
24.9213
24.882
24.8427
24.8034
24.7642
24.725
24.6859
24.6469
24.608
24.5692
24.5305
24.4919
24.4534
24.4151
24.3769
24.3389
24.3011
24.2634
24.2259
24.1886
24.1515
24.1146
24.078
24.0415
24.0054
23.9694
23.9338
23.8983
23.8632
23.8284
23.7938
23.7596
23.7257
23.692
23.6588
23.6258
23.5932
23.561
23.5291
23.4976
23.4665
23.4357
23.4054
23.3754
23.3459
23.3167
23.288
23.2598
23.2319
23.2045
23.1776
23.1511
23.1251
23.0996
23.0745
23.0499
23.0259
23.0023
22.9792
22.9566
22.9345
22.913
22.892
22.8715
22.8515
22.8321
22.8133
22.795
22.7772
22.76
22.7434
22.7273
22.7118
22.6969
22.6825
22.6688
22.6556
22.643
22.6311
22.6197
22.6089
22.5987
22.5891
22.5801
22.5718
22.564
22.5569
22.5503
22.5444
22.5391
22.5345
22.5304
22.527
22.5242
22.522
22.5204
22.5195
22.5192
