25
24.7156
24.4312
24.147
23.863
23.5794
23.2961
23.0133
22.731
22.4493
22.1683
21.8881
21.6088
21.3303
21.0529
20.7765
20.5013
20.2272
19.9545
19.6831
19.4132
19.1447
18.8779
18.6127
18.3491
18.0874
17.8275
17.5696
17.3136
17.0597
16.8079
16.5583
16.3109
16.0658
15.8231
15.5828
15.345
15.1098
14.8772
14.6472
14.4199
14.1955
13.9738
13.7551
13.5393
13.3264
13.1166
12.9099
12.7064
12.506
12.3088
12.115
11.9244
11.7372
11.5534
11.3731
11.1963
11.023
10.8532
10.6871
10.5246
10.3658
10.2107
10.0593
9.91175
9.76798
9.62805
9.49199
9.35983
9.23159
9.10731
8.987
8.8707
8.75843
8.6502
8.54605
8.44599
8.35004
8.25823
8.17056
8.08706
8.00775
7.93264
7.86174
7.79507
7.73264
7.67446
7.62055
7.57091
7.52556
7.4845
7.44774
7.41529
7.38715
7.36333
7.34384
7.32868
7.31784
7.31134
7.30918
