25
24.9704
24.9408
24.9113
24.8817
24.8522
24.8227
24.7933
24.7639
24.7346
24.7053
24.6762
24.6471
24.6181
24.5891
24.5603
24.5316
24.5031
24.4746
24.4463
24.4181
24.39
24.3622
24.3344
24.3069
24.2795
24.2523
24.2253
24.1985
24.1719
24.1454
24.1193
24.0933
24.0675
24.042
24.0168
23.9918
23.967
23.9425
23.9182
23.8943
23.8706
23.8472
23.8241
23.8013
23.7787
23.7565
23.7346
23.7131
23.6918
23.6709
23.6503
23.6301
23.6102
23.5906
23.5714
23.5526
23.5341
23.516
23.4982
23.4809
23.4639
23.4473
23.4311
23.4153
23.3999
23.3849
23.3704
23.3562
23.3424
23.3291
23.3161
23.3036
23.2915
23.2799
23.2687
23.2579
23.2476
23.2377
23.2282
23.2192
23.2106
23.2025
23.1949
23.1877
23.1809
23.1746
23.1688
23.1634
23.1585
23.1541
23.1501
23.1466
23.1435
23.141
23.1388
23.1372
23.136
23.1353
23.1351
