25
24.8476
24.6952
24.5428
24.3906
24.2386
24.0867
23.9351
23.7837
23.6327
23.482
23.3316
23.1817
23.0323
22.8833
22.7349
22.5871
22.4398
22.2932
22.1473
22.0021
21.8577
21.714
21.5712
21.4292
21.2882
21.148
21.0089
20.8707
20.7336
20.5976
20.4627
20.3289
20.1963
20.0649
19.9347
19.8058
19.6783
19.552
19.4272
19.3037
19.1817
19.0611
18.9421
18.8245
18.7086
18.5942
18.4814
18.3703
18.2608
18.153
18.047
17.9427
17.8401
17.7394
17.6405
17.5435
17.4483
17.3551
17.2637
17.1743
17.0869
17.0015
16.9181
16.8367
16.7574
16.6801
16.605
16.5319
16.461
16.3923
16.3257
16.2613
16.1991
16.1391
16.0813
16.0258
15.9725
15.9216
15.8729
15.8265
15.7824
15.7406
15.7011
15.664
15.6293
15.5969
15.5669
15.5392
15.5139
15.4911
15.4706
15.4525
15.4368
15.4235
15.4126
15.4042
15.3981
15.3945
15.3933
