25
24.5159
24.032
23.5487
23.0663
22.585
22.1052
21.6271
21.1509
20.6771
20.2057
19.7372
19.2718
18.8096
18.351
17.8963
17.4456
16.9991
16.5572
16.12
15.6877
15.2605
14.8386
14.4223
14.0116
13.6067
13.2078
12.815
12.4285
12.0484
11.6748
11.3078
10.9475
10.594
10.2474
9.90774
9.57508
9.24947
8.93095
8.61955
8.31531
8.01822
7.7283
7.44554
7.16994
6.90147
6.64011
6.38583
6.13858
5.89832
5.665
5.43855
5.21892
5.00603
4.79981
4.60018
4.40706
4.22035
4.03997
3.86582
3.69781
3.53584
3.37979
3.22958
3.0851
2.94623
2.81287
2.68491
2.56225
2.44478
2.33239
2.22496
2.12241
2.02461
1.93147
1.84289
1.75877
1.679
1.6035
1.53217
1.46492
1.40167
1.34234
1.28684
1.23509
1.18704
1.1426
1.10172
1.06433
1.03039
0.999832
0.972617
0.948704
0.928054
0.910636
0.896423
0.885391
0.877524
0.872809
0.871238
