25
23.7895
22.5838
21.3877
20.2057
19.0422
17.9016
16.7875
15.7037
14.6533
13.6392
12.6637
11.7289
10.8363
9.98701
9.18187
8.42123
7.70506
7.03305
6.40455
5.81865
5.27419
4.76983
4.30404
3.87515
3.4814
3.12095
2.7919
2.49235
2.22039
1.97412
1.75169
1.5513
1.3712
1.20973
1.06531
0.936425
0.821668
0.719713
0.629327
0.549365
0.478769
0.416567
0.361869
0.313861
0.271804
0.235028
0.202927
0.174957
0.150627
0.129499
0.111182
0.0953269
0.081625
0.0698019
0.0596153
0.0508516
0.043323
0.0368645
0.0313318
0.0265984
0.0225544
0.0191038
0.0161633
0.0136607
0.0115332
0.00972697
0.00819518
0.00689767
0.00579985
0.00487202
0.00408872
0.00342813
0.00287163
0.0024033
0.00200957
0.00167889
0.00140144
0.00116888
0.000974133
0.000811217
0.000675062
0.000561386
0.000466578
0.000387594
0.000321874
0.000267266
0.000221966
0.000184463
0.000153495
0.000128012
0.000107144
9.01707e-05
7.65042e-05
6.56673e-05
5.72799e-05
5.10461e-05
4.67451e-05
4.42243e-05
4.33939e-05
