25
24.9139
24.8278
24.7417
24.6557
24.5698
24.484
24.3983
24.3127
24.2274
24.1422
24.0573
23.9726
23.8881
23.804
23.7201
23.6366
23.5534
23.4705
23.3881
23.306
23.2244
23.1432
23.0625
22.9823
22.9026
22.8234
22.7448
22.6667
22.5892
22.5124
22.4361
22.3605
22.2856
22.2113
22.1378
22.0649
21.9928
21.9215
21.851
21.7812
21.7122
21.6441
21.5768
21.5104
21.4449
21.3802
21.3165
21.2537
21.1918
21.1309
21.071
21.012
20.9541
20.8971
20.8413
20.7864
20.7326
20.6799
20.6283
20.5778
20.5284
20.4801
20.433
20.387
20.3421
20.2985
20.256
20.2147
20.1746
20.1358
20.0981
20.0617
20.0266
19.9927
19.96
19.9287
19.8986
19.8697
19.8422
19.816
19.7911
19.7674
19.7452
19.7242
19.7045
19.6862
19.6693
19.6536
19.6393
19.6264
19.6148
19.6046
19.5957
19.5882
19.5821
19.5773
19.5739
19.5718
19.5712
