25
24.6808
24.3618
24.0429
23.7243
23.4061
23.0883
22.7711
22.4546
22.1389
21.8239
21.5099
21.197
20.8851
20.5745
20.2652
19.9572
19.6507
19.3458
19.0425
18.741
18.4413
18.1435
17.8477
17.5539
17.2623
16.9729
16.6858
16.4011
16.1188
15.8391
15.5619
15.2875
15.0158
14.7469
14.4808
14.2178
13.9577
13.7007
13.4468
13.1961
12.9487
12.7046
12.4638
12.2265
11.9927
11.7623
11.5356
11.3124
11.093
10.8772
10.6652
10.4571
10.2527
10.0523
9.85573
9.66316
9.47458
9.29004
9.10956
8.93318
8.76093
8.59284
8.42893
8.26924
8.11378
7.96259
7.81569
7.6731
7.53485
7.40094
7.27142
7.14628
7.02556
6.90926
6.79741
6.69001
6.58709
6.48866
6.39472
6.3053
6.2204
6.14003
6.06421
5.99293
5.92622
5.86408
5.80651
5.75352
5.70512
5.66131
5.62211
5.5875
5.5575
5.53212
5.51134
5.49518
5.48363
5.4767
5.4744
