25
24.7726
24.5453
24.318
24.091
23.8642
23.6377
23.4115
23.1857
22.9604
22.7356
22.5114
22.2878
22.0649
21.8428
21.6215
21.401
21.1815
20.9629
20.7454
20.5289
20.3136
20.0995
19.8866
19.675
19.4648
19.256
19.0486
18.8428
18.6385
18.4359
18.2349
18.0357
17.8382
17.6425
17.4487
17.2569
17.067
16.8791
16.6932
16.5095
16.328
16.1486
15.9715
15.7966
15.6241
15.454
15.2863
15.121
14.9583
14.7981
14.6404
14.4854
14.3331
14.1834
14.0365
13.8923
13.751
13.6124
13.4768
13.3441
13.2143
13.0875
12.9636
12.8428
12.7251
12.6105
12.499
12.3906
12.2854
12.1834
12.0846
11.9891
11.8968
11.8079
11.7222
11.6399
11.5609
11.4854
11.4132
11.3444
11.279
11.2171
11.1587
11.1037
11.0522
11.0042
10.9597
10.9187
10.8813
10.8474
10.817
10.7902
10.767
10.7473
10.7312
10.7186
10.7097
10.7043
10.7025
