25
24.8771
24.7543
24.6316
24.5089
24.3864
24.264
24.1418
24.0198
23.898
23.7766
23.6554
23.5346
23.4142
23.2941
23.1745
23.0553
22.9367
22.8185
22.7009
22.5839
22.4675
22.3517
22.2366
22.1222
22.0085
21.8955
21.7834
21.672
21.5615
21.4519
21.3432
21.2353
21.1284
21.0225
20.9176
20.8138
20.7109
20.6092
20.5086
20.4091
20.3107
20.2135
20.1176
20.0228
19.9294
19.8372
19.7463
19.6567
19.5684
19.4816
19.3961
19.312
19.2294
19.1482
19.0685
18.9903
18.9136
18.8384
18.7648
18.6927
18.6222
18.5534
18.4861
18.4205
18.3566
18.2943
18.2338
18.1749
18.1177
18.0623
18.0086
17.9567
17.9066
17.8582
17.8116
17.7669
17.724
17.6829
17.6436
17.6062
17.5706
17.537
17.5052
17.4753
17.4472
17.4211
17.3969
17.3746
17.3543
17.3358
17.3193
17.3047
17.2921
17.2814
17.2726
17.2658
17.2609
17.258
17.257
