25
24.7206
24.4412
24.162
23.8831
23.6044
23.3261
23.0483
22.771
22.4943
22.2182
21.9429
21.6684
21.3949
21.1223
20.8507
20.5802
20.3109
20.0429
19.7762
19.5109
19.2471
18.9848
18.7241
18.4651
18.2078
17.9523
17.6987
17.447
17.1974
16.9498
16.7043
16.461
16.22
15.9812
15.7449
15.511
15.2795
15.0507
14.8244
14.6008
14.3799
14.1618
13.9465
13.734
13.5245
13.318
13.1145
12.914
12.7167
12.5226
12.3317
12.144
11.9596
11.7786
11.6009
11.4267
11.2559
11.0887
10.9249
10.7648
10.6083
10.4554
10.3062
10.1607
10.019
9.88099
9.74683
9.6165
9.49004
9.36747
9.24881
9.1341
9.02335
8.91659
8.81383
8.71512
8.62045
8.52985
8.44335
8.36095
8.28268
8.20855
8.13858
8.07278
8.01116
7.95374
7.90052
7.85152
7.80675
7.76622
7.72993
7.6979
7.67012
7.64661
7.62737
7.61239
7.6017
7.59528
7.59314
