25
24.7283
24.4568
24.1853
23.9141
23.6432
23.3726
23.1025
22.8329
22.5638
22.2954
22.0277
21.7608
21.4948
21.2297
20.9655
20.7025
20.4406
20.1799
19.9205
19.6624
19.4057
19.1505
18.8969
18.6448
18.3945
18.1458
17.899
17.654
17.411
17.17
16.931
16.6941
16.4594
16.2269
15.9967
15.7689
15.5434
15.3204
15.1
14.8821
14.6668
14.4542
14.2444
14.0373
13.8331
13.6317
13.4332
13.2378
13.0453
12.8559
12.6697
12.4866
12.3067
12.13
11.9566
11.7866
11.6199
11.4566
11.2967
11.1404
10.9875
10.8382
10.6925
10.5503
10.4119
10.2771
10.146
10.0186
9.89503
9.77523
9.65924
9.5471
9.43883
9.33444
9.23397
9.13744
9.04486
8.95626
8.87165
8.79105
8.71449
8.64197
8.57351
8.50913
8.44885
8.39266
8.34059
8.29264
8.24883
8.20916
8.17365
8.1423
8.11511
8.0921
8.07327
8.05861
8.04814
8.04186
8.03977
