25
24.9357
24.8714
24.8071
24.7429
24.6787
24.6146
24.5507
24.4868
24.4231
24.3595
24.296
24.2328
24.1697
24.1069
24.0442
23.9818
23.9197
23.8578
23.7963
23.735
23.6741
23.6134
23.5532
23.4933
23.4337
23.3746
23.3159
23.2576
23.1997
23.1423
23.0854
23.0289
22.973
22.9175
22.8626
22.8082
22.7544
22.7011
22.6484
22.5963
22.5448
22.494
22.4437
22.3941
22.3452
22.2969
22.2493
22.2024
22.1562
22.1107
22.066
22.0219
21.9787
21.9362
21.8944
21.8535
21.8133
21.774
21.7354
21.6977
21.6608
21.6247
21.5895
21.5552
21.5217
21.4891
21.4574
21.4266
21.3966
21.3676
21.3395
21.3123
21.2861
21.2608
21.2364
21.2129
21.1905
21.1689
21.1484
21.1288
21.1102
21.0926
21.0759
21.0602
21.0456
21.0319
21.0192
21.0076
20.9969
20.9872
20.9786
20.971
20.9643
20.9587
20.9541
20.9506
20.948
20.9465
20.946
