25
24.9435
24.887
24.8305
24.7741
24.7177
24.6614
24.6052
24.5491
24.4931
24.4372
24.3815
24.3259
24.2705
24.2153
24.1603
24.1054
24.0508
23.9965
23.9424
23.8886
23.835
23.7818
23.7288
23.6762
23.6239
23.5719
23.5203
23.4691
23.4183
23.3678
23.3178
23.2682
23.219
23.1703
23.1221
23.0743
23.027
22.9802
22.9339
22.8881
22.8429
22.7982
22.754
22.7105
22.6675
22.625
22.5832
22.542
22.5014
22.4615
22.4221
22.3835
22.3454
22.3081
22.2714
22.2354
22.2002
22.1656
22.1317
22.0986
22.0661
22.0345
22.0035
21.9734
21.9439
21.9153
21.8874
21.8604
21.8341
21.8086
21.7839
21.76
21.7369
21.7147
21.6932
21.6727
21.6529
21.634
21.6159
21.5987
21.5824
21.5669
21.5523
21.5385
21.5256
21.5136
21.5025
21.4922
21.4828
21.4744
21.4668
21.46
21.4542
21.4493
21.4453
21.4421
21.4399
21.4385
21.4381
