25
24.8299
24.6599
24.4899
24.32
24.1504
23.9809
23.8117
23.6428
23.4743
23.3061
23.1384
22.9711
22.8043
22.6381
22.4725
22.3075
22.1433
21.9797
21.8169
21.6548
21.4937
21.3334
21.174
21.0156
20.8582
20.7019
20.5466
20.3925
20.2395
20.0877
19.9372
19.7879
19.64
19.4934
19.3481
19.2043
19.062
18.9212
18.7819
18.6441
18.508
18.3735
18.2407
18.1095
17.9802
17.8525
17.7267
17.6027
17.4806
17.3604
17.242
17.1257
17.0113
16.899
16.7886
16.6804
16.5742
16.4702
16.3683
16.2686
16.1711
16.0758
15.9827
15.892
15.8035
15.7173
15.6335
15.552
15.4729
15.3962
15.3219
15.2501
15.1807
15.1138
15.0493
14.9874
14.928
14.8711
14.8168
14.7651
14.7159
14.6693
14.6253
14.5839
14.5451
14.509
14.4755
14.4447
14.4165
14.391
14.3681
14.3479
14.3304
14.3156
14.3035
14.2941
14.2873
14.2833
14.2819
