25
24.9706
24.9412
24.9119
24.8825
24.8532
24.8239
24.7947
24.7655
24.7364
24.7073
24.6783
24.6494
24.6206
24.5919
24.5632
24.5347
24.5063
24.4781
24.4499
24.4219
24.3941
24.3664
24.3388
24.3115
24.2843
24.2572
24.2304
24.2038
24.1773
24.1511
24.1251
24.0993
24.0737
24.0484
24.0233
23.9984
23.9738
23.9495
23.9254
23.9016
23.8781
23.8548
23.8319
23.8092
23.7868
23.7648
23.743
23.7216
23.7005
23.6797
23.6592
23.6391
23.6193
23.5999
23.5808
23.5621
23.5438
23.5258
23.5082
23.4909
23.4741
23.4576
23.4415
23.4258
23.4105
23.3956
23.3811
23.367
23.3534
23.3401
23.3273
23.3148
23.3028
23.2913
23.2801
23.2694
23.2592
23.2493
23.2399
23.231
23.2225
23.2144
23.2068
23.1996
23.1929
23.1867
23.1809
23.1756
23.1707
23.1663
23.1623
23.1588
23.1558
23.1533
23.1512
23.1495
23.1484
23.1477
23.1474
