25
24.9663
24.9327
24.899
24.8654
24.8318
24.7982
24.7647
24.7313
24.6979
24.6646
24.6314
24.5983
24.5653
24.5324
24.4996
24.4669
24.4344
24.402
24.3698
24.3377
24.3058
24.274
24.2425
24.2111
24.18
24.149
24.1183
24.0877
24.0574
24.0274
23.9976
23.968
23.9387
23.9097
23.8809
23.8525
23.8243
23.7964
23.7688
23.7415
23.7146
23.6879
23.6616
23.6356
23.61
23.5847
23.5598
23.5353
23.5111
23.4873
23.4638
23.4408
23.4181
23.3959
23.374
23.3526
23.3315
23.3109
23.2908
23.271
23.2517
23.2328
23.2144
23.1964
23.1789
23.1618
23.1452
23.1291
23.1134
23.0982
23.0835
23.0692
23.0555
23.0422
23.0295
23.0172
23.0054
22.9942
22.9834
22.9732
22.9634
22.9542
22.9455
22.9373
22.9296
22.9224
22.9158
22.9097
22.9041
22.899
22.8945
22.8905
22.887
22.8841
22.8817
22.8798
22.8785
22.8777
22.8774
