25
24.6462
24.2924
23.9389
23.5858
23.2331
22.8811
22.5297
22.1792
21.8296
21.4811
21.1337
20.7876
20.443
20.0998
19.7583
19.4185
19.0805
18.7444
18.4105
18.0786
17.749
17.4218
17.097
16.7748
16.4551
16.1383
15.8242
15.5131
15.2049
14.8998
14.5979
14.2992
14.0039
13.7119
13.4234
13.1384
12.857
12.5793
12.3054
12.0352
11.7689
11.5064
11.248
10.9935
10.7431
10.4968
10.2547
10.0168
9.78312
9.55372
9.32863
9.10789
8.89153
8.67959
8.47209
8.26906
8.07052
7.8765
7.68702
7.50209
7.32175
7.146
6.97485
6.80834
6.64645
6.48922
6.33664
6.18873
6.0455
5.90694
5.77308
5.6439
5.51943
5.39965
5.28457
5.1742
5.06853
4.96757
4.87132
4.77978
4.69294
4.6108
4.53338
4.46065
4.39263
4.32931
4.27068
4.21676
4.16753
4.12299
4.08315
4.048
4.01754
3.99177
3.97068
3.95428
3.94257
3.93554
3.9332
