25
24.6833
24.3667
24.0503
23.7342
23.4184
23.1031
22.7883
22.4742
22.1609
21.8484
21.5368
21.2262
20.9167
20.6084
20.3014
19.9957
19.6915
19.3889
19.0878
18.7885
18.491
18.1953
17.9016
17.61
17.3204
17.033
16.748
16.4652
16.1849
15.9071
15.6318
15.3592
15.0893
14.8222
14.5579
14.2965
14.0381
13.7827
13.5304
13.2813
13.0354
12.7927
12.5534
12.3175
12.085
11.856
11.6305
11.4086
11.1904
10.9758
10.7649
10.5579
10.3546
10.1552
9.95963
9.76802
9.58038
9.39673
9.21711
9.04156
8.8701
8.70277
8.5396
8.38061
8.22583
8.07528
7.929
7.787
7.6493
7.51594
7.38692
7.26227
7.14201
7.02615
6.91471
6.8077
6.70515
6.60706
6.51346
6.42434
6.33973
6.25963
6.18405
6.11301
6.04652
5.98457
5.92718
5.87436
5.82611
5.78244
5.74335
5.70885
5.67895
5.65363
5.63292
5.61681
5.60529
5.59839
5.59609
