25
24.9621
24.9241
24.8862
24.8483
24.8104
24.7726
24.7349
24.6972
24.6596
24.6221
24.5847
24.5473
24.5101
24.473
24.4361
24.3993
24.3626
24.3261
24.2898
24.2536
24.2177
24.1819
24.1464
24.111
24.0759
24.041
24.0064
23.972
23.9378
23.904
23.8704
23.8371
23.804
23.7713
23.7389
23.7068
23.6751
23.6436
23.6126
23.5818
23.5514
23.5214
23.4918
23.4625
23.4336
23.4052
23.3771
23.3494
23.3221
23.2953
23.2689
23.2429
23.2174
23.1923
23.1677
23.1435
23.1198
23.0966
23.0739
23.0516
23.0298
23.0086
22.9878
22.9675
22.9478
22.9286
22.9098
22.8916
22.874
22.8569
22.8403
22.8242
22.8088
22.7938
22.7794
22.7656
22.7523
22.7396
22.7275
22.716
22.705
22.6946
22.6848
22.6755
22.6669
22.6588
22.6513
22.6444
22.6381
22.6324
22.6273
22.6228
22.6189
22.6156
22.6129
22.6108
22.6093
22.6084
22.6081
