25
24.9273
24.8546
24.7819
24.7093
24.6367
24.5643
24.492
24.4197
24.3477
24.2758
24.2041
24.1325
24.0612
23.9902
23.9194
23.8488
23.7786
23.7086
23.639
23.5698
23.5008
23.4323
23.3642
23.2964
23.2291
23.1623
23.0959
23.03
22.9646
22.8997
22.8353
22.7715
22.7082
22.6455
22.5834
22.5219
22.461
22.4008
22.3412
22.2823
22.2241
22.1666
22.1098
22.0537
21.9984
21.9438
21.89
21.8369
21.7847
21.7333
21.6827
21.6329
21.584
21.5359
21.4887
21.4424
21.397
21.3525
21.3089
21.2663
21.2246
21.1838
21.144
21.1052
21.0673
21.0305
20.9946
20.9597
20.9259
20.8931
20.8613
20.8306
20.8009
20.7723
20.7447
20.7182
20.6928
20.6685
20.6452
20.6231
20.602
20.5821
20.5633
20.5456
20.529
20.5135
20.4992
20.486
20.4739
20.463
20.4533
20.4446
20.4371
20.4308
20.4256
20.4216
20.4187
20.417
20.4164
