25
24.7809
24.5618
24.3428
24.124
23.9054
23.6871
23.4691
23.2515
23.0344
22.8177
22.6017
22.3862
22.1714
21.9573
21.744
21.5315
21.3199
21.1092
20.8995
20.6909
20.4833
20.2769
20.0717
19.8678
19.6651
19.4639
19.264
19.0655
18.8686
18.6733
18.4795
18.2874
18.097
17.9084
17.7215
17.5365
17.3534
17.1722
16.993
16.8158
16.6407
16.4678
16.2969
16.1283
15.962
15.7979
15.6361
15.4767
15.3197
15.1652
15.0131
14.8636
14.7166
14.5722
14.4305
14.2914
14.155
14.0214
13.8905
13.7625
13.6372
13.5148
13.3954
13.2788
13.1652
13.0546
12.947
12.8424
12.7408
12.6424
12.5471
12.4549
12.3658
12.2799
12.1973
12.1178
12.0416
11.9686
11.8989
11.8326
11.7695
11.7097
11.6533
11.6002
11.5505
11.5041
11.4612
11.4216
11.3855
11.3527
11.3234
11.2975
11.2751
11.2561
11.2406
11.2285
11.2198
11.2146
11.2129
