25
24.9425
24.8851
24.8277
24.7703
24.713
24.6558
24.5986
24.5415
24.4846
24.4278
24.3711
24.3146
24.2583
24.2021
24.1462
24.0905
24.035
23.9797
23.9247
23.87
23.8155
23.7614
23.7075
23.654
23.6009
23.548
23.4956
23.4435
23.3918
23.3405
23.2897
23.2392
23.1893
23.1397
23.0907
23.0421
22.994
22.9464
22.8993
22.8528
22.8068
22.7613
22.7165
22.6721
22.6284
22.5853
22.5428
22.5009
22.4596
22.419
22.379
22.3397
22.301
22.2631
22.2258
22.1892
22.1533
22.1182
22.0837
22.05
22.0171
21.9849
21.9534
21.9227
21.8928
21.8637
21.8354
21.8078
21.7811
21.7552
21.7301
21.7058
21.6823
21.6597
21.6379
21.617
21.5969
21.5777
21.5593
21.5418
21.5252
21.5095
21.4946
21.4806
21.4675
21.4553
21.444
21.4335
21.424
21.4154
21.4076
21.4008
21.3949
21.3899
21.3858
21.3826
21.3803
21.379
21.3785
