25
24.9161
24.8323
24.7485
24.6647
24.581
24.4975
24.414
24.3308
24.2476
24.1647
24.082
23.9995
23.9173
23.8353
23.7536
23.6723
23.5913
23.5106
23.4303
23.3504
23.2709
23.1919
23.1133
23.0352
22.9575
22.8804
22.8039
22.7278
22.6524
22.5775
22.5033
22.4297
22.3567
22.2844
22.2128
22.1418
22.0716
22.0022
21.9335
21.8655
21.7984
21.732
21.6665
21.6018
21.538
21.475
21.413
21.3518
21.2916
21.2323
21.1739
21.1165
21.0601
21.0046
20.9502
20.8968
20.8444
20.7931
20.7428
20.6936
20.6455
20.5985
20.5526
20.5078
20.4642
20.4216
20.3803
20.3401
20.3011
20.2632
20.2266
20.1911
20.1569
20.1239
20.0921
20.0615
20.0322
20.0041
19.9773
19.9518
19.9275
19.9045
19.8828
19.8624
19.8433
19.8254
19.8089
19.7937
19.7798
19.7672
19.7559
19.7459
19.7373
19.73
19.724
19.7194
19.716
19.714
19.7134
