25
24.3465
23.6936
23.0423
22.393
21.7466
21.1037
20.4651
19.8313
19.2031
18.581
17.9657
17.3577
16.7577
16.1662
15.5836
15.0105
14.4474
13.8946
13.3525
12.8216
12.3021
11.7943
11.2986
10.8151
10.3441
9.88566
9.44
9.00718
8.5873
8.1804
7.78648
7.40553
7.03752
6.68237
6.33999
6.01027
5.69306
5.3882
5.09552
4.81481
4.54586
4.28845
4.04231
3.80721
3.58286
3.369
3.16534
2.97157
2.78741
2.61256
2.44669
2.28952
2.14072
1.99999
1.86702
1.7415
1.62314
1.51162
1.40666
1.30796
1.21525
1.12823
1.04664
0.970221
0.898703
0.831841
0.769392
0.711123
0.656807
0.606228
0.559176
0.515452
0.474864
0.43723
0.402374
0.37013
0.340343
0.312861
0.287544
0.26426
0.242883
0.223295
0.205387
0.189056
0.174207
0.160751
0.148609
0.137704
0.12797
0.119344
0.111772
0.105204
0.0995981
0.0949164
0.0911281
0.0882079
0.086136
0.0848984
0.0844868
