25
24.8945
24.7891
24.6837
24.5784
24.4732
24.3682
24.2633
24.1586
24.054
23.9498
23.8458
23.7421
23.6387
23.5356
23.4329
23.3306
23.2288
23.1273
23.0264
22.9259
22.826
22.7266
22.6278
22.5296
22.432
22.3351
22.2388
22.1432
22.0483
21.9542
21.8609
21.7683
21.6765
21.5856
21.4956
21.4064
21.3181
21.2308
21.1444
21.059
20.9746
20.8912
20.8088
20.7275
20.6472
20.5681
20.49
20.4131
20.3374
20.2628
20.1894
20.1172
20.0463
19.9766
19.9082
19.841
19.7752
19.7107
19.6475
19.5856
19.5251
19.466
19.4083
19.352
19.2971
19.2436
19.1916
19.1411
19.092
19.0444
18.9984
18.9538
18.9107
18.8692
18.8293
18.7908
18.754
18.7187
18.685
18.6529
18.6224
18.5935
18.5662
18.5405
18.5164
18.494
18.4732
18.4541
18.4366
18.4208
18.4066
18.3941
18.3832
18.374
18.3665
18.3607
18.3565
18.354
18.3531
