25
24.9767
24.9534
24.9301
24.9069
24.8836
24.8604
24.8372
24.8141
24.791
24.768
24.745
24.7221
24.6992
24.6765
24.6538
24.6312
24.6087
24.5863
24.564
24.5418
24.5197
24.4977
24.4759
24.4542
24.4326
24.4112
24.3899
24.3688
24.3479
24.3271
24.3064
24.286
24.2657
24.2456
24.2257
24.206
24.1865
24.1672
24.1481
24.1293
24.1106
24.0922
24.074
24.056
24.0383
24.0208
24.0036
23.9866
23.9698
23.9534
23.9371
23.9212
23.9055
23.8901
23.875
23.8602
23.8456
23.8314
23.8174
23.8037
23.7904
23.7773
23.7646
23.7521
23.74
23.7282
23.7167
23.7055
23.6947
23.6842
23.674
23.6641
23.6546
23.6455
23.6366
23.6281
23.62
23.6122
23.6048
23.5977
23.5909
23.5845
23.5785
23.5728
23.5675
23.5626
23.558
23.5537
23.5499
23.5464
23.5432
23.5405
23.5381
23.536
23.5344
23.5331
23.5322
23.5316
23.5314
