25
24.7534
24.5068
24.2603
24.0141
23.7681
23.5224
23.2771
23.0322
22.7879
22.5441
22.301
22.0585
21.8169
21.576
21.336
21.097
20.859
20.622
20.3862
20.1515
19.9182
19.6861
19.4554
19.2261
18.9983
18.772
18.5474
18.3244
18.1031
17.8836
17.6659
17.4501
17.2363
17.0244
16.8146
16.6068
16.4012
16.1979
15.9967
15.7979
15.6014
15.4073
15.2157
15.0265
14.8399
14.6559
14.4745
14.2958
14.1199
13.9466
13.7762
13.6087
13.444
13.2823
13.1235
12.9677
12.815
12.6654
12.5189
12.3755
12.2353
12.0984
11.9647
11.8343
11.7072
11.5834
11.463
11.3461
11.2326
11.1225
11.0159
10.9128
10.8133
10.7173
10.6249
10.5361
10.451
10.3695
10.2916
10.2174
10.147
10.0802
10.0172
9.95792
9.9024
9.85065
9.80269
9.75853
9.71817
9.68162
9.6489
9.62002
9.59497
9.57376
9.5564
9.5429
9.53325
9.52746
9.52553
