25
24.87
24.7401
24.6102
24.4804
24.3507
24.2212
24.092
23.9629
23.8341
23.7056
23.5774
23.4495
23.3221
23.1951
23.0685
22.9425
22.8169
22.6919
22.5675
22.4437
22.3205
22.198
22.0762
21.9551
21.8349
21.7154
21.5967
21.4789
21.362
21.246
21.1309
21.0168
20.9037
20.7917
20.6807
20.5708
20.462
20.3544
20.2479
20.1426
20.0386
19.9357
19.8342
19.734
19.6351
19.5375
19.4413
19.3466
19.2532
19.1613
19.0708
18.9819
18.8945
18.8086
18.7242
18.6415
18.5603
18.4808
18.4029
18.3267
18.2521
18.1793
18.1081
18.0387
17.9711
17.9052
17.8411
17.7788
17.7183
17.6597
17.6029
17.548
17.4949
17.4437
17.3945
17.3471
17.3017
17.2582
17.2167
17.1771
17.1395
17.1039
17.0702
17.0386
17.0089
16.9813
16.9557
16.9321
16.9106
16.8911
16.8736
16.8581
16.8448
16.8334
16.8242
16.817
16.8118
16.8087
16.8077
