25
24.9386
24.8772
24.8159
24.7545
24.6933
24.6321
24.5711
24.5101
24.4492
24.3885
24.328
24.2676
24.2074
24.1474
24.0876
24.0281
23.9687
23.9097
23.8509
23.7924
23.7342
23.6764
23.6189
23.5617
23.5048
23.4484
23.3923
23.3367
23.2815
23.2267
23.1723
23.1184
23.065
23.0121
22.9596
22.9077
22.8563
22.8055
22.7552
22.7054
22.6563
22.6077
22.5598
22.5124
22.4657
22.4196
22.3742
22.3294
22.2853
22.2419
22.1992
22.1571
22.1158
22.0753
22.0354
21.9963
21.958
21.9204
21.8836
21.8476
21.8124
21.778
21.7444
21.7116
21.6796
21.6485
21.6182
21.5888
21.5602
21.5325
21.5057
21.4797
21.4547
21.4305
21.4072
21.3849
21.3634
21.3429
21.3232
21.3045
21.2868
21.2699
21.254
21.2391
21.2251
21.212
21.1999
21.1888
21.1786
21.1694
21.1611
21.1538
21.1475
21.1422
21.1378
21.1344
21.132
21.1305
21.13
