25
24.6624
24.3249
23.9876
23.6506
23.3141
22.9781
22.6427
22.3081
21.9743
21.6415
21.3097
20.979
20.6497
20.3216
19.9951
19.6701
19.3467
19.0251
18.7054
18.3875
18.0717
17.7581
17.4466
17.1375
16.8307
16.5264
16.2247
15.9256
15.6292
15.3357
15.045
14.7572
14.4725
14.1909
13.9125
13.6373
13.3654
13.0969
12.8318
12.5702
12.3121
12.0577
11.8069
11.5599
11.3166
11.0772
10.8416
10.6099
10.3822
10.1585
9.93887
9.7233
9.51186
9.30457
9.10148
8.90261
8.708
8.51768
8.33167
8.15
7.9727
7.7998
7.6313
7.46724
7.30764
7.15251
7.00187
6.85575
6.71414
6.57708
6.44456
6.31662
6.19324
6.07446
5.96027
5.85069
5.74572
5.64538
5.54966
5.45858
5.37215
5.29036
5.21322
5.14074
5.07292
5.00976
4.95127
4.89745
4.8483
4.80383
4.76403
4.72892
4.69848
4.67272
4.65165
4.63525
4.62354
4.61652
4.61418
