25
24.9717
24.9433
24.915
24.8867
24.8584
24.8302
24.802
24.7739
24.7458
24.7178
24.6898
24.662
24.6342
24.6065
24.5789
24.5514
24.524
24.4968
24.4697
24.4427
24.4158
24.3891
24.3625
24.3361
24.3099
24.2839
24.258
24.2323
24.2068
24.1815
24.1564
24.1316
24.1069
24.0825
24.0583
24.0343
24.0106
23.9871
23.9639
23.941
23.9183
23.8959
23.8737
23.8519
23.8303
23.809
23.7881
23.7674
23.747
23.727
23.7073
23.6879
23.6688
23.6501
23.6317
23.6137
23.596
23.5786
23.5617
23.545
23.5288
23.5129
23.4974
23.4822
23.4675
23.4531
23.4392
23.4256
23.4124
23.3996
23.3872
23.3752
23.3637
23.3525
23.3418
23.3315
23.3216
23.3121
23.303
23.2944
23.2862
23.2784
23.2711
23.2642
23.2577
23.2517
23.2461
23.241
23.2363
23.232
23.2282
23.2248
23.2219
23.2194
23.2174
23.2159
23.2147
23.2141
23.2138
