25
24.8938
24.7877
24.6816
24.5756
24.4697
24.364
24.2584
24.1529
24.0477
23.9428
23.8381
23.7337
23.6296
23.5259
23.4225
23.3195
23.217
23.1149
23.0133
22.9121
22.8115
22.7115
22.612
22.5131
22.4149
22.3173
22.2204
22.1242
22.0287
21.9339
21.84
21.7468
21.6544
21.5629
21.4722
21.3825
21.2936
21.2057
21.1187
21.0328
20.9478
20.8638
20.7809
20.699
20.6182
20.5385
20.46
20.3826
20.3063
20.2313
20.1574
20.0847
20.0133
19.9432
19.8743
19.8067
19.7404
19.6754
19.6118
19.5496
19.4887
19.4292
19.3711
19.3144
19.2591
19.2053
19.1529
19.1021
19.0527
19.0048
18.9584
18.9135
18.8702
18.8284
18.7882
18.7495
18.7124
18.6769
18.6429
18.6106
18.5799
18.5508
18.5233
18.4975
18.4733
18.4507
18.4298
18.4105
18.3929
18.377
18.3627
18.3501
18.3392
18.3299
18.3223
18.3164
18.3122
18.3097
18.3089
