25
23.726
22.4577
21.2006
19.96
18.7412
17.5489
16.3877
15.2615
14.1739
13.1279
12.1261
11.1706
10.2628
9.40366
8.59377
7.83316
7.12148
6.45798
5.8416
5.27097
4.74448
4.26033
3.81655
3.41105
3.04168
2.70623
2.40247
2.1282
1.88124
1.65949
1.46088
1.28348
1.1254
0.984905
0.860323
0.750114
0.652841
0.567176
0.491898
0.425886
0.36812
0.317671
0.273697
0.235443
0.202225
0.173433
0.148521
0.127005
0.108453
0.0924827
0.0787574
0.0669801
0.0568899
0.0482582
0.040885
0.0345959
0.0292391
0.0246827
0.0208122
0.0175289
0.0147471
0.0123933
0.0104041
0.00872496
0.00730933
0.00611721
0.00511445
0.00427192
0.00356478
0.00297191
0.00247537
0.00205993
0.0017127
0.00142277
0.00118091
0.000979354
0.000811539
0.000671949
0.000555944
0.000459628
0.000379733
0.000313524
0.000258709
0.000213374
0.000175923
0.000145024
0.000119568
9.86371e-05
8.1467e-05
6.74277e-05
5.59998e-05
4.67579e-05
3.93554e-05
3.35135e-05
2.90106e-05
2.56754e-05
2.33804e-05
2.20378e-05
2.15959e-05
