25
24.9766
24.9533
24.9299
24.9065
24.8832
24.8599
24.8367
24.8135
24.7903
24.7672
24.7441
24.7211
24.6982
24.6754
24.6526
24.6299
24.6074
24.5849
24.5625
24.5402
24.5181
24.496
24.4741
24.4524
24.4307
24.4092
24.3879
24.3667
24.3457
24.3248
24.3041
24.2836
24.2633
24.2431
24.2232
24.2034
24.1838
24.1645
24.1453
24.1264
24.1077
24.0892
24.0709
24.0529
24.0351
24.0175
24.0002
23.9832
23.9664
23.9499
23.9336
23.9176
23.9019
23.8864
23.8713
23.8564
23.8418
23.8275
23.8135
23.7998
23.7864
23.7732
23.7605
23.748
23.7358
23.724
23.7124
23.7012
23.6903
23.6798
23.6696
23.6597
23.6502
23.641
23.6321
23.6236
23.6154
23.6076
23.6001
23.593
23.5862
23.5798
23.5738
23.5681
23.5628
23.5578
23.5532
23.5489
23.5451
23.5415
23.5384
23.5356
23.5332
23.5312
23.5295
23.5282
23.5273
23.5267
23.5265
