25
24.6552
24.3106
23.9661
23.622
23.2784
22.9353
22.5929
22.2512
21.9105
21.5707
21.232
20.8946
20.5584
20.2237
19.8905
19.559
19.2291
18.9011
18.575
18.251
17.9291
17.6094
17.292
16.977
16.6645
16.3546
16.0474
15.7429
15.4413
15.1425
14.8468
14.5542
14.2647
13.9784
13.6954
13.4158
13.1396
12.8669
12.5978
12.3323
12.0704
11.8124
11.5581
11.3076
11.0611
10.8185
10.5798
10.3453
10.1148
9.88842
9.66621
9.4482
9.23443
9.02493
8.81973
8.61886
8.42235
8.23023
8.04252
7.85925
7.68045
7.50612
7.33629
7.17098
7.01021
6.85399
6.70234
6.55527
6.41279
6.27491
6.14165
6.01301
5.88901
5.76964
5.65493
5.54486
5.43946
5.33871
5.24264
5.15124
5.06451
4.98246
4.90509
4.83241
4.76441
4.70109
4.64246
4.58852
4.53927
4.49471
4.45483
4.41965
4.38916
4.36336
4.34225
4.32583
4.3141
4.30707
4.30472
