25
24.7888
24.5776
24.3666
24.1557
23.945
23.7346
23.5245
23.3148
23.1055
22.8967
22.6884
22.4807
22.2736
22.0673
21.8617
21.6568
21.4529
21.2498
21.0477
20.8466
20.6465
20.4475
20.2497
20.0531
19.8578
19.6637
19.471
19.2797
19.0899
18.9015
18.7147
18.5295
18.346
18.1641
17.9839
17.8055
17.629
17.4543
17.2815
17.1106
16.9418
16.775
16.6102
16.4476
16.2872
16.1289
15.9729
15.8192
15.6678
15.5187
15.3721
15.2279
15.0861
14.9468
14.8101
14.676
14.5444
14.4155
14.2892
14.1657
14.0449
13.9268
13.8115
13.6991
13.5895
13.4827
13.3789
13.278
13.18
13.0851
12.9931
12.9041
12.8182
12.7353
12.6555
12.5789
12.5053
12.4349
12.3677
12.3036
12.2427
12.185
12.1306
12.0793
12.0314
11.9866
11.9452
11.907
11.8721
11.8405
11.8122
11.7873
11.7656
11.7473
11.7323
11.7206
11.7122
11.7072
11.7056
