25
24.945
24.8899
24.835
24.78
24.7251
24.6703
24.6155
24.5609
24.5064
24.452
24.3977
24.3436
24.2896
24.2358
24.1822
24.1289
24.0757
24.0228
23.9701
23.9177
23.8655
23.8137
23.7621
23.7109
23.6599
23.6093
23.5591
23.5092
23.4597
23.4106
23.3619
23.3136
23.2657
23.2183
23.1713
23.1247
23.0787
23.0331
22.988
22.9434
22.8994
22.8559
22.8129
22.7704
22.7286
22.6873
22.6465
22.6064
22.5669
22.528
22.4897
22.452
22.415
22.3786
22.3429
22.3079
22.2735
22.2398
22.2069
22.1746
22.143
22.1122
22.082
22.0527
22.024
21.9961
21.969
21.9426
21.917
21.8922
21.8681
21.8449
21.8224
21.8007
21.7799
21.7598
21.7406
21.7222
21.7046
21.6878
21.6719
21.6568
21.6426
21.6292
21.6166
21.6049
21.5941
21.5841
21.575
21.5667
21.5593
21.5528
21.5471
21.5423
21.5384
21.5353
21.5332
21.5318
21.5314
