25
24.1955
23.3923
22.5919
21.7954
21.0043
20.2198
19.4432
18.6756
17.9183
17.1723
16.4387
15.7184
15.0125
14.3217
13.6469
12.9887
12.3479
11.7249
11.1202
10.5343
9.96747
9.41999
8.89204
8.38373
7.8951
7.42612
6.97671
6.54673
6.13596
5.74416
5.37102
5.01619
4.67929
4.35988
4.0575
3.77169
3.50191
3.24765
3.00837
2.7835
2.57247
2.37472
2.18967
2.01675
1.85539
1.70501
1.56507
1.43502
1.31432
1.20244
1.09888
1.00315
0.914763
0.833269
0.758223
0.689204
0.625806
0.567644
0.514352
0.465581
0.421002
0.380304
0.343193
0.309394
0.278645
0.250706
0.225349
0.202361
0.181544
0.162716
0.145706
0.130355
0.116518
0.10406
0.092855
0.0827902
0.0737601
0.0656682
0.0584263
0.0519541
0.0461779
0.0410311
0.036453
0.0323886
0.0287884
0.0256077
0.0228064
0.0203486
0.0182025
0.0163397
0.0147356
0.0133684
0.0122196
0.0112734
0.0105166
0.0099388
0.00953178
0.00928984
0.00920958
