25
24.7756
24.5513
24.3272
24.1031
23.8794
23.6559
23.4327
23.2099
22.9876
22.7659
22.5446
22.3241
22.1041
21.885
21.6666
21.4491
21.2324
21.0168
20.8021
20.5885
20.3761
20.1648
19.9548
19.746
19.5386
19.3325
19.1279
18.9248
18.7233
18.5233
18.325
18.1284
17.9335
17.7404
17.5492
17.3598
17.1724
16.987
16.8036
16.6223
16.4431
16.2661
16.0913
15.9187
15.7485
15.5806
15.415
15.2519
15.0913
14.9332
14.7776
14.6246
14.4742
14.3265
14.1815
14.0392
13.8996
13.7629
13.629
13.498
13.3699
13.2447
13.1225
13.0032
12.887
12.7738
12.6638
12.5568
12.4529
12.3522
12.2547
12.1604
12.0693
11.9815
11.8969
11.8157
11.7377
11.6631
11.5918
11.5239
11.4594
11.3983
11.3405
11.2863
11.2354
11.188
11.1441
11.1036
11.0667
11.0332
11.0032
10.9768
10.9538
10.9344
10.9185
10.9061
10.8973
10.892
10.8902
