25
24.9758
24.9517
24.9275
24.9034
24.8793
24.8552
24.8312
24.8072
24.7832
24.7593
24.7355
24.7117
24.688
24.6644
24.6409
24.6175
24.5941
24.5709
24.5477
24.5247
24.5018
24.479
24.4564
24.4339
24.4115
24.3893
24.3673
24.3454
24.3236
24.302
24.2807
24.2594
24.2384
24.2176
24.1969
24.1765
24.1563
24.1363
24.1165
24.0969
24.0776
24.0584
24.0396
24.0209
24.0025
23.9844
23.9665
23.9489
23.9315
23.9144
23.8976
23.8811
23.8648
23.8489
23.8332
23.8178
23.8027
23.7879
23.7734
23.7593
23.7454
23.7319
23.7186
23.7057
23.6931
23.6809
23.669
23.6574
23.6462
23.6353
23.6247
23.6145
23.6046
23.5951
23.5859
23.5771
23.5687
23.5606
23.5529
23.5455
23.5385
23.5319
23.5257
23.5198
23.5143
23.5091
23.5044
23.5
23.496
23.4923
23.4891
23.4862
23.4837
23.4816
23.4799
23.4786
23.4776
23.477
23.4768
