25
24.9773
24.9546
24.932
24.9093
24.8867
24.8641
24.8415
24.819
24.7965
24.774
24.7517
24.7294
24.7071
24.6849
24.6628
24.6408
24.6189
24.5971
24.5754
24.5538
24.5323
24.5109
24.4896
24.4685
24.4475
24.4266
24.4059
24.3854
24.3649
24.3447
24.3246
24.3047
24.285
24.2654
24.246
24.2268
24.2078
24.189
24.1705
24.1521
24.1339
24.116
24.0982
24.0808
24.0635
24.0465
24.0297
24.0131
23.9968
23.9808
23.965
23.9495
23.9342
23.9192
23.9045
23.89
23.8759
23.862
23.8484
23.8351
23.8221
23.8093
23.7969
23.7848
23.773
23.7615
23.7503
23.7394
23.7289
23.7186
23.7087
23.6991
23.6899
23.6809
23.6723
23.6641
23.6561
23.6486
23.6413
23.6344
23.6278
23.6216
23.6157
23.6102
23.605
23.6002
23.5957
23.5916
23.5879
23.5845
23.5814
23.5787
23.5764
23.5744
23.5728
23.5715
23.5706
23.5701
23.5699
