25
24.9121
24.8243
24.7365
24.6488
24.5611
24.4736
24.3862
24.2989
24.2119
24.125
24.0383
23.9519
23.8658
23.7799
23.6944
23.6091
23.5243
23.4398
23.3556
23.2719
23.1887
23.1059
23.0236
22.9417
22.8604
22.7796
22.6994
22.6198
22.5407
22.4623
22.3845
22.3074
22.231
22.1552
22.0802
22.0059
21.9324
21.8596
21.7876
21.7165
21.6461
21.5766
21.508
21.4402
21.3734
21.3074
21.2424
21.1783
21.1152
21.0531
20.9919
20.9318
20.8727
20.8146
20.7576
20.7017
20.6468
20.5931
20.5404
20.4889
20.4385
20.3892
20.3411
20.2942
20.2485
20.2039
20.1606
20.1185
20.0776
20.038
19.9996
19.9624
19.9266
19.892
19.8587
19.8267
19.796
19.7666
19.7385
19.7117
19.6863
19.6622
19.6395
19.6181
19.598
19.5794
19.5621
19.5461
19.5315
19.5183
19.5065
19.4961
19.4871
19.4794
19.4731
19.4683
19.4648
19.4627
19.462
