25
24.6446
24.2893
23.9342
23.5795
23.2253
22.8717
22.5188
22.1667
21.8156
21.4656
21.1167
20.7692
20.423
20.0784
19.7354
19.3942
19.0548
18.7174
18.3821
18.0489
17.718
17.3895
17.0634
16.7399
16.4191
16.101
15.7858
15.4735
15.1643
14.8581
14.5552
14.2555
13.9591
13.6662
13.3767
13.0909
12.8086
12.5301
12.2553
11.9843
11.7173
11.4541
11.195
10.9399
10.6888
10.442
10.1993
9.96082
9.72663
9.49674
9.27119
9.05002
8.83326
8.62094
8.41308
8.20972
8.01087
7.81657
7.62682
7.44166
7.26109
7.08513
6.91381
6.74712
6.58509
6.42772
6.27503
6.12701
5.98369
5.84506
5.71113
5.5819
5.45737
5.33756
5.22246
5.11207
5.00639
4.90543
4.80918
4.71764
4.63081
4.54869
4.47127
4.39857
4.33056
4.26726
4.20866
4.15476
4.10555
4.06104
4.02121
3.98608
3.95564
3.92988
3.9088
3.89241
3.88071
3.87369
3.87134
