25
24.9502
24.9004
24.8506
24.8009
24.7512
24.7015
24.652
24.6025
24.5531
24.5039
24.4548
24.4058
24.3569
24.3082
24.2597
24.2114
24.1633
24.1154
24.0677
24.0202
23.973
23.9261
23.8794
23.833
23.7869
23.7411
23.6956
23.6505
23.6057
23.5612
23.5171
23.4734
23.43
23.3871
23.3446
23.3024
23.2607
23.2195
23.1787
23.1383
23.0984
23.059
23.0201
22.9817
22.9438
22.9064
22.8695
22.8332
22.7974
22.7622
22.7275
22.6934
22.6599
22.627
22.5947
22.563
22.5319
22.5014
22.4715
22.4423
22.4137
22.3858
22.3585
22.3319
22.306
22.2808
22.2562
22.2323
22.2091
22.1867
22.1649
22.1438
22.1235
22.1039
22.085
22.0669
22.0494
22.0328
22.0169
22.0017
21.9873
21.9736
21.9607
21.9486
21.9372
21.9266
21.9168
21.9078
21.8995
21.892
21.8853
21.8794
21.8743
21.87
21.8664
21.8636
21.8617
21.8605
21.8601
