25
24.9803
24.9607
24.941
24.9214
24.9017
24.8821
24.8626
24.843
24.8235
24.8041
24.7847
24.7653
24.7461
24.7268
24.7077
24.6886
24.6696
24.6507
24.6318
24.6131
24.5945
24.5759
24.5575
24.5392
24.521
24.5029
24.4849
24.4671
24.4494
24.4318
24.4144
24.3972
24.38
24.3631
24.3463
24.3296
24.3132
24.2969
24.2808
24.2648
24.2491
24.2335
24.2182
24.203
24.188
24.1733
24.1587
24.1444
24.1302
24.1163
24.1026
24.0892
24.0759
24.0629
24.0502
24.0376
24.0254
24.0133
24.0015
23.99
23.9787
23.9677
23.9569
23.9464
23.9362
23.9262
23.9165
23.9071
23.8979
23.889
23.8804
23.8721
23.8641
23.8563
23.8489
23.8417
23.8349
23.8283
23.822
23.816
23.8103
23.8049
23.7998
23.795
23.7905
23.7864
23.7825
23.7789
23.7756
23.7727
23.77
23.7677
23.7657
23.764
23.7626
23.7615
23.7607
23.7602
23.7601
