25
24.9679
24.9357
24.9036
24.8715
24.8394
24.8074
24.7754
24.7435
24.7116
24.6799
24.6482
24.6165
24.585
24.5536
24.5223
24.4911
24.4601
24.4291
24.3984
24.3678
24.3373
24.307
24.2769
24.2469
24.2172
24.1876
24.1583
24.1291
24.1002
24.0715
24.0431
24.0149
23.9869
23.9592
23.9317
23.9045
23.8776
23.851
23.8247
23.7986
23.7729
23.7475
23.7224
23.6976
23.6731
23.649
23.6252
23.6017
23.5787
23.5559
23.5336
23.5116
23.4899
23.4687
23.4478
23.4274
23.4073
23.3876
23.3683
23.3495
23.3311
23.313
23.2954
23.2783
23.2615
23.2452
23.2294
23.214
23.199
23.1845
23.1705
23.1569
23.1438
23.1311
23.1189
23.1072
23.096
23.0852
23.0749
23.0652
23.0559
23.047
23.0387
23.0309
23.0236
23.0167
23.0104
23.0046
22.9992
22.9944
22.9901
22.9863
22.983
22.9802
22.9779
22.9761
22.9748
22.974
22.9738
