25
24.9753
24.9505
24.9258
24.9011
24.8765
24.8518
24.8272
24.8026
24.7781
24.7537
24.7293
24.705
24.6807
24.6565
24.6325
24.6085
24.5846
24.5608
24.5371
24.5136
24.4901
24.4668
24.4436
24.4206
24.3977
24.375
24.3524
24.33
24.3077
24.2856
24.2637
24.242
24.2205
24.1992
24.1781
24.1572
24.1365
24.116
24.0957
24.0757
24.0559
24.0363
24.017
23.9979
23.9791
23.9605
23.9422
23.9242
23.9064
23.8889
23.8717
23.8548
23.8382
23.8218
23.8058
23.79
23.7746
23.7594
23.7446
23.7301
23.7159
23.7021
23.6885
23.6753
23.6624
23.6499
23.6377
23.6258
23.6143
23.6032
23.5924
23.5819
23.5718
23.5621
23.5527
23.5437
23.5351
23.5268
23.5189
23.5113
23.5042
23.4974
23.491
23.485
23.4793
23.4741
23.4692
23.4647
23.4606
23.4569
23.4536
23.4506
23.4481
23.4459
23.4442
23.4428
23.4418
23.4412
23.441
