25
24.9779
24.9558
24.9337
24.9117
24.8896
24.8676
24.8456
24.8237
24.8018
24.78
24.7582
24.7364
24.7148
24.6932
24.6717
24.6502
24.6289
24.6077
24.5865
24.5655
24.5445
24.5237
24.503
24.4824
24.462
24.4417
24.4215
24.4015
24.3816
24.3619
24.3423
24.3229
24.3037
24.2846
24.2658
24.2471
24.2286
24.2103
24.1922
24.1743
24.1566
24.1391
24.1219
24.1048
24.088
24.0714
24.0551
24.039
24.0231
24.0075
23.9921
23.977
23.9621
23.9475
23.9332
23.9191
23.9053
23.8918
23.8786
23.8656
23.8529
23.8405
23.8284
23.8166
23.8051
23.7939
23.783
23.7725
23.7622
23.7522
23.7426
23.7332
23.7242
23.7155
23.7071
23.6991
23.6914
23.684
23.6769
23.6702
23.6638
23.6577
23.652
23.6466
23.6416
23.6369
23.6325
23.6285
23.6249
23.6215
23.6186
23.6159
23.6137
23.6117
23.6102
23.6089
23.6081
23.6075
23.6074
