25
24.611
24.2221
23.8335
23.4453
23.0578
22.6711
22.2852
21.9004
21.5168
21.1346
20.7538
20.3747
19.9974
19.6219
19.2486
18.8774
18.5086
18.1422
17.7784
17.4174
17.0591
16.7038
16.3516
16.0026
15.6568
15.3145
14.9757
14.6405
14.309
13.9813
13.6575
13.3376
13.0218
12.7102
12.4028
12.0997
11.8009
11.5066
11.2167
10.9314
10.6507
10.3747
10.1033
9.8367
9.57487
9.31786
9.06571
8.81844
8.57608
8.33865
8.10619
7.8787
7.6562
7.43871
7.22623
7.01878
6.81635
6.61895
6.42658
6.23924
6.05693
5.87964
5.70735
5.54008
5.37779
5.22049
5.06816
4.92078
4.77833
4.64081
4.5082
4.38047
4.25761
4.1396
4.02641
3.91804
3.81446
3.71565
3.62159
3.53227
3.44765
3.36774
3.29249
3.22191
3.15596
3.09464
3.03793
2.98581
2.93827
2.8953
2.85689
2.82302
2.79369
2.76888
2.7486
2.73282
2.72156
2.7148
2.71255
