25
24.8709
24.7418
24.6128
24.4838
24.355
24.2264
24.098
23.9697
23.8418
23.7141
23.5868
23.4598
23.3332
23.207
23.0813
22.9561
22.8313
22.7072
22.5836
22.4606
22.3382
22.2165
22.0955
21.9753
21.8558
21.7371
21.6192
21.5022
21.386
21.2708
21.1565
21.0432
20.9308
20.8195
20.7093
20.6001
20.492
20.3851
20.2793
20.1747
20.0714
19.9692
19.8684
19.7688
19.6706
19.5737
19.4781
19.384
19.2912
19.1999
19.1101
19.0217
18.9349
18.8495
18.7658
18.6835
18.6029
18.5239
18.4465
18.3708
18.2967
18.2244
18.1537
18.0848
18.0176
17.9521
17.8884
17.8266
17.7665
17.7082
17.6518
17.5973
17.5445
17.4937
17.4448
17.3977
17.3526
17.3094
17.2682
17.2289
17.1915
17.1561
17.1227
17.0912
17.0618
17.0344
17.0089
16.9855
16.9641
16.9447
16.9273
16.912
16.8987
16.8875
16.8782
16.8711
16.866
16.8629
16.8619
