25
24.9783
24.9567
24.935
24.9134
24.8918
24.8702
24.8487
24.8272
24.8057
24.7843
24.7629
24.7416
24.7204
24.6992
24.6781
24.6571
24.6362
24.6154
24.5947
24.574
24.5535
24.5331
24.5128
24.4926
24.4726
24.4527
24.4329
24.4133
24.3938
24.3744
24.3553
24.3363
24.3174
24.2987
24.2802
24.2619
24.2438
24.2259
24.2081
24.1906
24.1732
24.1561
24.1392
24.1225
24.106
24.0897
24.0737
24.0579
24.0424
24.027
24.012
23.9972
23.9826
23.9683
23.9542
23.9404
23.9269
23.9136
23.9007
23.888
23.8755
23.8634
23.8515
23.84
23.8287
23.8177
23.807
23.7967
23.7866
23.7768
23.7673
23.7582
23.7493
23.7408
23.7326
23.7247
23.7172
23.7099
23.703
23.6964
23.6901
23.6842
23.6786
23.6733
23.6684
23.6638
23.6595
23.6556
23.652
23.6487
23.6458
23.6432
23.641
23.6391
23.6376
23.6364
23.6355
23.635
23.6348
