25
24.9743
24.9487
24.9231
24.8974
24.8719
24.8463
24.8208
24.7953
24.7699
24.7445
24.7192
24.694
24.6688
24.6438
24.6188
24.5939
24.5691
24.5445
24.5199
24.4955
24.4712
24.447
24.4229
24.3991
24.3753
24.3517
24.3283
24.3051
24.282
24.2591
24.2364
24.2139
24.1915
24.1694
24.1475
24.1258
24.1044
24.0831
24.0621
24.0413
24.0208
24.0005
23.9804
23.9607
23.9411
23.9219
23.9029
23.8842
23.8658
23.8476
23.8298
23.8122
23.795
23.778
23.7614
23.745
23.729
23.7133
23.6979
23.6829
23.6682
23.6538
23.6398
23.6261
23.6127
23.5997
23.5871
23.5748
23.5628
23.5513
23.54
23.5292
23.5187
23.5086
23.4989
23.4896
23.4806
23.472
23.4638
23.456
23.4486
23.4415
23.4349
23.4287
23.4228
23.4174
23.4123
23.4076
23.4034
23.3995
23.3961
23.393
23.3904
23.3882
23.3863
23.3849
23.3839
23.3833
23.3831
