25
24.8823
24.7647
24.6471
24.5296
24.4123
24.295
24.178
24.0612
23.9446
23.8282
23.7122
23.5965
23.4811
23.3661
23.2516
23.1374
23.0238
22.9106
22.798
22.6859
22.5744
22.4635
22.3533
22.2437
22.1348
22.0266
21.9192
21.8126
21.7067
21.6017
21.4976
21.3943
21.2919
21.1905
21.09
20.9905
20.892
20.7946
20.6982
20.6029
20.5087
20.4156
20.3237
20.233
20.1435
20.0551
19.9681
19.8823
19.7978
19.7146
19.6327
19.5522
19.473
19.3953
19.3189
19.244
19.1705
19.0985
19.028
18.959
18.8915
18.8256
18.7612
18.6983
18.6371
18.5775
18.5194
18.463
18.4083
18.3552
18.3038
18.2541
18.206
18.1597
18.1151
18.0723
18.0312
17.9918
17.9542
17.9184
17.8843
17.8521
17.8216
17.793
17.7661
17.7411
17.7179
17.6966
17.6771
17.6594
17.6436
17.6296
17.6175
17.6072
17.5988
17.5923
17.5877
17.5849
17.5839
