25
24.9627
24.9254
24.8881
24.8508
24.8136
24.7764
24.7392
24.7022
24.6652
24.6283
24.5915
24.5548
24.5182
24.4817
24.4454
24.4092
24.3731
24.3372
24.3015
24.2659
24.2306
24.1954
24.1604
24.1256
24.0911
24.0568
24.0227
23.9889
23.9553
23.922
23.889
23.8562
23.8237
23.7916
23.7597
23.7281
23.6969
23.666
23.6354
23.6052
23.5753
23.5458
23.5166
23.4878
23.4594
23.4314
23.4038
23.3766
23.3497
23.3234
23.2974
23.2718
23.2467
23.2221
23.1978
23.1741
23.1508
23.1279
23.1056
23.0837
23.0623
23.0413
23.0209
23.001
22.9816
22.9626
22.9442
22.9263
22.909
22.8921
22.8758
22.86
22.8448
22.8301
22.816
22.8024
22.7893
22.7768
22.7649
22.7535
22.7427
22.7325
22.7229
22.7138
22.7053
22.6973
22.69
22.6832
22.677
22.6714
22.6664
22.6619
22.6581
22.6549
22.6522
22.6501
22.6486
22.6478
22.6475
