25
24.7786
24.5573
24.3361
24.1151
23.8943
23.6738
23.4536
23.2338
23.0145
22.7957
22.5774
22.3597
22.1428
21.9265
21.711
21.4964
21.2827
21.0699
20.8581
20.6473
20.4377
20.2292
20.022
19.816
19.6113
19.408
19.2061
19.0057
18.8068
18.6095
18.4138
18.2197
18.0274
17.8369
17.6482
17.4613
17.2764
17.0934
16.9124
16.7335
16.5566
16.3819
16.2094
16.0391
15.8711
15.7054
15.542
15.381
15.2225
15.0664
14.9129
14.7619
14.6134
14.4676
14.3245
14.184
14.0463
13.9114
13.7792
13.6499
13.5234
13.3998
13.2792
13.1615
13.0468
12.9351
12.8264
12.7208
12.6183
12.5189
12.4226
12.3295
12.2396
12.1529
12.0694
11.9892
11.9122
11.8385
11.7682
11.7011
11.6374
11.5771
11.5201
11.4665
11.4163
11.3695
11.3262
11.2862
11.2497
11.2167
11.1871
11.1609
11.1383
11.1191
11.1034
11.0912
11.0825
11.0772
11.0755
