25
24.9408
24.8816
24.8225
24.7633
24.7043
24.6453
24.5864
24.5276
24.469
24.4105
24.3521
24.2939
24.2358
24.178
24.1203
24.0629
24.0057
23.9488
23.8921
23.8357
23.7796
23.7238
23.6684
23.6132
23.5584
23.504
23.45
23.3963
23.3431
23.2902
23.2378
23.1859
23.1344
23.0833
23.0328
22.9827
22.9332
22.8841
22.8356
22.7877
22.7403
22.6935
22.6472
22.6016
22.5565
22.5121
22.4683
22.4251
22.3826
22.3407
22.2995
22.259
22.2192
22.1801
22.1417
22.104
22.067
22.0308
21.9953
21.9606
21.9266
21.8934
21.861
21.8294
21.7986
21.7686
21.7394
21.7111
21.6835
21.6568
21.6309
21.6059
21.5817
21.5584
21.536
21.5144
21.4937
21.4739
21.455
21.437
21.4199
21.4036
21.3883
21.3739
21.3604
21.3478
21.3361
21.3254
21.3156
21.3067
21.2987
21.2917
21.2856
21.2805
21.2762
21.2729
21.2706
21.2692
21.2687
