25
24.7823
24.5647
24.3472
24.1298
23.9127
23.6959
23.4793
23.2632
23.0475
22.8323
22.6177
22.4036
22.1903
21.9776
21.7657
21.5546
21.3444
21.1352
20.9269
20.7196
20.5135
20.3084
20.1046
19.902
19.7007
19.5008
19.3022
19.1051
18.9095
18.7154
18.523
18.3321
18.143
17.9556
17.77
17.5862
17.4043
17.2243
17.0463
16.8703
16.6963
16.5245
16.3548
16.1873
16.022
15.859
15.6983
15.5399
15.384
15.2305
15.0794
14.9308
14.7848
14.6414
14.5006
14.3624
14.2269
14.0941
13.9641
13.8369
13.7125
13.5909
13.4722
13.3564
13.2435
13.1336
13.0267
12.9228
12.8219
12.7241
12.6294
12.5378
12.4493
12.364
12.2818
12.2029
12.1272
12.0547
11.9854
11.9195
11.8568
11.7974
11.7413
11.6886
11.6392
11.5931
11.5505
11.5112
11.4752
11.4427
11.4136
11.3879
11.3656
11.3467
11.3313
11.3192
11.3107
11.3055
11.3038
