25
24.7711
24.5422
24.3134
24.0849
23.8565
23.6285
23.4007
23.1735
22.9466
22.7203
22.4946
22.2695
22.0451
21.8215
21.5987
21.3767
21.1557
20.9357
20.7167
20.4987
20.282
20.0664
19.8521
19.6391
19.4275
19.2173
19.0086
18.8014
18.5957
18.3917
18.1894
17.9888
17.79
17.5931
17.398
17.2048
17.0137
16.8245
16.6375
16.4525
16.2698
16.0892
15.9109
15.7349
15.5613
15.39
15.2212
15.0549
14.8911
14.7298
14.5711
14.4151
14.2618
14.1111
13.9632
13.8181
13.6759
13.5364
13.3999
13.2663
13.1357
13.008
12.8834
12.7618
12.6434
12.528
12.4157
12.3067
12.2008
12.0981
11.9987
11.9026
11.8097
11.7202
11.634
11.5512
11.4717
11.3956
11.323
11.2537
11.188
11.1257
11.0668
11.0115
10.9597
10.9114
10.8666
10.8253
10.7877
10.7535
10.723
10.696
10.6726
10.6528
10.6366
10.624
10.615
10.6096
10.6078
