25
24.9378
24.8756
24.8134
24.7513
24.6892
24.6272
24.5653
24.5035
24.4419
24.3804
24.319
24.2578
24.1968
24.136
24.0754
24.0151
23.955
23.8951
23.8356
23.7763
23.7173
23.6587
23.6004
23.5424
23.4849
23.4277
23.3709
23.3145
23.2585
23.203
23.1479
23.0933
23.0391
22.9855
22.9324
22.8798
22.8277
22.7762
22.7252
22.6748
22.625
22.5758
22.5272
22.4792
22.4318
22.3851
22.3391
22.2937
22.249
22.205
22.1617
22.1191
22.0773
22.0362
21.9958
21.9562
21.9173
21.8793
21.842
21.8055
21.7698
21.7349
21.7009
21.6676
21.6352
21.6037
21.573
21.5432
21.5142
21.4862
21.459
21.4327
21.4073
21.3828
21.3592
21.3365
21.3148
21.294
21.2741
21.2552
21.2371
21.2201
21.204
21.1888
21.1747
21.1614
21.1492
21.1379
21.1276
21.1182
21.1098
21.1025
21.0961
21.0906
21.0862
21.0827
21.0803
21.0788
21.0783
