25
24.9067
24.8135
24.7203
24.6271
24.5341
24.4412
24.3484
24.2558
24.1633
24.0711
23.9791
23.8874
23.796
23.7048
23.614
23.5235
23.4334
23.3437
23.2544
23.1656
23.0772
22.9893
22.9019
22.815
22.7287
22.643
22.5578
22.4733
22.3894
22.3061
22.2236
22.1417
22.0606
21.9801
21.9005
21.8216
21.7436
21.6663
21.5899
21.5144
21.4397
21.3659
21.293
21.2211
21.1501
21.0801
21.0111
20.9431
20.8761
20.8101
20.7452
20.6814
20.6187
20.557
20.4965
20.4371
20.3789
20.3218
20.2659
20.2112
20.1577
20.1054
20.0544
20.0046
19.956
19.9087
19.8627
19.818
19.7746
19.7325
19.6918
19.6524
19.6143
19.5776
19.5422
19.5082
19.4757
19.4444
19.4146
19.3862
19.3592
19.3337
19.3095
19.2868
19.2656
19.2457
19.2273
19.2104
19.195
19.1809
19.1684
19.1573
19.1477
19.1396
19.1329
19.1278
19.1241
19.1219
19.1211
