25
24.9289
24.8579
24.7869
24.716
24.6451
24.5743
24.5036
24.4331
24.3627
24.2924
24.2223
24.1525
24.0828
24.0134
23.9442
23.8753
23.8066
23.7383
23.6703
23.6026
23.5353
23.4683
23.4017
23.3356
23.2698
23.2045
23.1396
23.0752
23.0113
22.9479
22.885
22.8226
22.7608
22.6996
22.6389
22.5788
22.5193
22.4605
22.4023
22.3447
22.2878
22.2316
22.1761
22.1214
22.0673
22.014
21.9614
21.9096
21.8585
21.8083
21.7588
21.7102
21.6624
21.6155
21.5694
21.5241
21.4798
21.4363
21.3937
21.352
21.3113
21.2714
21.2325
21.1946
21.1576
21.1216
21.0866
21.0525
21.0195
20.9874
20.9563
20.9263
20.8973
20.8693
20.8424
20.8165
20.7917
20.7679
20.7452
20.7236
20.703
20.6835
20.6652
20.6479
20.6317
20.6165
20.6025
20.5897
20.5779
20.5672
20.5576
20.5492
20.5419
20.5357
20.5306
20.5267
20.5239
20.5222
20.5216
