25
24.9568
24.9136
24.8705
24.8273
24.7843
24.7412
24.6983
24.6554
24.6126
24.5699
24.5273
24.4848
24.4424
24.4002
24.3582
24.3163
24.2746
24.233
24.1917
24.1505
24.1096
24.0689
24.0284
23.9882
23.9482
23.9085
23.8691
23.8299
23.7911
23.7525
23.7143
23.6764
23.6388
23.6016
23.5647
23.5282
23.492
23.4562
23.4209
23.3859
23.3513
23.3171
23.2834
23.2501
23.2172
23.1848
23.1528
23.1213
23.0903
23.0598
23.0297
23.0002
22.9711
22.9426
22.9145
22.887
22.8601
22.8336
22.8077
22.7824
22.7576
22.7334
22.7098
22.6867
22.6642
22.6424
22.6211
22.6003
22.5803
22.5608
22.5419
22.5236
22.506
22.489
22.4726
22.4569
22.4418
22.4273
22.4135
22.4004
22.3879
22.3761
22.3649
22.3544
22.3445
22.3353
22.3268
22.319
22.3118
22.3053
22.2995
22.2944
22.2899
22.2862
22.2831
22.2807
22.279
22.278
22.2776
