25
24.9701
24.9402
24.9104
24.8805
24.8507
24.821
24.7912
24.7616
24.7319
24.7024
24.6729
24.6435
24.6142
24.585
24.5559
24.5269
24.4981
24.4693
24.4407
24.4123
24.3839
24.3558
24.3278
24.2999
24.2723
24.2448
24.2175
24.1905
24.1636
24.1369
24.1104
24.0842
24.0582
24.0325
24.0069
23.9817
23.9567
23.9319
23.9074
23.8832
23.8593
23.8357
23.8123
23.7893
23.7665
23.7441
23.722
23.7002
23.6787
23.6576
23.6368
23.6163
23.5962
23.5765
23.5571
23.5381
23.5194
23.5011
23.4832
23.4657
23.4486
23.4318
23.4154
23.3995
23.3839
23.3688
23.354
23.3397
23.3258
23.3123
23.2993
23.2866
23.2744
23.2627
23.2514
23.2405
23.23
23.22
23.2105
23.2014
23.1927
23.1845
23.1768
23.1695
23.1627
23.1564
23.1505
23.145
23.1401
23.1356
23.1316
23.128
23.125
23.1224
23.1202
23.1186
23.1174
23.1167
23.1164
