25
24.9807
24.9614
24.9422
24.9229
24.9037
24.8845
24.8653
24.8461
24.827
24.808
24.7889
24.77
24.7511
24.7322
24.7134
24.6947
24.6761
24.6576
24.6391
24.6207
24.6025
24.5843
24.5662
24.5483
24.5304
24.5127
24.4951
24.4776
24.4602
24.443
24.426
24.409
24.3923
24.3756
24.3592
24.3429
24.3267
24.3107
24.295
24.2793
24.2639
24.2486
24.2336
24.2187
24.204
24.1896
24.1753
24.1612
24.1474
24.1337
24.1203
24.1071
24.0941
24.0814
24.0689
24.0566
24.0446
24.0328
24.0212
24.0099
23.9988
23.988
23.9775
23.9672
23.9571
23.9474
23.9379
23.9286
23.9196
23.9109
23.9025
23.8944
23.8865
23.8789
23.8716
23.8646
23.8578
23.8514
23.8452
23.8393
23.8338
23.8285
23.8235
23.8188
23.8144
23.8103
23.8065
23.803
23.7998
23.7969
23.7943
23.792
23.79
23.7883
23.787
23.7859
23.7851
23.7847
23.7845
