25
24.6027
24.2056
23.8089
23.4126
23.0169
22.6221
22.2282
21.8354
21.4439
21.0538
20.6654
20.2786
19.8938
19.5109
19.1303
18.752
18.3761
18.0028
17.6323
17.2646
16.8999
16.5383
16.18
15.825
15.4735
15.1256
14.7814
14.441
14.1045
13.7719
13.4435
13.1192
12.7992
12.4835
12.1723
11.8655
11.5633
11.2657
10.9729
10.6847
10.4013
10.1228
9.8492
9.5805
9.31677
9.05804
8.80434
8.5557
8.31214
8.07369
7.84035
7.61214
7.38907
7.17115
6.95838
6.75077
6.54831
6.35101
6.15885
5.97182
5.78993
5.61315
5.44147
5.27488
5.11335
4.95688
4.80543
4.659
4.51755
4.38107
4.24952
4.1229
4.00116
3.88429
3.77226
3.66504
3.56261
3.46495
3.37202
3.28381
3.20029
3.12143
3.04721
2.97762
2.91262
2.8522
2.79634
2.74501
2.69821
2.65592
2.61812
2.5848
2.55594
2.53154
2.51159
2.49609
2.48501
2.47837
2.47616
