25
24.9448
24.8896
24.8344
24.7793
24.7242
24.6692
24.6143
24.5594
24.5047
24.4501
24.3957
24.3414
24.2872
24.2333
24.1795
24.126
24.0726
24.0195
23.9667
23.9141
23.8618
23.8097
23.758
23.7066
23.6555
23.6047
23.5543
23.5043
23.4546
23.4053
23.3564
23.308
23.2599
23.2123
23.1652
23.1185
23.0723
23.0266
22.9813
22.9366
22.8924
22.8487
22.8056
22.763
22.721
22.6796
22.6387
22.5984
22.5588
22.5197
22.4813
22.4435
22.4064
22.3699
22.3341
22.2989
22.2644
22.2307
22.1976
22.1652
22.1335
22.1026
22.0723
22.0429
22.0141
21.9861
21.9589
21.9324
21.9067
21.8818
21.8577
21.8344
21.8118
21.7901
21.7692
21.7491
21.7298
21.7113
21.6936
21.6768
21.6609
21.6457
21.6314
21.618
21.6054
21.5937
21.5828
21.5728
21.5636
21.5553
21.5479
21.5413
21.5356
21.5308
21.5269
21.5238
21.5216
21.5203
21.5199
