25
24.9788
24.9577
24.9365
24.9154
24.8943
24.8732
24.8522
24.8311
24.8102
24.7893
24.7684
24.7476
24.7268
24.7061
24.6855
24.665
24.6446
24.6242
24.604
24.5838
24.5637
24.5438
24.524
24.5043
24.4847
24.4652
24.4459
24.4267
24.4077
24.3888
24.3701
24.3515
24.3331
24.3148
24.2968
24.2789
24.2612
24.2436
24.2263
24.2092
24.1922
24.1755
24.1589
24.1426
24.1265
24.1106
24.095
24.0796
24.0644
24.0494
24.0347
24.0202
24.0059
23.992
23.9782
23.9648
23.9515
23.9386
23.9259
23.9135
23.9014
23.8895
23.8779
23.8666
23.8556
23.8449
23.8344
23.8243
23.8144
23.8049
23.7956
23.7867
23.7781
23.7697
23.7617
23.754
23.7466
23.7395
23.7328
23.7263
23.7202
23.7144
23.7089
23.7038
23.6989
23.6944
23.6903
23.6864
23.6829
23.6797
23.6769
23.6744
23.6722
23.6704
23.6689
23.6677
23.6668
23.6663
23.6662
