25
24.9744
24.9489
24.9233
24.8978
24.8723
24.8468
24.8214
24.796
24.7707
24.7454
24.7202
24.695
24.6699
24.645
24.6201
24.5953
24.5706
24.546
24.5215
24.4971
24.4729
24.4488
24.4249
24.401
24.3774
24.3539
24.3305
24.3074
24.2844
24.2615
24.2389
24.2165
24.1942
24.1722
24.1503
24.1287
24.1073
24.0861
24.0652
24.0445
24.024
24.0038
23.9838
23.9641
23.9447
23.9255
23.9065
23.8879
23.8695
23.8514
23.8337
23.8162
23.799
23.7821
23.7655
23.7492
23.7332
23.7176
23.7023
23.6873
23.6726
23.6583
23.6443
23.6306
23.6173
23.6043
23.5917
23.5795
23.5676
23.5561
23.5449
23.5341
23.5236
23.5136
23.5039
23.4946
23.4856
23.4771
23.4689
23.4611
23.4537
23.4467
23.4401
23.4339
23.428
23.4226
23.4176
23.4129
23.4087
23.4048
23.4014
23.3984
23.3957
23.3935
23.3917
23.3903
23.3892
23.3886
23.3884
