25
24.9199
24.8399
24.7599
24.6799
24.6001
24.5203
24.4406
24.3611
24.2818
24.2026
24.1237
24.0449
23.9664
23.8882
23.8102
23.7325
23.6552
23.5782
23.5015
23.4253
23.3494
23.2739
23.1989
23.1244
23.0503
22.9766
22.9035
22.831
22.759
22.6875
22.6166
22.5463
22.4767
22.4077
22.3393
22.2716
22.2046
22.1383
22.0727
22.0078
21.9437
21.8804
21.8178
21.7561
21.6952
21.6351
21.5758
21.5174
21.4599
21.4033
21.3476
21.2928
21.2389
21.186
21.134
21.0831
21.0331
20.9841
20.9361
20.8891
20.8432
20.7983
20.7545
20.7117
20.6701
20.6295
20.59
20.5516
20.5144
20.4782
20.4433
20.4094
20.3767
20.3452
20.3149
20.2857
20.2577
20.2309
20.2053
20.1809
20.1578
20.1358
20.1151
20.0956
20.0774
20.0603
20.0446
20.03
20.0167
20.0047
19.994
19.9845
19.9762
19.9692
19.9635
19.9591
19.9559
19.954
19.9534
