25
24.944
24.8881
24.8322
24.7763
24.7205
24.6648
24.6091
24.5536
24.4981
24.4428
24.3876
24.3326
24.2777
24.223
24.1686
24.1143
24.0602
24.0064
23.9529
23.8996
23.8466
23.7938
23.7414
23.6893
23.6375
23.5861
23.535
23.4843
23.4339
23.384
23.3345
23.2854
23.2367
23.1885
23.1407
23.0934
23.0465
23.0002
22.9544
22.909
22.8642
22.82
22.7763
22.7331
22.6906
22.6486
22.6072
22.5664
22.5262
22.4866
22.4477
22.4094
22.3717
22.3348
22.2985
22.2628
22.2279
22.1937
22.1601
22.1273
22.0952
22.0638
22.0332
22.0033
21.9742
21.9459
21.9183
21.8915
21.8654
21.8402
21.8157
21.7921
21.7692
21.7472
21.726
21.7056
21.6861
21.6673
21.6495
21.6324
21.6162
21.6009
21.5864
21.5728
21.56
21.5481
21.5371
21.527
21.5177
21.5093
21.5018
21.4951
21.4894
21.4845
21.4805
21.4774
21.4752
21.4738
21.4734
