25
24.9799
24.9597
24.9396
24.9195
24.8994
24.8794
24.8593
24.8393
24.8194
24.7995
24.7796
24.7598
24.7401
24.7204
24.7008
24.6813
24.6618
24.6425
24.6232
24.604
24.5849
24.566
24.5471
24.5283
24.5097
24.4912
24.4728
24.4546
24.4365
24.4185
24.4007
24.383
24.3655
24.3481
24.3309
24.3139
24.297
24.2804
24.2639
24.2476
24.2314
24.2155
24.1998
24.1843
24.1689
24.1538
24.1389
24.1242
24.1098
24.0955
24.0815
24.0678
24.0542
24.0409
24.0278
24.015
24.0024
23.9901
23.9781
23.9662
23.9547
23.9434
23.9324
23.9216
23.9112
23.901
23.891
23.8814
23.872
23.8629
23.8541
23.8456
23.8374
23.8295
23.8218
23.8145
23.8075
23.8007
23.7943
23.7882
23.7823
23.7768
23.7716
23.7667
23.7621
23.7578
23.7539
23.7502
23.7469
23.7439
23.7411
23.7388
23.7367
23.7349
23.7335
23.7324
23.7316
23.7311
23.7309
