25
24.9604
24.9208
24.8812
24.8416
24.8021
24.7626
24.7232
24.6839
24.6446
24.6054
24.5663
24.5274
24.4885
24.4498
24.4112
24.3728
24.3345
24.2964
24.2585
24.2207
24.1832
24.1459
24.1087
24.0718
24.0352
23.9987
23.9626
23.9267
23.891
23.8556
23.8206
23.7858
23.7513
23.7172
23.6833
23.6498
23.6167
23.5839
23.5514
23.5193
23.4876
23.4562
23.4253
23.3947
23.3646
23.3348
23.3055
23.2766
23.2482
23.2202
23.1926
23.1655
23.1388
23.1126
23.0869
23.0617
23.037
23.0127
22.989
22.9657
22.943
22.9208
22.8991
22.8779
22.8573
22.8372
22.8177
22.7987
22.7803
22.7624
22.7451
22.7283
22.7122
22.6966
22.6815
22.6671
22.6533
22.64
22.6273
22.6153
22.6038
22.593
22.5827
22.5731
22.564
22.5556
22.5478
22.5406
22.534
22.5281
22.5227
22.518
22.514
22.5105
22.5077
22.5055
22.5039
22.503
22.5027
