25
24.7166
24.4332
24.15
23.8671
23.5844
23.3022
23.0203
22.7391
22.4584
22.1784
21.8992
21.6208
21.3434
21.0669
20.7915
20.5172
20.2442
19.9724
19.7019
19.4329
19.1654
18.8995
18.6352
18.3726
18.1117
17.8527
17.5957
17.3406
17.0875
16.8365
16.5877
16.3412
16.0969
15.855
15.6155
15.3785
15.1441
14.9122
14.683
14.4564
14.2327
14.0117
13.7937
13.5785
13.3664
13.1572
12.9512
12.7482
12.5485
12.3519
12.1586
11.9687
11.782
11.5988
11.419
11.2427
11.0699
10.9007
10.735
10.573
10.4146
10.26
10.109
9.96188
9.81851
9.67897
9.54329
9.41149
9.28361
9.15967
9.03969
8.92371
8.81174
8.7038
8.59993
8.50013
8.40444
8.31287
8.22543
8.14215
8.06305
7.98813
7.91741
7.85091
7.78864
7.73062
7.67684
7.62733
7.58209
7.54114
7.50447
7.4721
7.44404
7.42028
7.40084
7.38571
7.37491
7.36842
7.36626
