25
24.7421
24.4843
24.2267
23.9692
23.712
23.4552
23.1987
22.9427
22.6873
22.4324
22.1783
21.9248
21.6722
21.4204
21.1696
20.9198
20.671
20.4234
20.1769
19.9317
19.6878
19.4453
19.2043
18.9647
18.7268
18.4904
18.2558
18.0228
17.7917
17.5625
17.3352
17.1098
16.8865
16.6653
16.4463
16.2294
16.0148
15.8026
15.5927
15.3852
15.1801
14.9776
14.7777
14.5804
14.3858
14.1938
14.0047
13.8183
13.6348
13.4542
13.2766
13.1019
12.9303
12.7617
12.5962
12.4339
12.2748
12.1189
11.9662
11.8169
11.6709
11.5282
11.389
11.2532
11.1208
10.992
10.8667
10.7449
10.6267
10.5121
10.4012
10.2939
10.1904
10.0905
9.99435
9.90197
9.81336
9.72856
9.64757
9.57041
9.49711
9.42767
9.36212
9.30047
9.24273
9.18891
9.13904
9.09311
9.05114
9.01315
8.97912
8.94909
8.92304
8.90099
8.88295
8.86891
8.85888
8.85286
8.85085
