25
24.9673
24.9346
24.902
24.8693
24.8367
24.8042
24.7717
24.7392
24.7068
24.6745
24.6423
24.6101
24.5781
24.5461
24.5143
24.4826
24.451
24.4196
24.3883
24.3572
24.3262
24.2954
24.2648
24.2343
24.2041
24.174
24.1442
24.1146
24.0852
24.056
24.0271
23.9984
23.9699
23.9418
23.9139
23.8862
23.8589
23.8318
23.805
23.7785
23.7524
23.7265
23.701
23.6758
23.6509
23.6264
23.6022
23.5784
23.5549
23.5318
23.509
23.4867
23.4647
23.4431
23.4219
23.401
23.3806
23.3606
23.341
23.3219
23.3031
23.2848
23.2669
23.2495
23.2325
23.2159
23.1998
23.1841
23.1689
23.1541
23.1399
23.1261
23.1127
23.0998
23.0875
23.0755
23.0641
23.0532
23.0427
23.0328
23.0233
23.0144
23.0059
22.998
22.9905
22.9836
22.9771
22.9712
22.9658
22.9609
22.9565
22.9526
22.9492
22.9464
22.944
22.9422
22.9409
22.9401
22.9399
