25
24.7457
24.4914
24.2372
23.9833
23.7296
23.4762
23.2233
22.9708
22.7188
22.4675
22.2167
21.9668
21.7176
21.4692
21.2218
20.9753
20.7299
20.4856
20.2425
20.0006
19.76
19.5208
19.283
19.0466
18.8118
18.5787
18.3471
18.1173
17.8893
17.6631
17.4388
17.2164
16.9961
16.7778
16.5616
16.3476
16.1358
15.9263
15.7191
15.5144
15.312
15.1121
14.9148
14.72
14.5279
14.3384
14.1517
13.9677
13.7865
13.6082
13.4328
13.2604
13.0909
12.9244
12.761
12.6008
12.4436
12.2896
12.1389
11.9914
11.8472
11.7063
11.5688
11.4347
11.3039
11.1767
11.0529
10.9326
10.8159
10.7027
10.5931
10.4871
10.3848
10.2861
10.1912
10.0999
10.0123
9.92855
9.84852
9.77229
9.69986
9.63125
9.56648
9.50556
9.4485
9.39532
9.34604
9.30065
9.25918
9.22163
9.18801
9.15833
9.13259
9.1108
9.09297
9.07909
9.06918
9.06323
9.06125
