25
24.9256
24.8512
24.7768
24.7025
24.6282
24.5541
24.48
24.4061
24.3324
24.2588
24.1854
24.1122
24.0392
23.9664
23.894
23.8218
23.7499
23.6783
23.607
23.5361
23.4656
23.3955
23.3257
23.2564
23.1875
23.1191
23.0511
22.9837
22.9167
22.8503
22.7844
22.7191
22.6543
22.5902
22.5266
22.4637
22.4014
22.3397
22.2788
22.2185
22.1589
22.1
22.0419
21.9845
21.9278
21.872
21.8169
21.7626
21.7091
21.6565
21.6047
21.5538
21.5037
21.4545
21.4062
21.3588
21.3124
21.2668
21.2222
21.1785
21.1358
21.0941
21.0534
21.0136
20.9749
20.9372
20.9005
20.8648
20.8302
20.7966
20.7641
20.7326
20.7022
20.6729
20.6447
20.6176
20.5916
20.5667
20.5429
20.5202
20.4987
20.4783
20.459
20.4409
20.4239
20.4081
20.3934
20.3799
20.3676
20.3564
20.3464
20.3376
20.3299
20.3234
20.3181
20.314
20.311
20.3092
20.3087
