25
24.942
24.8839
24.826
24.768
24.7101
24.6523
24.5946
24.537
24.4795
24.4221
24.3648
24.3078
24.2509
24.1942
24.1377
24.0814
24.0253
23.9695
23.9139
23.8587
23.8037
23.749
23.6946
23.6406
23.5869
23.5335
23.4805
23.4279
23.3757
23.3239
23.2726
23.2216
23.1711
23.1211
23.0716
23.0225
22.9739
22.9259
22.8783
22.8313
22.7848
22.7389
22.6936
22.6489
22.6047
22.5611
22.5182
22.4759
22.4342
22.3932
22.3528
22.3131
22.274
22.2357
22.198
22.1611
22.1248
22.0893
22.0545
22.0205
21.9872
21.9547
21.9229
21.8919
21.8617
21.8323
21.8037
21.7759
21.7489
21.7227
21.6973
21.6728
21.6491
21.6263
21.6043
21.5831
21.5629
21.5434
21.5249
21.5072
21.4904
21.4745
21.4595
21.4454
21.4321
21.4198
21.4084
21.3978
21.3882
21.3795
21.3717
21.3648
21.3588
21.3538
21.3496
21.3464
21.3441
21.3427
21.3423
