25
24.9367
24.8735
24.8103
24.7471
24.684
24.621
24.5581
24.4952
24.4325
24.37
24.3076
24.2454
24.1834
24.1216
24.06
23.9986
23.9375
23.8766
23.8161
23.7558
23.6959
23.6363
23.577
23.5181
23.4595
23.4014
23.3436
23.2863
23.2294
23.1729
23.1169
23.0614
23.0063
22.9518
22.8978
22.8443
22.7913
22.739
22.6871
22.6359
22.5852
22.5352
22.4858
22.437
22.3889
22.3414
22.2946
22.2484
22.203
22.1583
22.1142
22.0709
22.0284
21.9866
21.9455
21.9053
21.8658
21.827
21.7891
21.752
21.7157
21.6803
21.6457
21.6119
21.5789
21.5469
21.5157
21.4854
21.4559
21.4274
21.3997
21.373
21.3472
21.3223
21.2983
21.2753
21.2531
21.232
21.2118
21.1925
21.1742
21.1569
21.1405
21.1251
21.1107
21.0972
21.0847
21.0733
21.0628
21.0533
21.0448
21.0372
21.0307
21.0252
21.0207
21.0172
21.0147
21.0132
21.0127
