25
24.9562
24.9125
24.8687
24.825
24.7814
24.7378
24.6942
24.6508
24.6074
24.5641
24.5209
24.4779
24.435
24.3922
24.3496
24.3071
24.2649
24.2228
24.1809
24.1392
24.0977
24.0565
24.0154
23.9747
23.9342
23.8939
23.854
23.8143
23.7749
23.7359
23.6971
23.6587
23.6206
23.5829
23.5455
23.5085
23.4719
23.4356
23.3998
23.3643
23.3293
23.2947
23.2605
23.2267
23.1934
23.1605
23.1282
23.0962
23.0648
23.0339
23.0034
22.9734
22.944
22.9151
22.8867
22.8588
22.8315
22.8047
22.7785
22.7528
22.7277
22.7031
22.6792
22.6558
22.633
22.6108
22.5893
22.5683
22.5479
22.5282
22.509
22.4905
22.4727
22.4555
22.4389
22.4229
22.4076
22.393
22.379
22.3657
22.353
22.341
22.3297
22.319
22.309
22.2997
22.2911
22.2832
22.2759
22.2693
22.2634
22.2582
22.2537
22.2499
22.2468
22.2444
22.2426
22.2416
22.2412
