25
24.6414
24.2829
23.9247
23.5668
23.2094
22.8527
22.4966
22.1415
21.7872
21.4341
21.0822
20.7317
20.3825
20.035
19.6891
19.3449
19.0027
18.6625
18.3244
17.9885
17.655
17.3238
16.9952
16.6692
16.3459
16.0255
15.7079
15.3933
15.0818
14.7735
14.4685
14.1667
13.8684
13.5735
13.2822
12.9945
12.7106
12.4303
12.1539
11.8814
11.6129
11.3483
11.0878
10.8314
10.5791
10.3311
10.0873
9.84774
9.61255
9.38171
9.15527
8.93326
8.71571
8.50266
8.29412
8.09012
7.89069
7.69584
7.5056
7.31998
7.139
6.96267
6.79101
6.62402
6.46172
6.30412
6.15122
6.00304
5.85957
5.72081
5.58678
5.45748
5.3329
5.21305
5.09793
4.98753
4.88186
4.78092
4.6847
4.59319
4.50641
4.42434
4.34699
4.27434
4.2064
4.14316
4.08463
4.03078
3.98164
3.93718
3.89741
3.86232
3.83192
3.8062
3.78516
3.76879
3.7571
3.75009
3.74775
