25
24.9731
24.9463
24.9194
24.8926
24.8658
24.839
24.8123
24.7856
24.7589
24.7324
24.7059
24.6794
24.6531
24.6268
24.6007
24.5746
24.5486
24.5228
24.4971
24.4715
24.446
24.4207
24.3955
24.3705
24.3456
24.3209
24.2964
24.272
24.2478
24.2239
24.2001
24.1765
24.1531
24.1299
24.107
24.0843
24.0618
24.0395
24.0175
23.9957
23.9742
23.953
23.932
23.9112
23.8908
23.8706
23.8507
23.8311
23.8118
23.7928
23.7741
23.7557
23.7377
23.7199
23.7025
23.6854
23.6686
23.6521
23.636
23.6203
23.6049
23.5898
23.5751
23.5607
23.5467
23.5331
23.5199
23.507
23.4945
23.4824
23.4706
23.4593
23.4483
23.4377
23.4275
23.4177
23.4083
23.3994
23.3908
23.3826
23.3748
23.3674
23.3605
23.3539
23.3478
23.3421
23.3368
23.3319
23.3275
23.3234
23.3198
23.3166
23.3139
23.3115
23.3096
23.3081
23.307
23.3064
23.3062
