25
24.9543
24.9086
24.8629
24.8173
24.7717
24.7262
24.6807
24.6354
24.5901
24.5449
24.4998
24.4549
24.4101
24.3654
24.3209
24.2766
24.2325
24.1885
24.1448
24.1012
24.0579
24.0149
23.972
23.9295
23.8872
23.8452
23.8035
23.762
23.7209
23.6801
23.6397
23.5996
23.5598
23.5204
23.4814
23.4428
23.4045
23.3667
23.3292
23.2922
23.2556
23.2195
23.1838
23.1485
23.1138
23.0795
23.0456
23.0123
22.9795
22.9472
22.9154
22.8841
22.8534
22.8232
22.7935
22.7644
22.7359
22.7079
22.6805
22.6537
22.6275
22.6019
22.5769
22.5525
22.5287
22.5055
22.483
22.4611
22.4398
22.4192
22.3992
22.3799
22.3613
22.3433
22.326
22.3093
22.2933
22.278
22.2634
22.2495
22.2363
22.2238
22.212
22.2008
22.1904
22.1807
22.1717
22.1634
22.1558
22.1489
22.1428
22.1374
22.1327
22.1287
22.1254
22.1229
22.1211
22.12
22.1196
