25
24.3555
23.7118
23.0694
22.429
21.7914
21.1571
20.5269
19.9014
19.2812
18.6669
18.0591
17.4584
16.8652
16.2803
15.7039
15.1367
14.5791
14.0314
13.494
12.9674
12.4518
11.9476
11.455
10.9742
10.5054
10.0488
9.60466
9.17293
8.75375
8.34718
7.95323
7.57191
7.20319
6.84701
6.50329
6.17194
5.85284
5.54583
5.25076
4.96744
4.69568
4.43527
4.18597
3.94755
3.71977
3.50235
3.29502
3.09752
2.90956
2.73085
2.5611
2.40001
2.2473
2.10265
1.96578
1.8364
1.7142
1.59889
1.4902
1.38784
1.29153
1.20099
1.11597
1.0362
0.961434
0.891416
0.825913
0.764691
0.707528
0.654207
0.604523
0.558274
0.51527
0.475327
0.438272
0.403937
0.372163
0.342802
0.315709
0.29075
0.2678
0.246738
0.227453
0.20984
0.193803
0.179251
0.166101
0.154278
0.14371
0.134336
0.126099
0.118948
0.112839
0.107733
0.1036
0.100412
0.098149
0.0967972
0.0963475
