25
24.7779
24.5558
24.3339
24.1121
23.8906
23.6693
23.4484
23.2279
23.0078
22.7883
22.5693
22.3509
22.1332
21.9162
21.7
21.4846
21.2702
21.0567
20.8442
20.6327
20.4224
20.2132
20.0053
19.7986
19.5932
19.3892
19.1867
18.9856
18.786
18.588
18.3917
18.197
18.0041
17.8129
17.6235
17.4361
17.2505
17.0669
16.8853
16.7058
16.5284
16.3531
16.18
16.0092
15.8406
15.6743
15.5104
15.3489
15.1899
15.0333
14.8792
14.7277
14.5788
14.4325
14.2889
14.148
14.0098
13.8744
13.7419
13.6121
13.4852
13.3612
13.2402
13.1221
13.007
12.895
12.7859
12.68
12.5771
12.4774
12.3808
12.2874
12.1972
12.1102
12.0265
11.946
11.8688
11.7949
11.7243
11.657
11.5931
11.5326
11.4754
11.4217
11.3713
11.3244
11.2809
11.2408
11.2042
11.171
11.1413
11.1151
11.0924
11.0731
11.0574
11.0451
11.0364
11.0311
11.0294
