25
24.9016
24.8033
24.705
24.6068
24.5087
24.4107
24.3129
24.2152
24.1177
24.0205
23.9235
23.8267
23.7303
23.6342
23.5384
23.443
23.348
23.2534
23.1592
23.0656
22.9724
22.8797
22.7875
22.6959
22.6049
22.5144
22.4246
22.3355
22.247
22.1592
22.0722
21.9858
21.9003
21.8155
21.7315
21.6483
21.566
21.4845
21.404
21.3243
21.2455
21.1677
21.0909
21.0151
20.9402
20.8664
20.7936
20.7219
20.6512
20.5817
20.5132
20.4459
20.3798
20.3148
20.2509
20.1883
20.1269
20.0667
20.0078
19.9501
19.8936
19.8385
19.7847
19.7322
19.681
19.6311
19.5826
19.5355
19.4897
19.4453
19.4023
19.3608
19.3206
19.2819
19.2446
19.2088
19.1744
19.1415
19.1101
19.0801
19.0517
19.0247
18.9992
18.9753
18.9529
18.932
18.9126
18.8947
18.8784
18.8636
18.8504
18.8387
18.8286
18.82
18.813
18.8076
18.8037
18.8013
18.8005
