25
24.8387
24.6775
24.5163
24.3552
24.1944
24.0337
23.8733
23.7131
23.5533
23.3938
23.2347
23.0761
22.918
22.7604
22.6034
22.4469
22.2911
22.136
21.9816
21.828
21.6752
21.5232
21.3721
21.2219
21.0726
20.9244
20.7771
20.631
20.4859
20.342
20.1992
20.0576
19.9173
19.7783
19.6406
19.5043
19.3693
19.2357
19.1036
18.973
18.8439
18.7164
18.5904
18.466
18.3433
18.2223
18.103
17.9854
17.8696
17.7555
17.6433
17.533
17.4245
17.318
17.2133
17.1107
17.01
16.9113
16.8147
16.7201
16.6277
16.5373
16.449
16.3629
16.279
16.1973
16.1178
16.0405
15.9655
15.8928
15.8223
15.7542
15.6884
15.6249
15.5638
15.5051
15.4487
15.3948
15.3433
15.2942
15.2475
15.2033
15.1616
15.1224
15.0856
15.0513
15.0196
14.9903
14.9636
14.9394
14.9177
14.8985
14.8819
14.8679
14.8564
14.8474
14.8411
14.8372
14.8359
