25
24.9572
24.9145
24.8717
24.829
24.7864
24.7438
24.7012
24.6588
24.6164
24.5741
24.5319
24.4899
24.448
24.4062
24.3645
24.3231
24.2817
24.2406
24.1997
24.1589
24.1184
24.0781
24.038
23.9982
23.9586
23.9193
23.8803
23.8415
23.8031
23.7649
23.727
23.6895
23.6523
23.6154
23.5789
23.5428
23.507
23.4715
23.4365
23.4019
23.3676
23.3338
23.3004
23.2674
23.2349
23.2028
23.1711
23.14
23.1092
23.079
23.0492
23.02
22.9912
22.9629
22.9352
22.908
22.8813
22.8551
22.8295
22.8044
22.7799
22.7559
22.7325
22.7096
22.6874
22.6657
22.6446
22.6241
22.6042
22.5849
22.5662
22.5482
22.5307
22.5139
22.4977
22.4821
22.4671
22.4528
22.4392
22.4261
22.4138
22.402
22.391
22.3806
22.3708
22.3617
22.3533
22.3455
22.3384
22.332
22.3263
22.3212
22.3168
22.3131
22.31
22.3076
22.3059
22.3049
22.3046
