25
24.8182
24.6365
24.4548
24.2733
24.092
23.9109
23.73
23.5495
23.3694
23.1897
23.0104
22.8316
22.6534
22.4758
22.2988
22.1225
21.9469
21.7721
21.598
21.4249
21.2527
21.0814
20.9111
20.7418
20.5736
20.4065
20.2406
20.0758
19.9124
19.7502
19.5893
19.4298
19.2717
19.115
18.9598
18.8062
18.6541
18.5036
18.3547
18.2075
18.0621
17.9184
17.7764
17.6363
17.498
17.3617
17.2272
17.0947
16.9643
16.8358
16.7094
16.5851
16.4629
16.3428
16.2249
16.1093
15.9958
15.8847
15.7758
15.6693
15.5651
15.4633
15.3639
15.2669
15.1724
15.0803
14.9908
14.9037
14.8192
14.7373
14.6579
14.5812
14.5071
14.4356
14.3667
14.3006
14.2371
14.1764
14.1183
14.0631
14.0105
13.9607
13.9137
13.8695
13.8281
13.7895
13.7538
13.7208
13.6907
13.6634
13.639
13.6175
13.5988
13.5829
13.57
13.5599
13.5527
13.5484
13.547
