25
24.9374
24.8747
24.8122
24.7496
24.6871
24.6247
24.5624
24.5002
24.4382
24.3762
24.3145
24.2529
24.1915
24.1303
24.0693
24.0085
23.948
23.8878
23.8278
23.7681
23.7088
23.6498
23.5911
23.5327
23.4748
23.4172
23.36
23.3032
23.2469
23.191
23.1356
23.0806
23.0261
22.9721
22.9186
22.8656
22.8132
22.7613
22.71
22.6593
22.6092
22.5596
22.5107
22.4624
22.4147
22.3677
22.3214
22.2757
22.2307
22.1864
22.1428
22.1
22.0578
22.0164
21.9758
21.9359
21.8968
21.8585
21.8209
21.7842
21.7483
21.7132
21.6789
21.6454
21.6128
21.5811
21.5502
21.5202
21.491
21.4628
21.4354
21.4089
21.3834
21.3587
21.335
21.3122
21.2903
21.2693
21.2493
21.2302
21.2121
21.1949
21.1787
21.1635
21.1492
21.1359
21.1235
21.1122
21.1018
21.0924
21.0839
21.0765
21.0701
21.0646
21.0601
21.0567
21.0542
21.0527
21.0522
