25
24.9073
24.8147
24.7221
24.6296
24.5372
24.4449
24.3527
24.2607
24.1689
24.0773
23.9859
23.8948
23.8039
23.7134
23.6232
23.5333
23.4438
23.3547
23.266
23.1777
23.0899
23.0026
22.9158
22.8295
22.7437
22.6586
22.574
22.49
22.4066
22.324
22.2419
22.1606
22.08
22.0001
21.921
21.8427
21.7651
21.6884
21.6125
21.5374
21.4632
21.3899
21.3176
21.2461
21.1756
21.1061
21.0375
20.9699
20.9034
20.8379
20.7734
20.71
20.6477
20.5864
20.5263
20.4673
20.4094
20.3527
20.2972
20.2429
20.1897
20.1378
20.0871
20.0376
19.9894
19.9424
19.8967
19.8523
19.8092
19.7674
19.7269
19.6877
19.6499
19.6134
19.5783
19.5446
19.5122
19.4812
19.4516
19.4234
19.3966
19.3712
19.3472
19.3246
19.3035
19.2838
19.2655
19.2487
19.2334
19.2194
19.207
19.196
19.1864
19.1784
19.1718
19.1666
19.1629
19.1607
19.16
