25
24.9777
24.9554
24.9331
24.9108
24.8885
24.8663
24.8441
24.8219
24.7998
24.7778
24.7558
24.7338
24.7119
24.6901
24.6684
24.6467
24.6252
24.6037
24.5824
24.5611
24.54
24.5189
24.498
24.4772
24.4566
24.4361
24.4157
24.3955
24.3754
24.3555
24.3357
24.3161
24.2967
24.2775
24.2584
24.2396
24.2209
24.2024
24.1841
24.166
24.1482
24.1305
24.1131
24.0959
24.0789
24.0621
24.0456
24.0294
24.0133
23.9975
23.982
23.9667
23.9517
23.937
23.9225
23.9083
23.8944
23.8807
23.8673
23.8542
23.8414
23.8289
23.8167
23.8048
23.7932
23.7819
23.7709
23.7602
23.7498
23.7397
23.73
23.7205
23.7114
23.7026
23.6942
23.6861
23.6783
23.6708
23.6637
23.6569
23.6504
23.6443
23.6385
23.6331
23.628
23.6233
23.6189
23.6148
23.6111
23.6078
23.6048
23.6021
23.5998
23.5979
23.5963
23.595
23.5941
23.5936
23.5934
