25
24.9756
24.9512
24.9268
24.9024
24.8781
24.8538
24.8295
24.8052
24.7811
24.7569
24.7329
24.7089
24.6849
24.6611
24.6373
24.6136
24.5901
24.5666
24.5432
24.52
24.4968
24.4738
24.451
24.4282
24.4056
24.3832
24.3609
24.3388
24.3168
24.2951
24.2735
24.252
24.2308
24.2098
24.1889
24.1683
24.1478
24.1276
24.1076
24.0879
24.0683
24.049
24.03
24.0111
23.9926
23.9742
23.9562
23.9384
23.9208
23.9036
23.8866
23.8699
23.8535
23.8374
23.8215
23.806
23.7907
23.7758
23.7612
23.7469
23.7329
23.7192
23.7058
23.6928
23.6801
23.6677
23.6557
23.644
23.6326
23.6216
23.6109
23.6006
23.5907
23.581
23.5718
23.5629
23.5544
23.5462
23.5384
23.531
23.5239
23.5172
23.5109
23.505
23.4994
23.4942
23.4894
23.485
23.4809
23.4773
23.474
23.4711
23.4686
23.4664
23.4647
23.4633
23.4624
23.4618
23.4616
