25
24.9762
24.9523
24.9285
24.9047
24.8809
24.8571
24.8334
24.8097
24.7861
24.7625
24.739
24.7155
24.6922
24.6689
24.6456
24.6225
24.5995
24.5765
24.5537
24.531
24.5084
24.4859
24.4636
24.4414
24.4193
24.3974
24.3756
24.354
24.3325
24.3112
24.2901
24.2692
24.2485
24.2279
24.2075
24.1874
24.1674
24.1477
24.1281
24.1088
24.0897
24.0709
24.0522
24.0338
24.0157
23.9978
23.9801
23.9628
23.9456
23.9288
23.9122
23.8958
23.8798
23.864
23.8486
23.8334
23.8185
23.8039
23.7896
23.7756
23.7619
23.7486
23.7355
23.7228
23.7104
23.6983
23.6865
23.6751
23.664
23.6532
23.6428
23.6327
23.623
23.6136
23.6046
23.5959
23.5876
23.5796
23.572
23.5647
23.5578
23.5513
23.5451
23.5393
23.5338
23.5288
23.5241
23.5198
23.5158
23.5122
23.509
23.5062
23.5037
23.5016
23.4999
23.4986
23.4977
23.4971
23.4969
