25
24.7583
24.5167
24.2753
24.034
23.793
23.5522
23.3119
23.072
22.8326
22.5937
22.3554
22.1179
21.8811
21.645
21.4099
21.1757
20.9424
20.7102
20.4791
20.2492
20.0204
19.793
19.5669
19.3422
19.1189
18.8972
18.677
18.4584
18.2415
18.0264
17.813
17.6015
17.3918
17.1841
16.9784
16.7748
16.5732
16.3738
16.1766
15.9817
15.789
15.5987
15.4108
15.2253
15.0423
14.8619
14.684
14.5088
14.3362
14.1663
13.9991
13.8348
13.6733
13.5146
13.3589
13.2061
13.0563
12.9095
12.7657
12.6251
12.4875
12.3532
12.222
12.094
11.9693
11.8479
11.7298
11.615
11.5036
11.3956
11.291
11.1898
11.0921
10.998
10.9073
10.8201
10.7365
10.6565
10.5801
10.5073
10.4381
10.3726
10.3107
10.2525
10.198
10.1472
10.1002
10.0568
10.0172
9.98131
9.94919
9.92083
9.89624
9.87542
9.85838
9.84512
9.83565
9.82996
9.82807
