25
24.9045
24.8091
24.7137
24.6184
24.5231
24.428
24.3331
24.2383
24.1437
24.0493
23.9551
23.8613
23.7677
23.6744
23.5814
23.4888
23.3966
23.3048
23.2134
23.1225
23.032
22.942
22.8526
22.7637
22.6753
22.5876
22.5004
22.4139
22.328
22.2428
22.1583
22.0745
21.9915
21.9092
21.8277
21.7469
21.667
21.588
21.5098
21.4324
21.356
21.2805
21.2059
21.1323
21.0597
20.988
20.9174
20.8478
20.7792
20.7117
20.6453
20.5799
20.5157
20.4526
20.3907
20.3299
20.2703
20.2119
20.1546
20.0987
20.0439
19.9904
19.9381
19.8872
19.8375
19.7891
19.742
19.6963
19.6518
19.6088
19.567
19.5267
19.4877
19.4502
19.414
19.3792
19.3458
19.3139
19.2834
19.2543
19.2267
19.2005
19.1758
19.1526
19.1308
19.1105
19.0917
19.0744
19.0585
19.0442
19.0314
19.02
19.0102
19.0019
18.9951
18.9898
18.986
18.9837
18.983
