25
24.9727
24.9454
24.9181
24.8908
24.8635
24.8363
24.8091
24.782
24.7549
24.7279
24.701
24.6741
24.6473
24.6206
24.594
24.5675
24.5411
24.5148
24.4887
24.4626
24.4367
24.411
24.3854
24.3599
24.3347
24.3095
24.2846
24.2598
24.2353
24.2109
24.1867
24.1627
24.1389
24.1154
24.092
24.0689
24.0461
24.0234
24.0011
23.9789
23.9571
23.9354
23.9141
23.893
23.8722
23.8517
23.8315
23.8116
23.792
23.7726
23.7536
23.7349
23.7165
23.6985
23.6808
23.6634
23.6463
23.6296
23.6132
23.5972
23.5815
23.5662
23.5512
23.5366
23.5224
23.5086
23.4951
23.482
23.4693
23.457
23.445
23.4335
23.4223
23.4116
23.4012
23.3913
23.3817
23.3726
23.3638
23.3555
23.3476
23.3401
23.3331
23.3264
23.3202
23.3144
23.309
23.304
23.2995
23.2954
23.2917
23.2885
23.2857
23.2833
23.2813
23.2798
23.2787
23.2781
23.2779
