25
24.9761
24.9522
24.9282
24.9044
24.8805
24.8566
24.8328
24.8091
24.7854
24.7617
24.7381
24.7146
24.6911
24.6678
24.6445
24.6212
24.5981
24.5751
24.5522
24.5294
24.5068
24.4842
24.4618
24.4395
24.4174
24.3954
24.3735
24.3518
24.3303
24.309
24.2878
24.2668
24.246
24.2253
24.2049
24.1847
24.1646
24.1448
24.1252
24.1058
24.0867
24.0678
24.0491
24.0306
24.0124
23.9945
23.9768
23.9593
23.9421
23.9252
23.9086
23.8922
23.8761
23.8603
23.8447
23.8295
23.8146
23.7999
23.7856
23.7716
23.7578
23.7444
23.7313
23.7185
23.7061
23.694
23.6822
23.6707
23.6596
23.6488
23.6383
23.6282
23.6184
23.609
23.5999
23.5912
23.5829
23.5749
23.5672
23.5599
23.553
23.5465
23.5403
23.5344
23.529
23.5239
23.5192
23.5148
23.5109
23.5073
23.5041
23.5012
23.4988
23.4967
23.495
23.4936
23.4927
23.4921
23.4919
