25
24.9164
24.8328
24.7493
24.6658
24.5824
24.4991
24.416
24.333
24.2501
24.1675
24.085
24.0028
23.9208
23.8392
23.7578
23.6767
23.5959
23.5155
23.4355
23.3559
23.2766
23.1979
23.1195
23.0417
22.9643
22.8875
22.8111
22.7354
22.6602
22.5856
22.5115
22.4382
22.3654
22.2934
22.222
22.1513
22.0813
22.0121
21.9436
21.8759
21.809
21.7428
21.6775
21.6131
21.5495
21.4867
21.4249
21.3639
21.3038
21.2447
21.1866
21.1294
21.0731
21.0179
20.9636
20.9104
20.8582
20.807
20.7569
20.7079
20.66
20.6131
20.5673
20.5227
20.4792
20.4368
20.3956
20.3555
20.3166
20.2789
20.2424
20.207
20.1729
20.14
20.1083
20.0779
20.0487
20.0207
19.994
19.9685
19.9443
19.9214
19.8998
19.8794
19.8604
19.8426
19.8261
19.8109
19.7971
19.7845
19.7733
19.7634
19.7547
19.7475
19.7415
19.7369
19.7335
19.7316
19.7309
