25
24.3271
23.655
22.9845
22.3163
21.6512
20.9899
20.3333
19.682
19.0367
18.3981
17.767
17.1438
16.5292
15.9239
15.3283
14.7429
14.1684
13.605
13.0532
12.5135
11.986
11.4713
10.9694
10.4806
10.0052
9.54327
9.09495
8.66033
8.23945
7.83235
7.439
7.05936
6.69336
6.34089
6.00184
5.67604
5.36332
5.06347
4.77629
4.50152
4.23893
3.98823
3.74914
3.52136
3.3046
3.09853
2.90283
2.71718
2.54124
2.37468
2.21715
2.06833
1.92787
1.79544
1.6707
1.55334
1.44302
1.33942
1.24224
1.15116
1.06589
0.986139
0.91162
0.84206
0.777194
0.716765
0.660525
0.608238
0.559674
0.514614
0.472849
0.434179
0.398414
0.365371
0.33488
0.306776
0.280906
0.257124
0.235294
0.215286
0.196981
0.180264
0.165031
0.151185
0.138635
0.127297
0.117094
0.107957
0.099821
0.0926292
0.0863298
0.080877
0.0762309
0.0723571
0.0692267
0.0668162
0.0651073
0.0640871
0.063748
