25
24.8349
24.6699
24.5049
24.3401
24.1754
24.011
23.8467
23.6828
23.5192
23.356
23.1932
23.0309
22.869
22.7077
22.547
22.3869
22.2274
22.0686
21.9106
21.7534
21.597
21.4414
21.2867
21.133
20.9802
20.8285
20.6778
20.5282
20.3797
20.2324
20.0863
19.9414
19.7978
19.6555
19.5146
19.375
19.2369
19.1002
18.965
18.8313
18.6992
18.5686
18.4397
18.3124
18.1868
18.0629
17.9408
17.8205
17.7019
17.5852
17.4704
17.3575
17.2465
17.1374
17.0303
16.9252
16.8222
16.7212
16.6223
16.5255
16.4309
16.3384
16.2481
16.16
16.0741
15.9904
15.9091
15.83
15.7532
15.6788
15.6067
15.5369
15.4696
15.4046
15.3421
15.282
15.2243
15.1691
15.1164
15.0661
15.0184
14.9732
14.9305
14.8903
14.8527
14.8176
14.7851
14.7551
14.7278
14.703
14.6808
14.6612
14.6442
14.6299
14.6181
14.6089
14.6024
14.5985
14.5972
