25
24.817
24.634
24.4512
24.2684
24.0859
23.9036
23.7216
23.5398
23.3585
23.1776
22.9971
22.8171
22.6377
22.4589
22.2807
22.1032
21.9265
21.7505
21.5753
21.401
21.2277
21.0552
20.8838
20.7134
20.544
20.3759
20.2088
20.043
19.8784
19.7151
19.5532
19.3926
19.2335
19.0758
18.9195
18.7649
18.6118
18.4603
18.3104
18.1623
18.0158
17.8711
17.7283
17.5872
17.448
17.3108
17.1754
17.0421
16.9107
16.7814
16.6541
16.529
16.406
16.2851
16.1665
16.05
15.9359
15.824
15.7144
15.6072
15.5023
15.3998
15.2997
15.2021
15.1069
15.0143
14.9241
14.8365
14.7514
14.669
14.5891
14.5118
14.4372
14.3652
14.296
14.2294
14.1655
14.1043
14.0459
13.9903
13.9374
13.8873
13.84
13.7955
13.7538
13.7149
13.6789
13.6458
13.6155
13.588
13.5634
13.5417
13.5229
13.507
13.494
13.4838
13.4766
13.4722
13.4708
