25
24.8392
24.6785
24.5179
24.3574
24.197
24.0369
23.877
23.7174
23.5581
23.3991
23.2406
23.0825
22.9249
22.7678
22.6113
22.4554
22.3001
22.1455
21.9916
21.8385
21.6862
21.5347
21.3841
21.2344
21.0856
20.9379
20.7911
20.6454
20.5008
20.3574
20.2151
20.074
19.9342
19.7956
19.6584
19.5225
19.3879
19.2548
19.1232
18.993
18.8643
18.7372
18.6116
18.4877
18.3654
18.2448
18.1258
18.0086
17.8932
17.7796
17.6677
17.5577
17.4496
17.3434
17.2391
17.1368
17.0365
16.9381
16.8418
16.7476
16.6554
16.5653
16.4774
16.3916
16.3079
16.2265
16.1472
16.0702
15.9954
15.9229
15.8527
15.7848
15.7192
15.656
15.5951
15.5365
15.4804
15.4266
15.3752
15.3263
15.2798
15.2358
15.1942
15.1551
15.1184
15.0843
15.0526
15.0235
14.9968
14.9727
14.9511
14.932
14.9155
14.9014
14.89
14.8811
14.8747
14.8709
14.8696
