25
24.9688
24.9376
24.9064
24.8753
24.8441
24.8131
24.782
24.751
24.7201
24.6893
24.6585
24.6278
24.5972
24.5667
24.5364
24.5061
24.476
24.4459
24.4161
24.3864
24.3568
24.3274
24.2981
24.2691
24.2402
24.2115
24.183
24.1548
24.1267
24.0989
24.0712
24.0438
24.0167
23.9898
23.9632
23.9368
23.9107
23.8848
23.8593
23.834
23.809
23.7843
23.76
23.7359
23.7122
23.6887
23.6656
23.6429
23.6205
23.5984
23.5767
23.5554
23.5344
23.5137
23.4935
23.4736
23.4541
23.4351
23.4164
23.3981
23.3802
23.3627
23.3456
23.3289
23.3127
23.2969
23.2815
23.2665
23.252
23.2379
23.2243
23.2111
23.1984
23.1861
23.1743
23.1629
23.152
23.1416
23.1316
23.1221
23.1131
23.1045
23.0964
23.0888
23.0817
23.0751
23.0689
23.0633
23.0581
23.0534
23.0492
23.0455
23.0423
23.0396
23.0374
23.0356
23.0344
23.0336
23.0334
