25
24.973
24.9461
24.9191
24.8922
24.8653
24.8385
24.8116
24.7849
24.7581
24.7315
24.7049
24.6784
24.6519
24.6256
24.5993
24.5732
24.5471
24.5212
24.4954
24.4697
24.4442
24.4188
24.3935
24.3684
24.3434
24.3186
24.294
24.2696
24.2453
24.2213
24.1974
24.1737
24.1503
24.127
24.104
24.0812
24.0586
24.0363
24.0142
23.9924
23.9708
23.9495
23.9284
23.9076
23.8871
23.8669
23.8469
23.8273
23.8079
23.7888
23.7701
23.7516
23.7335
23.7157
23.6982
23.681
23.6642
23.6477
23.6315
23.6157
23.6002
23.5851
23.5703
23.5559
23.5419
23.5282
23.5149
23.502
23.4895
23.4773
23.4655
23.4541
23.4431
23.4325
23.4223
23.4125
23.4031
23.394
23.3854
23.3772
23.3694
23.362
23.355
23.3485
23.3423
23.3366
23.3313
23.3264
23.3219
23.3179
23.3142
23.311
23.3083
23.3059
23.304
23.3025
23.3014
23.3008
23.3006
