25
24.6679
24.3359
24.0041
23.6726
23.3415
23.0109
22.681
22.3517
22.0233
21.6958
21.3693
21.0439
20.7198
20.3969
20.0754
19.7555
19.4371
19.1205
18.8056
18.4926
18.1815
17.8725
17.5657
17.2611
16.9588
16.6589
16.3614
16.0665
15.7743
15.4848
15.198
14.9142
14.6332
14.3553
14.0805
13.8088
13.5403
13.2751
13.0132
12.7547
12.4997
12.2482
12.0003
11.756
11.5154
11.2785
11.0454
10.8162
10.5908
10.3693
10.1517
9.93822
9.72873
9.52331
9.322
9.12484
8.93186
8.74309
8.55856
8.3783
8.20233
8.03069
7.86339
7.70046
7.54193
7.3878
7.23811
7.09288
6.95211
6.81583
6.68405
6.55678
6.43405
6.31586
6.20222
6.09316
5.98866
5.88876
5.79344
5.70274
5.61664
5.53516
5.45831
5.38609
5.3185
5.25556
5.19726
5.14361
5.09461
5.05028
5.0106
4.97558
4.94523
4.91954
4.89853
4.88218
4.8705
4.86349
4.86116
