25
24.974
24.948
24.922
24.8961
24.8701
24.8442
24.8184
24.7926
24.7668
24.7411
24.7155
24.6899
24.6644
24.639
24.6137
24.5885
24.5634
24.5384
24.5135
24.4887
24.4641
24.4396
24.4152
24.391
24.367
24.3431
24.3193
24.2958
24.2724
24.2492
24.2262
24.2034
24.1807
24.1583
24.1361
24.1141
24.0924
24.0709
24.0496
24.0285
24.0077
23.9871
23.9668
23.9468
23.927
23.9075
23.8882
23.8693
23.8506
23.8322
23.8141
23.7964
23.7789
23.7617
23.7448
23.7283
23.712
23.6961
23.6805
23.6653
23.6504
23.6358
23.6216
23.6077
23.5942
23.581
23.5682
23.5557
23.5436
23.5319
23.5205
23.5095
23.4989
23.4887
23.4788
23.4694
23.4603
23.4516
23.4433
23.4354
23.4278
23.4207
23.414
23.4077
23.4017
23.3962
23.3911
23.3864
23.3821
23.3782
23.3747
23.3716
23.3689
23.3666
23.3648
23.3633
23.3623
23.3617
23.3615
