25
24.7916
24.5832
24.375
24.1669
23.959
23.7514
23.5441
23.3371
23.1306
22.9246
22.7191
22.5141
22.3098
22.1062
21.9033
21.7012
21.5
21.2996
21.1001
20.9017
20.7043
20.508
20.3128
20.1188
19.926
19.7345
19.5444
19.3556
19.1683
18.9824
18.7981
18.6153
18.4341
18.2546
18.0769
17.9008
17.7266
17.5542
17.3837
17.2151
17.0484
16.8838
16.7213
16.5608
16.4024
16.2463
16.0923
15.9406
15.7912
15.6441
15.4993
15.357
15.2171
15.0796
14.9447
14.8123
14.6825
14.5552
14.4306
14.3087
14.1894
14.0729
13.9591
13.8481
13.74
13.6346
13.5321
13.4325
13.3358
13.2421
13.1513
13.0635
12.9787
12.8969
12.8181
12.7424
12.6698
12.6003
12.534
12.4707
12.4106
12.3537
12.2999
12.2494
12.202
12.1579
12.1169
12.0793
12.0448
12.0136
11.9857
11.9611
11.9397
11.9216
11.9068
11.8952
11.887
11.8821
11.8804
