25
24.7567
24.5135
24.2703
24.0274
23.7847
23.5424
23.3004
23.0588
22.8178
22.5773
22.3374
22.0983
21.8598
21.6222
21.3855
21.1496
20.9148
20.681
20.4484
20.2169
19.9866
19.7576
19.53
19.3038
19.079
18.8558
18.6341
18.4141
18.1957
17.9791
17.7643
17.5514
17.3404
17.1313
16.9242
16.7192
16.5163
16.3156
16.1171
15.9209
15.7269
15.5354
15.3462
15.1595
14.9754
14.7937
14.6147
14.4383
14.2646
14.0936
13.9254
13.76
13.5974
13.4377
13.281
13.1272
12.9764
12.8287
12.684
12.5424
12.404
12.2688
12.1368
12.008
11.8825
11.7603
11.6415
11.526
11.4138
11.3051
11.1999
11.0981
10.9998
10.905
10.8138
10.7261
10.642
10.5614
10.4846
10.4113
10.3417
10.2758
10.2135
10.1549
10.1001
10.049
10.0016
9.958
9.91813
9.88203
9.84971
9.82118
9.79643
9.77548
9.75834
9.745
9.73547
9.72975
9.72784
