25
24.9765
24.9529
24.9294
24.9059
24.8825
24.859
24.8356
24.8122
24.7889
24.7656
24.7424
24.7193
24.6962
24.6732
24.6503
24.6275
24.6047
24.5821
24.5596
24.5372
24.5149
24.4927
24.4706
24.4487
24.4269
24.4053
24.3838
24.3625
24.3413
24.3203
24.2995
24.2788
24.2584
24.2381
24.218
24.1981
24.1784
24.1589
24.1396
24.1206
24.1017
24.0831
24.0647
24.0466
24.0287
24.011
23.9936
23.9764
23.9595
23.9429
23.9265
23.9104
23.8946
23.879
23.8638
23.8488
23.8341
23.8197
23.8056
23.7918
23.7783
23.7651
23.7522
23.7396
23.7274
23.7155
23.7039
23.6926
23.6816
23.671
23.6607
23.6508
23.6412
23.6319
23.623
23.6144
23.6062
23.5983
23.5908
23.5836
23.5768
23.5704
23.5643
23.5585
23.5532
23.5482
23.5435
23.5393
23.5354
23.5318
23.5287
23.5259
23.5235
23.5214
23.5197
23.5184
23.5175
23.5169
23.5167
