25
24.8956
24.7912
24.6869
24.5826
24.4785
24.3744
24.2706
24.1669
24.0634
23.9602
23.8572
23.7545
23.6522
23.5501
23.4485
23.3472
23.2463
23.1459
23.0459
22.9465
22.8475
22.7491
22.6513
22.5541
22.4574
22.3615
22.2661
22.1715
22.0776
21.9844
21.892
21.8003
21.7095
21.6195
21.5303
21.442
21.3546
21.2681
21.1826
21.098
21.0144
20.9319
20.8503
20.7698
20.6903
20.612
20.5347
20.4586
20.3836
20.3097
20.2371
20.1656
20.0954
20.0264
19.9586
19.8921
19.8269
19.7631
19.7005
19.6392
19.5793
19.5208
19.4637
19.4079
19.3536
19.3007
19.2492
19.1991
19.1505
19.1034
19.0578
19.0137
18.9711
18.93
18.8904
18.8523
18.8158
18.7809
18.7475
18.7158
18.6855
18.6569
18.6299
18.6045
18.5807
18.5585
18.5379
18.5189
18.5016
18.486
18.4719
18.4595
18.4488
18.4397
18.4322
18.4264
18.4223
18.4198
18.419
