25
24.9735
24.947
24.9205
24.894
24.8675
24.8411
24.8147
24.7884
24.7621
24.7359
24.7098
24.6837
24.6577
24.6318
24.6059
24.5802
24.5546
24.5291
24.5037
24.4784
24.4533
24.4283
24.4035
24.3788
24.3542
24.3299
24.3056
24.2816
24.2578
24.2341
24.2106
24.1873
24.1643
24.1414
24.1188
24.0963
24.0741
24.0522
24.0305
24.009
23.9877
23.9668
23.946
23.9256
23.9054
23.8855
23.8659
23.8466
23.8275
23.8088
23.7903
23.7721
23.7543
23.7368
23.7196
23.7027
23.6861
23.6699
23.654
23.6385
23.6232
23.6084
23.5939
23.5797
23.5659
23.5525
23.5394
23.5267
23.5143
23.5024
23.4908
23.4796
23.4687
23.4583
23.4483
23.4386
23.4293
23.4205
23.412
23.4039
23.3962
23.389
23.3821
23.3756
23.3696
23.364
23.3587
23.3539
23.3495
23.3455
23.342
23.3388
23.3361
23.3338
23.3319
23.3304
23.3294
23.3287
23.3285
