25
24.8521
24.7041
24.5563
24.4086
24.261
24.1136
23.9664
23.8195
23.6729
23.5267
23.3808
23.2353
23.0902
22.9456
22.8016
22.6581
22.5152
22.3729
22.2313
22.0904
21.9502
21.8107
21.6721
21.5343
21.3974
21.2614
21.1264
20.9923
20.8592
20.7272
20.5962
20.4664
20.3377
20.2101
20.0838
19.9587
19.8349
19.7124
19.5912
19.4714
19.3529
19.2359
19.1204
19.0063
18.8937
18.7827
18.6732
18.5654
18.4591
18.3545
18.2516
18.1503
18.0508
17.9531
17.8571
17.7629
17.6705
17.58
17.4914
17.4046
17.3198
17.2368
17.1559
17.0769
16.9999
16.9249
16.852
16.7811
16.7123
16.6455
16.5809
16.5184
16.458
16.3998
16.3437
16.2898
16.2381
16.1887
16.1414
16.0963
16.0535
16.013
15.9747
15.9387
15.905
15.8735
15.8444
15.8175
15.793
15.7708
15.7509
15.7334
15.7181
15.7052
15.6947
15.6865
15.6806
15.6771
15.6759
