25
24.5041
24.0086
23.5136
23.0196
22.5269
22.0356
21.5462
21.059
20.5742
20.0921
19.613
19.1372
18.6649
18.1965
17.7322
17.2722
16.8168
16.3662
15.9206
15.4803
15.0455
14.6163
14.193
13.7757
13.3647
12.96
12.5618
12.1703
11.7855
11.4077
11.0369
10.6731
10.3166
9.96734
9.6254
9.29083
8.9637
8.64403
8.33184
8.02715
7.72996
7.44028
7.15809
6.88336
6.61607
6.35617
6.10364
5.8584
5.62041
5.38959
5.16588
4.94919
4.73944
4.53655
4.34042
4.15094
3.96803
3.79157
3.62146
3.45759
3.29983
3.14808
3.00222
2.86213
2.72768
2.59877
2.47526
2.35704
2.24399
2.13598
2.03291
1.93464
1.84108
1.75209
1.66758
1.58743
1.51154
1.4398
1.37211
1.30838
1.24851
1.19241
1.13999
1.09118
1.04589
1.00405
0.9656
0.930465
0.898588
0.869914
0.844395
0.821984
0.802643
0.786336
0.773034
0.762713
0.755355
0.750945
0.749476
