25
24.964
24.928
24.8921
24.8561
24.8202
24.7844
24.7486
24.7129
24.6772
24.6416
24.6061
24.5707
24.5355
24.5003
24.4652
24.4303
24.3956
24.361
24.3265
24.2922
24.2581
24.2242
24.1905
24.157
24.1237
24.0906
24.0577
24.0251
23.9928
23.9606
23.9288
23.8972
23.8659
23.8349
23.8041
23.7737
23.7436
23.7138
23.6843
23.6552
23.6263
23.5979
23.5698
23.542
23.5146
23.4876
23.461
23.4347
23.4089
23.3835
23.3584
23.3338
23.3096
23.2858
23.2624
23.2395
23.2171
23.195
23.1735
23.1524
23.1317
23.1115
23.0919
23.0726
23.0539
23.0357
23.0179
23.0007
22.9839
22.9677
22.952
22.9368
22.9221
22.9079
22.8943
22.8811
22.8686
22.8565
22.845
22.8341
22.8237
22.8138
22.8045
22.7957
22.7875
22.7799
22.7728
22.7662
22.7603
22.7549
22.75
22.7458
22.742
22.7389
22.7363
22.7343
22.7329
22.7321
22.7318
