25
24.4231
23.8467
23.2713
22.6974
22.1254
21.5559
20.9892
20.4259
19.8664
19.3112
18.7607
18.2153
17.6754
17.1414
16.6138
16.0928
15.5789
15.0723
14.5734
14.0825
13.5998
13.1256
12.6602
12.2037
11.7564
11.3185
10.8901
10.4713
10.0623
9.66326
9.27415
8.89507
8.52607
8.16719
7.81843
7.47978
7.15122
6.83272
6.52421
6.22564
5.93691
5.65792
5.38858
5.12875
4.8783
4.6371
4.40498
4.18178
3.96735
3.76149
3.56402
3.37476
3.19351
3.02006
2.85423
2.6958
2.54456
2.40031
2.26284
2.13192
2.00737
1.88895
1.77648
1.66973
1.5685
1.4726
1.38182
1.29597
1.21486
1.1383
1.0661
0.998095
0.934104
0.873961
0.817503
0.764574
0.715021
0.6687
0.625472
0.585202
0.547764
0.513038
0.480908
0.451267
0.424014
0.399053
0.376296
0.355662
0.337073
0.320463
0.305768
0.292933
0.281908
0.272652
0.265127
0.259305
0.255163
0.252685
0.25186
