25
24.6893
24.3787
24.0683
23.7582
23.4484
23.139
22.8302
22.5221
22.2146
21.9079
21.6022
21.2974
20.9936
20.691
20.3897
20.0897
19.791
19.4939
19.1983
18.9044
18.6122
18.3218
18.0334
17.7468
17.4624
17.18
16.8999
16.622
16.3464
16.0733
15.8027
15.5346
15.2692
15.0064
14.7464
14.4892
14.2349
13.9836
13.7352
13.49
13.2478
13.0089
12.7731
12.5407
12.3116
12.0859
11.8637
11.6449
11.4297
11.2181
11.0102
10.8059
10.6053
10.4085
10.2155
10.0263
9.84106
9.6597
9.48229
9.30887
9.13946
8.97411
8.81283
8.65566
8.50263
8.35376
8.20909
8.06863
7.93241
7.80045
7.67278
7.54941
7.43036
7.31566
7.20532
7.09936
6.9978
6.90064
6.80792
6.71963
6.63579
6.55642
6.48153
6.41112
6.34521
6.2838
6.22691
6.17455
6.12671
6.08341
6.04465
6.01044
5.98078
5.95568
5.93514
5.91916
5.90774
5.90089
5.89861
