25
24.7998
24.5996
24.3995
24.1996
23.9999
23.8004
23.6013
23.4024
23.204
23.0061
22.8086
22.6118
22.4155
22.2198
22.0249
21.8307
21.6374
21.4448
21.2532
21.0625
20.8729
20.6842
20.4967
20.3103
20.125
19.9411
19.7583
19.577
19.397
19.2184
19.0412
18.8656
18.6915
18.519
18.3482
18.179
18.0116
17.8459
17.682
17.52
17.3598
17.2016
17.0454
16.8911
16.739
16.5889
16.4409
16.2951
16.1514
16.01
15.8709
15.7341
15.5996
15.4675
15.3378
15.2105
15.0857
14.9633
14.8436
14.7263
14.6117
14.4997
14.3903
14.2836
14.1796
14.0783
13.9798
13.884
13.791
13.7009
13.6136
13.5292
13.4476
13.369
13.2932
13.2205
13.1507
13.0838
13.02
12.9592
12.9014
12.8467
12.795
12.7463
12.7008
12.6583
12.619
12.5827
12.5496
12.5196
12.4928
12.4691
12.4485
12.4311
12.4169
12.4058
12.3979
12.3931
12.3915
