25
24.7412
24.4826
24.224
23.9656
23.7076
23.4498
23.1925
22.9356
22.6793
22.4236
22.1685
21.9142
21.6607
21.4081
21.1564
20.9057
20.6561
20.4076
20.1603
19.9143
19.6696
19.4263
19.1844
18.9441
18.7053
18.4681
18.2327
17.999
17.7671
17.5371
17.309
17.0829
16.8589
16.6369
16.4172
16.1996
15.9843
15.7713
15.5607
15.3526
15.1469
14.9437
14.7431
14.5452
14.3499
14.1574
13.9676
13.7806
13.5966
13.4154
13.2372
13.0619
12.8897
12.7206
12.5546
12.3918
12.2322
12.0758
11.9227
11.7729
11.6264
11.4833
11.3436
11.2074
11.0747
10.9454
10.8197
10.6976
10.579
10.4641
10.3528
10.2453
10.1414
10.0412
9.94476
9.8521
9.76323
9.67817
9.59694
9.51955
9.44603
9.37639
9.31064
9.2488
9.19089
9.13692
9.0869
9.04084
8.99874
8.96063
8.92651
8.89639
8.87026
8.84815
8.83005
8.81597
8.80591
8.79987
8.79786
