25
24.5798
24.1599
23.7403
23.3213
22.903
22.4857
22.0695
21.6546
21.2412
20.8295
20.4196
20.0118
19.6062
19.2029
18.8022
18.4042
18.0091
17.617
17.2281
16.8424
16.4603
16.0818
15.707
15.3361
14.9692
14.6065
14.248
13.8939
13.5442
13.1991
12.8587
12.5231
12.1923
11.8664
11.5456
11.2299
10.9193
10.6139
10.3138
10.019
9.72955
9.44554
9.16698
8.89389
8.62632
8.36427
8.10777
7.85683
7.61146
7.37167
7.13745
6.90881
6.68573
6.46821
6.25623
6.04978
5.84884
5.65339
5.46339
5.27883
5.09966
4.92587
4.75741
4.59425
4.43635
4.28367
4.13618
3.99382
3.85656
3.72435
3.59715
3.47491
3.3576
3.24516
3.13755
3.03473
2.93666
2.84329
2.75457
2.67048
2.59096
2.51598
2.4455
2.37948
2.3179
2.26072
2.2079
2.15941
2.11524
2.07535
2.03973
2.00834
1.98118
1.95823
1.93946
1.92488
1.91447
1.90823
1.90615
