25
24.1776
23.3567
22.5387
21.7249
20.9169
20.1159
19.3234
18.5405
17.7685
17.0086
16.2619
15.5294
14.8122
14.111
13.4268
12.7602
12.1119
11.4825
10.8724
10.2821
9.71194
9.16204
8.63262
8.12374
7.63543
7.16761
6.72015
6.29286
5.88548
5.49771
5.12918
4.7795
4.44821
4.13485
3.83889
3.5598
3.29702
3.04997
2.81805
2.60066
2.39719
2.20703
2.02956
1.86418
1.71029
1.56728
1.43457
1.3116
1.19781
1.09265
0.9956
0.906158
0.823837
0.748168
0.678706
0.615023
0.556714
0.503393
0.454695
0.410274
0.369805
0.332981
0.299515
0.269138
0.241596
0.216655
0.194096
0.173715
0.155323
0.138746
0.12382
0.110398
0.0983409
0.087523
0.077828
0.0691495
0.0613903
0.0544614
0.0482818
0.0427779
0.0378826
0.0335355
0.0296815
0.0262712
0.02326
0.020608
0.0182793
0.0162422
0.0144683
0.0129326
0.0116134
0.0104916
0.00955088
0.00877742
0.00815978
0.00768875
0.00735728
0.00716038
0.00709507
