25
24.8877
24.7754
24.6631
24.551
24.4389
24.3271
24.2153
24.1038
23.9925
23.8814
23.7707
23.6602
23.5501
23.4403
23.3309
23.222
23.1135
23.0055
22.898
22.791
22.6845
22.5787
22.4734
22.3688
22.2649
22.1616
22.0591
21.9573
21.8562
21.756
21.6566
21.558
21.4603
21.3634
21.2675
21.1725
21.0785
20.9855
20.8935
20.8025
20.7126
20.6238
20.536
20.4494
20.3639
20.2796
20.1965
20.1146
20.0339
19.9545
19.8763
19.7995
19.7239
19.6497
19.5768
19.5053
19.4352
19.3664
19.2991
19.2332
19.1688
19.1059
19.0444
18.9844
18.9259
18.869
18.8136
18.7598
18.7075
18.6569
18.6078
18.5603
18.5145
18.4702
18.4277
18.3867
18.3475
18.3099
18.274
18.2398
18.2073
18.1765
18.1475
18.1201
18.0945
18.0706
18.0485
18.0281
18.0095
17.9926
17.9775
17.9642
17.9526
17.9428
17.9348
17.9286
17.9241
17.9215
17.9206
