25
24.75
24.5
24.2502
24.0005
23.7512
23.5021
23.2534
23.0052
22.7575
22.5104
22.2639
22.0182
21.7732
21.529
21.2858
21.0435
20.8022
20.562
20.323
20.0851
19.8486
19.6134
19.3795
19.1471
18.9163
18.6869
18.4593
18.2333
18.009
17.7866
17.566
17.3473
17.1305
16.9158
16.7032
16.4927
16.2844
16.0783
15.8745
15.6731
15.474
15.2773
15.0832
14.8916
14.7025
14.5161
14.3324
14.1513
13.9731
13.7976
13.625
13.4552
13.2885
13.1246
12.9638
12.8061
12.6514
12.4998
12.3514
12.2063
12.0643
11.9256
11.7902
11.6581
11.5294
11.4041
11.2823
11.1638
11.0489
10.9374
10.8295
10.7252
10.6244
10.5272
10.4337
10.3438
10.2576
10.175
10.0962
10.0211
9.9498
9.88222
9.81842
9.75842
9.70222
9.64984
9.60129
9.55658
9.51573
9.47874
9.44562
9.41638
9.39102
9.36956
9.35199
9.33832
9.32855
9.32269
9.32074
