25
24.9741
24.9482
24.9223
24.8964
24.8706
24.8448
24.819
24.7933
24.7676
24.742
24.7164
24.6909
24.6655
24.6402
24.615
24.5899
24.5648
24.5399
24.5151
24.4904
24.4659
24.4414
24.4172
24.393
24.3691
24.3452
24.3216
24.2981
24.2748
24.2517
24.2287
24.206
24.1835
24.1611
24.139
24.1171
24.0954
24.0739
24.0527
24.0317
24.011
23.9905
23.9702
23.9503
23.9306
23.9111
23.8919
23.873
23.8544
23.8361
23.8181
23.8003
23.7829
23.7658
23.749
23.7325
23.7163
23.7004
23.6849
23.6697
23.6549
23.6403
23.6262
23.6123
23.5988
23.5857
23.5729
23.5605
23.5484
23.5368
23.5254
23.5145
23.5039
23.4937
23.4839
23.4744
23.4654
23.4567
23.4484
23.4406
23.4331
23.426
23.4192
23.4129
23.407
23.4015
23.3964
23.3917
23.3874
23.3835
23.38
23.377
23.3743
23.372
23.3702
23.3688
23.3677
23.3671
23.3669
