25
24.9243
24.8487
24.773
24.6975
24.622
24.5466
24.4713
24.3962
24.3212
24.2464
24.1717
24.0973
24.0231
23.9492
23.8755
23.8021
23.729
23.6562
23.5837
23.5117
23.4399
23.3686
23.2977
23.2272
23.1572
23.0876
23.0185
22.95
22.8819
22.8143
22.7473
22.6809
22.6151
22.5498
22.4852
22.4212
22.3579
22.2952
22.2332
22.1719
22.1113
22.0515
21.9924
21.934
21.8764
21.8196
21.7636
21.7084
21.6541
21.6006
21.5479
21.4961
21.4452
21.3952
21.3461
21.2979
21.2507
21.2044
21.159
21.1146
21.0712
21.0288
20.9874
20.947
20.9076
20.8692
20.8319
20.7956
20.7604
20.7263
20.6932
20.6612
20.6303
20.6005
20.5718
20.5443
20.5178
20.4925
20.4683
20.4453
20.4234
20.4026
20.383
20.3646
20.3474
20.3313
20.3164
20.3026
20.2901
20.2787
20.2685
20.2596
20.2518
20.2452
20.2398
20.2356
20.2326
20.2308
20.2302
