25
24.9577
24.9153
24.873
24.8307
24.7885
24.7463
24.7042
24.6622
24.6202
24.5783
24.5366
24.4949
24.4534
24.4121
24.3708
24.3298
24.2889
24.2481
24.2076
24.1673
24.1271
24.0872
24.0476
24.0081
23.969
23.93
23.8914
23.853
23.8149
23.7771
23.7396
23.7025
23.6656
23.6291
23.593
23.5572
23.5217
23.4867
23.452
23.4177
23.3838
23.3503
23.3172
23.2846
23.2524
23.2206
23.1893
23.1584
23.128
23.098
23.0686
23.0396
23.0111
22.9831
22.9556
22.9287
22.9023
22.8763
22.851
22.8261
22.8018
22.7781
22.7549
22.7323
22.7103
22.6888
22.6679
22.6477
22.628
22.6089
22.5903
22.5725
22.5552
22.5385
22.5225
22.507
22.4922
22.4781
22.4645
22.4516
22.4394
22.4278
22.4168
22.4065
22.3969
22.3879
22.3795
22.3718
22.3648
22.3585
22.3528
22.3477
22.3434
22.3397
22.3367
22.3343
22.3326
22.3316
22.3313
