25
24.9207
24.8415
24.7622
24.6831
24.604
24.525
24.4462
24.3675
24.2889
24.2105
24.1323
24.0544
23.9767
23.8992
23.822
23.7451
23.6685
23.5923
23.5164
23.4409
23.3658
23.291
23.2168
23.1429
23.0696
22.9967
22.9243
22.8525
22.7812
22.7104
22.6402
22.5706
22.5017
22.4333
22.3656
22.2986
22.2323
22.1666
22.1017
22.0374
21.974
21.9113
21.8493
21.7882
21.7279
21.6684
21.6097
21.5519
21.495
21.4389
21.3838
21.3295
21.2762
21.2238
21.1723
21.1219
21.0724
21.0239
20.9763
20.9298
20.8844
20.8399
20.7965
20.7542
20.713
20.6728
20.6337
20.5957
20.5588
20.523
20.4884
20.4549
20.4225
20.3913
20.3613
20.3324
20.3047
20.2782
20.2528
20.2287
20.2057
20.184
20.1635
20.1442
20.1261
20.1093
20.0936
20.0793
20.0661
20.0542
20.0435
20.0341
20.026
20.0191
20.0134
20.009
20.0059
20.004
20.0033
