25
24.8973
24.7946
24.692
24.5895
24.487
24.3847
24.2826
24.1806
24.0788
23.9773
23.876
23.775
23.6743
23.574
23.474
23.3744
23.2752
23.1764
23.0781
22.9803
22.883
22.7862
22.69
22.5943
22.4993
22.4049
22.3111
22.218
22.1257
22.034
21.9431
21.853
21.7636
21.6751
21.5874
21.5006
21.4146
21.3296
21.2454
21.1622
21.08
20.9988
20.9186
20.8394
20.7612
20.6842
20.6082
20.5333
20.4595
20.3869
20.3154
20.2452
20.1761
20.1082
20.0416
19.9762
19.9121
19.8492
19.7877
19.7275
19.6685
19.611
19.5548
19.4999
19.4465
19.3944
19.3438
19.2946
19.2468
19.2005
19.1556
19.1122
19.0703
19.0298
18.9909
18.9535
18.9176
18.8832
18.8504
18.8192
18.7894
18.7613
18.7347
18.7097
18.6863
18.6645
18.6442
18.6256
18.6086
18.5931
18.5793
18.5671
18.5566
18.5476
18.5403
18.5346
18.5305
18.5281
18.5273
