25
24.9301
24.8602
24.7904
24.7206
24.6509
24.5813
24.5118
24.4424
24.3731
24.3041
24.2351
24.1664
24.0979
24.0296
23.9616
23.8938
23.8263
23.7591
23.6922
23.6256
23.5594
23.4935
23.428
23.3629
23.2983
23.234
23.1702
23.1069
23.044
22.9817
22.9198
22.8585
22.7977
22.7374
22.6777
22.6186
22.5602
22.5023
22.445
22.3884
22.3325
22.2772
22.2226
22.1687
22.1155
22.0631
22.0114
21.9604
21.9102
21.8608
21.8122
21.7644
21.7173
21.6712
21.6258
21.5813
21.5377
21.4949
21.453
21.412
21.372
21.3328
21.2945
21.2572
21.2208
21.1854
21.151
21.1175
21.085
21.0534
21.0229
20.9934
20.9648
20.9373
20.9108
20.8854
20.8609
20.8376
20.8152
20.794
20.7737
20.7546
20.7365
20.7195
20.7035
20.6887
20.6749
20.6622
20.6506
20.6401
20.6307
20.6224
20.6153
20.6092
20.6042
20.6003
20.5975
20.5959
20.5953
