25
24.9551
24.9101
24.8652
24.8203
24.7755
24.7307
24.686
24.6414
24.5968
24.5524
24.5081
24.4639
24.4198
24.3759
24.3321
24.2885
24.2451
24.2019
24.1588
24.116
24.0734
24.0311
23.989
23.9471
23.9055
23.8642
23.8231
23.7824
23.742
23.7019
23.6621
23.6226
23.5835
23.5448
23.5064
23.4684
23.4308
23.3935
23.3567
23.3203
23.2843
23.2488
23.2137
23.179
23.1448
23.1111
23.0778
23.045
23.0127
22.981
22.9497
22.9189
22.8887
22.859
22.8298
22.8012
22.7731
22.7456
22.7187
22.6923
22.6665
22.6414
22.6168
22.5928
22.5694
22.5466
22.5244
22.5029
22.482
22.4617
22.442
22.423
22.4047
22.387
22.37
22.3536
22.3379
22.3228
22.3085
22.2948
22.2818
22.2695
22.2578
22.2469
22.2366
22.2271
22.2182
22.2101
22.2026
22.1959
22.1898
22.1845
22.1799
22.1759
22.1727
22.1702
22.1685
22.1674
22.167
