25
24.9531
24.9062
24.8593
24.8124
24.7656
24.7188
24.6722
24.6256
24.5791
24.5327
24.4864
24.4402
24.3942
24.3484
24.3027
24.2571
24.2118
24.1667
24.1218
24.077
24.0326
23.9884
23.9444
23.9007
23.8572
23.8141
23.7713
23.7287
23.6865
23.6446
23.6031
23.5619
23.5211
23.4806
23.4405
23.4009
23.3616
23.3227
23.2843
23.2463
23.2087
23.1716
23.1349
23.0987
23.063
23.0278
22.9931
22.9588
22.9251
22.892
22.8593
22.8272
22.7956
22.7646
22.7341
22.7043
22.675
22.6462
22.6181
22.5906
22.5637
22.5374
22.5117
22.4866
22.4622
22.4384
22.4153
22.3928
22.371
22.3498
22.3293
22.3094
22.2903
22.2718
22.254
22.2369
22.2205
22.2048
22.1898
22.1755
22.162
22.1491
22.1369
22.1255
22.1148
22.1048
22.0956
22.0871
22.0793
22.0722
22.0659
22.0604
22.0555
22.0514
22.0481
22.0455
22.0436
22.0425
22.0421
