25
24.8763
24.7527
24.6291
24.5056
24.3823
24.2591
24.136
24.0132
23.8907
23.7684
23.6465
23.5248
23.4036
23.2827
23.1623
23.0424
22.9229
22.804
22.6856
22.5678
22.4506
22.3341
22.2182
22.103
21.9886
21.8749
21.762
21.6499
21.5386
21.4283
21.3188
21.2103
21.1027
20.9961
20.8905
20.7859
20.6824
20.58
20.4787
20.3785
20.2795
20.1817
20.0851
19.9897
19.8956
19.8028
19.7113
19.6211
19.5323
19.4448
19.3588
19.2741
19.1909
19.1092
19.029
18.9502
18.873
18.7973
18.7232
18.6507
18.5798
18.5105
18.4428
18.3767
18.3124
18.2497
18.1887
18.1294
18.0719
18.0161
17.9621
17.9098
17.8593
17.8106
17.7638
17.7187
17.6755
17.6341
17.5946
17.557
17.5212
17.4873
17.4553
17.4252
17.397
17.3707
17.3463
17.3239
17.3034
17.2848
17.2682
17.2535
17.2407
17.23
17.2211
17.2143
17.2094
17.2064
17.2054
