25
24.9672
24.9344
24.9016
24.8689
24.8362
24.8035
24.7709
24.7383
24.7058
24.6734
24.6411
24.6088
24.5767
24.5446
24.5127
24.4809
24.4492
24.4177
24.3863
24.355
24.324
24.2931
24.2623
24.2318
24.2014
24.1713
24.1414
24.1116
24.0821
24.0529
24.0238
23.995
23.9665
23.9382
23.9102
23.8825
23.8551
23.8279
23.801
23.7745
23.7482
23.7223
23.6967
23.6714
23.6464
23.6218
23.5975
23.5736
23.5501
23.5269
23.5041
23.4816
23.4596
23.4379
23.4166
23.3957
23.3753
23.3552
23.3355
23.3163
23.2975
23.2791
23.2612
23.2436
23.2266
23.21
23.1938
23.1781
23.1628
23.148
23.1337
23.1198
23.1064
23.0935
23.0811
23.0691
23.0577
23.0467
23.0362
23.0263
23.0168
23.0078
22.9993
22.9913
22.9838
22.9768
22.9704
22.9644
22.959
22.9541
22.9497
22.9458
22.9424
22.9395
22.9372
22.9354
22.9341
22.9333
22.933
