25
24.4871
23.9746
23.4627
22.9519
22.4424
21.9346
21.4289
20.9255
20.4249
19.9272
19.4329
18.9422
18.4554
17.9728
17.4947
17.0215
16.5532
16.0902
15.6328
15.1812
14.7356
14.2961
13.8631
13.4367
13.0171
12.6044
12.1989
11.8005
11.4096
11.0261
10.6503
10.2821
9.92174
9.5692
9.22455
8.88785
8.55913
8.23841
7.9257
7.62101
7.32432
7.03563
6.75489
6.48207
6.21712
5.95998
5.7106
5.4689
5.23479
5.0082
4.78902
4.57716
4.37252
4.17499
3.98444
3.80076
3.62382
3.45351
3.28969
3.13222
2.98098
2.83582
2.69662
2.56322
2.4355
2.31331
2.19652
2.08498
1.97857
1.87713
1.78055
1.68868
1.6014
1.51857
1.44008
1.3658
1.29562
1.22941
1.16706
1.10848
1.05354
1.00217
0.954248
0.909701
0.868437
0.830378
0.795447
0.763573
0.734693
0.708745
0.685676
0.665437
0.647984
0.633281
0.621294
0.611998
0.605373
0.601404
0.600082
