25
24.793
24.586
24.3791
24.1724
23.9659
23.7597
23.5538
23.3482
23.1431
22.9384
22.7343
22.5307
22.3278
22.1255
21.924
21.7232
21.5233
21.3242
21.1261
20.929
20.7329
20.5378
20.3439
20.1512
19.9597
19.7695
19.5806
19.3931
19.207
19.0224
18.8393
18.6577
18.4778
18.2995
18.1229
17.948
17.7749
17.6036
17.4342
17.2668
17.1012
16.9377
16.7762
16.6168
16.4595
16.3043
16.1514
16.0007
15.8522
15.7061
15.5623
15.4209
15.2819
15.1454
15.0113
14.8798
14.7508
14.6244
14.5006
14.3794
14.261
14.1452
14.0322
13.9219
13.8144
13.7098
13.608
13.509
13.413
13.3198
13.2296
13.1424
13.0581
12.9769
12.8986
12.8234
12.7513
12.6823
12.6163
12.5535
12.4938
12.4372
12.3838
12.3336
12.2865
12.2426
12.202
12.1645
12.1303
12.0993
12.0716
12.0471
12.0259
12.0079
11.9932
11.9817
11.9735
11.9686
11.967
