25
24.9812
24.9624
24.9437
24.9249
24.9062
24.8875
24.8688
24.8502
24.8316
24.813
24.7945
24.776
24.7576
24.7392
24.7209
24.7027
24.6846
24.6665
24.6486
24.6307
24.6129
24.5952
24.5776
24.5601
24.5427
24.5254
24.5083
24.4913
24.4744
24.4576
24.441
24.4245
24.4082
24.392
24.376
24.3601
24.3444
24.3288
24.3134
24.2982
24.2832
24.2683
24.2537
24.2392
24.2249
24.2108
24.1969
24.1832
24.1697
24.1564
24.1434
24.1305
24.1179
24.1055
24.0933
24.0813
24.0696
24.0581
24.0468
24.0358
24.0251
24.0145
24.0043
23.9942
23.9845
23.9749
23.9657
23.9567
23.9479
23.9395
23.9313
23.9233
23.9157
23.9083
23.9011
23.8943
23.8877
23.8815
23.8755
23.8697
23.8643
23.8592
23.8543
23.8497
23.8454
23.8414
23.8377
23.8343
23.8312
23.8284
23.8259
23.8237
23.8217
23.8201
23.8187
23.8177
23.817
23.8165
23.8164
