25
24.9758
24.9515
24.9273
24.9031
24.8789
24.8547
24.8306
24.8065
24.7825
24.7585
24.7346
24.7108
24.687
24.6633
24.6397
24.6162
24.5928
24.5694
24.5462
24.5231
24.5002
24.4773
24.4546
24.432
24.4096
24.3873
24.3652
24.3432
24.3214
24.2997
24.2783
24.257
24.2359
24.215
24.1943
24.1738
24.1535
24.1334
24.1135
24.0939
24.0745
24.0553
24.0364
24.0177
23.9992
23.981
23.9631
23.9454
23.928
23.9108
23.894
23.8774
23.8611
23.845
23.8293
23.8139
23.7987
23.7839
23.7694
23.7551
23.7412
23.7276
23.7144
23.7014
23.6888
23.6765
23.6646
23.6529
23.6417
23.6307
23.6201
23.6099
23.6
23.5904
23.5812
23.5724
23.5639
23.5558
23.5481
23.5407
23.5337
23.527
23.5208
23.5148
23.5093
23.5042
23.4994
23.495
23.491
23.4873
23.4841
23.4812
23.4787
23.4766
23.4748
23.4735
23.4725
23.472
23.4718
