25
24.8265
24.653
24.4796
24.3064
24.1333
23.9604
23.7878
23.6155
23.4436
23.272
23.1009
22.9302
22.7601
22.5906
22.4216
22.2533
22.0857
21.9189
21.7528
21.5875
21.4231
21.2596
21.097
20.9354
20.7748
20.6154
20.457
20.2997
20.1437
19.9888
19.8353
19.683
19.5321
19.3825
19.2344
19.0877
18.9425
18.7988
18.6567
18.5162
18.3773
18.2401
18.1046
17.9709
17.8389
17.7087
17.5804
17.4539
17.3293
17.2066
17.086
16.9673
16.8506
16.736
16.6234
16.513
16.4047
16.2986
16.1947
16.093
15.9935
15.8963
15.8014
15.7088
15.6185
15.5306
15.4451
15.362
15.2813
15.2031
15.1273
15.054
14.9833
14.915
14.8493
14.7861
14.7255
14.6675
14.6121
14.5593
14.5091
14.4616
14.4167
14.3745
14.335
14.2981
14.264
14.2325
14.2038
14.1777
14.1544
14.1338
14.116
14.1009
14.0885
14.0789
14.072
14.0679
14.0665
