25
24.8445
24.689
24.5336
24.3784
24.2233
24.0684
23.9137
23.7593
23.6052
23.4514
23.2981
23.1451
22.9927
22.8407
22.6893
22.5385
22.3883
22.2388
22.0899
21.9418
21.7944
21.6479
21.5022
21.3574
21.2135
21.0705
20.9286
20.7877
20.6478
20.509
20.3714
20.2349
20.0996
19.9656
19.8328
19.7013
19.5712
19.4424
19.3151
19.1891
19.0647
18.9417
18.8202
18.7003
18.582
18.4653
18.3503
18.2369
18.1252
18.0153
17.9071
17.8007
17.6961
17.5934
17.4925
17.3935
17.2964
17.2013
17.1081
17.0169
16.9278
16.8406
16.7555
16.6725
16.5916
16.5128
16.4362
16.3617
16.2893
16.2192
16.1513
16.0856
16.0221
15.9609
15.902
15.8454
15.791
15.739
15.6893
15.642
15.597
15.5544
15.5142
15.4763
15.4409
15.4078
15.3772
15.349
15.3232
15.2999
15.279
15.2605
15.2445
15.231
15.2199
15.2113
15.2051
15.2014
15.2002
