25
24.9775
24.9551
24.9326
24.9102
24.8878
24.8654
24.8431
24.8208
24.7985
24.7763
24.7541
24.732
24.71
24.6881
24.6662
24.6444
24.6227
24.6011
24.5796
24.5582
24.5369
24.5157
24.4947
24.4738
24.453
24.4323
24.4118
24.3914
24.3712
24.3512
24.3313
24.3116
24.292
24.2727
24.2535
24.2345
24.2157
24.1971
24.1787
24.1605
24.1425
24.1247
24.1072
24.0899
24.0728
24.0559
24.0393
24.0229
24.0068
23.9909
23.9752
23.9599
23.9448
23.9299
23.9153
23.901
23.887
23.8733
23.8598
23.8466
23.8337
23.8211
23.8088
23.7968
23.7852
23.7738
23.7627
23.7519
23.7415
23.7313
23.7215
23.712
23.7029
23.694
23.6855
23.6773
23.6695
23.6619
23.6548
23.6479
23.6414
23.6353
23.6295
23.624
23.6189
23.6141
23.6097
23.6056
23.6019
23.5985
23.5955
23.5928
23.5905
23.5885
23.5869
23.5857
23.5848
23.5842
23.5841
