25
24.8429
24.6859
24.529
24.3722
24.2155
24.059
23.9028
23.7468
23.5912
23.4359
23.281
23.1266
22.9726
22.8191
22.6662
22.5139
22.3622
22.2111
22.0608
21.9112
21.7623
21.6143
21.4672
21.3209
21.1756
21.0312
20.8878
20.7455
20.6042
20.4641
20.325
20.1872
20.0506
19.9152
19.7811
19.6483
19.5169
19.3868
19.2582
19.131
19.0052
18.881
18.7584
18.6373
18.5178
18.3999
18.2837
18.1692
18.0564
17.9454
17.8361
17.7287
17.623
17.5193
17.4174
17.3174
17.2194
17.1233
17.0292
16.9371
16.847
16.759
16.6731
16.5892
16.5075
16.4279
16.3505
16.2752
16.2022
16.1313
16.0627
15.9964
15.9323
15.8705
15.811
15.7538
15.6989
15.6464
15.5962
15.5484
15.503
15.4599
15.4193
15.3811
15.3453
15.3119
15.281
15.2525
15.2264
15.2029
15.1817
15.1631
15.1469
15.1333
15.1221
15.1133
15.1071
15.1034
15.1021
