25
24.9348
24.8697
24.8045
24.7394
24.6744
24.6095
24.5447
24.4799
24.4153
24.3509
24.2866
24.2225
24.1586
24.0949
24.0315
23.9682
23.9053
23.8426
23.7802
23.7181
23.6563
23.5949
23.5338
23.4731
23.4128
23.3529
23.2934
23.2343
23.1757
23.1175
23.0598
23.0026
22.9459
22.8897
22.8341
22.7789
22.7244
22.6704
22.617
22.5642
22.512
22.4605
22.4096
22.3593
22.3097
22.2608
22.2125
22.165
22.1182
22.0721
22.0268
21.9822
21.9383
21.8952
21.8529
21.8114
21.7707
21.7309
21.6918
21.6536
21.6162
21.5796
21.544
21.5092
21.4752
21.4422
21.4101
21.3788
21.3485
21.3191
21.2906
21.2631
21.2364
21.2108
21.1861
21.1623
21.1396
21.1178
21.0969
21.0771
21.0582
21.0403
21.0235
21.0076
20.9927
20.9789
20.966
20.9542
20.9434
20.9336
20.9249
20.9171
20.9104
20.9047
20.9001
20.8965
20.8939
20.8923
20.8918
