25
24.9512
24.9023
24.8535
24.8048
24.7561
24.7074
24.6588
24.6103
24.562
24.5137
24.4655
24.4175
24.3696
24.3219
24.2743
24.227
24.1798
24.1328
24.0861
24.0396
23.9933
23.9473
23.9015
23.856
23.8108
23.7659
23.7213
23.6771
23.6332
23.5896
23.5463
23.5035
23.461
23.4189
23.3772
23.3359
23.295
23.2546
23.2146
23.175
23.1359
23.0973
23.0591
23.0215
22.9843
22.9477
22.9115
22.8759
22.8408
22.8063
22.7723
22.7389
22.7061
22.6738
22.6421
22.611
22.5805
22.5506
22.5214
22.4927
22.4647
22.4373
22.4106
22.3845
22.3591
22.3344
22.3103
22.2869
22.2641
22.2421
22.2208
22.2001
22.1802
22.161
22.1425
22.1247
22.1076
22.0913
22.0757
22.0608
22.0467
22.0333
22.0206
22.0087
21.9976
21.9872
21.9776
21.9687
21.9606
21.9533
21.9467
21.9409
21.9359
21.9317
21.9282
21.9255
21.9235
21.9224
21.922
