25
24.8949
24.7898
24.6848
24.5798
24.475
24.3703
24.2657
24.1613
24.0572
23.9533
23.8496
23.7462
23.6432
23.5405
23.4381
23.3362
23.2346
23.1336
23.0329
22.9328
22.8332
22.7342
22.6357
22.5378
22.4405
22.3439
22.2479
22.1527
22.0581
21.9643
21.8713
21.779
21.6876
21.5969
21.5072
21.4183
21.3303
21.2433
21.1572
21.0721
20.9879
20.9048
20.8227
20.7416
20.6616
20.5827
20.505
20.4283
20.3528
20.2785
20.2054
20.1334
20.0627
19.9933
19.9251
19.8581
19.7925
19.7282
19.6652
19.6035
19.5433
19.4843
19.4268
19.3707
19.316
19.2627
19.2109
19.1605
19.1116
19.0642
19.0182
18.9738
18.9309
18.8895
18.8497
18.8114
18.7747
18.7395
18.7059
18.6739
18.6435
18.6147
18.5875
18.5619
18.5379
18.5156
18.4949
18.4758
18.4584
18.4426
18.4284
18.416
18.4051
18.396
18.3885
18.3826
18.3785
18.376
18.3751
