25
24.96
24.92
24.88
24.84
24.8001
24.7602
24.7204
24.6807
24.641
24.6015
24.562
24.5226
24.4834
24.4443
24.4053
24.3665
24.3279
24.2894
24.2511
24.2129
24.175
24.1373
24.0998
24.0625
24.0255
23.9887
23.9522
23.9159
23.8799
23.8442
23.8088
23.7737
23.7388
23.7043
23.6702
23.6363
23.6028
23.5697
23.5369
23.5045
23.4725
23.4408
23.4095
23.3787
23.3482
23.3182
23.2886
23.2594
23.2306
23.2023
23.1745
23.1471
23.1202
23.0937
23.0678
23.0423
23.0173
22.9928
22.9688
22.9454
22.9224
22.9
22.8781
22.8567
22.8359
22.8156
22.7959
22.7767
22.7581
22.74
22.7225
22.7056
22.6893
22.6735
22.6583
22.6438
22.6298
22.6164
22.6036
22.5914
22.5798
22.5689
22.5585
22.5488
22.5396
22.5311
22.5233
22.516
22.5094
22.5033
22.498
22.4932
22.4891
22.4856
22.4827
22.4805
22.4789
22.478
22.4777
