25
23.8924
22.7884
21.6917
20.6057
19.5338
18.4793
17.4453
16.4346
15.4499
14.4935
13.5675
12.6738
11.814
10.9892
10.2005
9.44844
8.73355
8.05596
7.41556
6.81203
6.24486
5.71331
5.21652
4.75345
4.32295
3.92378
3.55459
3.214
2.90056
2.61281
2.34927
2.10848
1.88897
1.68932
1.50813
1.34406
1.1958
1.06211
0.941815
0.833785
0.736963
0.650357
0.573036
0.504134
0.442849
0.388435
0.34021
0.297542
0.259857
0.226628
0.197377
0.171669
0.14911
0.129347
0.112058
0.0969564
0.0837855
0.0723146
0.0623387
0.0536749
0.0461611
0.0396532
0.0340241
0.0291615
0.0249663
0.0213514
0.0182405
0.0155665
0.0132707
0.011302
0.00961578
0.00817306
0.00694009
0.00588753
0.00498996
0.00422538
0.00357477
0.00302174
0.00255215
0.00215383
0.00181633
0.00153069
0.00128922
0.00108535
0.00091347
0.000768785
0.000647226
0.000545334
0.000460182
0.000389299
0.000330609
0.000282381
0.000243179
0.000211829
0.000187384
0.000169104
0.000156432
0.000148981
0.000146523
