25
24.9076
24.8153
24.723
24.6308
24.5387
24.4467
24.3548
24.2631
24.1716
24.0803
23.9893
23.8984
23.8079
23.7176
23.6277
23.5382
23.4489
23.3601
23.2717
23.1838
23.0962
23.0092
22.9227
22.8367
22.7512
22.6663
22.582
22.4983
22.4152
22.3328
22.2511
22.17
22.0897
22.0101
21.9312
21.8531
21.7758
21.6993
21.6237
21.5489
21.475
21.4019
21.3298
21.2586
21.1883
21.119
21.0506
20.9833
20.917
20.8516
20.7874
20.7242
20.6621
20.601
20.5411
20.4823
20.4247
20.3681
20.3128
20.2586
20.2057
20.1539
20.1034
20.054
20.006
19.9592
19.9136
19.8694
19.8264
19.7847
19.7444
19.7053
19.6676
19.6313
19.5963
19.5626
19.5304
19.4995
19.47
19.4418
19.4151
19.3898
19.3659
19.3434
19.3224
19.3027
19.2845
19.2678
19.2525
19.2386
19.2262
19.2152
19.2057
19.1977
19.1911
19.1859
19.1823
19.1801
19.1793
