25
24.5669
24.134
23.7015
23.2696
22.8385
22.4085
21.9797
21.5524
21.1267
20.7028
20.2809
19.8612
19.444
19.0293
18.6174
18.2085
17.8026
17.4001
17.001
16.6055
16.2138
15.8261
15.4423
15.0628
14.6877
14.317
13.9509
13.5895
13.2329
12.8813
12.5347
12.1933
11.857
11.5261
11.2005
10.8804
10.5658
10.2567
9.95332
9.65558
9.36355
9.07727
8.79678
8.52209
8.25322
7.9902
7.73303
7.48171
7.23625
6.99664
6.76287
6.53493
6.3128
6.09645
5.88588
5.68104
5.48191
5.28844
5.10061
4.91837
4.74168
4.57049
4.40475
4.24443
4.08946
3.93979
3.79538
3.65616
3.52208
3.39308
3.26912
3.15012
3.03605
2.92683
2.82242
2.72275
2.62779
2.53746
2.45172
2.37052
2.29381
2.22154
2.15366
2.09013
2.03091
1.97596
1.92523
1.8787
1.83633
1.79809
1.76395
1.73389
1.70788
1.68591
1.66796
1.65401
1.64405
1.63808
1.63609
