25
24.9784
24.9568
24.9353
24.9137
24.8922
24.8707
24.8492
24.8278
24.8064
24.785
24.7637
24.7425
24.7213
24.7002
24.6792
24.6583
24.6374
24.6167
24.596
24.5754
24.555
24.5346
24.5144
24.4943
24.4743
24.4545
24.4348
24.4152
24.3958
24.3765
24.3574
24.3385
24.3197
24.3011
24.2826
24.2644
24.2463
24.2284
24.2107
24.1933
24.176
24.1589
24.142
24.1254
24.109
24.0928
24.0768
24.061
24.0455
24.0303
24.0152
24.0005
23.986
23.9717
23.9577
23.9439
23.9305
23.9172
23.9043
23.8916
23.8793
23.8672
23.8553
23.8438
23.8326
23.8216
23.811
23.8006
23.7906
23.7809
23.7714
23.7623
23.7535
23.745
23.7368
23.7289
23.7214
23.7142
23.7073
23.7007
23.6945
23.6885
23.683
23.6777
23.6728
23.6682
23.6639
23.66
23.6564
23.6532
23.6503
23.6477
23.6455
23.6436
23.6421
23.6409
23.64
23.6395
23.6393
