25
24.8293
24.6587
24.4882
24.3178
24.1476
23.9775
23.8078
23.6383
23.4692
23.3005
23.1322
22.9643
22.797
22.6303
22.4641
22.2986
22.1337
21.9696
21.8063
21.6437
21.482
21.3212
21.1613
21.0024
20.8445
20.6876
20.5318
20.3772
20.2237
20.0714
19.9203
19.7706
19.6221
19.475
19.3293
19.1851
19.0423
18.901
18.7612
18.623
18.4864
18.3515
18.2182
18.0866
17.9568
17.8288
17.7025
17.5781
17.4556
17.3349
17.2162
17.0995
16.9848
16.872
16.7613
16.6527
16.5462
16.4418
16.3396
16.2396
16.1417
16.0461
15.9528
15.8617
15.7729
15.6864
15.6023
15.5206
15.4412
15.3643
15.2898
15.2177
15.1481
15.0809
15.0163
14.9541
14.8945
14.8375
14.783
14.7311
14.6817
14.635
14.5908
14.5493
14.5104
14.4742
14.4406
14.4096
14.3813
14.3557
14.3328
14.3125
14.295
14.2801
14.268
14.2585
14.2517
14.2477
14.2463
