25
24.9645
24.929
24.8935
24.858
24.8226
24.7872
24.7519
24.7166
24.6815
24.6463
24.6113
24.5764
24.5416
24.5069
24.4723
24.4379
24.4035
24.3694
24.3354
24.3016
24.2679
24.2345
24.2012
24.1681
24.1352
24.1026
24.0702
24.038
24.006
23.9743
23.9429
23.9117
23.8808
23.8502
23.8199
23.7899
23.7602
23.7307
23.7017
23.6729
23.6445
23.6164
23.5886
23.5612
23.5342
23.5076
23.4813
23.4554
23.4299
23.4048
23.3801
23.3558
23.3319
23.3084
23.2854
23.2627
23.2406
23.2188
23.1976
23.1767
23.1564
23.1364
23.117
23.098
23.0796
23.0616
23.0441
23.027
23.0105
22.9945
22.979
22.964
22.9495
22.9355
22.922
22.9091
22.8967
22.8848
22.8734
22.8626
22.8524
22.8426
22.8334
22.8248
22.8167
22.8091
22.8021
22.7957
22.7898
22.7845
22.7797
22.7755
22.7718
22.7687
22.7662
22.7642
22.7628
22.762
22.7617
