25
24.9725
24.945
24.9175
24.89
24.8626
24.8352
24.8078
24.7805
24.7533
24.7261
24.699
24.6719
24.6449
24.6181
24.5913
24.5646
24.538
24.5116
24.4853
24.4591
24.433
24.4071
24.3813
24.3557
24.3302
24.3049
24.2798
24.2549
24.2302
24.2056
24.1813
24.1571
24.1332
24.1095
24.086
24.0627
24.0397
24.0169
23.9944
23.9721
23.9501
23.9284
23.9069
23.8857
23.8647
23.8441
23.8237
23.8037
23.7839
23.7645
23.7453
23.7265
23.708
23.6898
23.672
23.6545
23.6373
23.6205
23.604
23.5878
23.5721
23.5566
23.5416
23.5269
23.5126
23.4986
23.4851
23.4719
23.4591
23.4467
23.4347
23.4231
23.4118
23.401
23.3906
23.3805
23.3709
23.3617
23.3529
23.3446
23.3366
23.3291
23.322
23.3153
23.309
23.3031
23.2977
23.2927
23.2882
23.284
23.2803
23.2771
23.2742
23.2718
23.2699
23.2684
23.2673
23.2666
23.2664
