25
24.878
24.756
24.634
24.5121
24.3904
24.2688
24.1474
24.0263
23.9053
23.7847
23.6643
23.5443
23.4246
23.3054
23.1866
23.0682
22.9503
22.8329
22.7161
22.5999
22.4842
22.3692
22.2549
22.1412
22.0283
21.9161
21.8047
21.6941
21.5843
21.4754
21.3673
21.2602
21.1541
21.0489
20.9446
20.8415
20.7393
20.6382
20.5383
20.4394
20.3417
20.2452
20.1499
20.0558
19.9629
19.8713
19.781
19.692
19.6044
19.5181
19.4332
19.3496
19.2675
19.1869
19.1077
19.03
18.9538
18.8791
18.806
18.7344
18.6644
18.596
18.5292
18.4641
18.4006
18.3387
18.2785
18.22
18.1632
18.1082
18.0549
18.0033
17.9535
17.9054
17.8592
17.8147
17.7721
17.7313
17.6923
17.6551
17.6198
17.5863
17.5547
17.525
17.4972
17.4713
17.4472
17.4251
17.4048
17.3865
17.3701
17.3556
17.3431
17.3324
17.3237
17.3169
17.3121
17.3092
17.3082
