25
24.9691
24.9382
24.9074
24.8765
24.8457
24.8149
24.7842
24.7535
24.7229
24.6924
24.6619
24.6315
24.6012
24.571
24.5409
24.511
24.4811
24.4514
24.4219
24.3924
24.3632
24.334
24.3051
24.2763
24.2477
24.2193
24.1911
24.1631
24.1353
24.1078
24.0804
24.0533
24.0264
23.9998
23.9734
23.9473
23.9215
23.8959
23.8706
23.8455
23.8208
23.7964
23.7722
23.7484
23.7249
23.7017
23.6789
23.6563
23.6341
23.6123
23.5908
23.5697
23.5489
23.5285
23.5084
23.4888
23.4695
23.4506
23.432
23.4139
23.3962
23.3789
23.362
23.3455
23.3294
23.3137
23.2985
23.2837
23.2693
23.2554
23.2419
23.2288
23.2162
23.2041
23.1924
23.1811
23.1703
23.16
23.1501
23.1407
23.1318
23.1233
23.1153
23.1078
23.1007
23.0942
23.0881
23.0825
23.0773
23.0727
23.0685
23.0649
23.0617
23.059
23.0568
23.0551
23.0539
23.0531
23.0529
