25
24.7632
24.5265
24.2899
24.0534
23.8173
23.5814
23.3459
23.1108
22.8762
22.6421
22.4086
22.1758
21.9438
21.7125
21.482
21.2525
21.0239
20.7964
20.5699
20.3445
20.1204
19.8975
19.6759
19.4556
19.2368
19.0195
18.8037
18.5894
18.3768
18.1659
17.9568
17.7494
17.5439
17.3403
17.1387
16.939
16.7414
16.5459
16.3526
16.1614
15.9726
15.786
15.6017
15.4198
15.2404
15.0635
14.889
14.7172
14.5479
14.3813
14.2174
14.0562
13.8978
13.7422
13.5894
13.4395
13.2926
13.1486
13.0076
12.8696
12.7347
12.6029
12.4742
12.3487
12.2263
12.1072
11.9913
11.8787
11.7694
11.6634
11.5607
11.4615
11.3656
11.2732
11.1842
11.0987
11.0167
10.9381
10.8631
10.7917
10.7238
10.6595
10.5988
10.5417
10.4882
10.4383
10.3921
10.3496
10.3107
10.2755
10.2439
10.2161
10.192
10.1715
10.1548
10.1418
10.1325
10.1269
10.1251
