25
24.9398
24.8796
24.8195
24.7594
24.6993
24.6394
24.5795
24.5197
24.4601
24.4006
24.3412
24.282
24.223
24.1642
24.1056
24.0472
23.9891
23.9312
23.8736
23.8162
23.7592
23.7025
23.6461
23.59
23.5343
23.479
23.424
23.3695
23.3153
23.2616
23.2083
23.1555
23.1031
23.0513
22.9999
22.949
22.8986
22.8487
22.7994
22.7507
22.7025
22.6549
22.6079
22.5615
22.5157
22.4705
22.4259
22.382
22.3388
22.2962
22.2544
22.2132
22.1727
22.1329
22.0939
22.0555
22.0179
21.9811
21.945
21.9097
21.8752
21.8415
21.8085
21.7764
21.7451
21.7146
21.6849
21.656
21.628
21.6009
21.5746
21.5491
21.5246
21.5009
21.478
21.4561
21.4351
21.4149
21.3957
21.3774
21.36
21.3435
21.3279
21.3132
21.2995
21.2867
21.2749
21.2639
21.2539
21.2449
21.2368
21.2297
21.2235
21.2182
21.2139
21.2106
21.2082
21.2068
21.2063
