25
24.8935
24.787
24.6806
24.5742
24.468
24.3618
24.2559
24.1501
24.0446
23.9393
23.8342
23.7295
23.625
23.521
23.4173
23.3139
23.2111
23.1086
23.0067
22.9052
22.8043
22.7039
22.6041
22.5049
22.4063
22.3084
22.2111
22.1146
22.0188
21.9237
21.8295
21.736
21.6433
21.5515
21.4605
21.3705
21.2813
21.1931
21.1058
21.0196
20.9343
20.8501
20.7668
20.6847
20.6037
20.5237
20.4449
20.3672
20.2907
20.2154
20.1413
20.0684
19.9967
19.9264
19.8572
19.7894
19.7229
19.6577
19.5939
19.5314
19.4703
19.4106
19.3523
19.2955
19.24
19.186
19.1335
19.0825
19.0329
18.9849
18.9383
18.8933
18.8498
18.8079
18.7675
18.7287
18.6915
18.6559
18.6218
18.5894
18.5586
18.5294
18.5018
18.4759
18.4516
18.4289
18.4079
18.3886
18.371
18.355
18.3406
18.328
18.317
18.3077
18.3001
18.2942
18.29
18.2875
18.2866
