25
24.5894
24.1791
23.769
23.3595
22.9508
22.5428
22.136
21.7304
21.3261
20.9235
20.5226
20.1236
19.7266
19.3319
18.9395
18.5497
18.1626
17.7783
17.397
17.0189
16.644
16.2725
15.9045
15.5401
15.1796
14.8229
14.4703
14.1218
13.7775
13.4375
13.1019
12.7709
12.4444
12.1227
11.8057
11.4935
11.1862
10.8839
10.5866
10.2943
10.0072
9.72527
9.44854
9.17704
8.91083
8.64992
8.39433
8.14409
7.89922
7.65971
7.42559
7.19686
6.97351
6.75555
6.54297
6.33576
6.13391
5.93741
5.74623
5.56037
5.37979
5.20448
5.0344
4.86954
4.70987
4.55535
4.40595
4.26163
4.12238
3.98814
3.85889
3.73459
3.61521
3.5007
3.39103
3.28617
3.18608
3.09072
3.00007
2.91407
2.83272
2.75596
2.68376
2.61611
2.55297
2.4943
2.4401
2.39032
2.34495
2.30397
2.26735
2.23509
2.20715
2.18354
2.16424
2.14924
2.13853
2.1321
2.12996
