25
24.9814
24.9628
24.9442
24.9257
24.9071
24.8886
24.8701
24.8516
24.8332
24.8148
24.7965
24.7782
24.76
24.7418
24.7237
24.7057
24.6877
24.6698
24.652
24.6343
24.6167
24.5992
24.5818
24.5644
24.5472
24.5301
24.5132
24.4963
24.4796
24.463
24.4465
24.4302
24.414
24.398
24.3821
24.3664
24.3509
24.3355
24.3202
24.3052
24.2903
24.2756
24.261
24.2467
24.2326
24.2186
24.2048
24.1913
24.1779
24.1648
24.1518
24.1391
24.1266
24.1143
24.1023
24.0904
24.0788
24.0674
24.0563
24.0454
24.0347
24.0243
24.0141
24.0042
23.9945
23.9851
23.9759
23.967
23.9584
23.95
23.9418
23.934
23.9264
23.9191
23.912
23.9053
23.8988
23.8925
23.8866
23.8809
23.8756
23.8705
23.8656
23.8611
23.8569
23.8529
23.8493
23.8459
23.8428
23.84
23.8375
23.8353
23.8334
23.8318
23.8304
23.8294
23.8287
23.8282
23.8281
