25
24.9619
24.9239
24.8858
24.8478
24.8098
24.7719
24.734
24.6962
24.6585
24.6208
24.5833
24.5458
24.5085
24.4713
24.4342
24.3973
24.3605
24.3239
24.2874
24.2512
24.2151
24.1792
24.1435
24.1081
24.0728
24.0378
24.0031
23.9686
23.9343
23.9003
23.8666
23.8332
23.8001
23.7672
23.7347
23.7025
23.6707
23.6391
23.6079
23.5771
23.5466
23.5165
23.4868
23.4574
23.4284
23.3999
23.3717
23.3439
23.3166
23.2896
23.2631
23.2371
23.2115
23.1863
23.1616
23.1374
23.1136
23.0903
23.0675
23.0451
23.0233
23.002
22.9811
22.9608
22.941
22.9217
22.9029
22.8846
22.8669
22.8497
22.8331
22.817
22.8015
22.7865
22.7721
22.7582
22.7449
22.7321
22.72
22.7084
22.6974
22.6869
22.6771
22.6678
22.6591
22.651
22.6435
22.6366
22.6303
22.6246
22.6195
22.6149
22.611
22.6077
22.605
22.6029
22.6014
22.6004
22.6001
