25
24.9778
24.9557
24.9335
24.9114
24.8893
24.8672
24.8451
24.8231
24.8011
24.7792
24.7574
24.7356
24.7138
24.6922
24.6706
24.6491
24.6277
24.6063
24.5851
24.564
24.543
24.5221
24.5013
24.4807
24.4602
24.4398
24.4196
24.3995
24.3795
24.3597
24.3401
24.3207
24.3014
24.2823
24.2633
24.2446
24.226
24.2077
24.1895
24.1716
24.1538
24.1363
24.119
24.1019
24.085
24.0683
24.0519
24.0358
24.0199
24.0042
23.9888
23.9736
23.9587
23.944
23.9296
23.9155
23.9017
23.8881
23.8748
23.8618
23.8491
23.8367
23.8245
23.8127
23.8012
23.7899
23.779
23.7684
23.7581
23.7481
23.7384
23.729
23.72
23.7112
23.7028
23.6948
23.687
23.6796
23.6725
23.6658
23.6593
23.6533
23.6475
23.6421
23.6371
23.6324
23.628
23.624
23.6203
23.617
23.614
23.6113
23.6091
23.6071
23.6056
23.6043
23.6034
23.6029
23.6027
