25
24.9809
24.9618
24.9427
24.9237
24.9046
24.8856
24.8666
24.8477
24.8287
24.8099
24.791
24.7722
24.7535
24.7349
24.7163
24.6978
24.6793
24.661
24.6427
24.6245
24.6064
24.5884
24.5705
24.5527
24.5351
24.5175
24.5001
24.4828
24.4656
24.4486
24.4316
24.4149
24.3983
24.3818
24.3655
24.3494
24.3334
24.3176
24.3019
24.2865
24.2712
24.2561
24.2412
24.2264
24.2119
24.1976
24.1835
24.1695
24.1558
24.1423
24.129
24.116
24.1031
24.0905
24.0781
24.066
24.054
24.0423
24.0309
24.0197
24.0088
23.998
23.9876
23.9774
23.9675
23.9578
23.9484
23.9392
23.9303
23.9217
23.9134
23.9053
23.8975
23.89
23.8828
23.8758
23.8691
23.8627
23.8566
23.8508
23.8453
23.8401
23.8351
23.8305
23.8261
23.8221
23.8183
23.8148
23.8117
23.8088
23.8062
23.804
23.802
23.8003
23.799
23.7979
23.7972
23.7967
23.7966
