25
24.9548
24.9095
24.8643
24.8191
24.774
24.7289
24.6839
24.639
24.5941
24.5494
24.5048
24.4603
24.4159
24.3717
24.3277
24.2838
24.2401
24.1965
24.1532
24.1101
24.0673
24.0246
23.9822
23.9401
23.8982
23.8566
23.8153
23.7743
23.7336
23.6932
23.6532
23.6134
23.5741
23.5351
23.4964
23.4582
23.4203
23.3828
23.3458
23.3091
23.2729
23.2371
23.2018
23.1669
23.1324
23.0985
23.065
23.032
22.9995
22.9675
22.936
22.9051
22.8746
22.8447
22.8154
22.7866
22.7583
22.7306
22.7035
22.677
22.651
22.6256
22.6009
22.5767
22.5532
22.5302
22.5079
22.4862
22.4652
22.4448
22.425
22.4059
22.3874
22.3696
22.3524
22.336
22.3201
22.305
22.2906
22.2768
22.2637
22.2513
22.2396
22.2286
22.2182
22.2086
22.1997
22.1915
22.184
22.1772
22.1711
22.1657
22.1611
22.1571
22.1539
22.1514
22.1496
22.1485
22.1482
