25
24.9772
24.9545
24.9317
24.909
24.8863
24.8636
24.841
24.8184
24.7958
24.7733
24.7508
24.7285
24.7061
24.6839
24.6617
24.6396
24.6176
24.5958
24.574
24.5523
24.5307
24.5093
24.4879
24.4667
24.4457
24.4247
24.4039
24.3833
24.3628
24.3425
24.3224
24.3024
24.2826
24.2629
24.2435
24.2243
24.2052
24.1864
24.1677
24.1493
24.131
24.113
24.0953
24.0777
24.0604
24.0433
24.0264
24.0098
23.9935
23.9774
23.9615
23.946
23.9307
23.9156
23.9008
23.8863
23.8721
23.8582
23.8446
23.8312
23.8181
23.8054
23.7929
23.7808
23.7689
23.7574
23.7462
23.7352
23.7247
23.7144
23.7044
23.6948
23.6855
23.6766
23.6679
23.6596
23.6517
23.6441
23.6368
23.6299
23.6233
23.617
23.6111
23.6056
23.6004
23.5956
23.5911
23.5869
23.5832
23.5798
23.5767
23.574
23.5716
23.5697
23.568
23.5668
23.5659
23.5653
23.5651
