25
24.8578
24.7157
24.5736
24.4317
24.2899
24.1482
24.0068
23.8656
23.7248
23.5842
23.444
23.3042
23.1648
23.0259
22.8874
22.7495
22.6122
22.4755
22.3394
22.204
22.0693
21.9353
21.8021
21.6697
21.5381
21.4074
21.2776
21.1488
21.0209
20.894
20.7682
20.6434
20.5197
20.3972
20.2758
20.1556
20.0366
19.9189
19.8024
19.6873
19.5734
19.461
19.35
19.2403
19.1321
19.0255
18.9203
18.8166
18.7145
18.614
18.5151
18.4178
18.3221
18.2282
18.136
18.0454
17.9567
17.8697
17.7845
17.7011
17.6196
17.5399
17.4621
17.3862
17.3122
17.2402
17.1701
17.1019
17.0358
16.9717
16.9096
16.8495
16.7915
16.7355
16.6816
16.6298
16.5802
16.5326
16.4872
16.4439
16.4028
16.3638
16.327
16.2924
16.26
16.2298
16.2018
16.176
16.1524
16.131
16.1119
16.0951
16.0804
16.068
16.0579
16.05
16.0444
16.041
16.0399
