25
24.853
24.7061
24.5592
24.4125
24.2659
24.1195
23.9733
23.8274
23.6817
23.5364
23.3915
23.2469
23.1029
22.9592
22.8161
22.6736
22.5316
22.3903
22.2496
22.1096
21.9703
21.8318
21.6941
21.5573
21.4213
21.2862
21.152
21.0188
20.8866
20.7554
20.6254
20.4964
20.3685
20.2418
20.1163
19.9921
19.8691
19.7474
19.627
19.508
19.3903
19.2741
19.1593
19.046
18.9341
18.8238
18.7151
18.6079
18.5024
18.3985
18.2962
18.1957
18.0968
17.9997
17.9043
17.8108
17.719
17.6291
17.541
17.4549
17.3706
17.2882
17.2078
17.1293
17.0528
16.9783
16.9059
16.8355
16.7671
16.7008
16.6366
16.5745
16.5145
16.4567
16.401
16.3474
16.2961
16.2469
16.2
16.1552
16.1127
16.0724
16.0344
15.9986
15.9651
15.9339
15.9049
15.8783
15.8539
15.8318
15.8121
15.7946
15.7795
15.7667
15.7562
15.7481
15.7422
15.7387
15.7376
