25
24.9728
24.9455
24.9183
24.8911
24.864
24.8368
24.8098
24.7827
24.7557
24.7288
24.7019
24.6752
24.6485
24.6219
24.5953
24.5689
24.5426
24.5164
24.4904
24.4644
24.4386
24.4129
24.3874
24.3621
24.3369
24.3118
24.287
24.2623
24.2378
24.2135
24.1894
24.1655
24.1418
24.1183
24.095
24.072
24.0492
24.0267
24.0044
23.9823
23.9605
23.939
23.9177
23.8967
23.876
23.8555
23.8354
23.8155
23.796
23.7767
23.7578
23.7391
23.7208
23.7028
23.6851
23.6678
23.6508
23.6341
23.6178
23.6018
23.5862
23.5709
23.556
23.5415
23.5273
23.5135
23.5001
23.487
23.4744
23.4621
23.4502
23.4387
23.4276
23.4168
23.4065
23.3966
23.3871
23.378
23.3693
23.361
23.3531
23.3456
23.3386
23.3319
23.3257
23.3199
23.3146
23.3096
23.3051
23.301
23.2974
23.2941
23.2913
23.289
23.287
23.2855
23.2844
23.2838
23.2836
