25
24.9797
24.9593
24.939
24.9187
24.8984
24.8782
24.8579
24.8377
24.8176
24.7975
24.7774
24.7574
24.7375
24.7176
24.6978
24.6781
24.6584
24.6389
24.6194
24.6
24.5808
24.5616
24.5426
24.5236
24.5048
24.4861
24.4675
24.4491
24.4308
24.4127
24.3947
24.3768
24.3591
24.3416
24.3242
24.307
24.29
24.2732
24.2565
24.24
24.2238
24.2077
24.1918
24.1761
24.1606
24.1454
24.1303
24.1155
24.1009
24.0865
24.0723
24.0584
24.0447
24.0313
24.0181
24.0052
23.9925
23.98
23.9678
23.9559
23.9442
23.9328
23.9217
23.9109
23.9003
23.89
23.8799
23.8702
23.8607
23.8515
23.8427
23.8341
23.8258
23.8178
23.8101
23.8026
23.7955
23.7887
23.7822
23.776
23.7702
23.7646
23.7593
23.7544
23.7497
23.7454
23.7414
23.7377
23.7343
23.7313
23.7285
23.7261
23.724
23.7223
23.7208
23.7197
23.7189
23.7184
23.7182
