25
24.8683
24.7366
24.605
24.4735
24.3421
24.2108
24.0798
23.949
23.8185
23.6883
23.5584
23.4288
23.2997
23.171
23.0427
22.915
22.7877
22.661
22.535
22.4095
22.2847
22.1605
22.0371
21.9144
21.7926
21.6715
21.5512
21.4318
21.3134
21.1958
21.0792
20.9636
20.849
20.7355
20.623
20.5116
20.4014
20.2923
20.1844
20.0777
19.9723
19.8681
19.7652
19.6636
19.5634
19.4645
19.3671
19.271
19.1764
19.0833
18.9916
18.9015
18.8129
18.7258
18.6404
18.5565
18.4743
18.3937
18.3147
18.2375
18.1619
18.0881
18.016
17.9457
17.8771
17.8104
17.7454
17.6823
17.621
17.5616
17.5041
17.4484
17.3946
17.3428
17.2929
17.2449
17.1988
17.1548
17.1127
17.0726
17.0345
16.9984
16.9643
16.9322
16.9022
16.8742
16.8482
16.8243
16.8025
16.7827
16.765
16.7494
16.7358
16.7243
16.7149
16.7076
16.7024
16.6993
16.6982
