25
24.8987
24.7973
24.6961
24.5949
24.4938
24.3928
24.292
24.1914
24.091
23.9908
23.8908
23.7912
23.6918
23.5928
23.4941
23.3958
23.2979
23.2005
23.1034
23.0069
22.9109
22.8154
22.7204
22.626
22.5323
22.4391
22.3466
22.2547
22.1636
22.0731
21.9834
21.8945
21.8063
21.7189
21.6324
21.5467
21.4619
21.378
21.2949
21.2129
21.1317
21.0516
20.9724
20.8943
20.8171
20.7411
20.6661
20.5922
20.5194
20.4477
20.3772
20.3079
20.2397
20.1727
20.107
20.0424
19.9792
19.9171
19.8564
19.797
19.7388
19.682
19.6266
19.5725
19.5197
19.4683
19.4184
19.3698
19.3227
19.2769
19.2326
19.1898
19.1484
19.1086
19.0701
19.0332
18.9978
18.9639
18.9315
18.9007
18.8713
18.8436
18.8173
18.7927
18.7695
18.748
18.728
18.7096
18.6928
18.6776
18.664
18.652
18.6415
18.6327
18.6255
18.6198
18.6158
18.6134
18.6126
