25
24.8376
24.6753
24.5131
24.351
24.189
24.0272
23.8657
23.7045
23.5436
23.3831
23.223
23.0633
22.9041
22.7455
22.5874
22.4299
22.2731
22.1169
21.9615
21.8069
21.653
21.5
21.3479
21.1967
21.0464
20.8972
20.749
20.6018
20.4558
20.3109
20.1672
20.0247
19.8835
19.7435
19.6049
19.4676
19.3318
19.1973
19.0643
18.9328
18.8029
18.6745
18.5477
18.4225
18.299
18.1771
18.057
17.9387
17.8221
17.7073
17.5943
17.4833
17.3741
17.2668
17.1615
17.0581
16.9568
16.8575
16.7602
16.665
16.5719
16.4809
16.3921
16.3054
16.2209
16.1387
16.0586
15.9809
15.9054
15.8321
15.7612
15.6926
15.6264
15.5625
15.501
15.4418
15.3851
15.3308
15.279
15.2296
15.1826
15.1381
15.0961
15.0566
15.0196
14.9851
14.9531
14.9237
14.8968
14.8724
14.8506
14.8313
14.8146
14.8004
14.7889
14.7799
14.7734
14.7696
14.7683
