25
24.4294
23.8593
23.2901
22.7223
22.1564
21.5929
21.0322
20.4747
19.9209
19.3713
18.8262
18.286
17.7512
17.2222
16.6993
16.1828
15.6732
15.1707
14.6756
14.1883
13.709
13.2379
12.7754
12.3216
11.8767
11.4409
11.0144
10.5973
10.1897
9.79177
9.40357
9.02517
8.65662
8.29795
7.94919
7.61033
7.28136
6.96224
6.65292
6.35336
6.06346
5.78315
5.51232
5.25086
4.99865
4.75555
4.52142
4.29611
4.07945
3.87129
3.67144
3.47973
3.29597
3.11997
2.95153
2.79047
2.63657
2.48965
2.34948
2.21589
2.08865
1.96757
1.85244
1.74307
1.63925
1.54079
1.44749
1.35917
1.27564
1.19671
1.12221
1.05196
0.985788
0.923532
0.865032
0.810133
0.758685
0.710546
0.665576
0.623646
0.584628
0.548404
0.514859
0.483886
0.455386
0.429262
0.405428
0.383801
0.364306
0.346876
0.331447
0.317964
0.306378
0.296646
0.288733
0.282609
0.278251
0.275642
0.274774
