25
24.9313
24.8625
24.7939
24.7252
24.6567
24.5882
24.5198
24.4516
24.3835
24.3155
24.2477
24.1801
24.1127
24.0456
23.9786
23.912
23.8456
23.7795
23.7137
23.6482
23.5831
23.5183
23.4539
23.3899
23.3263
23.2631
23.2003
23.138
23.0762
23.0149
22.954
22.8937
22.8339
22.7746
22.7159
22.6578
22.6003
22.5434
22.4871
22.4314
22.3764
22.322
22.2683
22.2153
22.163
22.1114
22.0606
22.0104
21.9611
21.9125
21.8646
21.8176
21.7714
21.7259
21.6813
21.6376
21.5947
21.5526
21.5114
21.4711
21.4317
21.3931
21.3555
21.3188
21.283
21.2482
21.2143
21.1814
21.1494
21.1184
21.0883
21.0593
21.0312
21.0042
20.9781
20.9531
20.9291
20.9061
20.8841
20.8632
20.8433
20.8244
20.8066
20.7899
20.7742
20.7596
20.7461
20.7336
20.7222
20.7119
20.7026
20.6945
20.6874
20.6814
20.6765
20.6727
20.67
20.6683
20.6678
