25
24.7874
24.5748
24.3623
24.15
23.9379
23.7261
23.5146
23.3034
23.0927
22.8825
22.6729
22.4638
22.2553
22.0476
21.8406
21.6344
21.4291
21.2246
21.0212
20.8187
20.6173
20.417
20.2179
20.02
19.8233
19.628
19.434
19.2414
19.0503
18.8607
18.6726
18.4862
18.3014
18.1183
17.9369
17.7574
17.5796
17.4038
17.2298
17.0579
16.8879
16.72
16.5542
16.3905
16.229
16.0697
15.9126
15.7579
15.6055
15.4554
15.3078
15.1626
15.0199
14.8798
14.7421
14.6071
14.4747
14.3449
14.2178
14.0935
13.9719
13.853
13.737
13.6238
13.5135
13.4061
13.3015
13.2
13.1014
13.0058
12.9132
12.8236
12.7371
12.6537
12.5734
12.4963
12.4222
12.3514
12.2837
12.2192
12.1579
12.0999
12.045
11.9935
11.9452
11.9002
11.8585
11.82
11.7849
11.7531
11.7246
11.6995
11.6777
11.6593
11.6442
11.6324
11.624
11.619
11.6173
