25
24.9674
24.9349
24.9023
24.8698
24.8373
24.8048
24.7724
24.7401
24.7078
24.6756
24.6434
24.6114
24.5795
24.5476
24.5159
24.4843
24.4529
24.4215
24.3903
24.3593
24.3284
24.2977
24.2672
24.2369
24.2067
24.1768
24.147
24.1175
24.0882
24.0591
24.0303
24.0017
23.9734
23.9453
23.9175
23.8899
23.8626
23.8357
23.809
23.7826
23.7565
23.7307
23.7053
23.6802
23.6554
23.6309
23.6068
23.5831
23.5597
23.5366
23.514
23.4917
23.4698
23.4482
23.4271
23.4063
23.386
23.3661
23.3465
23.3274
23.3088
23.2905
23.2727
23.2553
23.2383
23.2218
23.2057
23.1901
23.175
23.1603
23.146
23.1323
23.119
23.1061
23.0938
23.0819
23.0705
23.0596
23.0492
23.0393
23.0299
23.021
23.0125
23.0046
22.9972
22.9902
22.9838
22.9779
22.9725
22.9676
22.9632
22.9594
22.956
22.9532
22.9508
22.949
22.9477
22.947
22.9467
