25
24.9802
24.9604
24.9406
24.9208
24.9011
24.8814
24.8617
24.842
24.8224
24.8028
24.7833
24.7638
24.7444
24.725
24.7057
24.6865
24.6674
24.6483
24.6294
24.6105
24.5918
24.5731
24.5545
24.5361
24.5178
24.4996
24.4815
24.4635
24.4457
24.428
24.4105
24.3931
24.3759
24.3588
24.3419
24.3252
24.3086
24.2922
24.276
24.2599
24.2441
24.2284
24.213
24.1977
24.1826
24.1678
24.1531
24.1387
24.1244
24.1104
24.0966
24.0831
24.0698
24.0567
24.0438
24.0312
24.0189
24.0067
23.9949
23.9833
23.9719
23.9608
23.95
23.9394
23.9291
23.919
23.9093
23.8998
23.8906
23.8816
23.873
23.8646
23.8565
23.8487
23.8412
23.834
23.8271
23.8205
23.8141
23.8081
23.8024
23.7969
23.7918
23.787
23.7825
23.7783
23.7744
23.7708
23.7675
23.7645
23.7619
23.7595
23.7575
23.7557
23.7543
23.7532
23.7524
23.752
23.7518
