25
24.7302
24.4606
24.191
23.9217
23.6526
23.384
23.1157
22.848
22.5808
22.3142
22.0484
21.7833
21.5191
21.2559
20.9936
20.7323
20.4722
20.2133
19.9557
19.6994
19.4444
19.191
18.9391
18.6887
18.44
18.1931
17.9479
17.7046
17.4632
17.2238
16.9864
16.7511
16.5179
16.287
16.0583
15.8319
15.608
15.3865
15.1674
14.951
14.7371
14.5259
14.3173
14.1116
13.9086
13.7085
13.5114
13.3171
13.1259
12.9377
12.7526
12.5706
12.3918
12.2162
12.0439
11.8749
11.7092
11.5469
11.3881
11.2326
11.0807
10.9323
10.7874
10.6461
10.5085
10.3745
10.2441
10.1175
9.99465
9.87555
9.76024
9.64874
9.54109
9.43731
9.33741
9.24143
9.14938
9.06128
8.97715
8.89701
8.82088
8.74876
8.68069
8.61667
8.55672
8.50085
8.44907
8.40139
8.35782
8.31837
8.28306
8.25188
8.22484
8.20196
8.18323
8.16866
8.15824
8.152
8.14991
