25
24.8465
24.6931
24.5398
24.3866
24.2335
24.0806
23.928
23.7756
23.6236
23.4719
23.3205
23.1696
23.0192
22.8692
22.7198
22.571
22.4228
22.2752
22.1283
21.9821
21.8367
21.6921
21.5483
21.4054
21.2634
21.1224
20.9823
20.8432
20.7052
20.5683
20.4324
20.2978
20.1643
20.032
19.901
19.7712
19.6428
19.5157
19.3901
19.2658
19.1429
19.0216
18.9017
18.7834
18.6667
18.5515
18.438
18.3261
18.2159
18.1074
18.0006
17.8957
17.7924
17.6911
17.5915
17.4938
17.398
17.3041
17.2122
17.1222
17.0342
16.9482
16.8643
16.7823
16.7025
16.6247
16.5491
16.4756
16.4042
16.335
16.2679
16.2031
16.1405
16.0801
16.0219
15.966
15.9124
15.8611
15.8121
15.7654
15.721
15.6789
15.6392
15.6019
15.5669
15.5343
15.5041
15.4762
15.4508
15.4278
15.4071
15.3889
15.3731
15.3598
15.3488
15.3403
15.3342
15.3306
15.3293
