25
24.5722
24.1446
23.7174
23.2908
22.865
22.4402
22.0166
21.5943
21.1737
20.7548
20.3378
19.923
19.5105
19.1005
18.6932
18.2888
17.8873
17.489
17.0941
16.7026
16.3148
15.9308
15.5508
15.1748
14.803
14.4355
14.0725
13.714
13.3603
13.0113
12.6672
12.328
11.994
11.6651
11.3414
11.023
10.71
10.4024
10.1002
9.80364
9.51262
9.2272
8.94743
8.67332
8.40491
8.14222
7.88524
7.634
7.3885
7.14874
6.91471
6.6864
6.4638
6.2469
6.03567
5.83009
5.63014
5.43578
5.24698
5.06371
4.88593
4.7136
4.54668
4.38511
4.22887
4.0779
3.93215
3.79158
3.65613
3.52575
3.4004
3.28001
3.16455
3.05395
2.94818
2.84717
2.75087
2.65925
2.57224
2.48981
2.4119
2.33848
2.2695
2.20491
2.14469
2.08879
2.03718
1.98982
1.94669
1.90775
1.87298
1.84236
1.81586
1.79347
1.77517
1.76096
1.75081
1.74472
1.74269
