25
23.1262
21.2723
19.4573
17.6986
16.0114
14.4082
12.8987
11.4899
10.1857
8.98776
7.89549
6.90641
6.01658
5.22093
4.51357
3.88811
3.33788
2.85616
2.43633
2.07201
1.75713
1.48603
1.25347
1.05465
0.885242
0.741331
0.619444
0.5165
0.429787
0.356932
0.29587
0.24481
0.20221
0.166742
0.137273
0.112837
0.0926113
0.0759008
0.0621185
0.0507702
0.0414408
0.0337831
0.0275068
0.0223701
0.0181717
0.014745
0.0119516
0.00967729
0.00782786
0.00632567
0.00510689
0.00411913
0.00331943
0.00267266
0.00215008
0.00172825
0.00138807
0.00111397
0.000893326
0.000715851
0.000573221
0.000458687
0.000366786
0.000293103
0.000234068
0.000186806
0.000148994
0.000118763
9.46109e-05
7.53266e-05
5.99392e-05
4.76687e-05
3.78898e-05
3.01012e-05
2.39013e-05
1.89688e-05
1.50469e-05
1.19302e-05
9.45468e-06
7.48949e-06
5.93024e-06
4.69372e-06
3.71366e-06
2.93731e-06
2.32269e-06
1.83644e-06
1.45206e-06
1.14852e-06
9.09151e-07
7.2076e-07
5.72924e-07
4.57441e-07
3.6788e-07
2.99242e-07
2.47684e-07
2.10313e-07
1.85028e-07
1.70406e-07
1.65621e-07
