25
24.9189
24.8377
24.7567
24.6756
24.5947
24.5139
24.4332
24.3526
24.2722
24.192
24.1119
24.0322
23.9526
23.8733
23.7943
23.7156
23.6372
23.5592
23.4815
23.4042
23.3273
23.2509
23.1749
23.0993
23.0242
22.9496
22.8755
22.802
22.729
22.6566
22.5848
22.5136
22.443
22.373
22.3037
22.2351
22.1672
22.1
22.0335
21.9678
21.9029
21.8387
21.7753
21.7127
21.651
21.5901
21.5301
21.4709
21.4126
21.3552
21.2988
21.2432
21.1887
21.135
21.0824
21.0307
20.9801
20.9304
20.8818
20.8342
20.7877
20.7422
20.6978
20.6544
20.6122
20.5711
20.5311
20.4922
20.4544
20.4178
20.3824
20.3481
20.315
20.283
20.2523
20.2227
20.1943
20.1672
20.1413
20.1166
20.0931
20.0708
20.0498
20.0301
20.0116
19.9943
19.9783
19.9636
19.9502
19.938
19.9271
19.9174
19.9091
19.902
19.8962
19.8917
19.8885
19.8866
19.8859
