25
24.8966
24.7933
24.69
24.5867
24.4836
24.3806
24.2778
24.1751
24.0727
23.9705
23.8685
23.7669
23.6655
23.5645
23.4638
23.3636
23.2637
23.1643
23.0653
22.9668
22.8689
22.7714
22.6746
22.5783
22.4826
22.3876
22.2932
22.1995
22.1065
22.0143
21.9227
21.832
21.7421
21.6529
21.5647
21.4773
21.3907
21.3051
21.2204
21.1367
21.0539
20.9722
20.8914
20.8117
20.733
20.6554
20.5789
20.5035
20.4293
20.3562
20.2843
20.2135
20.144
20.0756
20.0086
19.9427
19.8782
19.8149
19.753
19.6923
19.633
19.5751
19.5185
19.4633
19.4095
19.3571
19.3061
19.2566
19.2085
19.1618
19.1167
19.073
19.0308
18.9901
18.9509
18.9132
18.8771
18.8425
18.8095
18.778
18.7481
18.7198
18.693
18.6678
18.6443
18.6223
18.6019
18.5831
18.566
18.5505
18.5366
18.5243
18.5137
18.5047
18.4973
18.4915
18.4874
18.485
18.4842
