25
24.8866
24.7731
24.6598
24.5465
24.4333
24.3203
24.2075
24.0948
23.9824
23.8702
23.7584
23.6468
23.5356
23.4247
23.3142
23.2042
23.0946
22.9855
22.8769
22.7689
22.6614
22.5544
22.4481
22.3425
22.2375
22.1332
22.0296
21.9268
21.8248
21.7235
21.6231
21.5235
21.4248
21.327
21.2302
21.1342
21.0393
20.9453
20.8524
20.7605
20.6697
20.58
20.4914
20.4039
20.3175
20.2324
20.1484
20.0657
19.9842
19.904
19.8251
19.7474
19.6711
19.5962
19.5226
19.4503
19.3795
19.3101
19.2421
19.1755
19.1105
19.0469
18.9848
18.9242
18.8652
18.8077
18.7517
18.6974
18.6446
18.5934
18.5438
18.4959
18.4496
18.4049
18.3619
18.3206
18.2809
18.243
18.2067
18.1722
18.1394
18.1083
18.0789
18.0513
18.0254
18.0013
17.9789
17.9584
17.9395
17.9225
17.9073
17.8938
17.8821
17.8722
17.8641
17.8578
17.8533
17.8506
17.8497
