25
24.954
24.908
24.862
24.8161
24.7702
24.7244
24.6786
24.6329
24.5874
24.5419
24.4965
24.4513
24.4062
24.3612
24.3164
24.2718
24.2273
24.1831
24.1391
24.0952
24.0517
24.0083
23.9652
23.9223
23.8798
23.8375
23.7955
23.7538
23.7124
23.6713
23.6306
23.5902
23.5502
23.5106
23.4713
23.4324
23.3939
23.3558
23.3181
23.2808
23.244
23.2076
23.1717
23.1362
23.1012
23.0667
23.0326
22.9991
22.966
22.9335
22.9015
22.87
22.8391
22.8087
22.7788
22.7495
22.7208
22.6926
22.6651
22.6381
22.6117
22.5859
22.5607
22.5362
22.5122
22.4889
22.4662
22.4442
22.4228
22.402
22.3819
22.3625
22.3437
22.3256
22.3082
22.2914
22.2753
22.2599
22.2452
22.2312
22.2179
22.2053
22.1934
22.1822
22.1717
22.1619
22.1528
22.1445
22.1369
22.13
22.1238
22.1183
22.1136
22.1096
22.1063
22.1037
22.1019
22.1008
22.1005
