25
24.7764
24.5528
24.3294
24.1062
23.8831
23.6604
23.438
23.216
22.9944
22.7734
22.5529
22.333
22.1139
21.8954
21.6778
21.461
21.2451
21.0301
20.8162
20.6033
20.3916
20.181
19.9717
19.7636
19.5568
19.3515
19.1476
18.9451
18.7443
18.545
18.3473
18.1513
17.9571
17.7647
17.574
17.3853
17.1985
17.0137
16.8309
16.6502
16.4716
16.2952
16.121
15.949
15.7793
15.6119
15.4469
15.2844
15.1243
14.9667
14.8116
14.6591
14.5092
14.362
14.2174
14.0756
13.9365
13.8002
13.6668
13.5362
13.4085
13.2837
13.1618
13.043
12.9272
12.8144
12.7046
12.598
12.4945
12.3941
12.2969
12.2029
12.1121
12.0246
11.9403
11.8593
11.7816
11.7072
11.6361
11.5684
11.5041
11.4432
11.3857
11.3315
11.2809
11.2336
11.1898
11.1495
11.1126
11.0793
11.0494
11.023
11.0001
10.9808
10.9649
10.9526
10.9438
10.9385
10.9367
