25
24.4413
23.8831
23.3258
22.7698
22.2156
21.6635
21.1141
20.5678
20.0249
19.4859
18.9512
18.4212
17.8962
17.3765
16.8627
16.3549
15.8536
15.3589
14.8714
14.3911
13.9183
13.4534
12.9966
12.548
12.1079
11.6764
11.2537
10.8399
10.4352
10.0397
9.65348
9.27661
8.90915
8.55114
8.20261
7.86358
7.53404
7.21397
6.90334
6.60211
6.31021
6.02758
5.75413
5.48976
5.23437
4.98784
4.75005
4.52087
4.30014
4.08773
3.88348
3.68721
3.49877
3.31799
3.14467
2.97866
2.81975
2.66777
2.52252
2.38383
2.25149
2.12533
2.00514
1.89074
1.78195
1.67858
1.58045
1.48736
1.39916
1.31565
1.23668
1.16207
1.09166
1.02529
0.962802
0.904054
0.848898
0.797195
0.74881
0.703616
0.66149
0.622315
0.585979
0.552377
0.521411
0.492987
0.467019
0.443426
0.422133
0.403074
0.386187
0.371416
0.358713
0.348036
0.339349
0.332623
0.327835
0.324968
0.324014
