25
24.5303
24.0608
23.5918
23.1237
22.6566
22.1908
21.7265
21.2641
20.8038
20.3458
19.8903
19.4377
18.988
18.5417
18.0989
17.6597
17.2245
16.7934
16.3667
15.9445
15.5269
15.1143
14.7068
14.3044
13.9075
13.5161
13.1303
12.7504
12.3763
12.0083
11.6465
11.2909
10.9416
10.5987
10.2623
9.93249
9.60925
9.29265
8.98274
8.67955
8.38311
8.09342
7.81049
7.53434
7.26495
7.0023
6.74638
6.49717
6.25463
6.01873
5.78941
5.56664
5.35036
5.1405
4.93702
4.73984
4.54888
4.36409
4.18537
4.01265
3.84585
3.68488
3.52965
3.38008
3.23607
3.09754
2.96438
2.83651
2.71384
2.59627
2.48371
2.37607
2.27325
2.17517
2.08173
1.99286
1.90846
1.82844
1.75274
1.68127
1.61396
1.55072
1.49149
1.43621
1.38481
1.33722
1.29339
1.25328
1.21682
1.18397
1.15469
1.12895
1.1067
1.08793
1.07261
1.06071
1.05222
1.04713
1.04544
