25
24.7937
24.5874
24.3812
24.1752
23.9694
23.7638
23.5586
23.3537
23.1493
22.9453
22.7418
22.5389
22.3367
22.1351
21.9342
21.7341
21.5349
21.3365
21.139
20.9425
20.7471
20.5527
20.3595
20.1674
19.9765
19.787
19.5987
19.4118
19.2263
19.0423
18.8598
18.6788
18.4995
18.3218
18.1457
17.9714
17.7989
17.6282
17.4594
17.2925
17.1275
16.9645
16.8035
16.6446
16.4879
16.3332
16.1808
16.0306
15.8826
15.737
15.5936
15.4527
15.3142
15.1781
15.0445
14.9133
14.7848
14.6588
14.5354
14.4147
14.2966
14.1812
14.0685
13.9586
13.8515
13.7472
13.6457
13.5471
13.4513
13.3585
13.2686
13.1816
13.0976
13.0166
12.9387
12.8637
12.7918
12.723
12.6573
12.5946
12.5351
12.4787
12.4255
12.3754
12.3285
12.2848
12.2443
12.207
12.1729
12.142
12.1143
12.0899
12.0688
12.0508
12.0362
12.0248
12.0166
12.0117
12.0101
