25
24.8259
24.6518
24.4779
24.304
24.1304
23.9569
23.7838
23.6109
23.4384
23.2662
23.0946
22.9233
22.7527
22.5825
22.413
22.2442
22.076
21.9086
21.7419
21.5761
21.4112
21.2471
21.084
20.9219
20.7608
20.6008
20.4418
20.2841
20.1275
19.9721
19.8181
19.6653
19.5139
19.3638
19.2152
19.068
18.9223
18.7782
18.6356
18.4946
18.3553
18.2177
18.0817
17.9475
17.8151
17.6844
17.5557
17.4288
17.3038
17.1807
17.0596
16.9406
16.8235
16.7085
16.5956
16.4848
16.3762
16.2697
16.1654
16.0634
15.9636
15.866
15.7708
15.6779
15.5873
15.4992
15.4134
15.33
15.249
15.1705
15.0945
15.021
14.95
14.8815
14.8156
14.7522
14.6914
14.6332
14.5776
14.5246
14.4743
14.4266
14.3816
14.3392
14.2996
14.2626
14.2283
14.1967
14.1679
14.1418
14.1184
14.0977
14.0798
14.0647
14.0523
14.0426
14.0357
14.0316
14.0302
