25
24.7135
24.4271
24.1409
23.8548
23.5691
23.2838
22.999
22.7147
22.431
22.148
21.8658
21.5845
21.3041
21.0246
20.7463
20.4691
20.1931
19.9185
19.6452
19.3734
19.1031
18.8343
18.5673
18.3019
18.0384
17.7768
17.517
17.2593
17.0037
16.7502
16.4989
16.2498
16.0031
15.7588
15.5169
15.2776
15.0408
14.8066
14.5752
14.3465
14.1206
13.8975
13.6774
13.4602
13.246
13.0349
12.8269
12.6221
12.4205
12.2221
12.0271
11.8354
11.6471
11.4622
11.2808
11.1029
10.9286
10.7578
10.5907
10.4273
10.2676
10.1116
9.95938
9.81097
9.6664
9.52569
9.38887
9.25599
9.12705
9.00209
8.88113
8.7642
8.65133
8.54252
8.43782
8.33723
8.24077
8.14848
8.06036
7.97642
7.8967
7.8212
7.74993
7.68292
7.62017
7.5617
7.50751
7.45762
7.41204
7.37078
7.33383
7.30122
7.27294
7.24901
7.22942
7.21417
7.20329
7.19675
7.19457
