25
24.9308
24.8616
24.7925
24.7234
24.6544
24.5855
24.5166
24.4479
24.3794
24.3109
24.2427
24.1747
24.1068
24.0392
23.9718
23.9047
23.8379
23.7713
23.7051
23.6392
23.5736
23.5084
23.4436
23.3792
23.3151
23.2515
23.1884
23.1256
23.0634
23.0016
22.9404
22.8797
22.8195
22.7598
22.7007
22.6422
22.5843
22.527
22.4703
22.4143
22.3589
22.3042
22.2501
22.1968
22.1441
22.0922
22.041
21.9905
21.9408
21.8919
21.8438
21.7964
21.7499
21.7041
21.6592
21.6152
21.572
21.5296
21.4882
21.4476
21.4079
21.3691
21.3312
21.2943
21.2583
21.2232
21.1891
21.1559
21.1237
21.0925
21.0623
21.033
21.0048
20.9776
20.9513
20.9261
20.9019
20.8788
20.8567
20.8356
20.8156
20.7966
20.7787
20.7619
20.7461
20.7314
20.7178
20.7052
20.6937
20.6833
20.674
20.6658
20.6587
20.6527
20.6477
20.6439
20.6411
20.6395
20.6389
