25
24.9353
24.8705
24.8058
24.7412
24.6766
24.6121
24.5477
24.4834
24.4192
24.3552
24.2913
24.2277
24.1642
24.1009
24.0379
23.9751
23.9125
23.8502
23.7883
23.7266
23.6652
23.6042
23.5435
23.4832
23.4233
23.3638
23.3047
23.246
23.1878
23.13
23.0727
23.0158
22.9595
22.9037
22.8484
22.7936
22.7394
22.6858
22.6328
22.5803
22.5285
22.4773
22.4267
22.3768
22.3275
22.2789
22.231
22.1838
22.1373
22.0915
22.0464
22.0021
21.9586
21.9158
21.8738
21.8325
21.7921
21.7525
21.7137
21.6757
21.6386
21.6023
21.5668
21.5323
21.4986
21.4657
21.4338
21.4028
21.3726
21.3434
21.3151
21.2878
21.2613
21.2359
21.2113
21.1877
21.1651
21.1434
21.1227
21.103
21.0843
21.0665
21.0498
21.034
21.0192
21.0055
20.9927
20.981
20.9702
20.9605
20.9518
20.9441
20.9375
20.9318
20.9272
20.9236
20.921
20.9195
20.919
