25
24.8322
24.6643
24.4966
24.329
24.1616
23.9944
23.8274
23.6608
23.4944
23.3285
23.163
22.9979
22.8333
22.6693
22.5059
22.3431
22.181
22.0196
21.8589
21.699
21.54
21.3818
21.2245
21.0682
20.9129
20.7586
20.6054
20.4533
20.3023
20.1526
20.004
19.8567
19.7107
19.566
19.4227
19.2808
19.1404
19.0014
18.8639
18.728
18.5937
18.4609
18.3299
18.2005
18.0728
17.9468
17.8227
17.7003
17.5798
17.4611
17.3444
17.2296
17.1167
17.0058
16.8969
16.7901
16.6854
16.5827
16.4821
16.3837
16.2875
16.1935
16.1016
16.0121
15.9247
15.8397
15.757
15.6766
15.5985
15.5228
15.4495
15.3786
15.3101
15.2441
15.1805
15.1194
15.0608
15.0047
14.9511
14.9
14.8514
14.8055
14.762
14.7212
14.683
14.6473
14.6142
14.5838
14.556
14.5308
14.5082
14.4883
14.4711
14.4564
14.4445
14.4352
14.4285
14.4245
14.4232
