25
24.9521
24.9043
24.8564
24.8086
24.7609
24.7132
24.6656
24.618
24.5706
24.5233
24.476
24.429
24.382
24.3352
24.2886
24.2422
24.196
24.1499
24.1041
24.0585
24.0131
23.968
23.9232
23.8786
23.8343
23.7903
23.7466
23.7032
23.6601
23.6174
23.575
23.533
23.4913
23.4501
23.4092
23.3687
23.3286
23.289
23.2498
23.211
23.1727
23.1348
23.0974
23.0605
23.0241
22.9881
22.9527
22.9178
22.8834
22.8496
22.8162
22.7835
22.7513
22.7196
22.6886
22.6581
22.6282
22.5989
22.5702
22.5421
22.5147
22.4879
22.4617
22.4361
22.4112
22.3869
22.3633
22.3404
22.3181
22.2965
22.2756
22.2553
22.2358
22.2169
22.1988
22.1814
22.1646
22.1486
22.1333
22.1187
22.1049
22.0918
22.0794
22.0677
22.0568
22.0466
22.0372
22.0285
22.0206
22.0134
22.0069
22.0013
21.9963
21.9922
21.9887
21.9861
21.9842
21.983
21.9827
