25
24.9553
24.9107
24.8661
24.8215
24.777
24.7325
24.6881
24.6437
24.5995
24.5553
24.5113
24.4674
24.4236
24.38
24.3365
24.2932
24.2501
24.2071
24.1644
24.1219
24.0796
24.0375
23.9956
23.9541
23.9127
23.8717
23.8309
23.7905
23.7503
23.7104
23.6709
23.6317
23.5929
23.5544
23.5163
23.4785
23.4411
23.4042
23.3676
23.3314
23.2957
23.2604
23.2255
23.191
23.1571
23.1236
23.0905
23.058
23.0259
22.9943
22.9632
22.9327
22.9027
22.8731
22.8442
22.8157
22.7879
22.7605
22.7338
22.7076
22.682
22.657
22.6325
22.6087
22.5854
22.5628
22.5408
22.5194
22.4986
22.4785
22.459
22.4401
22.4219
22.4043
22.3874
22.3711
22.3555
22.3405
22.3263
22.3127
22.2998
22.2875
22.276
22.2651
22.2549
22.2454
22.2366
22.2285
22.2211
22.2144
22.2084
22.2031
22.1985
22.1946
22.1914
22.189
22.1872
22.1861
22.1858
