25
24.8717
24.7435
24.6153
24.4872
24.3593
24.2315
24.1039
23.9766
23.8495
23.7226
23.5961
23.47
23.3442
23.2189
23.094
22.9696
22.8457
22.7223
22.5995
22.4774
22.3558
22.2349
22.1148
21.9953
21.8766
21.7587
21.6416
21.5253
21.4099
21.2955
21.1819
21.0694
20.9578
20.8472
20.7377
20.6292
20.5219
20.4156
20.3106
20.2067
20.104
20.0025
19.9023
19.8034
19.7058
19.6096
19.5146
19.4211
19.329
19.2383
19.149
19.0613
18.975
18.8902
18.807
18.7253
18.6452
18.5668
18.4899
18.4147
18.3411
18.2692
18.199
18.1305
18.0637
17.9987
17.9355
17.874
17.8143
17.7565
17.7004
17.6462
17.5939
17.5434
17.4948
17.448
17.4032
17.3603
17.3193
17.2803
17.2431
17.208
17.1748
17.1436
17.1143
17.087
17.0618
17.0385
17.0172
16.998
16.9807
16.9655
16.9523
16.9411
16.932
16.9248
16.9198
16.9167
16.9157
