25
24.9668
24.9335
24.9003
24.8672
24.834
24.8009
24.7678
24.7348
24.7019
24.6691
24.6363
24.6036
24.571
24.5385
24.5062
24.4739
24.4418
24.4099
24.3781
24.3464
24.3149
24.2836
24.2525
24.2215
24.1908
24.1602
24.1299
24.0998
24.0699
24.0402
24.0108
23.9816
23.9527
23.9241
23.8957
23.8676
23.8398
23.8122
23.785
23.7581
23.7315
23.7052
23.6793
23.6536
23.6283
23.6034
23.5788
23.5546
23.5307
23.5072
23.4841
23.4613
23.439
23.417
23.3955
23.3743
23.3535
23.3332
23.3133
23.2938
23.2747
23.2561
23.2379
23.2202
23.2029
23.186
23.1696
23.1537
23.1383
23.1233
23.1087
23.0947
23.0811
23.0681
23.0555
23.0433
23.0317
23.0206
23.01
22.9999
22.9903
22.9812
22.9726
22.9645
22.9569
22.9498
22.9433
22.9372
22.9317
22.9267
22.9223
22.9183
22.9149
22.912
22.9096
22.9078
22.9065
22.9057
22.9054
