25
24.9795
24.9589
24.9384
24.9179
24.8974
24.8769
24.8565
24.8361
24.8158
24.7955
24.7752
24.755
24.7349
24.7148
24.6948
24.6749
24.655
24.6353
24.6156
24.596
24.5766
24.5572
24.538
24.5189
24.4998
24.481
24.4622
24.4436
24.4251
24.4068
24.3886
24.3706
24.3527
24.335
24.3175
24.3001
24.2829
24.2659
24.2491
24.2324
24.216
24.1997
24.1837
24.1679
24.1522
24.1368
24.1216
24.1066
24.0919
24.0774
24.0631
24.049
24.0352
24.0216
24.0083
23.9952
23.9824
23.9698
23.9575
23.9455
23.9337
23.9222
23.9109
23.9
23.8893
23.8789
23.8687
23.8589
23.8493
23.8401
23.8311
23.8224
23.814
23.8059
23.7981
23.7907
23.7835
23.7766
23.7701
23.7638
23.7579
23.7522
23.7469
23.7419
23.7372
23.7329
23.7288
23.7251
23.7217
23.7186
23.7158
23.7134
23.7113
23.7095
23.708
23.7069
23.7061
23.7056
23.7054
