25
24.8316
24.6632
24.4949
24.3268
24.1588
23.991
23.8235
23.6563
23.4894
23.3229
23.1568
22.9912
22.8261
22.6616
22.4976
22.3343
22.1716
22.0096
21.8484
21.688
21.5285
21.3698
21.212
21.0552
20.8993
20.7445
20.5908
20.4382
20.2867
20.1364
19.9874
19.8396
19.6931
19.548
19.4042
19.2618
19.1209
18.9814
18.8435
18.7071
18.5724
18.4392
18.3077
18.1778
18.0497
17.9234
17.7988
17.676
17.5551
17.4361
17.3189
17.2037
17.0905
16.9792
16.87
16.7628
16.6577
16.5547
16.4538
16.3551
16.2585
16.1642
16.0721
15.9822
15.8946
15.8093
15.7262
15.6456
15.5673
15.4913
15.4178
15.3466
15.2779
15.2117
15.1479
15.0866
15.0278
14.9715
14.9177
14.8664
14.8177
14.7716
14.728
14.6871
14.6487
14.6129
14.5797
14.5492
14.5213
14.496
14.4734
14.4534
14.4361
14.4214
14.4094
14.4001
14.3934
14.3894
14.3881
