25
24.9565
24.913
24.8696
24.8262
24.7828
24.7395
24.6962
24.6531
24.61
24.567
24.5241
24.4814
24.4387
24.3962
24.3539
24.3117
24.2697
24.2279
24.1863
24.1449
24.1037
24.0627
24.022
23.9815
23.9412
23.9012
23.8616
23.8221
23.783
23.7442
23.7057
23.6676
23.6297
23.5923
23.5551
23.5184
23.482
23.446
23.4103
23.3751
23.3403
23.3059
23.272
23.2384
23.2053
23.1727
23.1405
23.1088
23.0776
23.0469
23.0166
22.9868
22.9576
22.9289
22.9006
22.873
22.8458
22.8192
22.7932
22.7676
22.7427
22.7183
22.6945
22.6713
22.6487
22.6267
22.6052
22.5844
22.5641
22.5445
22.5255
22.5071
22.4894
22.4723
22.4558
22.44
22.4248
22.4102
22.3963
22.3831
22.3705
22.3586
22.3473
22.3367
22.3268
22.3176
22.309
22.3011
22.2939
22.2874
22.2815
22.2764
22.2719
22.2681
22.265
22.2626
22.2609
22.2598
22.2595
