25
24.897
24.7939
24.691
24.5881
24.4853
24.3827
24.2802
24.1779
24.0758
23.9739
23.8723
23.7709
23.6699
23.5692
23.4689
23.369
23.2694
23.1703
23.0717
22.9736
22.8759
22.7788
22.6823
22.5863
22.491
22.3962
22.3022
22.2088
22.1161
22.0241
21.9329
21.8425
21.7529
21.664
21.5761
21.4889
21.4027
21.3174
21.2329
21.1495
21.067
20.9855
20.905
20.8256
20.7472
20.6698
20.5936
20.5184
20.4444
20.3716
20.2999
20.2294
20.1601
20.092
20.0251
19.9595
19.8952
19.8321
19.7704
19.7099
19.6508
19.5931
19.5367
19.4817
19.428
19.3758
19.325
19.2756
19.2277
19.1812
19.1362
19.0926
19.0506
19.01
18.9709
18.9334
18.8974
18.8629
18.83
18.7986
18.7688
18.7406
18.7139
18.6888
18.6653
18.6434
18.6231
18.6044
18.5873
18.5718
18.558
18.5458
18.5351
18.5262
18.5188
18.5131
18.509
18.5066
18.5057
