25
24.3726
23.7458
23.1203
22.4967
21.8756
21.2576
20.6434
20.0334
19.4284
18.8288
18.2353
17.6483
17.0683
16.4959
15.9315
15.3755
14.8284
14.2906
13.7624
13.2442
12.7363
12.239
11.7526
11.2772
10.8131
10.3605
9.91946
9.49019
9.07276
8.66723
8.27365
7.89204
7.5224
7.16469
6.81887
6.48486
6.16256
5.85187
5.55266
5.26476
4.98802
4.72226
4.46729
4.22288
3.98884
3.76492
3.55089
3.34651
3.15151
2.96565
2.78865
2.62025
2.46017
2.30816
2.16392
2.02719
1.8977
1.77518
1.65935
1.54995
1.44671
1.34939
1.25771
1.17145
1.09034
1.01416
0.942667
0.875644
0.812871
0.754135
0.699234
0.647969
0.600152
0.5556
0.51414
0.475605
0.439835
0.40668
0.375994
0.347642
0.321494
0.29743
0.275334
0.2551
0.236627
0.219823
0.204602
0.190885
0.178599
0.167678
0.158064
0.149704
0.142552
0.136567
0.131716
0.127971
0.125312
0.123722
0.123193
