25
24.9516
24.9033
24.855
24.8067
24.7585
24.7103
24.6622
24.6142
24.5663
24.5185
24.4708
24.4233
24.3758
24.3286
24.2815
24.2346
24.1879
24.1414
24.0951
24.0491
24.0033
23.9577
23.9124
23.8673
23.8226
23.7782
23.734
23.6902
23.6467
23.6035
23.5607
23.5183
23.4762
23.4346
23.3933
23.3524
23.3119
23.2719
23.2323
23.1931
23.1544
23.1161
23.0784
23.0411
23.0043
22.968
22.9322
22.897
22.8622
22.828
22.7944
22.7613
22.7288
22.6968
22.6655
22.6347
22.6045
22.5749
22.5459
22.5176
22.4898
22.4627
22.4363
22.4104
22.3853
22.3608
22.3369
22.3137
22.2912
22.2694
22.2483
22.2279
22.2081
22.1891
22.1708
22.1532
22.1363
22.1201
22.1046
22.0899
22.0759
22.0627
22.0501
22.0384
22.0274
22.0171
22.0075
21.9988
21.9908
21.9835
21.977
21.9712
21.9663
21.9621
21.9586
21.9559
21.954
21.9529
21.9525
