25
24.9789
24.9578
24.9367
24.9157
24.8946
24.8736
24.8527
24.8317
24.8108
24.79
24.7691
24.7484
24.7277
24.7071
24.6866
24.6661
24.6457
24.6255
24.6053
24.5852
24.5652
24.5453
24.5256
24.5059
24.4864
24.467
24.4477
24.4286
24.4097
24.3908
24.3722
24.3536
24.3353
24.3171
24.2991
24.2813
24.2636
24.2461
24.2289
24.2118
24.1949
24.1782
24.1617
24.1455
24.1294
24.1136
24.098
24.0826
24.0674
24.0525
24.0379
24.0234
24.0092
23.9953
23.9816
23.9682
23.955
23.9421
23.9295
23.9171
23.905
23.8932
23.8816
23.8704
23.8594
23.8487
23.8383
23.8282
23.8184
23.8089
23.7996
23.7907
23.7821
23.7738
23.7658
23.7581
23.7508
23.7437
23.737
23.7305
23.7244
23.7187
23.7132
23.7081
23.7033
23.6988
23.6946
23.6908
23.6873
23.6841
23.6813
23.6788
23.6766
23.6748
23.6733
23.6721
23.6713
23.6708
23.6706
