25
24.976
24.952
24.928
24.904
24.8801
24.8562
24.8323
24.8085
24.7847
24.7609
24.7373
24.7136
24.6901
24.6667
24.6433
24.62
24.5968
24.5737
24.5507
24.5279
24.5051
24.4825
24.46
24.4376
24.4154
24.3934
24.3714
24.3497
24.3281
24.3067
24.2854
24.2643
24.2435
24.2228
24.2023
24.182
24.1619
24.142
24.1223
24.1029
24.0837
24.0647
24.0459
24.0274
24.0091
23.9911
23.9734
23.9558
23.9386
23.9216
23.9049
23.8885
23.8723
23.8565
23.8409
23.8256
23.8106
23.7959
23.7816
23.7675
23.7537
23.7402
23.7271
23.7143
23.7018
23.6896
23.6778
23.6663
23.6551
23.6443
23.6338
23.6236
23.6138
23.6044
23.5953
23.5865
23.5782
23.5701
23.5625
23.5551
23.5482
23.5416
23.5354
23.5296
23.5241
23.519
23.5143
23.5099
23.5059
23.5023
23.4991
23.4962
23.4938
23.4917
23.49
23.4886
23.4877
23.4871
23.4869
