25
24.9023
24.8046
24.707
24.6094
24.5119
24.4146
24.3174
24.2204
24.1236
24.027
23.9306
23.8345
23.7387
23.6432
23.5481
23.4533
23.3589
23.265
23.1714
23.0784
22.9858
22.8937
22.8021
22.7111
22.6207
22.5309
22.4417
22.3531
22.2652
22.178
22.0915
22.0058
21.9208
21.8365
21.7531
21.6705
21.5887
21.5078
21.4277
21.3486
21.2704
21.1931
21.1168
21.0414
20.9671
20.8937
20.8214
20.7502
20.68
20.6109
20.5429
20.476
20.4103
20.3457
20.2823
20.2201
20.1591
20.0993
20.0408
19.9835
19.9274
19.8727
19.8192
19.767
19.7161
19.6666
19.6184
19.5716
19.5261
19.4821
19.4394
19.3981
19.3582
19.3197
19.2827
19.2471
19.213
19.1803
19.149
19.1193
19.091
19.0642
19.0389
19.0151
18.9929
18.9721
18.9528
18.9351
18.9189
18.9042
18.8911
18.8795
18.8694
18.8609
18.854
18.8485
18.8447
18.8423
18.8416
