25
24.9261
24.8521
24.7783
24.7044
24.6307
24.557
24.4835
24.41
24.3368
24.2637
24.1907
24.118
24.0455
23.9733
23.9013
23.8296
23.7581
23.687
23.6163
23.5458
23.4758
23.4061
23.3368
23.2679
23.1995
23.1315
23.064
22.997
22.9305
22.8645
22.7991
22.7342
22.6698
22.6061
22.543
22.4804
22.4186
22.3573
22.2968
22.2369
22.1777
22.1192
22.0614
22.0044
21.9481
21.8926
21.8379
21.784
21.7309
21.6786
21.6272
21.5766
21.5268
21.478
21.43
21.3829
21.3367
21.2915
21.2472
21.2038
21.1614
21.12
21.0795
21.04
21.0015
20.9641
20.9276
20.8922
20.8577
20.8244
20.7921
20.7608
20.7306
20.7015
20.6735
20.6466
20.6207
20.596
20.5724
20.5499
20.5285
20.5082
20.4891
20.4711
20.4542
20.4385
20.4239
20.4105
20.3982
20.3871
20.3772
20.3684
20.3608
20.3543
20.3491
20.345
20.342
20.3403
20.3397
