25
24.6348
24.2697
23.9049
23.5405
23.1765
22.8133
22.4508
22.0891
21.7285
21.3691
21.0109
20.6541
20.2988
19.9451
19.5932
19.2432
18.8951
18.5492
18.2054
17.864
17.5249
17.1884
16.8546
16.5234
16.1951
15.8698
15.5474
15.2282
14.9122
14.5994
14.2901
13.9842
13.6818
13.3831
13.0881
12.7968
12.5093
12.2257
11.9461
11.6705
11.399
11.1317
10.8685
10.6095
10.3548
10.1045
9.8585
9.61693
9.37981
9.14717
8.91904
8.69546
8.47645
8.26204
8.05225
7.8471
7.64662
7.45082
7.25972
7.07332
6.89166
6.71472
6.54253
6.37509
6.21241
6.05448
5.90133
5.75294
5.60932
5.47047
5.33639
5.20707
5.08253
4.96274
4.84771
4.73744
4.63192
4.53114
4.4351
4.3438
4.25722
4.17537
4.09823
4.0258
3.95808
3.89506
3.83673
3.78309
3.73413
3.68986
3.65025
3.61531
3.58504
3.55944
3.53849
3.5222
3.51056
3.50358
3.50126
