25
24.6398
24.2797
23.9198
23.5603
23.2013
22.843
22.4854
22.1286
21.7728
21.4181
21.0647
20.7126
20.3619
20.0129
19.6655
19.3199
18.9763
18.6346
18.2951
17.9579
17.623
17.2905
16.9606
16.6333
16.3088
15.9871
15.6684
15.3527
15.04
14.7306
14.4245
14.1217
13.8224
13.5266
13.2343
12.9457
12.6609
12.3798
12.1026
11.8294
11.5601
11.2948
11.0336
10.7765
10.5237
10.275
10.0307
9.79063
9.55494
9.32364
9.09677
8.87435
8.65643
8.44302
8.23415
8.02985
7.83014
7.63503
7.44456
7.25873
7.07756
6.90106
6.72925
6.56213
6.39972
6.24202
6.08904
5.94078
5.79725
5.65846
5.5244
5.39507
5.27048
5.15063
5.03551
4.92513
4.81948
4.71856
4.62237
4.5309
4.44416
4.36213
4.28481
4.21221
4.14431
4.08112
4.02262
3.96882
3.91971
3.87529
3.83555
3.8005
3.77012
3.74442
3.7234
3.70705
3.69537
3.68837
3.68603
