25
24.922
24.8441
24.7662
24.6883
24.6105
24.5329
24.4553
24.3779
24.3006
24.2235
24.1466
24.0699
23.9935
23.9173
23.8414
23.7657
23.6904
23.6154
23.5408
23.4665
23.3926
23.3192
23.2461
23.1735
23.1013
23.0297
22.9585
22.8878
22.8177
22.7481
22.6791
22.6106
22.5428
22.4756
22.409
22.3431
22.2778
22.2132
22.1493
22.0862
22.0238
21.9621
21.9012
21.8411
21.7817
21.7232
21.6655
21.6087
21.5526
21.4975
21.4433
21.3899
21.3374
21.2859
21.2353
21.1857
21.137
21.0893
21.0426
20.9968
20.9521
20.9084
20.8657
20.8241
20.7835
20.744
20.7055
20.6682
20.6319
20.5967
20.5626
20.5297
20.4978
20.4672
20.4376
20.4092
20.3819
20.3559
20.3309
20.3072
20.2846
20.2633
20.2431
20.2241
20.2063
20.1897
20.1744
20.1602
20.1473
20.1356
20.1251
20.1158
20.1078
20.101
20.0955
20.0911
20.088
20.0862
20.0856
