25
24.7801
24.5603
24.3406
24.121
23.9017
23.6827
23.464
23.2456
23.0278
22.8104
22.5936
22.3774
22.1619
21.9471
21.733
21.5198
21.3075
21.0961
20.8857
20.6764
20.4682
20.2611
20.0552
19.8506
19.6473
19.4453
19.2447
19.0457
18.8481
18.6521
18.4577
18.2649
18.0739
17.8846
17.6971
17.5115
17.3278
17.146
16.9662
16.7885
16.6128
16.4392
16.2679
16.0987
15.9318
15.7671
15.6048
15.4449
15.2874
15.1324
14.9798
14.8298
14.6823
14.5375
14.3953
14.2557
14.1189
13.9848
13.8535
13.7251
13.5994
13.4766
13.3568
13.2398
13.1259
13.0149
12.9069
12.802
12.7001
12.6014
12.5057
12.4132
12.3239
12.2377
12.1548
12.0751
11.9986
11.9254
11.8555
11.7889
11.7256
11.6656
11.609
11.5558
11.5059
11.4594
11.4163
11.3766
11.3404
11.3075
11.2781
11.2522
11.2296
11.2106
11.195
11.1829
11.1742
11.169
11.1672
