25
24.6719
24.3439
24.0161
23.6886
23.3614
23.0348
22.7088
22.3835
22.059
21.7353
21.4127
21.0911
20.7708
20.4517
20.134
19.8177
19.503
19.1899
18.8786
18.5691
18.2616
17.956
17.6525
17.3512
17.0522
16.7555
16.4612
16.1694
15.8802
15.5937
15.3099
15.0289
14.7507
14.4756
14.2034
13.9343
13.6684
13.4056
13.1462
12.89
12.6373
12.388
12.1423
11.9
11.6615
11.4265
11.1953
10.9678
10.7442
10.5244
10.3085
10.0966
9.88857
9.6846
9.48469
9.28886
9.09716
8.90961
8.72624
8.54709
8.37219
8.20156
8.03522
7.87321
7.71554
7.56224
7.41333
7.26883
7.12876
6.99313
6.86197
6.73529
6.6131
6.49542
6.38227
6.27365
6.16957
6.07005
5.9751
5.88473
5.79895
5.71776
5.64117
5.56919
5.50183
5.43908
5.38097
5.32749
5.27864
5.23444
5.19487
5.15996
5.12969
5.10408
5.08312
5.06682
5.05517
5.04819
5.04586
