25
24.8486
24.6972
24.5459
24.3947
24.2436
24.0928
23.9421
23.7918
23.6417
23.492
23.3427
23.1938
23.0453
22.8973
22.7499
22.603
22.4568
22.3111
22.1662
22.0219
21.8785
21.7358
21.5939
21.4529
21.3127
21.1735
21.0353
20.8981
20.7619
20.6267
20.4927
20.3598
20.2281
20.0975
19.9682
19.8402
19.7135
19.5881
19.4641
19.3414
19.2202
19.1004
18.9822
18.8654
18.7502
18.6366
18.5245
18.4141
18.3054
18.1983
18.093
17.9893
17.8875
17.7874
17.6892
17.5928
17.4983
17.4056
17.3149
17.2261
17.1393
17.0544
16.9715
16.8907
16.8119
16.7352
16.6605
16.588
16.5175
16.4492
16.3831
16.3191
16.2573
16.1977
16.1403
16.0852
16.0323
15.9816
15.9332
15.8871
15.8433
15.8018
15.7626
15.7258
15.6913
15.6591
15.6293
15.6018
15.5767
15.5539
15.5336
15.5156
15.5
15.4868
15.476
15.4676
15.4616
15.458
15.4568
