25
24.9186
24.8372
24.7559
24.6746
24.5934
24.5123
24.4313
24.3504
24.2698
24.1893
24.109
24.0289
23.9491
23.8696
23.7903
23.7113
23.6327
23.5544
23.4765
23.3989
23.3218
23.2451
23.1688
23.093
23.0176
22.9428
22.8685
22.7947
22.7215
22.6488
22.5767
22.5053
22.4345
22.3643
22.2948
22.2259
22.1578
22.0904
22.0237
21.9577
21.8926
21.8282
21.7646
21.7018
21.6399
21.5788
21.5185
21.4592
21.4007
21.3431
21.2865
21.2308
21.176
21.1222
21.0694
21.0175
20.9667
20.9169
20.8681
20.8203
20.7737
20.728
20.6835
20.64
20.5976
20.5564
20.5162
20.4772
20.4393
20.4026
20.367
20.3326
20.2994
20.2673
20.2365
20.2068
20.1784
20.1511
20.1251
20.1003
20.0768
20.0545
20.0334
20.0136
19.995
19.9777
19.9617
19.9469
19.9334
19.9212
19.9102
19.9005
19.8922
19.8851
19.8793
19.8747
19.8715
19.8696
19.8689
