25
24.755
24.5101
24.2654
24.0208
23.7764
23.5324
23.2888
23.0456
22.8029
22.5608
22.3193
22.0785
21.8384
21.5992
21.3608
21.1234
20.887
20.6516
20.4174
20.1843
19.9525
19.722
19.4928
19.2651
19.0388
18.8141
18.5909
18.3694
18.1496
17.9316
17.7153
17.501
17.2885
17.078
16.8696
16.6632
16.459
16.2569
16.0571
15.8596
15.6644
15.4716
15.2812
15.0933
14.9079
14.7251
14.5449
14.3673
14.1925
14.0204
13.8511
13.6846
13.521
13.3603
13.2025
13.0477
12.896
12.7473
12.6017
12.4593
12.32
12.1839
12.051
11.9214
11.7951
11.6722
11.5525
11.4363
11.3235
11.2141
11.1082
11.0058
10.9068
10.8115
10.7197
10.6314
10.5468
10.4658
10.3884
10.3147
10.2446
10.1783
10.1157
10.0567
10.0016
9.95013
9.90246
9.85857
9.81846
9.78214
9.74962
9.72091
9.69601
9.67493
9.65768
9.64426
9.63467
9.62892
9.627
