25
24.9617
24.9234
24.885
24.8468
24.8085
24.7704
24.7322
24.6942
24.6562
24.6183
24.5805
24.5428
24.5052
24.4678
24.4304
24.3933
24.3562
24.3194
24.2827
24.2462
24.2099
24.1737
24.1378
24.1021
24.0667
24.0314
23.9964
23.9617
23.9272
23.893
23.8591
23.8254
23.7921
23.759
23.7263
23.6939
23.6618
23.6301
23.5987
23.5676
23.5369
23.5066
23.4767
23.4471
23.418
23.3892
23.3608
23.3329
23.3054
23.2782
23.2516
23.2253
23.1996
23.1742
23.1494
23.125
23.101
23.0776
23.0546
23.0321
23.0101
22.9886
22.9677
22.9472
22.9273
22.9078
22.8889
22.8706
22.8527
22.8354
22.8187
22.8025
22.7868
22.7717
22.7572
22.7433
22.7299
22.717
22.7048
22.6931
22.682
22.6715
22.6616
22.6523
22.6435
22.6354
22.6278
22.6209
22.6145
22.6088
22.6036
22.5991
22.5951
22.5918
22.589
22.5869
22.5854
22.5845
22.5842
