25
24.2701
23.5411
22.8142
22.0902
21.3703
20.6552
19.946
19.2437
18.549
17.8628
17.186
16.5193
15.8634
15.2192
14.5872
13.968
13.3622
12.7703
12.1928
11.63
11.0824
10.5502
10.0337
9.533
9.04837
8.57987
8.12757
7.69147
7.27153
6.86769
6.47982
6.10777
5.75136
5.41036
5.08451
4.77354
4.47714
4.19498
3.92671
3.67197
3.43036
3.20149
2.98495
2.78033
2.5872
2.40514
2.23371
2.07249
1.92104
1.77895
1.64578
1.52112
1.40457
1.29571
1.19416
1.09954
1.01146
0.929568
0.853515
0.782962
0.717581
0.65706
0.601099
0.54941
0.501718
0.457762
0.417291
0.380071
0.345876
0.314494
0.285725
0.25938
0.235282
0.213263
0.193168
0.17485
0.158173
0.143008
0.129238
0.116752
0.105449
0.0952348
0.0860219
0.0777308
0.0702882
0.0636275
0.0576876
0.0524135
0.0477556
0.0436693
0.0401151
0.0370583
0.0344687
0.0323203
0.0305915
0.0292649
0.0283269
0.0277679
0.0275822
