25
24.6523
24.3047
23.9573
23.6102
23.2636
22.9176
22.5723
22.2277
21.8841
21.5414
21.1999
20.8596
20.5207
20.1832
19.8473
19.513
19.1805
18.8499
18.5212
18.1946
17.8702
17.548
17.2282
16.9108
16.596
16.2838
15.9743
15.6676
15.3639
15.063
14.7653
14.4706
14.1792
13.891
13.6062
13.3248
13.0469
12.7725
12.5018
12.2347
11.9714
11.7118
11.4561
11.2044
10.9565
10.7127
10.4729
10.2372
10.0056
9.77818
9.55499
9.33604
9.12138
8.91104
8.70504
8.50342
8.3062
8.11341
7.92508
7.74122
7.56187
7.38703
7.21673
7.05098
6.8898
6.7332
6.5812
6.43381
6.29104
6.1529
6.0194
5.89055
5.76634
5.64681
5.53193
5.42173
5.3162
5.21535
5.11919
5.0277
4.94091
4.8588
4.78139
4.70866
4.64063
4.57729
4.51864
4.46468
4.41542
4.37085
4.33097
4.29578
4.26529
4.23949
4.21838
4.20196
4.19023
4.18319
4.18085
