25
24.8816
24.7631
24.6448
24.5265
24.4084
24.2904
24.1725
24.0549
23.9375
23.8204
23.7036
23.5871
23.471
23.3553
23.2399
23.125
23.0106
22.8967
22.7833
22.6705
22.5583
22.4466
22.3356
22.2253
22.1157
22.0068
21.8987
21.7913
21.6848
21.5791
21.4742
21.3703
21.2672
21.1651
21.064
20.9638
20.8647
20.7666
20.6696
20.5736
20.4788
20.3851
20.2926
20.2013
20.1111
20.0222
19.9346
19.8482
19.7631
19.6794
19.597
19.5159
19.4362
19.3579
19.2811
19.2057
19.1317
19.0592
18.9883
18.9188
18.8508
18.7845
18.7196
18.6564
18.5947
18.5347
18.4763
18.4195
18.3644
18.311
18.2592
18.2092
18.1608
18.1142
18.0693
18.0261
17.9847
17.9451
17.9073
17.8712
17.8369
17.8045
17.7738
17.745
17.718
17.6928
17.6694
17.648
17.6283
17.6105
17.5946
17.5805
17.5683
17.558
17.5496
17.543
17.5383
17.5355
17.5345
