25
24.4631
23.9267
23.391
22.8565
22.3236
21.7926
21.2639
20.738
20.2152
19.6958
19.1802
18.6687
18.1617
17.6596
17.1626
16.671
16.1852
15.7053
15.2318
14.7648
14.3047
13.8515
13.4056
12.9671
12.5363
12.1133
11.6983
11.2914
10.8927
10.5024
10.1205
9.74722
9.38254
9.02654
8.67926
8.34074
8.01098
7.68999
7.37777
7.07429
6.77952
6.49341
6.21591
5.94695
5.68646
5.43434
5.19051
4.95487
4.72729
4.50766
4.29587
4.09176
3.89522
3.70609
3.52423
3.34949
3.18172
3.02075
2.86642
2.71858
2.57706
2.4417
2.31233
2.18878
2.07089
1.9585
1.85145
1.74956
1.65269
1.56068
1.47336
1.39059
1.31222
1.2381
1.16809
1.10206
1.03986
0.98138
0.926481
0.875048
0.826964
0.782121
0.740413
0.70174
0.66601
0.633134
0.603028
0.575617
0.550829
0.528599
0.508869
0.491585
0.4767
0.464175
0.453974
0.446069
0.440438
0.437066
0.435943
