25
24.9647
24.9295
24.8942
24.859
24.8238
24.7886
24.7536
24.7185
24.6836
24.6487
24.6139
24.5792
24.5446
24.5101
24.4758
24.4416
24.4075
24.3736
24.3398
24.3062
24.2728
24.2395
24.2065
24.1736
24.141
24.1085
24.0763
24.0443
24.0126
23.9811
23.9499
23.9189
23.8882
23.8578
23.8277
23.7979
23.7684
23.7391
23.7102
23.6817
23.6534
23.6255
23.598
23.5708
23.5439
23.5174
23.4913
23.4656
23.4403
23.4153
23.3908
23.3666
23.3429
23.3196
23.2967
23.2742
23.2522
23.2306
23.2095
23.1888
23.1685
23.1488
23.1295
23.1106
23.0923
23.0744
23.057
23.0401
23.0237
23.0078
22.9923
22.9774
22.963
22.9491
22.9358
22.9229
22.9106
22.8988
22.8875
22.8768
22.8666
22.8569
22.8478
22.8392
22.8311
22.8236
22.8167
22.8103
22.8044
22.7991
22.7944
22.7902
22.7866
22.7835
22.781
22.779
22.7776
22.7768
22.7765
