25
24.6225
24.2451
23.8679
23.4912
23.1151
22.7396
22.365
21.9914
21.6189
21.2476
20.8777
20.5093
20.1426
19.7776
19.4146
19.0535
18.6947
18.3381
17.9839
17.6322
17.2831
16.9368
16.5933
16.2528
15.9153
15.581
15.25
14.9223
14.5981
14.2774
13.9604
13.6471
13.3376
13.032
12.7303
12.4326
12.1391
11.8497
11.5645
11.2836
11.0071
10.7349
10.4672
10.204
9.94527
9.69116
9.44166
9.19682
8.95665
8.7212
8.49049
8.26454
8.04338
7.82702
7.61549
7.40879
7.20695
7.00997
6.81785
6.63062
6.44826
6.27079
6.0982
5.9305
5.76768
5.60974
5.45667
5.30847
5.16513
5.02665
4.89301
4.76421
4.64023
4.52107
4.40671
4.29714
4.19235
4.09233
3.99707
3.90655
3.82076
3.73968
3.66332
3.59164
3.52465
3.46234
3.40468
3.35168
3.30332
3.25959
3.22049
3.186
3.15613
3.13086
3.1102
3.09413
3.08265
3.07577
3.07347
