25
24.9638
24.9276
24.8914
24.8552
24.819
24.783
24.7469
24.7109
24.675
24.6392
24.6035
24.5679
24.5324
24.497
24.4617
24.4265
24.3916
24.3567
24.322
24.2875
24.2532
24.2191
24.1851
24.1514
24.1178
24.0845
24.0515
24.0186
23.9861
23.9537
23.9217
23.8899
23.8583
23.8271
23.7962
23.7655
23.7352
23.7052
23.6755
23.6462
23.6172
23.5885
23.5602
23.5323
23.5047
23.4775
23.4507
23.4243
23.3983
23.3727
23.3475
23.3227
23.2983
23.2744
23.2509
23.2278
23.2052
23.183
23.1613
23.1401
23.1193
23.099
23.0791
23.0598
23.0409
23.0226
23.0047
22.9874
22.9705
22.9542
22.9383
22.923
22.9082
22.894
22.8802
22.867
22.8544
22.8423
22.8307
22.8196
22.8092
22.7992
22.7899
22.781
22.7728
22.7651
22.7579
22.7514
22.7454
22.7399
22.735
22.7307
22.727
22.7239
22.7213
22.7193
22.7178
22.717
22.7167
