25
24.9737
24.9475
24.9213
24.895
24.8688
24.8427
24.8166
24.7905
24.7645
24.7385
24.7126
24.6868
24.6611
24.6354
24.6098
24.5844
24.559
24.5338
24.5086
24.4836
24.4587
24.434
24.4094
24.3849
24.3606
24.3365
24.3125
24.2887
24.2651
24.2417
24.2184
24.1954
24.1725
24.1499
24.1275
24.1053
24.0833
24.0616
24.0401
24.0188
23.9978
23.977
23.9565
23.9362
23.9163
23.8966
23.8771
23.858
23.8391
23.8206
23.8023
23.7843
23.7666
23.7493
23.7323
23.7155
23.6991
23.6831
23.6673
23.6519
23.6369
23.6222
23.6078
23.5938
23.5801
23.5668
23.5539
23.5413
23.5291
23.5172
23.5057
23.4946
23.4839
23.4736
23.4636
23.4541
23.4449
23.4361
23.4277
23.4197
23.4121
23.4049
23.3981
23.3917
23.3857
23.3802
23.375
23.3702
23.3659
23.3619
23.3584
23.3553
23.3526
23.3503
23.3484
23.347
23.3459
23.3453
23.3451
