25
24.7176
24.4352
24.1531
23.8711
23.5895
23.3082
23.0274
22.7471
22.4674
22.1885
21.9102
21.6328
21.3564
21.0809
20.8064
20.5331
20.261
19.9901
19.7207
19.4526
19.186
18.921
18.6576
18.3959
18.1359
17.8778
17.6216
17.3674
17.1152
16.865
16.6171
16.3714
16.1279
15.8868
15.6481
15.4119
15.1782
14.947
14.7186
14.4928
14.2697
14.0495
13.8321
13.6177
13.4062
13.1977
12.9923
12.7899
12.5908
12.3948
12.2022
12.0128
11.8267
11.644
11.4648
11.289
11.1167
10.9479
10.7827
10.6212
10.4633
10.3091
10.1586
10.0118
9.86887
9.72973
9.59443
9.463
9.33547
9.21187
9.09222
8.97655
8.86488
8.75724
8.65364
8.55412
8.45868
8.36735
8.28015
8.19709
8.11819
8.04347
7.97293
7.90661
7.8445
7.78662
7.73299
7.6836
7.63848
7.59763
7.56106
7.52877
7.50078
7.47708
7.45769
7.4426
7.43182
7.42536
7.4232
