25
24.8665
24.7331
24.5997
24.4664
24.3333
24.2003
24.0675
23.935
23.8027
23.6707
23.5391
23.4078
23.277
23.1465
23.0166
22.8871
22.7582
22.6298
22.502
22.3749
22.2484
22.1226
21.9975
21.8732
21.7497
21.627
21.5051
21.3842
21.2641
21.145
21.0268
20.9097
20.7935
20.6785
20.5645
20.4516
20.3399
20.2294
20.12
20.0119
19.9051
19.7995
19.6952
19.5923
19.4907
19.3906
19.2918
19.1945
19.0986
19.0042
18.9113
18.82
18.7302
18.642
18.5554
18.4704
18.3871
18.3054
18.2254
18.1471
18.0706
17.9958
17.9227
17.8514
17.782
17.7143
17.6485
17.5845
17.5224
17.4622
17.4039
17.3475
17.293
17.2405
17.1899
17.1413
17.0946
17.05
17.0073
16.9667
16.928
16.8915
16.8569
16.8244
16.794
16.7656
16.7393
16.7151
16.693
16.6729
16.655
16.6391
16.6254
16.6138
16.6042
16.5968
16.5915
16.5884
16.5873
