25
24.9515
24.903
24.8545
24.8061
24.7577
24.7094
24.6611
24.6129
24.5648
24.5169
24.469
24.4213
24.3738
24.3264
24.2791
24.2321
24.1852
24.1386
24.0921
24.0459
23.9999
23.9542
23.9088
23.8636
23.8187
23.7741
23.7298
23.6858
23.6422
23.5989
23.556
23.5134
23.4712
23.4294
23.3879
23.3469
23.3063
23.2661
23.2264
23.1871
23.1483
23.1099
23.072
23.0346
22.9977
22.9612
22.9254
22.89
22.8551
22.8208
22.7871
22.7539
22.7212
22.6892
22.6577
22.6268
22.5965
22.5668
22.5378
22.5093
22.4815
22.4543
22.4277
22.4018
22.3766
22.352
22.3281
22.3048
22.2822
22.2604
22.2392
22.2187
22.1989
22.1798
22.1614
22.1437
22.1267
22.1105
22.095
22.0802
22.0662
22.0529
22.0403
22.0285
22.0175
22.0072
21.9976
21.9888
21.9807
21.9735
21.9669
21.9612
21.9562
21.952
21.9485
21.9458
21.9439
21.9427
21.9423
