25
24.8338
24.6677
24.5016
24.3357
24.1699
24.0044
23.8391
23.674
23.5094
23.3451
23.1812
23.0177
22.8548
22.6924
22.5306
22.3694
22.2089
22.0491
21.89
21.7317
21.5743
21.4177
21.262
21.1072
20.9534
20.8007
20.649
20.4984
20.3489
20.2006
20.0535
19.9077
19.7631
19.6199
19.478
19.3375
19.1985
19.0609
18.9248
18.7902
18.6572
18.5258
18.396
18.2679
18.1414
18.0167
17.8938
17.7726
17.6533
17.5358
17.4202
17.3066
17.1948
17.085
16.9772
16.8715
16.7677
16.6661
16.5665
16.4691
16.3738
16.2807
16.1898
16.1011
16.0146
15.9304
15.8485
15.7689
15.6916
15.6167
15.5441
15.4739
15.4061
15.3407
15.2778
15.2173
15.1592
15.1037
15.0506
15
14.9519
14.9064
14.8634
14.823
14.7851
14.7498
14.7171
14.6869
14.6594
14.6345
14.6121
14.5924
14.5753
14.5608
14.549
14.5398
14.5332
14.5292
14.5279
