25
24.9326
24.8653
24.7979
24.7307
24.6634
24.5963
24.5293
24.4624
24.3956
24.329
24.2625
24.1963
24.1302
24.0644
23.9988
23.9334
23.8683
23.8035
23.739
23.6749
23.611
23.5475
23.4844
23.4216
23.3593
23.2973
23.2358
23.1747
23.1141
23.054
22.9944
22.9352
22.8766
22.8185
22.761
22.704
22.6476
22.5918
22.5366
22.482
22.4281
22.3748
22.3222
22.2702
22.2189
22.1684
22.1185
22.0694
22.021
21.9733
21.9264
21.8803
21.835
21.7905
21.7468
21.7039
21.6618
21.6206
21.5802
21.5407
21.502
21.4642
21.4274
21.3914
21.3563
21.3222
21.2889
21.2566
21.2253
21.1949
21.1654
21.137
21.1095
21.0829
21.0574
21.0329
21.0093
20.9868
20.9652
20.9447
20.9252
20.9067
20.8893
20.8729
20.8575
20.8432
20.8299
20.8177
20.8065
20.7964
20.7874
20.7794
20.7724
20.7665
20.7617
20.758
20.7553
20.7537
20.7532
