25
24.9306
24.8612
24.7918
24.7225
24.6532
24.5841
24.515
24.4461
24.3773
24.3087
24.2402
24.1719
24.1039
24.036
23.9684
23.9011
23.834
23.7673
23.7008
23.6347
23.5689
23.5035
23.4384
23.3738
23.3095
23.2457
23.1823
23.1194
23.057
22.995
22.9336
22.8726
22.8122
22.7524
22.6931
22.6344
22.5763
22.5188
22.4619
22.4057
22.3501
22.2952
22.241
22.1874
22.1346
22.0825
22.0311
21.9805
21.9307
21.8816
21.8333
21.7858
21.7391
21.6932
21.6481
21.6039
21.5606
21.5181
21.4765
21.4358
21.396
21.357
21.319
21.282
21.2458
21.2107
21.1764
21.1432
21.1109
21.0795
21.0492
21.0199
20.9915
20.9642
20.9379
20.9126
20.8883
20.8651
20.8429
20.8218
20.8017
20.7827
20.7647
20.7478
20.732
20.7172
20.7035
20.6909
20.6794
20.669
20.6596
20.6514
20.6443
20.6382
20.6333
20.6294
20.6266
20.625
20.6244
