25
24.9342
24.8684
24.8026
24.7368
24.6712
24.6056
24.5401
24.4747
24.4095
24.3444
24.2795
24.2147
24.1502
24.0859
24.0218
23.9579
23.8943
23.831
23.768
23.7053
23.6429
23.5809
23.5192
23.4579
23.3969
23.3364
23.2763
23.2167
23.1574
23.0987
23.0404
22.9826
22.9254
22.8686
22.8124
22.7567
22.7016
22.6471
22.5932
22.5398
22.4871
22.4351
22.3836
22.3329
22.2828
22.2334
22.1847
22.1367
22.0894
22.0428
21.997
21.952
21.9077
21.8642
21.8215
21.7795
21.7384
21.6981
21.6587
21.6201
21.5823
21.5454
21.5094
21.4742
21.44
21.4066
21.3741
21.3426
21.312
21.2823
21.2535
21.2257
21.1988
21.1729
21.1479
21.1239
21.1009
21.0789
21.0579
21.0378
21.0188
21.0007
20.9837
20.9677
20.9527
20.9387
20.9257
20.9137
20.9028
20.8929
20.8841
20.8763
20.8695
20.8638
20.8591
20.8554
20.8528
20.8512
20.8507
