25
24.9651
24.9302
24.8952
24.8604
24.8255
24.7907
24.756
24.7213
24.6867
24.6522
24.6177
24.5834
24.5491
24.515
24.481
24.4471
24.4134
24.3798
24.3463
24.3131
24.28
24.247
24.2143
24.1818
24.1495
24.1174
24.0855
24.0538
24.0224
23.9912
23.9603
23.9296
23.8993
23.8691
23.8393
23.8098
23.7806
23.7516
23.723
23.6947
23.6668
23.6391
23.6119
23.5849
23.5583
23.5321
23.5063
23.4808
23.4557
23.431
23.4067
23.3828
23.3593
23.3362
23.3136
23.2913
23.2695
23.2481
23.2272
23.2067
23.1867
23.1671
23.148
23.1293
23.1112
23.0935
23.0762
23.0595
23.0432
23.0275
23.0122
22.9975
22.9832
22.9695
22.9562
22.9435
22.9313
22.9196
22.9084
22.8978
22.8877
22.8781
22.8691
22.8606
22.8526
22.8452
22.8383
22.832
22.8262
22.8209
22.8162
22.8121
22.8085
22.8054
22.803
22.801
22.7996
22.7988
22.7985
