25
24.9095
24.819
24.7285
24.6381
24.5478
24.4576
24.3676
24.2777
24.188
24.0985
24.0092
23.9201
23.8314
23.7429
23.6548
23.567
23.4795
23.3925
23.3058
23.2196
23.1338
23.0485
22.9636
22.8793
22.7955
22.7123
22.6297
22.5476
22.4662
22.3854
22.3053
22.2258
22.147
22.069
21.9917
21.9151
21.8394
21.7644
21.6902
21.6169
21.5444
21.4728
21.4021
21.3323
21.2634
21.1955
21.1285
21.0625
20.9974
20.9334
20.8704
20.8085
20.7476
20.6878
20.629
20.5714
20.5148
20.4595
20.4052
20.3521
20.3002
20.2494
20.1999
20.1515
20.1044
20.0585
20.0139
19.9705
19.9284
19.8875
19.848
19.8097
19.7728
19.7371
19.7028
19.6698
19.6382
19.6079
19.579
19.5514
19.5252
19.5004
19.477
19.4549
19.4343
19.415
19.3972
19.3808
19.3658
19.3522
19.34
19.3292
19.3199
19.312
19.3056
19.3006
19.297
19.2948
19.2941
