25
24.9442
24.8885
24.8328
24.7771
24.7214
24.6659
24.6104
24.555
24.4998
24.4446
24.3896
24.3348
24.2801
24.2256
24.1713
24.1172
24.0634
24.0097
23.9563
23.9032
23.8504
23.7978
23.7456
23.6936
23.642
23.5908
23.5398
23.4893
23.4391
23.3894
23.34
23.2911
23.2425
23.1945
23.1468
23.0997
23.053
23.0068
22.9611
22.916
22.8713
22.8272
22.7836
22.7406
22.6982
22.6564
22.6151
22.5744
22.5344
22.4949
22.4561
22.418
22.3804
22.3436
22.3074
22.2719
22.2371
22.2029
22.1695
22.1368
22.1048
22.0736
22.043
22.0133
21.9842
21.956
21.9285
21.9017
21.8758
21.8506
21.8263
21.8027
21.7799
21.758
21.7368
21.7165
21.697
21.6784
21.6606
21.6436
21.6274
21.6122
21.5977
21.5841
21.5714
21.5596
21.5486
21.5385
21.5292
21.5208
21.5133
21.5067
21.501
21.4961
21.4921
21.489
21.4868
21.4855
21.4851
