25
24.9747
24.9494
24.9241
24.8988
24.8735
24.8483
24.8231
24.798
24.7729
24.7479
24.7229
24.698
24.6732
24.6485
24.6238
24.5993
24.5748
24.5505
24.5262
24.5021
24.4781
24.4543
24.4306
24.407
24.3835
24.3603
24.3372
24.3142
24.2914
24.2689
24.2464
24.2242
24.2022
24.1804
24.1588
24.1374
24.1162
24.0952
24.0745
24.054
24.0337
24.0137
23.9939
23.9744
23.9551
23.9361
23.9174
23.8989
23.8807
23.8628
23.8452
23.8279
23.8109
23.7941
23.7777
23.7616
23.7458
23.7303
23.7151
23.7003
23.6857
23.6716
23.6577
23.6442
23.631
23.6182
23.6057
23.5936
23.5818
23.5704
23.5593
23.5486
23.5383
23.5283
23.5187
23.5095
23.5006
23.4922
23.4841
23.4764
23.469
23.4621
23.4555
23.4494
23.4436
23.4382
23.4332
23.4286
23.4244
23.4206
23.4172
23.4142
23.4116
23.4094
23.4076
23.4062
23.4052
23.4046
23.4044
