25
24.7235
24.4471
24.1709
23.8949
23.6191
23.3438
23.0689
22.7945
22.5207
22.2475
21.9751
21.7035
21.4328
21.163
20.8943
20.6266
20.3602
20.0949
19.831
19.5684
19.3073
19.0477
18.7897
18.5333
18.2786
18.0257
17.7747
17.5256
17.2784
17.0333
16.7903
16.5494
16.3107
16.0744
15.8404
15.6087
15.3796
15.1529
14.9289
14.7074
14.4886
14.2726
14.0593
13.8489
13.6414
13.4368
13.2352
13.0367
12.8412
12.6488
12.4596
12.2737
12.091
11.9116
11.7355
11.5629
11.3937
11.2279
11.0656
10.9069
10.7517
10.6002
10.4523
10.3081
10.1675
10.0308
9.89774
9.76853
9.64314
9.5216
9.40394
9.29019
9.18036
9.07448
8.97258
8.87468
8.78079
8.69094
8.60514
8.52342
8.44578
8.37225
8.30284
8.23757
8.17645
8.11948
8.06669
8.01809
7.97367
7.93346
7.89746
7.86568
7.83813
7.8148
7.79571
7.78085
7.77024
7.76387
7.76175
