25
24.9296
24.8593
24.789
24.7188
24.6486
24.5785
24.5085
24.4387
24.369
24.2994
24.23
24.1609
24.0919
24.0231
23.9546
23.8864
23.8184
23.7508
23.6834
23.6164
23.5498
23.4835
23.4176
23.352
23.2869
23.2223
23.158
23.0943
23.031
22.9682
22.9059
22.8442
22.783
22.7223
22.6623
22.6028
22.5439
22.4856
22.428
22.371
22.3147
22.2591
22.2041
22.1499
22.0963
22.0435
21.9915
21.9402
21.8896
21.8399
21.7909
21.7428
21.6955
21.649
21.6033
21.5586
21.5146
21.4716
21.4294
21.3882
21.3478
21.3084
21.2699
21.2323
21.1957
21.16
21.1253
21.0916
21.0589
21.0271
20.9964
20.9667
20.938
20.9103
20.8836
20.858
20.8334
20.8098
20.7874
20.7659
20.7456
20.7263
20.7081
20.691
20.6749
20.66
20.6461
20.6333
20.6217
20.6111
20.6017
20.5933
20.5861
20.5799
20.5749
20.571
20.5682
20.5665
20.566
