25
24.8145
24.6291
24.4438
24.2586
24.0737
23.8889
23.7044
23.5203
23.3365
23.1532
22.9703
22.7879
22.6061
22.4249
22.2443
22.0644
21.8853
21.707
21.5295
21.3528
21.1771
21.0024
20.8286
20.656
20.4844
20.3139
20.1447
19.9766
19.8098
19.6444
19.4803
19.3175
19.1563
18.9964
18.8381
18.6814
18.5263
18.3727
18.2209
18.0707
17.9224
17.7758
17.631
17.488
17.347
17.2079
17.0708
16.9356
16.8025
16.6715
16.5425
16.4157
16.2911
16.1686
16.0484
15.9304
15.8147
15.7013
15.5903
15.4816
15.3753
15.2715
15.1701
15.0712
14.9747
14.8808
14.7895
14.7007
14.6145
14.5309
14.45
14.3717
14.2961
14.2232
14.153
14.0855
14.0208
13.9588
13.8996
13.8432
13.7897
13.7389
13.691
13.6459
13.6036
13.5643
13.5278
13.4942
13.4635
13.4357
13.4107
13.3888
13.3697
13.3536
13.3403
13.3301
13.3227
13.3183
13.3168
