25
24.9752
24.9504
24.9256
24.9008
24.876
24.8513
24.8266
24.802
24.7774
24.7529
24.7284
24.704
24.6797
24.6554
24.6312
24.6072
24.5832
24.5593
24.5356
24.5119
24.4884
24.465
24.4418
24.4187
24.3957
24.3729
24.3502
24.3277
24.3054
24.2833
24.2613
24.2395
24.2179
24.1965
24.1753
24.1544
24.1336
24.113
24.0927
24.0726
24.0527
24.0331
24.0137
23.9946
23.9757
23.9571
23.9387
23.9206
23.9028
23.8852
23.868
23.851
23.8343
23.8179
23.8018
23.786
23.7705
23.7553
23.7404
23.7259
23.7117
23.6977
23.6842
23.6709
23.658
23.6454
23.6332
23.6213
23.6097
23.5985
23.5877
23.5772
23.5671
23.5573
23.5479
23.5389
23.5302
23.5219
23.514
23.5064
23.4992
23.4924
23.486
23.4799
23.4743
23.469
23.4641
23.4596
23.4555
23.4518
23.4484
23.4455
23.4429
23.4408
23.439
23.4376
23.4366
23.4361
23.4359
