25
24.9654
24.9308
24.8963
24.8618
24.8273
24.7928
24.7584
24.7241
24.6898
24.6556
24.6215
24.5875
24.5536
24.5198
24.4861
24.4526
24.4192
24.3859
24.3528
24.3199
24.2871
24.2545
24.2221
24.1899
24.1579
24.1261
24.0945
24.0632
24.0321
24.0012
23.9706
23.9402
23.9102
23.8804
23.8508
23.8216
23.7926
23.764
23.7357
23.7077
23.68
23.6526
23.6256
23.5989
23.5726
23.5467
23.5211
23.4959
23.471
23.4466
23.4225
23.3988
23.3756
23.3527
23.3303
23.3083
23.2867
23.2655
23.2448
23.2245
23.2047
23.1853
23.1663
23.1479
23.1299
23.1123
23.0953
23.0787
23.0626
23.047
23.0319
23.0173
23.0032
22.9896
22.9765
22.9639
22.9518
22.9402
22.9292
22.9186
22.9086
22.8991
22.8902
22.8818
22.8739
22.8665
22.8597
22.8534
22.8477
22.8425
22.8379
22.8338
22.8302
22.8272
22.8247
22.8228
22.8214
22.8206
22.8203
