25
24.7264
24.4529
24.1796
23.9065
23.6336
23.3612
23.0891
22.8176
22.5467
22.2764
22.0068
21.7381
21.4702
21.2032
20.9372
20.6724
20.4087
20.1461
19.8849
19.6251
19.3666
19.1097
18.8543
18.6005
18.3484
18.0981
17.8496
17.603
17.3583
17.1157
16.8751
16.6366
16.4003
16.1663
15.9346
15.7052
15.4783
15.2539
15.032
14.8127
14.596
14.382
14.1708
13.9624
13.7569
13.5542
13.3545
13.1578
12.9641
12.7736
12.5862
12.4019
12.2209
12.0431
11.8687
11.6976
11.5299
11.3656
11.2048
11.0475
10.8937
10.7435
10.5969
10.4539
10.3146
10.179
10.0472
9.91907
9.79476
9.67426
9.55761
9.44482
9.33592
9.23094
9.1299
9.03281
8.93971
8.8506
8.76552
8.68447
8.60747
8.53455
8.46571
8.40097
8.34035
8.28385
8.23149
8.18328
8.13923
8.09934
8.06363
8.03211
8.00477
7.98164
7.9627
7.94796
7.93744
7.93112
7.92901
