25
24.977
24.954
24.931
24.9081
24.8852
24.8622
24.8394
24.8165
24.7938
24.771
24.7483
24.7257
24.7032
24.6807
24.6583
24.636
24.6138
24.5917
24.5697
24.5478
24.526
24.5043
24.4828
24.4614
24.4401
24.419
24.398
24.3771
24.3565
24.3359
24.3156
24.2954
24.2754
24.2556
24.2359
24.2165
24.1973
24.1782
24.1594
24.1408
24.1223
24.1042
24.0862
24.0685
24.051
24.0337
24.0167
23.9999
23.9834
23.9672
23.9512
23.9354
23.92
23.9048
23.8898
23.8752
23.8608
23.8468
23.833
23.8195
23.8063
23.7934
23.7809
23.7686
23.7566
23.745
23.7336
23.7226
23.7119
23.7015
23.6915
23.6818
23.6724
23.6633
23.6546
23.6462
23.6382
23.6305
23.6232
23.6162
23.6095
23.6032
23.5972
23.5916
23.5864
23.5815
23.577
23.5728
23.569
23.5655
23.5625
23.5597
23.5574
23.5554
23.5537
23.5524
23.5515
23.551
23.5508
