25
24.9404
24.8808
24.8213
24.7618
24.7023
24.643
24.5837
24.5245
24.4654
24.4065
24.3478
24.2891
24.2307
24.1725
24.1145
24.0567
23.9991
23.9418
23.8847
23.828
23.7715
23.7153
23.6595
23.604
23.5488
23.4941
23.4396
23.3856
23.332
23.2788
23.2261
23.1738
23.1219
23.0706
23.0197
22.9693
22.9194
22.8701
22.8212
22.773
22.7253
22.6781
22.6316
22.5856
22.5403
22.4955
22.4514
22.408
22.3652
22.323
22.2816
22.2408
22.2007
22.1613
22.1226
22.0847
22.0475
22.011
21.9753
21.9403
21.9062
21.8728
21.8401
21.8083
21.7773
21.7471
21.7177
21.6891
21.6614
21.6345
21.6085
21.5833
21.559
21.5355
21.5129
21.4912
21.4704
21.4505
21.4314
21.4133
21.396
21.3797
21.3643
21.3498
21.3362
21.3235
21.3118
21.3009
21.2911
21.2821
21.2741
21.267
21.2609
21.2557
21.2514
21.2481
21.2458
21.2443
21.2439
