25
24.9742
24.9484
24.9226
24.8968
24.871
24.8453
24.8196
24.7939
24.7684
24.7428
24.7174
24.692
24.6666
24.6414
24.6163
24.5912
24.5663
24.5414
24.5167
24.4921
24.4676
24.4433
24.4191
24.3951
24.3712
24.3474
24.3238
24.3004
24.2772
24.2542
24.2313
24.2086
24.1862
24.1639
24.1418
24.12
24.0984
24.077
24.0559
24.0349
24.0143
23.9938
23.9737
23.9537
23.9341
23.9147
23.8956
23.8768
23.8582
23.84
23.822
23.8043
23.7869
23.7699
23.7531
23.7367
23.7206
23.7048
23.6893
23.6741
23.6593
23.6448
23.6307
23.6169
23.6035
23.5904
23.5776
23.5653
23.5533
23.5416
23.5303
23.5194
23.5089
23.4987
23.4889
23.4795
23.4705
23.4618
23.4536
23.4457
23.4382
23.4312
23.4245
23.4182
23.4123
23.4068
23.4017
23.397
23.3928
23.3889
23.3854
23.3823
23.3797
23.3774
23.3756
23.3742
23.3731
23.3725
23.3723
