25
24.8759
24.7519
24.6279
24.504
24.3802
24.2566
24.1332
24.01
23.887
23.7643
23.642
23.5199
23.3983
23.277
23.1562
23.0359
22.916
22.7967
22.6779
22.5597
22.4421
22.3252
22.2089
22.0934
21.9786
21.8645
21.7512
21.6388
21.5271
21.4164
21.3066
21.1977
21.0897
20.9827
20.8768
20.7719
20.668
20.5653
20.4636
20.3631
20.2638
20.1657
20.0687
19.973
19.8786
19.7855
19.6937
19.6032
19.5141
19.4263
19.34
19.2551
19.1716
19.0896
19.0091
18.9301
18.8527
18.7767
18.7024
18.6296
18.5584
18.4889
18.421
18.3547
18.2901
18.2272
18.1661
18.1066
18.0489
17.9929
17.9387
17.8862
17.8356
17.7867
17.7397
17.6945
17.6512
17.6096
17.57
17.5322
17.4963
17.4623
17.4302
17.4
17.3717
17.3453
17.3209
17.2983
17.2778
17.2591
17.2425
17.2277
17.215
17.2041
17.1953
17.1884
17.1835
17.1805
17.1795
