25
24.8471
24.6942
24.5413
24.3886
24.2361
24.0837
23.9316
23.7797
23.6281
23.4769
23.3261
23.1757
23.0257
22.8763
22.7274
22.579
22.4313
22.2842
22.1378
21.9921
21.8472
21.7031
21.5598
21.4174
21.2758
21.1352
20.9956
20.857
20.7194
20.5829
20.4476
20.3133
20.1803
20.0485
19.9179
19.7886
19.6606
19.5339
19.4086
19.2848
19.1624
19.0414
18.9219
18.804
18.6877
18.5729
18.4597
18.3482
18.2384
18.1302
18.0238
17.9192
17.8163
17.7153
17.6161
17.5187
17.4232
17.3296
17.238
17.1483
17.0606
16.9749
16.8912
16.8096
16.73
16.6525
16.5771
16.5038
16.4327
16.3637
16.2969
16.2322
16.1698
16.1096
16.0517
15.996
15.9425
15.8914
15.8425
15.796
15.7517
15.7098
15.6702
15.633
15.5981
15.5656
15.5355
15.5078
15.4824
15.4595
15.4389
15.4207
15.405
15.3917
15.3808
15.3723
15.3662
15.3626
15.3614
