25
24.6508
24.3016
23.9528
23.6042
23.2561
22.9086
22.5618
22.2158
21.8706
21.5266
21.1836
20.8419
20.5016
20.1627
19.8254
19.4897
19.1559
18.8239
18.4939
18.166
17.8403
17.5169
17.1959
16.8773
16.5613
16.2479
15.9373
15.6295
15.3246
15.0228
14.724
14.4283
14.1359
13.8468
13.5611
13.2788
13
12.7248
12.4532
12.1854
11.9213
11.661
11.4047
11.1522
10.9037
10.6592
10.4189
10.1826
9.95048
9.72257
9.49889
9.27949
9.0644
8.85364
8.64725
8.44527
8.24771
8.0546
7.86597
7.68183
7.50221
7.32713
7.1566
6.99065
6.82928
6.67251
6.52035
6.37281
6.22991
6.09165
5.95804
5.8291
5.70481
5.5852
5.47026
5.36
5.25443
5.15354
5.05734
4.96583
4.87901
4.79688
4.71945
4.64672
4.57868
4.51533
4.45668
4.40272
4.35346
4.30889
4.26902
4.23383
4.20334
4.17754
4.15644
4.14002
4.12829
4.12126
4.11891
