25
24.5527
24.1056
23.6589
23.213
22.7679
22.324
21.8815
21.4405
21.0013
20.5641
20.1291
19.6966
19.2667
18.8396
18.4156
17.9948
17.5775
17.1637
16.7537
16.3477
15.9457
15.5481
15.1549
14.7663
14.3824
14.0033
13.6293
13.2604
12.8967
12.5384
12.1855
11.8381
11.4964
11.1604
10.8302
10.5059
10.1874
9.87501
9.56859
9.26825
8.97401
8.6859
8.40395
8.12817
7.85858
7.59518
7.33797
7.08694
6.84208
6.60338
6.37081
6.14435
5.92397
5.70963
5.50129
5.29892
5.10246
4.91187
4.72709
4.54807
4.37475
4.20707
4.04497
3.88838
3.73724
3.59148
3.45103
3.31583
3.1858
3.06088
2.94099
2.82607
2.71604
2.61083
2.51038
2.41462
2.32349
2.23691
2.15482
2.07717
2.00388
1.93492
1.8702
1.8097
1.75335
1.7011
1.65291
1.60874
1.56854
1.53229
1.49994
1.47148
1.44686
1.42607
1.40908
1.39589
1.38648
1.38083
1.37895
