25
24.9299
24.8598
24.7897
24.7197
24.6498
24.5799
24.5102
24.4405
24.3711
24.3017
24.2326
24.1636
24.0949
24.0264
23.9581
23.8901
23.8224
23.7549
23.6878
23.621
23.5546
23.4885
23.4228
23.3575
23.2926
23.2282
23.1641
23.1006
23.0375
22.9749
22.9129
22.8513
22.7903
22.7299
22.67
22.6107
22.552
22.494
22.4365
22.3797
22.3236
22.2682
22.2134
22.1593
22.106
22.0533
22.0014
21.9503
21.8999
21.8504
21.8016
21.7536
21.7064
21.6601
21.6146
21.57
21.5262
21.4833
21.4412
21.4001
21.3599
21.3206
21.2822
21.2448
21.2083
21.1727
21.1382
21.1046
21.0719
21.0403
21.0097
20.98
20.9514
20.9238
20.8972
20.8717
20.8472
20.8237
20.8013
20.78
20.7597
20.7405
20.7223
20.7052
20.6893
20.6743
20.6605
20.6478
20.6362
20.6257
20.6162
20.6079
20.6007
20.5946
20.5896
20.5857
20.5829
20.5812
20.5807
