25
24.8044
24.6088
24.4134
24.2181
24.023
23.8281
23.6335
23.4393
23.2455
23.0521
22.8592
22.6668
22.4751
22.284
22.0935
21.9038
21.7149
21.5268
21.3396
21.1533
20.968
20.7837
20.6005
20.4184
20.2374
20.0577
19.8791
19.7019
19.5261
19.3516
19.1785
19.0069
18.8368
18.6683
18.5014
18.3361
18.1725
18.0106
17.8505
17.6922
17.5357
17.3811
17.2284
17.0777
16.929
16.7824
16.6378
16.4953
16.3549
16.2168
16.0808
15.9471
15.8157
15.6866
15.5598
15.4355
15.3135
15.194
15.0769
14.9624
14.8503
14.7409
14.634
14.5297
14.428
14.3291
14.2328
14.1392
14.0483
13.9602
13.8749
13.7924
13.7127
13.6358
13.5619
13.4907
13.4225
13.3572
13.2948
13.2354
13.1789
13.1254
13.0749
13.0273
12.9828
12.9413
12.9029
12.8675
12.8351
12.8058
12.7795
12.7564
12.7363
12.7193
12.7053
12.6945
12.6868
12.6821
12.6806
