25
24.9653
24.9306
24.8959
24.8613
24.8267
24.7921
24.7576
24.7232
24.6888
24.6545
24.6202
24.5861
24.5521
24.5182
24.4844
24.4508
24.4172
24.3839
24.3507
24.3176
24.2847
24.252
24.2195
24.1872
24.1551
24.1232
24.0915
24.0601
24.0289
23.9979
23.9672
23.9367
23.9065
23.8766
23.847
23.8177
23.7886
23.7599
23.7315
23.7034
23.6756
23.6481
23.621
23.5943
23.5679
23.5418
23.5162
23.4909
23.4659
23.4414
23.4173
23.3935
23.3702
23.3472
23.3247
23.3026
23.281
23.2597
23.2389
23.2186
23.1987
23.1792
23.1602
23.1417
23.1237
23.1061
23.089
23.0723
23.0562
23.0405
23.0254
23.0107
22.9965
22.9829
22.9697
22.9571
22.945
22.9334
22.9223
22.9117
22.9017
22.8922
22.8832
22.8747
22.8668
22.8594
22.8526
22.8463
22.8406
22.8353
22.8307
22.8266
22.823
22.82
22.8175
22.8156
22.8142
22.8134
22.8131
