25
24.7114
24.423
24.1347
23.8466
23.5588
23.2714
22.9845
22.6982
22.4125
22.1275
21.8433
21.5599
21.2775
20.9961
20.7157
20.4366
20.1587
19.8821
19.6069
19.3331
19.0609
18.7903
18.5214
18.2543
17.9889
17.7254
17.4639
17.2045
16.9471
16.6919
16.4389
16.1882
15.9398
15.6939
15.4504
15.2095
14.9711
14.7355
14.5025
14.2723
14.045
13.8205
13.5989
13.3804
13.1649
12.9525
12.7432
12.5371
12.3342
12.1347
11.9385
11.7456
11.5562
11.3702
11.1877
11.0088
10.8335
10.6617
10.4937
10.3293
10.1687
10.0118
9.85875
9.70951
9.56413
9.42265
9.28509
9.15147
9.02184
8.8962
8.7746
8.65705
8.54357
8.4342
8.32894
8.22783
8.13088
8.0381
7.94953
7.86517
7.78503
7.70915
7.63753
7.57017
7.50711
7.44835
7.39389
7.34375
7.29794
7.25647
7.21935
7.18657
7.15816
7.1341
7.11442
7.0991
7.08816
7.08159
7.07941
