25
24.902
24.804
24.706
24.6081
24.5103
24.4127
24.3151
24.2178
24.1206
24.0237
23.927
23.8306
23.7345
23.6387
23.5433
23.4482
23.3535
23.2592
23.1653
23.072
22.9791
22.8867
22.7948
22.7035
22.6128
22.5227
22.4332
22.3443
22.2561
22.1686
22.0819
21.9958
21.9105
21.826
21.7423
21.6594
21.5774
21.4962
21.4159
21.3365
21.258
21.1804
21.1039
21.0283
20.9537
20.8801
20.8075
20.7361
20.6656
20.5963
20.5281
20.461
20.3951
20.3303
20.2667
20.2042
20.143
20.083
20.0243
19.9668
19.9106
19.8556
19.802
19.7496
19.6986
19.6489
19.6006
19.5536
19.508
19.4637
19.4209
19.3795
19.3394
19.3008
19.2637
19.228
19.1937
19.1609
19.1296
19.0997
19.0714
19.0445
19.0191
18.9953
18.9729
18.9521
18.9327
18.915
18.8987
18.884
18.8708
18.8592
18.8491
18.8405
18.8335
18.8281
18.8242
18.8219
18.8211
