25
24.7734
24.5468
24.3203
24.0941
23.868
23.6422
23.4168
23.1918
22.9672
22.7432
22.5198
22.2969
22.0748
21.8534
21.6328
21.4131
21.1943
20.9764
20.7596
20.5439
20.3293
20.1159
19.9037
19.6929
19.4833
19.2752
19.0686
18.8634
18.6598
18.4579
18.2576
18.059
17.8621
17.6671
17.474
17.2827
17.0935
16.9062
16.721
16.5379
16.3569
16.1781
16.0016
15.8273
15.6554
15.4858
15.3186
15.1539
14.9917
14.832
14.6749
14.5204
14.3685
14.2194
14.0729
13.9292
13.7883
13.6503
13.5151
13.3828
13.2534
13.127
13.0035
12.8831
12.7658
12.6515
12.5404
12.4323
12.3275
12.2258
12.1274
12.0321
11.9402
11.8515
11.7661
11.6841
11.6053
11.53
11.458
11.3895
11.3243
11.2626
11.2043
11.1495
11.0982
11.0504
11.006
10.9652
10.9278
10.894
10.8638
10.8371
10.8139
10.7943
10.7782
10.7657
10.7568
10.7515
10.7497
