25
24.8583
24.7166
24.575
24.4336
24.2922
24.1511
24.0101
23.8694
23.729
23.5889
23.4492
23.3098
23.1709
23.0324
22.8944
22.757
22.6201
22.4839
22.3482
22.2132
22.079
21.9454
21.8127
21.6807
21.5496
21.4193
21.29
21.1615
21.0341
20.9076
20.7822
20.6578
20.5346
20.4124
20.2914
20.1716
20.053
19.9357
19.8196
19.7049
19.5914
19.4794
19.3687
19.2594
19.1516
19.0452
18.9404
18.8371
18.7353
18.6351
18.5365
18.4396
18.3443
18.2506
18.1587
18.0685
17.98
17.8933
17.8084
17.7253
17.644
17.5646
17.4871
17.4114
17.3377
17.2659
17.196
17.1281
17.0622
16.9983
16.9364
16.8765
16.8186
16.7629
16.7092
16.6576
16.6081
16.5607
16.5154
16.4722
16.4312
16.3924
16.3557
16.3212
16.2889
16.2588
16.2309
16.2052
16.1817
16.1604
16.1414
16.1246
16.11
16.0976
16.0875
16.0797
16.074
16.0707
16.0695
