25
24.9781
24.9563
24.9344
24.9125
24.8907
24.8689
24.8472
24.8254
24.8038
24.7821
24.7606
24.7391
24.7176
24.6962
24.6749
24.6537
24.6326
24.6115
24.5906
24.5698
24.549
24.5284
24.5079
24.4875
24.4673
24.4472
24.4272
24.4074
24.3877
24.3682
24.3488
24.3296
24.3106
24.2917
24.273
24.2545
24.2362
24.2181
24.2002
24.1825
24.165
24.1477
24.1306
24.1137
24.0971
24.0806
24.0644
24.0485
24.0328
24.0173
24.0021
23.9871
23.9724
23.9579
23.9437
23.9298
23.9162
23.9028
23.8897
23.8768
23.8643
23.852
23.84
23.8284
23.817
23.8059
23.7951
23.7846
23.7744
23.7646
23.755
23.7458
23.7368
23.7282
23.7199
23.712
23.7043
23.697
23.69
23.6833
23.677
23.671
23.6654
23.66
23.655
23.6504
23.6461
23.6421
23.6385
23.6352
23.6323
23.6297
23.6274
23.6255
23.6239
23.6227
23.6219
23.6213
23.6212
