25
24.9578
24.9156
24.8734
24.8313
24.7892
24.7472
24.7052
24.6633
24.6215
24.5797
24.5381
24.4966
24.4552
24.414
24.3729
24.332
24.2912
24.2506
24.2102
24.17
24.13
24.0903
24.0507
24.0114
23.9724
23.9336
23.895
23.8568
23.8188
23.7812
23.7438
23.7068
23.6701
23.6337
23.5976
23.562
23.5266
23.4917
23.4571
23.4229
23.3892
23.3558
23.3228
23.2903
23.2582
23.2265
23.1953
23.1645
23.1342
23.1043
23.075
23.0461
23.0177
22.9898
22.9624
22.9356
22.9092
22.8834
22.8581
22.8333
22.8091
22.7855
22.7624
22.7398
22.7179
22.6965
22.6757
22.6554
22.6358
22.6168
22.5983
22.5805
22.5633
22.5467
22.5307
22.5153
22.5005
22.4864
22.4729
22.4601
22.4479
22.4363
22.4254
22.4151
22.4055
22.3965
22.3882
22.3805
22.3735
22.3672
22.3615
22.3565
22.3522
22.3485
22.3455
22.3431
22.3415
22.3405
22.3401
