25
24.9363
24.8726
24.809
24.7454
24.6819
24.6185
24.5551
24.4919
24.4288
24.3658
24.303
24.2404
24.1779
24.1157
24.0537
23.9919
23.9304
23.8692
23.8082
23.7475
23.6872
23.6272
23.5675
23.5082
23.4493
23.3907
23.3326
23.2749
23.2176
23.1607
23.1044
23.0485
22.9931
22.9382
22.8838
22.8299
22.7766
22.7239
22.6717
22.6201
22.5692
22.5188
22.469
22.4199
22.3715
22.3237
22.2766
22.2301
22.1844
22.1393
22.095
22.0514
22.0086
21.9665
21.9252
21.8846
21.8449
21.8059
21.7678
21.7304
21.6939
21.6582
21.6233
21.5893
21.5562
21.5239
21.4925
21.462
21.4323
21.4036
21.3758
21.3489
21.3229
21.2978
21.2737
21.2505
21.2282
21.2069
21.1865
21.1671
21.1487
21.1313
21.1148
21.0993
21.0848
21.0712
21.0587
21.0471
21.0365
21.027
21.0184
21.0109
21.0043
20.9988
20.9942
20.9907
20.9882
20.9866
20.9861
