25
24.9561
24.9122
24.8683
24.8244
24.7806
24.7369
24.6932
24.6496
24.6061
24.5627
24.5194
24.4762
24.4331
24.3902
24.3474
24.3048
24.2624
24.2202
24.1781
24.1363
24.0947
24.0533
24.0122
23.9713
23.9306
23.8903
23.8502
23.8104
23.7709
23.7317
23.6928
23.6542
23.616
23.5782
23.5407
23.5035
23.4668
23.4304
23.3944
23.3589
23.3237
23.289
23.2547
23.2208
23.1874
23.1544
23.1219
23.0899
23.0584
23.0273
22.9968
22.9667
22.9372
22.9081
22.8796
22.8517
22.8243
22.7974
22.7711
22.7453
22.7201
22.6955
22.6715
22.648
22.6252
22.6029
22.5813
22.5602
22.5398
22.52
22.5008
22.4822
22.4643
22.447
22.4303
22.4143
22.399
22.3843
22.3703
22.3569
22.3442
22.3322
22.3208
22.3101
22.3001
22.2907
22.2821
22.2741
22.2668
22.2602
22.2543
22.2491
22.2446
22.2408
22.2376
22.2352
22.2335
22.2324
22.2321
