25
24.7062
24.4124
24.1188
23.8255
23.5325
23.2399
22.9477
22.6562
22.3653
22.0751
21.7857
21.4972
21.2097
20.9232
20.6379
20.3537
20.0708
19.7893
19.5092
19.2306
18.9536
18.6783
18.4046
18.1328
17.8628
17.5948
17.3288
17.0649
16.8031
16.5435
16.2862
16.0313
15.7788
15.5287
15.2812
15.0363
14.7941
14.5545
14.3178
14.0839
13.8529
13.6248
13.3998
13.1778
12.9589
12.7432
12.5307
12.3214
12.1155
11.9129
11.7137
11.518
11.3258
11.1371
10.9519
10.7704
10.5925
10.4183
10.2479
10.0812
9.91833
9.75927
9.60409
9.4528
9.30544
9.16204
9.02262
8.88722
8.75587
8.62858
8.50538
8.38629
8.27135
8.16057
8.05396
7.95156
7.85338
7.75944
7.66976
7.58434
7.50322
7.4264
7.35389
7.28572
7.22189
7.16241
7.10729
7.05655
7.01019
6.96822
6.93065
6.89749
6.86873
6.84439
6.82448
6.80898
6.79791
6.79126
6.78905
