25
24.8242
24.6484
24.4726
24.2971
24.1217
23.9465
23.7716
23.597
23.4227
23.2489
23.0755
22.9025
22.7301
22.5583
22.3871
22.2166
22.0467
21.8776
21.7093
21.5418
21.3752
21.2095
21.0448
20.881
20.7183
20.5567
20.3962
20.2368
20.0787
19.9218
19.7662
19.6118
19.4589
19.3074
19.1572
19.0086
18.8615
18.7159
18.5719
18.4295
18.2888
18.1497
18.0124
17.8769
17.7431
17.6112
17.4811
17.353
17.2267
17.1024
16.9802
16.8599
16.7417
16.6255
16.5115
16.3996
16.2898
16.1823
16.077
15.9739
15.8731
15.7746
15.6785
15.5846
15.4932
15.4041
15.3174
15.2332
15.1515
15.0722
14.9954
14.9212
14.8495
14.7803
14.7137
14.6497
14.5883
14.5295
14.4734
14.4199
14.369
14.3209
14.2754
14.2326
14.1926
14.1552
14.1206
14.0887
14.0596
14.0332
14.0096
13.9887
13.9706
13.9553
13.9428
13.933
13.9261
13.9219
13.9205
