25
24.4958
23.992
23.4888
22.9866
22.4857
21.9864
21.489
20.9939
20.5014
20.0117
19.5251
19.0421
18.5627
18.0874
17.6163
17.1498
16.6881
16.2314
15.7801
15.3342
14.894
14.4598
14.0317
13.6099
13.1947
12.786
12.3842
11.9893
11.6014
11.2208
10.8474
10.4814
10.1229
9.77198
9.42863
9.09294
8.76494
8.44466
8.13213
7.82735
7.53031
7.24102
6.95944
6.68555
6.41931
6.16067
5.90959
5.66599
5.4298
5.20096
4.97938
4.76497
4.55764
4.35728
4.1638
3.97709
3.79702
3.6235
3.4564
3.29559
3.14096
2.99238
2.84972
2.71285
2.58164
2.45597
2.33571
2.22072
2.11087
2.00605
1.90612
1.81096
1.72044
1.63445
1.55286
1.47556
1.40245
1.3334
1.26831
1.20709
1.14962
1.09583
1.0456
0.998874
0.955551
0.91556
0.878827
0.845286
0.814874
0.787534
0.763214
0.741865
0.723448
0.707926
0.695268
0.685449
0.67845
0.674256
0.672859
