25
21.6345
18.4402
15.5279
12.9476
10.7085
8.7962
7.18333
5.83671
4.72175
3.80505
3.05585
2.44667
1.95357
1.55598
1.23653
0.980658
0.776274
0.613428
0.483976
0.381281
0.299969
0.235698
0.184979
0.145014
0.113566
0.088852
0.0694526
0.054242
0.0423283
0.0330059
0.025718
0.0200256
0.0155829
0.0121183
0.00941837
0.00731588
0.00567967
0.00440714
0.00341803
0.00264967
0.00205311
0.00159017
0.00123111
0.000952741
0.000737034
0.000569954
0.000440594
0.000340478
0.000263024
0.000203126
0.00015682
0.000121034
9.33881e-05
7.20368e-05
5.55522e-05
4.28287e-05
3.30111e-05
2.54378e-05
1.95973e-05
1.50943e-05
1.16234e-05
8.94872e-06
6.88806e-06
5.30084e-06
4.07856e-06
3.13751e-06
2.41314e-06
1.85567e-06
1.42673e-06
1.09675e-06
8.42947e-07
6.47772e-07
4.97708e-07
3.82349e-07
2.93683e-07
2.25546e-07
1.73192e-07
1.32972e-07
1.02078e-07
7.83524e-08
6.01338e-08
4.61464e-08
3.54093e-08
2.71686e-08
2.08453e-08
1.59944e-08
1.22745e-08
9.4232e-09
7.23938e-09
5.56881e-09
4.29338e-09
3.32287e-09
2.58857e-09
2.03843e-09
1.63345e-09
1.3449e-09
1.15228e-09
1.04193e-09
1.00599e-09
