25
24.9575
24.915
24.8726
24.8302
24.7878
24.7455
24.7032
24.661
24.6189
24.5769
24.535
24.4933
24.4516
24.4101
24.3687
24.3275
24.2865
24.2456
24.205
24.1645
24.1242
24.0842
24.0444
24.0048
23.9655
23.9265
23.8877
23.8492
23.811
23.7731
23.7355
23.6982
23.6612
23.6246
23.5883
23.5524
23.5168
23.4817
23.4468
23.4124
23.3784
23.3448
23.3116
23.2789
23.2466
23.2147
23.1832
23.1523
23.1217
23.0917
23.0621
23.0331
23.0045
22.9764
22.9489
22.9218
22.8953
22.8693
22.8438
22.8189
22.7945
22.7707
22.7475
22.7248
22.7027
22.6811
22.6602
22.6398
22.6201
22.6009
22.5823
22.5644
22.547
22.5303
22.5142
22.4987
22.4839
22.4697
22.4561
22.4432
22.4309
22.4192
22.4082
22.3979
22.3882
22.3792
22.3708
22.3631
22.3561
22.3497
22.344
22.3389
22.3345
22.3308
22.3278
22.3255
22.3238
22.3228
22.3224
