25
24.9039
24.8078
24.7118
24.6158
24.52
24.4242
24.3286
24.2332
24.138
24.043
23.9482
23.8537
23.7595
23.6656
23.572
23.4788
23.3859
23.2935
23.2015
23.11
23.0189
22.9283
22.8383
22.7488
22.6599
22.5715
22.4838
22.3967
22.3102
22.2245
22.1394
22.055
21.9714
21.8886
21.8065
21.7253
21.6448
21.5652
21.4865
21.4087
21.3317
21.2557
21.1807
21.1066
21.0334
20.9613
20.8902
20.8201
20.7511
20.6831
20.6163
20.5505
20.4858
20.4223
20.36
20.2988
20.2388
20.18
20.1224
20.066
20.0109
19.957
19.9044
19.8531
19.8031
19.7544
19.707
19.6609
19.6162
19.5729
19.5309
19.4903
19.451
19.4132
19.3768
19.3418
19.3082
19.276
19.2453
19.216
19.1882
19.1619
19.137
19.1136
19.0917
19.0713
19.0523
19.0349
19.019
19.0045
18.9916
18.9802
18.9703
18.9619
18.9551
18.9497
18.9459
18.9437
18.9429
