25
24.9156
24.8311
24.7468
24.6625
24.5782
24.4941
24.4101
24.3263
24.2426
24.1591
24.0759
23.9928
23.9101
23.8275
23.7453
23.6634
23.5819
23.5007
23.4198
23.3394
23.2594
23.1798
23.1007
23.0221
22.9439
22.8663
22.7892
22.7127
22.6368
22.5614
22.4867
22.4125
22.3391
22.2663
22.1942
22.1228
22.0521
21.9822
21.913
21.8446
21.777
21.7103
21.6443
21.5792
21.5149
21.4516
21.3891
21.3275
21.2669
21.2072
21.1484
21.0906
21.0338
20.978
20.9232
20.8695
20.8168
20.7651
20.7145
20.665
20.6165
20.5692
20.523
20.4779
20.434
20.3912
20.3495
20.3091
20.2698
20.2317
20.1948
20.1591
20.1246
20.0914
20.0594
20.0286
19.9991
19.9709
19.9439
19.9182
19.8937
19.8706
19.8487
19.8282
19.8089
19.791
19.7743
19.759
19.745
19.7323
19.721
19.711
19.7023
19.6949
19.6889
19.6842
19.6809
19.6788
19.6782
