25
24.8983
24.7967
24.6951
24.5935
24.4921
24.3908
24.2897
24.1887
24.088
23.9874
23.8871
23.7872
23.6875
23.5881
23.4891
23.3905
23.2923
23.1945
23.0971
23.0003
22.9039
22.8081
22.7128
22.6181
22.524
22.4306
22.3378
22.2456
22.1541
22.0634
21.9734
21.8841
21.7957
21.708
21.6212
21.5352
21.4501
21.3659
21.2826
21.2003
21.1189
21.0384
20.959
20.8806
20.8032
20.7269
20.6517
20.5775
20.5045
20.4326
20.3618
20.2923
20.2239
20.1567
20.0907
20.026
19.9625
19.9003
19.8393
19.7797
19.7214
19.6644
19.6087
19.5544
19.5015
19.45
19.3998
19.3511
19.3038
19.2579
19.2135
19.1705
19.129
19.089
19.0504
19.0134
18.9779
18.9438
18.9113
18.8804
18.851
18.8231
18.7968
18.772
18.7488
18.7272
18.7072
18.6887
18.6719
18.6566
18.6429
18.6309
18.6204
18.6115
18.6043
18.5986
18.5946
18.5922
18.5914
