25
24.7255
24.451
24.1767
23.9026
23.6288
23.3554
23.0824
22.8099
22.538
22.2668
21.9963
21.7266
21.4578
21.1899
20.923
20.6572
20.3926
20.1292
19.867
19.6063
19.3469
19.0891
18.8328
18.5782
18.3253
18.0741
17.8248
17.5773
17.3318
17.0883
16.8469
16.6077
16.3706
16.1358
15.9033
15.6732
15.4455
15.2204
14.9977
14.7777
14.5604
14.3457
14.1338
13.9247
13.7185
13.5152
13.3149
13.1176
12.9233
12.7322
12.5441
12.3593
12.1778
11.9995
11.8245
11.6529
11.4846
11.3199
11.1586
11.0008
10.8465
10.6959
10.5488
10.4055
10.2658
10.1298
9.99753
9.86905
9.74438
9.62354
9.50655
9.39343
9.28423
9.17895
9.07762
8.98026
8.88689
8.79754
8.71222
8.63094
8.55373
8.48061
8.41158
8.34666
8.28587
8.22922
8.17671
8.12837
8.08419
8.0442
8.0084
7.97678
7.94938
7.92617
7.90718
7.89241
7.88186
7.87552
7.87341
