25
24.9681
24.9361
24.9042
24.8723
24.8405
24.8087
24.7769
24.7452
24.7135
24.682
24.6505
24.6191
24.5878
24.5566
24.5255
24.4945
24.4636
24.4329
24.4024
24.3719
24.3417
24.3116
24.2817
24.2519
24.2224
24.193
24.1638
24.1349
24.1062
24.0777
24.0494
24.0214
23.9936
23.9661
23.9388
23.9118
23.8851
23.8586
23.8325
23.8066
23.781
23.7558
23.7308
23.7062
23.6819
23.6579
23.6343
23.611
23.5881
23.5655
23.5433
23.5214
23.4999
23.4788
23.4581
23.4378
23.4178
23.3983
23.3791
23.3604
23.3421
23.3242
23.3067
23.2897
23.273
23.2569
23.2411
23.2258
23.2109
23.1965
23.1826
23.1691
23.156
23.1435
23.1314
23.1197
23.1086
23.0979
23.0877
23.078
23.0687
23.06
23.0517
23.0439
23.0366
23.0299
23.0236
23.0178
23.0125
23.0077
23.0034
22.9996
22.9963
22.9935
22.9912
22.9895
22.9882
22.9874
22.9872
