25
24.228
23.4571
22.6886
21.9237
21.1635
20.4091
19.6617
18.9223
18.192
17.4717
16.7624
16.065
15.3803
14.7092
14.0523
13.4104
12.784
12.1737
11.5799
11.0031
10.4437
9.9018
9.37776
8.87171
8.38374
7.91389
7.46215
7.02845
6.61266
6.21462
5.83411
5.47088
5.12462
4.79501
4.48169
4.18426
3.9023
3.63538
3.38304
3.14481
2.92019
2.7087
2.50982
2.32306
2.14791
1.98385
1.83039
1.68701
1.55324
1.42858
1.31257
1.20472
1.1046
1.01176
0.925787
0.846257
0.772781
0.704978
0.642483
0.58495
0.532046
0.483454
0.438875
0.398023
0.36063
0.326441
0.295218
0.266733
0.240777
0.217151
0.19567
0.176161
0.158463
0.142426
0.127911
0.114788
0.102939
0.0922539
0.0826303
0.073975
0.0662024
0.0592337
0.0529974
0.0474278
0.0424654
0.0380563
0.0341518
0.030708
0.0276858
0.0250503
0.0227706
0.0208199
0.0191748
0.0178154
0.0167253
0.015891
0.0153024
0.0149521
0.0148358
