25
24.9535
24.9071
24.8607
24.8143
24.7679
24.7216
24.6754
24.6293
24.5832
24.5373
24.4915
24.4458
24.4002
24.3548
24.3096
24.2645
24.2196
24.1749
24.1305
24.0862
24.0422
23.9984
23.9548
23.9116
23.8686
23.8259
23.7834
23.7413
23.6995
23.6581
23.6169
23.5761
23.5357
23.4957
23.456
23.4167
23.3778
23.3393
23.3013
23.2636
23.2264
23.1897
23.1534
23.1176
23.0822
23.0473
23.0129
22.9791
22.9457
22.9128
22.8805
22.8487
22.8174
22.7867
22.7566
22.727
22.698
22.6696
22.6417
22.6145
22.5878
22.5618
22.5363
22.5115
22.4873
22.4638
22.4409
22.4186
22.397
22.376
22.3557
22.3361
22.3171
22.2988
22.2812
22.2643
22.2481
22.2325
22.2177
22.2035
22.1901
22.1773
22.1653
22.154
22.1434
22.1335
22.1244
22.1159
22.1082
22.1012
22.095
22.0895
22.0847
22.0807
22.0773
22.0748
22.0729
22.0718
22.0714
