25
24.9532
24.9065
24.8597
24.813
24.7664
24.7198
24.6732
24.6268
24.5804
24.5342
24.4881
24.4421
24.3962
24.3505
24.305
24.2596
24.2144
24.1694
24.1247
24.0801
24.0358
23.9917
23.9479
23.9043
23.861
23.818
23.7753
23.7329
23.6909
23.6491
23.6077
23.5667
23.526
23.4856
23.4457
23.4062
23.367
23.3283
23.29
23.2521
23.2146
23.1776
23.1411
23.105
23.0694
23.0343
22.9997
22.9656
22.932
22.8989
22.8664
22.8344
22.8029
22.772
22.7417
22.7119
22.6827
22.654
22.626
22.5986
22.5718
22.5455
22.5199
22.495
22.4706
22.4469
22.4238
22.4014
22.3797
22.3586
22.3381
22.3184
22.2993
22.2808
22.2631
22.2461
22.2297
22.2141
22.1991
22.1849
22.1714
22.1585
22.1464
22.135
22.1244
22.1144
22.1052
22.0967
22.089
22.0819
22.0757
22.0701
22.0653
22.0612
22.0579
22.0553
22.0534
22.0523
22.0519
