25
24.9677
24.9355
24.9033
24.8711
24.8389
24.8068
24.7747
24.7426
24.7107
24.6788
24.647
24.6153
24.5836
24.5521
24.5207
24.4894
24.4583
24.4273
24.3964
24.3657
24.3351
24.3047
24.2745
24.2444
24.2146
24.1849
24.1555
24.1262
24.0972
24.0684
24.0399
24.0116
23.9835
23.9557
23.9282
23.9009
23.8739
23.8472
23.8208
23.7946
23.7688
23.7433
23.7181
23.6932
23.6687
23.6445
23.6206
23.5971
23.5739
23.5511
23.5287
23.5066
23.4849
23.4636
23.4427
23.4221
23.402
23.3823
23.3629
23.344
23.3255
23.3074
23.2898
23.2725
23.2558
23.2394
23.2235
23.208
23.193
23.1785
23.1644
23.1508
23.1376
23.1249
23.1127
23.1009
23.0896
23.0789
23.0685
23.0587
23.0494
23.0406
23.0322
23.0244
23.017
23.0101
23.0038
22.9979
22.9926
22.9877
22.9834
22.9796
22.9763
22.9734
22.9711
22.9693
22.9681
22.9673
22.967
