25
24.867
24.734
24.601
24.4682
24.3355
24.2029
24.0706
23.9385
23.8067
23.6751
23.5439
23.4131
23.2827
23.1527
23.0231
22.8941
22.7656
22.6376
22.5103
22.3836
22.2575
22.1321
22.0075
21.8836
21.7605
21.6382
21.5167
21.3961
21.2765
21.1577
21.04
20.9232
20.8075
20.6928
20.5792
20.4667
20.3554
20.2452
20.1362
20.0284
19.9219
19.8167
19.7128
19.6102
19.509
19.4091
19.3107
19.2137
19.1181
19.0241
18.9315
18.8405
18.751
18.6631
18.5767
18.492
18.409
18.3276
18.2479
18.1698
18.0935
18.019
17.9462
17.8751
17.8059
17.7385
17.6729
17.6091
17.5472
17.4872
17.4291
17.3728
17.3185
17.2662
17.2157
17.1673
17.1208
17.0763
17.0338
16.9933
16.9548
16.9183
16.8839
16.8515
16.8212
16.7929
16.7667
16.7425
16.7205
16.7005
16.6826
16.6668
16.6531
16.6415
16.632
16.6247
16.6194
16.6162
16.6152
