25
24.8194
24.6389
24.4584
24.2781
24.098
23.9181
23.7385
23.5591
23.3802
23.2017
23.0236
22.846
22.6689
22.4925
22.3167
22.1415
21.9671
21.7934
21.6206
21.4486
21.2775
21.1073
20.9382
20.77
20.6029
20.4369
20.2721
20.1085
19.9461
19.7849
19.6251
19.4667
19.3096
19.154
18.9998
18.8472
18.6961
18.5466
18.3987
18.2525
18.108
17.9653
17.8243
17.6851
17.5477
17.4123
17.2787
17.1471
17.0175
16.8898
16.7643
16.6408
16.5194
16.4001
16.283
16.1681
16.0554
15.945
15.8369
15.731
15.6275
15.5264
15.4276
15.3313
15.2374
15.1459
15.057
14.9705
14.8866
14.8052
14.7263
14.6501
14.5764
14.5054
14.4371
14.3713
14.3083
14.2479
14.1903
14.1354
14.0832
14.0337
13.987
13.9431
13.902
13.8636
13.8281
13.7954
13.7655
13.7384
13.7141
13.6927
13.6741
13.6584
13.6455
13.6355
13.6284
13.6241
13.6227
