25
24.7312
24.4624
24.1938
23.9254
23.6573
23.3896
23.1223
22.8554
22.5892
22.3236
22.0587
21.7945
21.5312
21.2689
21.0075
20.7471
20.4879
20.2299
19.9732
19.7177
19.4637
19.2111
18.96
18.7105
18.4627
18.2166
17.9722
17.7297
17.4891
17.2505
17.0139
16.7794
16.547
16.3168
16.0889
15.8633
15.6401
15.4193
15.2009
14.9852
14.772
14.5614
14.3536
14.1485
13.9462
13.7467
13.5502
13.3566
13.1659
12.9783
12.7938
12.6124
12.4342
12.2591
12.0873
11.9188
11.7537
11.5919
11.4335
11.2785
11.127
10.9791
10.8346
10.6938
10.5565
10.4229
10.293
10.1667
10.0442
9.92547
9.81049
9.69932
9.59198
9.4885
9.38889
9.29319
9.2014
9.11355
9.02966
8.94975
8.87383
8.80193
8.73405
8.67021
8.61043
8.55471
8.50307
8.45553
8.41208
8.37275
8.33753
8.30644
8.27948
8.25666
8.23798
8.22345
8.21306
8.20683
8.20476
