25
24.9258
24.8516
24.7775
24.7034
24.6294
24.5555
24.4817
24.4081
24.3346
24.2612
24.1881
24.1151
24.0424
23.9699
23.8976
23.8257
23.754
23.6827
23.6117
23.541
23.4707
23.4008
23.3313
23.2622
23.1935
23.1253
23.0576
22.9904
22.9236
22.8574
22.7918
22.7266
22.6621
22.5981
22.5348
22.4721
22.41
22.3485
22.2878
22.2277
22.1683
22.1096
22.0517
21.9945
21.938
21.8823
21.8274
21.7733
21.72
21.6676
21.616
21.5652
21.5153
21.4663
21.4181
21.3709
21.3246
21.2792
21.2347
21.1912
21.1487
21.1071
21.0665
21.0269
20.9882
20.9506
20.9141
20.8785
20.844
20.8105
20.7781
20.7467
20.7165
20.6873
20.6591
20.6321
20.6062
20.5814
20.5577
20.5351
20.5136
20.4933
20.4741
20.456
20.4391
20.4233
20.4087
20.3952
20.3829
20.3718
20.3618
20.353
20.3454
20.3389
20.3336
20.3295
20.3266
20.3248
20.3242
