25
24.967
24.934
24.901
24.868
24.8351
24.8022
24.7694
24.7366
24.7039
24.6712
24.6387
24.6062
24.5739
24.5416
24.5094
24.4774
24.4455
24.4138
24.3822
24.3507
24.3195
24.2883
24.2574
24.2267
24.1961
24.1658
24.1356
24.1057
24.076
24.0466
24.0173
23.9884
23.9596
23.9312
23.903
23.8751
23.8474
23.8201
23.7931
23.7663
23.7399
23.7138
23.688
23.6625
23.6374
23.6126
23.5882
23.5641
23.5404
23.5171
23.4941
23.4715
23.4493
23.4275
23.4061
23.385
23.3644
23.3442
23.3245
23.3051
23.2862
23.2676
23.2496
23.232
23.2148
23.198
23.1818
23.1659
23.1506
23.1357
23.1213
23.1073
23.0938
23.0808
23.0683
23.0563
23.0448
23.0337
23.0232
23.0131
23.0036
22.9945
22.986
22.9779
22.9704
22.9634
22.9569
22.9509
22.9454
22.9405
22.936
22.9321
22.9287
22.9258
22.9235
22.9216
22.9203
22.9195
22.9193
