25
24.3884
23.7773
23.1675
22.5593
21.9535
21.3506
20.7512
20.1557
19.5648
18.979
18.3987
17.8246
17.2569
16.6963
16.1431
15.5978
15.0608
14.5324
14.0131
13.503
13.0026
12.5121
12.0317
11.5618
11.1025
10.6539
10.2164
9.78984
9.37451
8.97045
8.57772
8.19635
7.82636
7.46773
7.12045
6.78445
6.45967
6.14603
5.84341
5.55169
5.27074
5.00041
4.74052
4.49091
4.25137
4.02171
3.80172
3.59117
3.38985
3.19752
3.01393
2.83886
2.67204
2.51323
2.36219
2.21865
2.08236
1.95307
1.83053
1.71449
1.6047
1.50092
1.4029
1.31041
1.22321
1.14109
1.0638
0.991147
0.922907
0.858875
0.798855
0.742652
0.690081
0.640963
0.595124
0.552401
0.512633
0.475671
0.44137
0.409593
0.38021
0.353099
0.328144
0.305236
0.284274
0.265163
0.247815
0.232149
0.218092
0.205574
0.194537
0.184925
0.176691
0.169793
0.164196
0.159873
0.156801
0.154964
0.154352
