25
24.9801
24.9603
24.9404
24.9206
24.9008
24.881
24.8612
24.8415
24.8218
24.8021
24.7825
24.763
24.7435
24.7241
24.7048
24.6855
24.6663
24.6472
24.6282
24.6092
24.5904
24.5717
24.5531
24.5346
24.5162
24.4979
24.4798
24.4618
24.4439
24.4261
24.4086
24.3911
24.3738
24.3567
24.3397
24.3229
24.3063
24.2899
24.2736
24.2575
24.2416
24.2259
24.2103
24.195
24.1799
24.165
24.1503
24.1358
24.1215
24.1075
24.0936
24.08
24.0667
24.0536
24.0407
24.028
24.0156
24.0034
23.9915
23.9799
23.9685
23.9573
23.9465
23.9359
23.9255
23.9154
23.9057
23.8961
23.8869
23.8779
23.8692
23.8608
23.8527
23.8449
23.8374
23.8301
23.8232
23.8165
23.8102
23.8041
23.7984
23.7929
23.7878
23.783
23.7784
23.7742
23.7703
23.7667
23.7634
23.7604
23.7577
23.7554
23.7533
23.7516
23.7502
23.7491
23.7483
23.7478
23.7477
