25
24.9526
24.9052
24.8579
24.8105
24.7632
24.716
24.6689
24.6218
24.5748
24.528
24.4812
24.4346
24.3882
24.3418
24.2957
24.2497
24.2039
24.1583
24.113
24.0678
24.0229
23.9782
23.9338
23.8897
23.8458
23.8022
23.759
23.716
23.6734
23.6311
23.5891
23.5475
23.5063
23.4654
23.4249
23.3849
23.3452
23.3059
23.2671
23.2287
23.1908
23.1533
23.1163
23.0797
23.0436
23.0081
22.973
22.9384
22.9044
22.8709
22.8379
22.8054
22.7736
22.7422
22.7115
22.6813
22.6517
22.6227
22.5943
22.5665
22.5393
22.5127
22.4868
22.4615
22.4368
22.4128
22.3894
22.3667
22.3446
22.3233
22.3026
22.2825
22.2632
22.2445
22.2265
22.2093
22.1927
22.1769
22.1617
22.1473
22.1336
22.1206
22.1083
22.0968
22.086
22.0759
22.0665
22.0579
22.0501
22.043
22.0366
22.031
22.0261
22.0219
22.0186
22.0159
22.0141
22.0129
22.0125
