25
24.9799
24.9599
24.9398
24.9198
24.8998
24.8798
24.8598
24.8399
24.82
24.8002
24.7804
24.7606
24.7409
24.7213
24.7018
24.6823
24.6629
24.6436
24.6244
24.6053
24.5863
24.5674
24.5486
24.5299
24.5113
24.4929
24.4746
24.4564
24.4383
24.4204
24.4026
24.385
24.3676
24.3503
24.3331
24.3162
24.2994
24.2827
24.2663
24.2501
24.234
24.2181
24.2024
24.187
24.1717
24.1566
24.1418
24.1271
24.1127
24.0985
24.0846
24.0708
24.0573
24.0441
24.0311
24.0183
24.0058
23.9935
23.9814
23.9697
23.9582
23.9469
23.9359
23.9252
23.9148
23.9046
23.8947
23.8851
23.8757
23.8667
23.8579
23.8494
23.8412
23.8333
23.8257
23.8184
23.8114
23.8047
23.7983
23.7922
23.7864
23.7809
23.7757
23.7708
23.7662
23.762
23.758
23.7544
23.751
23.748
23.7453
23.7429
23.7409
23.7391
23.7377
23.7366
23.7358
23.7353
23.7351
