25
24.9476
24.8953
24.843
24.7907
24.7385
24.6863
24.6342
24.5822
24.5303
24.4786
24.4269
24.3754
24.3241
24.2729
24.222
24.1712
24.1206
24.0702
24.0201
23.9702
23.9206
23.8713
23.8222
23.7735
23.725
23.6769
23.6291
23.5816
23.5345
23.4878
23.4414
23.3955
23.3499
23.3048
23.2601
23.2158
23.172
23.1286
23.0857
23.0433
23.0014
22.96
22.9191
22.8787
22.8389
22.7996
22.7608
22.7226
22.685
22.648
22.6116
22.5757
22.5405
22.5059
22.4719
22.4386
22.4059
22.3739
22.3425
22.3118
22.2817
22.2524
22.2237
22.1958
22.1685
22.142
22.1162
22.0911
22.0667
22.0431
22.0202
21.9981
21.9767
21.9561
21.9362
21.9172
21.8989
21.8813
21.8646
21.8487
21.8335
21.8192
21.8056
21.7929
21.7809
21.7698
21.7595
21.75
21.7413
21.7334
21.7264
21.7202
21.7148
21.7102
21.7065
21.7036
21.7015
21.7003
21.6998
