25
24.8963
24.7926
24.6889
24.5854
24.4819
24.3786
24.2754
24.1724
24.0696
23.9671
23.8648
23.7628
23.6611
23.5597
23.4587
23.3581
23.2579
23.1582
23.0589
22.9601
22.8618
22.764
22.6668
22.5702
22.4743
22.3789
22.2842
22.1902
22.0969
22.0043
21.9125
21.8215
21.7312
21.6418
21.5533
21.4655
21.3787
21.2928
21.2079
21.1239
21.0408
20.9588
20.8777
20.7978
20.7188
20.641
20.5642
20.4886
20.4141
20.3407
20.2686
20.1976
20.1278
20.0593
19.992
19.9259
19.8612
19.7977
19.7355
19.6747
19.6152
19.5571
19.5003
19.4449
19.3909
19.3384
19.2872
19.2375
19.1892
19.1424
19.0971
19.0533
19.0109
18.9701
18.9308
18.893
18.8568
18.8221
18.7889
18.7573
18.7273
18.6989
18.672
18.6468
18.6231
18.6011
18.5806
18.5618
18.5446
18.529
18.5151
18.5028
18.4921
18.4831
18.4757
18.4699
18.4658
18.4633
18.4625
