25
24.9359
24.8718
24.8077
24.7437
24.6798
24.6159
24.5521
24.4885
24.425
24.3616
24.2984
24.2353
24.1725
24.1098
24.0474
23.9852
23.9233
23.8616
23.8003
23.7392
23.6785
23.618
23.558
23.4983
23.4389
23.38
23.3215
23.2634
23.2057
23.1485
23.0917
23.0355
22.9797
22.9244
22.8697
22.8155
22.7618
22.7087
22.6562
22.6043
22.553
22.5023
22.4522
22.4028
22.354
22.3059
22.2584
22.2117
22.1656
22.1203
22.0757
22.0318
21.9887
21.9463
21.9047
21.8639
21.8239
21.7846
21.7462
21.7086
21.6719
21.6359
21.6008
21.5666
21.5332
21.5007
21.4691
21.4384
21.4086
21.3797
21.3516
21.3245
21.2984
21.2731
21.2488
21.2255
21.2031
21.1816
21.1611
21.1416
21.1231
21.1055
21.0889
21.0733
21.0587
21.0451
21.0324
21.0208
21.0102
21.0005
20.9919
20.9843
20.9777
20.9721
20.9675
20.964
20.9614
20.9599
20.9594
