25
24.6928
24.3857
24.0788
23.7722
23.4659
23.16
22.8547
22.5499
22.2459
21.9427
21.6403
21.3389
21.0385
20.7393
20.4412
20.1445
19.8491
19.5552
19.2629
18.9721
18.683
18.3958
18.1103
17.8269
17.5454
17.266
16.9887
16.7137
16.441
16.1706
15.9027
15.6373
15.3745
15.1144
14.8569
14.6022
14.3504
14.1014
13.8554
13.6125
13.3726
13.1358
12.9022
12.6719
12.4448
12.2212
12.0009
11.784
11.5707
11.3608
11.1546
10.952
10.7531
10.5579
10.3664
10.1788
9.99495
9.81499
9.63894
9.46682
9.29868
9.13455
8.97444
8.81841
8.66647
8.51865
8.37498
8.23549
8.10019
7.96912
7.84229
7.71973
7.60146
7.4875
7.37786
7.27257
7.17163
7.07508
6.98292
6.89516
6.81183
6.73293
6.65847
6.58848
6.52295
6.46189
6.40533
6.35326
6.30569
6.26263
6.22409
6.19007
6.16058
6.13561
6.11518
6.09929
6.08794
6.08112
6.07885
