25
24.9133
24.8266
24.74
24.6534
24.5669
24.4805
24.3943
24.3082
24.2222
24.1365
24.051
23.9657
23.8807
23.796
23.7116
23.6275
23.5437
23.4603
23.3773
23.2947
23.2126
23.1309
23.0496
22.9689
22.8886
22.8089
22.7298
22.6512
22.5732
22.4958
22.419
22.3429
22.2675
22.1928
22.1187
22.0454
21.9728
21.901
21.83
21.7598
21.6903
21.6218
21.554
21.4872
21.4212
21.3561
21.2919
21.2287
21.1664
21.1051
21.0448
20.9855
20.9271
20.8698
20.8136
20.7584
20.7042
20.6512
20.5992
20.5483
20.4986
20.45
20.4025
20.3563
20.3111
20.2672
20.2244
20.1829
20.1425
20.1034
20.0655
20.0289
19.9935
19.9593
19.9265
19.8949
19.8646
19.8356
19.8079
19.7815
19.7564
19.7326
19.7102
19.6891
19.6693
19.6508
19.6338
19.618
19.6036
19.5906
19.579
19.5687
19.5597
19.5522
19.546
19.5412
19.5378
19.5357
19.535
