25
24.975
24.95
24.9251
24.9001
24.8752
24.8503
24.8255
24.8007
24.7759
24.7512
24.7266
24.702
24.6775
24.6531
24.6288
24.6046
24.5804
24.5564
24.5325
24.5087
24.485
24.4615
24.4381
24.4148
24.3917
24.3687
24.3459
24.3233
24.3008
24.2785
24.2564
24.2345
24.2127
24.1912
24.1699
24.1487
24.1278
24.1071
24.0867
24.0664
24.0464
24.0267
24.0072
23.9879
23.9689
23.9501
23.9316
23.9134
23.8955
23.8778
23.8604
23.8433
23.8265
23.81
23.7938
23.7779
23.7623
23.747
23.7321
23.7174
23.7031
23.6891
23.6754
23.6621
23.6491
23.6364
23.6241
23.6121
23.6005
23.5892
23.5783
23.5677
23.5575
23.5477
23.5382
23.5291
23.5204
23.512
23.5041
23.4965
23.4892
23.4824
23.4759
23.4698
23.4641
23.4588
23.4539
23.4494
23.4452
23.4415
23.4381
23.4351
23.4326
23.4304
23.4286
23.4272
23.4262
23.4256
23.4254
