25
24.8569
24.7138
24.5708
24.4279
24.2851
24.1426
24.0002
23.8581
23.7163
23.5748
23.4336
23.2929
23.1526
23.0127
22.8734
22.7346
22.5963
22.4587
22.3217
22.1854
22.0497
21.9149
21.7808
21.6475
21.5151
21.3835
21.2528
21.1231
20.9944
20.8667
20.74
20.6144
20.4899
20.3665
20.2443
20.1233
20.0035
19.885
19.7678
19.6519
19.5373
19.4241
19.3123
19.202
19.0931
18.9857
18.8798
18.7754
18.6726
18.5714
18.4719
18.3739
18.2777
18.1831
18.0902
17.9991
17.9098
17.8222
17.7365
17.6525
17.5704
17.4902
17.4119
17.3355
17.261
17.1885
17.1179
17.0494
16.9828
16.9182
16.8557
16.7952
16.7368
16.6805
16.6262
16.5741
16.5241
16.4762
16.4305
16.3869
16.3455
16.3063
16.2693
16.2344
16.2018
16.1714
16.1432
16.1172
16.0935
16.072
16.0528
16.0358
16.021
16.0086
15.9984
15.9904
15.9847
15.9813
15.9802
