25
24.927
24.8541
24.7812
24.7083
24.6355
24.5629
24.4903
24.4178
24.3455
24.2734
24.2014
24.1297
24.0581
23.9868
23.9158
23.845
23.7745
23.7044
23.6345
23.565
23.4959
23.4271
23.3587
23.2908
23.2233
23.1562
23.0896
23.0234
22.9578
22.8927
22.8281
22.764
22.7006
22.6377
22.5754
22.5137
22.4526
22.3922
22.3324
22.2733
22.2149
22.1572
22.1002
22.0439
21.9884
21.9336
21.8796
21.8264
21.774
21.7224
21.6716
21.6217
21.5726
21.5244
21.4771
21.4306
21.3851
21.3404
21.2967
21.2539
21.212
21.1711
21.1312
21.0922
21.0543
21.0173
20.9813
20.9463
20.9124
20.8794
20.8476
20.8167
20.7869
20.7582
20.7306
20.704
20.6785
20.6541
20.6308
20.6085
20.5874
20.5674
20.5485
20.5308
20.5141
20.4986
20.4842
20.471
20.4589
20.4479
20.4381
20.4295
20.422
20.4156
20.4104
20.4063
20.4035
20.4017
20.4011
