25
24.9248
24.8497
24.7745
24.6995
24.6245
24.5496
24.4748
24.4002
24.3257
24.2513
24.1772
24.1033
24.0296
23.9561
23.8829
23.81
23.7374
23.6651
23.5931
23.5215
23.4503
23.3794
23.309
23.239
23.1694
23.1003
23.0316
22.9635
22.8959
22.8288
22.7622
22.6963
22.6309
22.5661
22.5019
22.4383
22.3754
22.3131
22.2515
22.1906
22.1305
22.071
22.0123
21.9543
21.8971
21.8407
21.785
21.7302
21.6762
21.6231
21.5707
21.5193
21.4687
21.419
21.3703
21.3224
21.2755
21.2295
21.1844
21.1403
21.0972
21.0551
21.0139
20.9738
20.9346
20.8965
20.8595
20.8234
20.7884
20.7545
20.7217
20.6899
20.6592
20.6296
20.6011
20.5737
20.5475
20.5223
20.4983
20.4754
20.4537
20.433
20.4136
20.3953
20.3781
20.3622
20.3473
20.3337
20.3212
20.3099
20.2998
20.2909
20.2832
20.2766
20.2713
20.2671
20.2641
20.2623
20.2617
