25
24.9292
24.8584
24.7876
24.7169
24.6463
24.5757
24.5053
24.4349
24.3648
24.2948
24.2249
24.1553
24.0858
24.0166
23.9477
23.879
23.8106
23.7425
23.6747
23.6072
23.5401
23.4734
23.407
23.3411
23.2755
23.2104
23.1458
23.0816
23.0179
22.9547
22.892
22.8298
22.7682
22.7072
22.6467
22.5868
22.5276
22.4689
22.4109
22.3535
22.2968
22.2408
22.1855
22.1309
22.077
22.0238
21.9714
21.9198
21.8689
21.8189
21.7696
21.7211
21.6735
21.6267
21.5807
21.5356
21.4914
21.4481
21.4056
21.3641
21.3235
21.2838
21.245
21.2072
21.1704
21.1345
21.0995
21.0656
21.0326
21.0007
20.9697
20.9398
20.9109
20.883
20.8562
20.8304
20.8056
20.7819
20.7593
20.7378
20.7173
20.6978
20.6795
20.6623
20.6461
20.6311
20.6171
20.6043
20.5925
20.5819
20.5724
20.564
20.5567
20.5505
20.5454
20.5415
20.5387
20.537
20.5365
