25
24.8652
24.7304
24.5957
24.4611
24.3266
24.1923
24.0582
23.9243
23.7907
23.6574
23.5245
23.3919
23.2597
23.128
22.9967
22.8659
22.7357
22.6061
22.477
22.3486
22.2208
22.0938
21.9675
21.8419
21.7172
21.5932
21.4702
21.348
21.2267
21.1064
20.9871
20.8687
20.7514
20.6352
20.5201
20.4061
20.2933
20.1816
20.0712
19.962
19.8541
19.7475
19.6421
19.5382
19.4356
19.3344
19.2347
19.1364
19.0395
18.9442
18.8504
18.7582
18.6675
18.5784
18.4909
18.4051
18.3209
18.2384
18.1576
18.0786
18.0012
17.9257
17.8519
17.7799
17.7098
17.6414
17.5749
17.5103
17.4476
17.3868
17.3279
17.2709
17.2159
17.1628
17.1117
17.0626
17.0155
16.9704
16.9273
16.8863
16.8473
16.8103
16.7754
16.7426
16.7119
16.6832
16.6567
16.6322
16.6099
16.5896
16.5715
16.5555
16.5416
16.5299
16.5202
16.5128
16.5074
16.5042
16.5031
