25
24.7439
24.4879
24.232
23.9763
23.7208
23.4657
23.211
22.9568
22.7031
22.45
22.1976
21.9459
21.695
21.4449
21.1958
20.9477
20.7006
20.4546
20.2098
19.9663
19.7241
19.4832
19.2438
19.0059
18.7695
18.5347
18.3016
18.0703
17.8407
17.613
17.3872
17.1633
16.9415
16.7218
16.5042
16.2887
16.0756
15.8647
15.6561
15.45
15.2463
15.0451
14.8465
14.6505
14.4571
14.2664
14.0784
13.8933
13.711
13.5315
13.355
13.1814
13.0109
12.8433
12.6789
12.5176
12.3595
12.2045
12.0529
11.9044
11.7593
11.6176
11.4792
11.3442
11.2127
11.0846
10.9601
10.8391
10.7216
10.6077
10.4975
10.3908
10.2879
10.1886
10.0931
10.0012
9.91316
9.82886
9.74836
9.67166
9.59879
9.52977
9.46461
9.40332
9.34593
9.29243
9.24285
9.19719
9.15548
9.1177
9.08388
9.05402
9.02813
9.00621
8.98827
8.97431
8.96434
8.95835
8.95636
