25
24.5435
24.0872
23.6314
23.1763
22.7222
22.2692
21.8178
21.368
20.9201
20.4743
20.0309
19.5901
19.152
18.717
18.2852
17.8568
17.4321
17.0111
16.5942
16.1814
15.773
15.3691
14.9699
14.5756
14.1862
13.802
13.423
13.0494
12.6813
12.3189
11.9622
11.6113
11.2663
10.9273
10.5944
10.2677
9.94709
9.63276
9.32473
9.02304
8.7277
8.43876
8.15622
7.8801
7.6104
7.34712
7.09024
6.83977
6.59567
6.35793
6.12651
5.90137
5.68249
5.46981
5.26328
5.06286
4.86849
4.6801
4.49765
4.32105
4.15024
3.98516
3.82573
3.67188
3.52352
3.38059
3.243
3.11068
2.98355
2.86153
2.74454
2.63249
2.52532
2.42294
2.32528
2.23226
2.1438
2.05984
1.9803
1.90511
1.83421
1.76753
1.70502
1.6466
1.59223
1.54185
1.49541
1.45287
1.41417
1.37929
1.34817
1.3208
1.29714
1.27716
1.26084
1.24817
1.23913
1.2337
1.2319
