25
24.8224
24.6448
24.4674
24.29
24.1129
23.9359
23.7593
23.5829
23.4069
23.2313
23.0562
22.8815
22.7074
22.5338
22.3609
22.1887
22.0171
21.8463
21.6763
21.5072
21.3389
21.1715
21.0051
20.8397
20.6754
20.5122
20.35
20.1891
20.0294
19.8709
19.7137
19.5579
19.4034
19.2503
19.0987
18.9486
18.8
18.6529
18.5075
18.3637
18.2216
18.0811
17.9425
17.8056
17.6705
17.5372
17.4059
17.2764
17.1489
17.0234
16.8999
16.7784
16.659
16.5417
16.4265
16.3135
16.2027
16.0941
15.9877
15.8836
15.7818
15.6823
15.5852
15.4904
15.398
15.3081
15.2206
15.1355
15.053
14.9729
14.8954
14.8204
14.7479
14.6781
14.6108
14.5462
14.4842
14.4248
14.3681
14.3141
14.2627
14.2141
14.1682
14.125
14.0845
14.0468
14.0118
13.9796
13.9502
13.9236
13.8997
13.8786
13.8604
13.8449
13.8322
13.8224
13.8154
13.8111
13.8097
