25
24.9724
24.9448
24.9172
24.8897
24.8622
24.8347
24.8072
24.7798
24.7525
24.7252
24.698
24.6708
24.6438
24.6168
24.5899
24.5632
24.5365
24.51
24.4835
24.4573
24.4311
24.4051
24.3792
24.3535
24.328
24.3026
24.2774
24.2524
24.2276
24.203
24.1785
24.1543
24.1303
24.1065
24.083
24.0596
24.0365
24.0137
23.9911
23.9687
23.9466
23.9248
23.9032
23.882
23.861
23.8402
23.8198
23.7997
23.7799
23.7604
23.7412
23.7223
23.7037
23.6855
23.6676
23.65
23.6328
23.6159
23.5993
23.5831
23.5673
23.5518
23.5367
23.522
23.5076
23.4937
23.48
23.4668
23.454
23.4415
23.4295
23.4178
23.4065
23.3957
23.3852
23.3752
23.3655
23.3563
23.3475
23.3391
23.3311
23.3235
23.3164
23.3097
23.3034
23.2975
23.2921
23.287
23.2825
23.2783
23.2746
23.2713
23.2685
23.2661
23.2641
23.2626
23.2615
23.2608
23.2606
