25
24.9503
24.9007
24.8511
24.8015
24.752
24.7025
24.6531
24.6038
24.5546
24.5055
24.4566
24.4077
24.3591
24.3105
24.2622
24.214
24.1661
24.1183
24.0708
24.0235
23.9764
23.9296
23.8831
23.8369
23.7909
23.7453
23.7
23.655
23.6103
23.566
23.522
23.4784
23.4352
23.3924
23.35
23.3081
23.2665
23.2254
23.1847
23.1445
23.1047
23.0655
23.0267
22.9884
22.9506
22.9133
22.8766
22.8404
22.8047
22.7696
22.7351
22.7011
22.6677
22.6349
22.6027
22.571
22.54
22.5097
22.4799
22.4508
22.4223
22.3945
22.3673
22.3408
22.3149
22.2898
22.2653
22.2415
22.2184
22.196
22.1743
22.1533
22.133
22.1135
22.0947
22.0766
22.0592
22.0426
22.0267
22.0116
21.9973
21.9836
21.9708
21.9587
21.9474
21.9368
21.927
21.918
21.9098
21.9023
21.8957
21.8898
21.8847
21.8803
21.8768
21.874
21.8721
21.8709
21.8705
