25
24.9172
24.8345
24.7518
24.6691
24.5866
24.5041
24.4218
24.3396
24.2576
24.1757
24.0941
24.0127
23.9315
23.8507
23.7701
23.6898
23.6098
23.5302
23.451
23.3721
23.2937
23.2157
23.1382
23.0611
22.9845
22.9084
22.8328
22.7578
22.6833
22.6095
22.5362
22.4635
22.3915
22.3202
22.2495
22.1795
22.1102
22.0417
21.9739
21.9068
21.8406
21.7751
21.7105
21.6466
21.5836
21.5215
21.4603
21.3999
21.3405
21.2819
21.2243
21.1677
21.112
21.0573
21.0036
20.9509
20.8992
20.8486
20.799
20.7504
20.7029
20.6566
20.6112
20.5671
20.524
20.482
20.4412
20.4015
20.363
20.3257
20.2895
20.2545
20.2207
20.1882
20.1568
20.1266
20.0977
20.07
20.0436
20.0184
19.9944
19.9717
19.9503
19.9301
19.9113
19.8937
19.8774
19.8623
19.8486
19.8362
19.8251
19.8152
19.8067
19.7995
19.7936
19.789
19.7857
19.7837
19.7831
