25
24.9626
24.9251
24.8877
24.8503
24.8129
24.7756
24.7384
24.7012
24.6641
24.6271
24.5901
24.5533
24.5166
24.48
24.4435
24.4072
24.371
24.335
24.2992
24.2635
24.228
24.1927
24.1576
24.1227
24.0881
24.0537
24.0195
23.9855
23.9518
23.9184
23.8853
23.8524
23.8198
23.7875
23.7556
23.7239
23.6925
23.6615
23.6309
23.6005
23.5705
23.5409
23.5117
23.4828
23.4543
23.4262
23.3985
23.3712
23.3443
23.3178
23.2917
23.2661
23.2409
23.2162
23.1919
23.168
23.1446
23.1217
23.0993
23.0773
23.0558
23.0348
23.0143
22.9943
22.9748
22.9559
22.9374
22.9194
22.902
22.8851
22.8688
22.8529
22.8376
22.8229
22.8087
22.7951
22.782
22.7695
22.7575
22.7461
22.7352
22.725
22.7153
22.7062
22.6976
22.6897
22.6823
22.6755
22.6693
22.6637
22.6586
22.6542
22.6503
22.6471
22.6444
22.6423
22.6408
22.6399
22.6396
