25
24.9813
24.9627
24.9441
24.9254
24.9068
24.8882
24.8697
24.8512
24.8327
24.8142
24.7958
24.7775
24.7592
24.741
24.7228
24.7047
24.6867
24.6687
24.6509
24.6331
24.6154
24.5978
24.5804
24.563
24.5457
24.5286
24.5116
24.4946
24.4779
24.4612
24.4447
24.4283
24.4121
24.396
24.3801
24.3643
24.3487
24.3332
24.318
24.3029
24.2879
24.2732
24.2586
24.2442
24.23
24.216
24.2022
24.1886
24.1752
24.162
24.149
24.1363
24.1237
24.1114
24.0993
24.0874
24.0758
24.0643
24.0532
24.0422
24.0315
24.0211
24.0108
24.0009
23.9912
23.9817
23.9725
23.9636
23.9549
23.9465
23.9383
23.9304
23.9228
23.9155
23.9084
23.9016
23.8951
23.8889
23.8829
23.8772
23.8718
23.8667
23.8619
23.8573
23.8531
23.8491
23.8454
23.8421
23.839
23.8362
23.8336
23.8314
23.8295
23.8279
23.8266
23.8255
23.8248
23.8243
23.8242
