25
24.8037
24.6075
24.4114
24.2155
24.0197
23.8242
23.629
23.4341
23.2396
23.0456
22.8521
22.6591
22.4667
22.2749
22.0838
21.8935
21.7039
21.5152
21.3274
21.1405
20.9546
20.7696
20.5858
20.4031
20.2215
20.0412
19.8621
19.6843
19.5078
19.3327
19.1591
18.9869
18.8163
18.6472
18.4797
18.3139
18.1497
17.9873
17.8266
17.6678
17.5108
17.3557
17.2026
17.0514
16.9022
16.755
16.6099
16.467
16.3262
16.1875
16.0511
15.917
15.7851
15.6556
15.5284
15.4036
15.2813
15.1614
15.0439
14.929
14.8166
14.7067
14.5995
14.4949
14.3929
14.2936
14.197
14.1031
14.0119
13.9236
13.838
13.7552
13.6752
13.5981
13.5239
13.4525
13.3841
13.3185
13.2559
13.1963
13.1396
13.086
13.0353
12.9876
12.9429
12.9013
12.8627
12.8272
12.7947
12.7653
12.739
12.7157
12.6956
12.6785
12.6645
12.6537
12.6459
12.6412
12.6397
