25
24.7226
24.4452
24.168
23.891
23.6143
23.3379
23.062
22.7867
22.5119
22.2378
21.9644
21.6919
21.4202
21.1495
20.8798
20.6112
20.3438
20.0777
19.8128
19.5493
19.2873
19.0268
18.7679
18.5107
18.2551
18.0014
17.7495
17.4995
17.2515
17.0056
16.7617
16.5201
16.2806
16.0435
15.8087
15.5763
15.3464
15.119
14.8942
14.672
14.4525
14.2358
14.0219
13.8108
13.6026
13.3974
13.1951
12.9959
12.7999
12.6069
12.4171
12.2306
12.0474
11.8674
11.6908
11.5177
11.3479
11.1816
11.0189
10.8597
10.7041
10.5521
10.4038
10.2591
10.1182
9.981
9.8476
9.71802
9.59227
9.47039
9.35239
9.23832
9.12818
9.02201
8.91983
8.82165
8.7275
8.6374
8.55137
8.46942
8.39157
8.31784
8.24824
8.18279
8.1215
8.06439
8.01145
7.96272
7.91819
7.87787
7.84177
7.8099
7.78227
7.75889
7.73974
7.72485
7.71421
7.70783
7.7057
