25
24.9613
24.9226
24.8839
24.8452
24.8066
24.7681
24.7296
24.6911
24.6528
24.6145
24.5763
24.5382
24.5003
24.4624
24.4247
24.3872
24.3498
24.3126
24.2755
24.2386
24.202
24.1655
24.1292
24.0931
24.0573
24.0217
23.9864
23.9513
23.9165
23.8819
23.8477
23.8137
23.78
23.7466
23.7136
23.6808
23.6484
23.6164
23.5847
23.5533
23.5223
23.4917
23.4614
23.4316
23.4021
23.3731
23.3444
23.3162
23.2884
23.261
23.2341
23.2076
23.1816
23.156
23.1308
23.1062
23.082
23.0583
23.0351
23.0124
22.9902
22.9685
22.9473
22.9267
22.9065
22.8869
22.8678
22.8492
22.8312
22.8138
22.7969
22.7805
22.7647
22.7495
22.7348
22.7207
22.7071
22.6942
22.6818
22.67
22.6588
22.6482
22.6382
22.6288
22.6199
22.6117
22.6041
22.5971
22.5906
22.5848
22.5796
22.575
22.571
22.5677
22.5649
22.5628
22.5612
22.5603
22.56
