25
24.9534
24.9068
24.8602
24.8136
24.7671
24.7207
24.6743
24.628
24.5818
24.5357
24.4898
24.4439
24.3982
24.3527
24.3073
24.2621
24.217
24.1722
24.1276
24.0832
24.039
23.995
23.9514
23.9079
23.8648
23.8219
23.7794
23.7371
23.6952
23.6536
23.6123
23.5714
23.5309
23.4907
23.4509
23.4114
23.3724
23.3338
23.2956
23.2579
23.2205
23.1837
23.1473
23.1113
23.0758
23.0408
23.0063
22.9723
22.9389
22.9059
22.8735
22.8416
22.8102
22.7794
22.7491
22.7195
22.6903
22.6618
22.6339
22.6065
22.5798
22.5537
22.5282
22.5033
22.479
22.4554
22.4324
22.41
22.3883
22.3673
22.3469
22.3272
22.3082
22.2899
22.2722
22.2552
22.2389
22.2233
22.2084
22.1942
22.1807
22.1679
22.1559
22.1445
22.1339
22.124
22.1148
22.1063
22.0986
22.0916
22.0853
22.0798
22.075
22.0709
22.0676
22.065
22.0632
22.0621
22.0617
