25
24.7508
24.5017
24.2527
24.0039
23.7554
23.5072
23.2594
23.012
22.7652
22.5189
22.2733
22.0283
21.7842
21.5408
21.2984
21.0569
20.8165
20.5771
20.3389
20.1018
19.8661
19.6316
19.3986
19.167
18.9369
18.7083
18.4814
18.2562
18.0327
17.811
17.5911
17.3731
17.1571
16.9431
16.7312
16.5214
16.3138
16.1084
15.9052
15.7044
15.506
15.31
15.1165
14.9255
14.7371
14.5512
14.3681
14.1876
14.01
13.8351
13.663
13.4938
13.3275
13.1642
13.0039
12.8467
12.6925
12.5414
12.3935
12.2488
12.1073
11.969
11.834
11.7024
11.5741
11.4492
11.3277
11.2096
11.095
10.9839
10.8763
10.7723
10.6718
10.575
10.4817
10.3921
10.3062
10.2239
10.1453
10.0704
9.99933
9.93195
9.86835
9.80852
9.75249
9.70027
9.65187
9.6073
9.56657
9.52969
9.49667
9.46752
9.44224
9.42084
9.40332
9.3897
9.37996
9.37412
9.37217
