25
24.7376
24.4754
24.2132
23.9513
23.6896
23.4283
23.1674
22.9069
22.6471
22.3878
22.1292
21.8714
21.6144
21.3583
21.1031
20.849
20.5959
20.344
20.0933
19.8439
19.5959
19.3492
19.1041
18.8604
18.6184
18.378
18.1394
17.9025
17.6675
17.4344
17.2033
16.9741
16.7471
16.5222
16.2995
16.0791
15.8609
15.6451
15.4317
15.2208
15.0124
14.8066
14.6034
14.4029
14.2051
14.0101
13.8178
13.6285
13.442
13.2585
13.078
12.9006
12.7262
12.5549
12.3868
12.222
12.0603
11.902
11.7469
11.5953
11.447
11.3021
11.1607
11.0228
10.8884
10.7576
10.6304
10.5067
10.3868
10.2705
10.1578
10.0489
9.94379
9.84241
9.74483
9.65106
9.56113
9.47505
9.39285
9.31455
9.24015
9.16968
9.10316
9.04059
8.982
8.92739
8.87678
8.83018
8.78759
8.74903
8.71451
8.68403
8.6576
8.63523
8.61692
8.60267
8.5925
8.58639
8.58435
