25
24.8271
24.6542
24.4813
24.3087
24.1361
23.9639
23.7918
23.6201
23.4487
23.2777
23.1072
22.9371
22.7676
22.5986
22.4302
22.2624
22.0954
21.9291
21.7635
21.5988
21.4349
21.272
21.1099
20.9489
20.7889
20.6299
20.472
20.3153
20.1598
20.0054
19.8524
19.7006
19.5502
19.4011
19.2535
19.1073
18.9626
18.8194
18.6778
18.5377
18.3993
18.2626
18.1275
17.9942
17.8626
17.7329
17.6049
17.4789
17.3547
17.2325
17.1122
16.9939
16.8776
16.7634
16.6512
16.5411
16.4332
16.3274
16.2239
16.1225
16.0233
15.9265
15.8319
15.7396
15.6496
15.562
15.4768
15.3939
15.3135
15.2355
15.16
15.087
15.0164
14.9484
14.8829
14.82
14.7596
14.7017
14.6465
14.5939
14.5439
14.4965
14.4518
14.4097
14.3703
14.3336
14.2995
14.2682
14.2395
14.2136
14.1903
14.1698
14.152
14.137
14.1246
14.115
14.1082
14.1041
14.1027
