25
24.9729
24.9459
24.9189
24.8919
24.8649
24.8379
24.811
24.7841
24.7573
24.7306
24.7039
24.6773
24.6508
24.6244
24.598
24.5718
24.5456
24.5196
24.4937
24.468
24.4423
24.4168
24.3915
24.3663
24.3412
24.3164
24.2917
24.2672
24.2428
24.2187
24.1947
24.171
24.1475
24.1241
24.101
24.0782
24.0555
24.0331
24.011
23.989
23.9674
23.946
23.9249
23.904
23.8834
23.8631
23.8431
23.8234
23.8039
23.7848
23.766
23.7475
23.7293
23.7114
23.6938
23.6766
23.6597
23.6432
23.6269
23.6111
23.5956
23.5804
23.5656
23.5511
23.5371
23.5234
23.51
23.497
23.4845
23.4723
23.4604
23.449
23.438
23.4273
23.4171
23.4072
23.3977
23.3887
23.38
23.3718
23.364
23.3566
23.3496
23.343
23.3368
23.3311
23.3257
23.3208
23.3163
23.3123
23.3086
23.3054
23.3026
23.3003
23.2983
23.2968
23.2958
23.2951
23.2949
