25
24.5696
24.1393
23.7095
23.2803
22.8519
22.4245
21.9983
21.5735
21.1504
20.729
20.3096
19.8924
19.4775
19.0652
18.6556
18.249
17.8453
17.4449
17.0479
16.6545
16.2648
15.8789
15.497
15.1192
14.7458
14.3767
14.0122
13.6522
13.2971
12.9468
12.6014
12.2611
11.926
11.5961
11.2714
10.9522
10.6384
10.33
10.0273
9.73008
9.43854
9.15269
8.87254
8.59814
8.32949
8.06662
7.80953
7.55824
7.31275
7.07304
6.83913
6.61099
6.38861
6.17197
5.96105
5.75583
5.55627
5.36234
5.17401
4.99124
4.81398
4.6422
4.47586
4.3149
4.15927
4.00894
3.86384
3.72392
3.58914
3.45944
3.33476
3.21506
3.10027
2.99035
2.88524
2.78489
2.68924
2.59825
2.51187
2.43004
2.35272
2.27986
2.21142
2.14735
2.08762
2.03218
1.98101
1.93406
1.8913
1.8527
1.81824
1.78789
1.76164
1.73945
1.72132
1.70724
1.69718
1.69115
1.68914
