25
24.694
24.388
24.0823
23.7768
23.4716
23.1669
22.8627
22.5591
22.2562
21.9541
21.6529
21.3526
21.0533
20.7551
20.4582
20.1625
19.8683
19.5754
19.2841
18.9944
18.7064
18.4201
18.1357
17.8532
17.5727
17.2943
17.018
16.7439
16.4721
16.2027
15.9357
15.6712
15.4093
15.1499
14.8933
14.6395
14.3884
14.1403
13.8951
13.6529
13.4137
13.1777
12.9448
12.7152
12.4888
12.2658
12.0461
11.8299
11.6172
11.408
11.2023
11.0003
10.8019
10.6073
10.4163
10.2292
10.0458
9.86634
9.69075
9.51908
9.35136
9.18764
9.02794
8.87228
8.72071
8.57325
8.42992
8.29076
8.15578
8.02501
7.89847
7.77618
7.65817
7.54446
7.43506
7.33
7.22928
7.13293
7.04096
6.95339
6.87023
6.79149
6.71719
6.64733
6.58193
6.521
6.46455
6.41258
6.36511
6.32214
6.28367
6.24971
6.22028
6.19536
6.17497
6.15911
6.14778
6.14098
6.13871
