25
24.9574
24.9148
24.8722
24.8296
24.7871
24.7446
24.7022
24.6599
24.6177
24.5755
24.5335
24.4916
24.4498
24.4081
24.3666
24.3253
24.2841
24.2431
24.2023
24.1617
24.1213
24.0812
24.0412
24.0015
23.9621
23.9229
23.884
23.8454
23.807
23.769
23.7313
23.6938
23.6568
23.62
23.5836
23.5476
23.5119
23.4766
23.4417
23.4072
23.373
23.3393
23.306
23.2732
23.2407
23.2087
23.1772
23.1461
23.1155
23.0854
23.0557
23.0265
22.9979
22.9697
22.942
22.9149
22.8883
22.8622
22.8367
22.8117
22.7872
22.7633
22.74
22.7172
22.695
22.6734
22.6524
22.632
22.6122
22.5929
22.5743
22.5563
22.5389
22.5221
22.506
22.4904
22.4755
22.4613
22.4477
22.4347
22.4223
22.4107
22.3996
22.3892
22.3795
22.3705
22.3621
22.3543
22.3473
22.3409
22.3351
22.3301
22.3257
22.322
22.3189
22.3166
22.3149
22.3139
22.3135
