25
24.7331
24.4662
24.1994
23.9329
23.6667
23.4008
23.1353
22.8703
22.6059
22.3421
22.079
21.8167
21.5553
21.2947
21.0351
20.7766
20.5191
20.2629
20.0079
19.7542
19.5019
19.251
19.0016
18.7538
18.5077
18.2632
18.0205
17.7796
17.5407
17.3036
17.0686
16.8356
16.6048
16.3761
16.1497
15.9256
15.7038
15.4845
15.2676
15.0532
14.8414
14.6322
14.4257
14.2219
14.0209
13.8227
13.6274
13.435
13.2456
13.0591
12.8758
12.6955
12.5184
12.3444
12.1737
12.0062
11.8421
11.6813
11.5238
11.3698
11.2192
11.0722
10.9286
10.7886
10.6521
10.5193
10.3902
10.2647
10.1429
10.0248
9.91053
9.80001
9.69329
9.59041
9.49138
9.39623
9.30497
9.21762
9.13422
9.05476
8.97928
8.90778
8.84029
8.77681
8.71737
8.66197
8.61062
8.56335
8.52015
8.48103
8.44601
8.41509
8.38829
8.36559
8.34702
8.33257
8.32224
8.31605
8.31398
