25
24.9317
24.8635
24.7952
24.7271
24.6589
24.5909
24.523
24.4552
24.3875
24.32
24.2527
24.1855
24.1186
24.0519
23.9854
23.9192
23.8532
23.7875
23.7222
23.6571
23.5924
23.5281
23.4641
23.4005
23.3373
23.2746
23.2122
23.1504
23.0889
23.028
22.9676
22.9076
22.8482
22.7894
22.7311
22.6733
22.6162
22.5596
22.5037
22.4484
22.3937
22.3397
22.2864
22.2337
22.1818
22.1305
22.08
22.0302
21.9812
21.9329
21.8854
21.8386
21.7927
21.7476
21.7033
21.6598
21.6172
21.5754
21.5345
21.4944
21.4553
21.417
21.3796
21.3432
21.3076
21.273
21.2393
21.2066
21.1748
21.144
21.1142
21.0853
21.0575
21.0306
21.0047
20.9798
20.956
20.9331
20.9113
20.8905
20.8708
20.8521
20.8344
20.8178
20.8022
20.7877
20.7742
20.7618
20.7505
20.7402
20.7311
20.723
20.7159
20.71
20.7051
20.7013
20.6986
20.697
20.6964
