25
24.9622
24.9244
24.8866
24.8488
24.8111
24.7734
24.7358
24.6982
24.6607
24.6233
24.586
24.5488
24.5117
24.4748
24.438
24.4013
24.3647
24.3284
24.2921
24.2561
24.2203
24.1846
24.1492
24.114
24.079
24.0442
24.0097
23.9754
23.9414
23.9076
23.8741
23.8409
23.808
23.7754
23.7431
23.7111
23.6795
23.6481
23.6172
23.5865
23.5562
23.5263
23.4968
23.4676
23.4388
23.4104
23.3824
23.3549
23.3277
23.301
23.2746
23.2487
23.2233
23.1983
23.1738
23.1497
23.1261
23.1029
23.0803
23.0581
23.0364
23.0152
22.9945
22.9743
22.9546
22.9354
22.9168
22.8986
22.881
22.864
22.8474
22.8315
22.816
22.8011
22.7868
22.773
22.7598
22.7471
22.735
22.7235
22.7126
22.7022
22.6924
22.6832
22.6746
22.6666
22.6591
22.6522
22.646
22.6403
22.6352
22.6307
22.6268
22.6235
22.6208
22.6187
22.6172
22.6163
22.616
