25
24.8212
24.6425
24.4638
24.2853
24.1069
23.9288
23.751
23.5735
23.3963
23.2195
23.0432
22.8674
22.6921
22.5174
22.3433
22.1699
21.9972
21.8253
21.6541
21.4839
21.3144
21.146
20.9785
20.812
20.6466
20.4822
20.319
20.157
19.9962
19.8367
19.6785
19.5216
19.3661
19.212
19.0594
18.9082
18.7586
18.6106
18.4642
18.3194
18.1764
18.035
17.8954
17.7576
17.6216
17.4875
17.3552
17.2249
17.0966
16.9702
16.8459
16.7236
16.6034
16.4853
16.3694
16.2556
16.1441
16.0347
15.9277
15.8229
15.7204
15.6203
15.5225
15.4271
15.3341
15.2436
15.1555
15.0698
14.9867
14.9061
14.8281
14.7526
14.6797
14.6094
14.5417
14.4766
14.4142
14.3544
14.2973
14.2429
14.1913
14.1423
14.0961
14.0526
14.0119
13.9739
13.9387
13.9063
13.8767
13.8498
13.8258
13.8046
13.7862
13.7707
13.7579
13.748
13.7409
13.7367
13.7353
