25
24.9652
24.9304
24.8956
24.8608
24.8261
24.7914
24.7568
24.7222
24.6877
24.6533
24.619
24.5847
24.5506
24.5166
24.4827
24.4489
24.4153
24.3818
24.3485
24.3153
24.2824
24.2495
24.2169
24.1845
24.1523
24.1203
24.0885
24.0569
24.0256
23.9946
23.9637
23.9332
23.9029
23.8729
23.8432
23.8137
23.7846
23.7558
23.7272
23.699
23.6712
23.6436
23.6164
23.5896
23.5631
23.537
23.5112
23.4858
23.4608
23.4362
23.412
23.3882
23.3647
23.3417
23.3192
23.297
23.2753
23.2539
23.2331
23.2127
23.1927
23.1732
23.1541
23.1355
23.1174
23.0998
23.0826
23.0659
23.0497
23.034
23.0188
23.0041
22.9899
22.9762
22.963
22.9503
22.9381
22.9265
22.9154
22.9048
22.8947
22.8851
22.8761
22.8677
22.8597
22.8523
22.8455
22.8391
22.8334
22.8281
22.8235
22.8193
22.8157
22.8127
22.8102
22.8083
22.8069
22.8061
22.8058
