25
24.9633
24.9266
24.8899
24.8532
24.8166
24.7801
24.7435
24.7071
24.6707
24.6344
24.5982
24.5621
24.5261
24.4902
24.4545
24.4189
24.3834
24.3481
24.313
24.278
24.2432
24.2086
24.1742
24.14
24.1061
24.0723
24.0388
24.0055
23.9725
23.9397
23.9072
23.875
23.8431
23.8114
23.7801
23.749
23.7183
23.6879
23.6578
23.6281
23.5987
23.5697
23.541
23.5127
23.4848
23.4572
23.43
23.4033
23.3769
23.3509
23.3254
23.3003
23.2756
23.2513
23.2275
23.2041
23.1812
23.1587
23.1367
23.1152
23.0941
23.0736
23.0535
23.0339
23.0148
22.9962
22.9781
22.9605
22.9434
22.9268
22.9108
22.8953
22.8803
22.8658
22.8519
22.8385
22.8257
22.8134
22.8017
22.7905
22.7799
22.7698
22.7603
22.7514
22.743
22.7352
22.728
22.7213
22.7152
22.7097
22.7048
22.7004
22.6966
22.6934
22.6908
22.6888
22.6873
22.6865
22.6862
