25
24.7592
24.5184
24.2777
24.0373
23.797
23.5571
23.3176
23.0785
22.8399
22.6018
22.3644
22.1276
21.8916
21.6564
21.422
21.1886
20.9561
20.7247
20.4944
20.2652
20.0373
19.8106
19.5852
19.3613
19.1388
18.9178
18.6983
18.4805
18.2643
18.0499
17.8372
17.6264
17.4174
17.2104
17.0054
16.8024
16.6015
16.4028
16.2062
16.0119
15.8199
15.6302
15.4429
15.258
15.0757
14.8958
14.7185
14.5438
14.3718
14.2024
14.0358
13.872
13.711
13.5529
13.3976
13.2453
13.096
12.9497
12.8064
12.6662
12.5291
12.3951
12.2644
12.1368
12.0125
11.8915
11.7737
11.6593
11.5483
11.4406
11.3363
11.2355
11.1381
11.0442
10.9538
10.8669
10.7836
10.7038
10.6277
10.5551
10.4861
10.4208
10.3591
10.3011
10.2468
10.1961
10.1492
10.106
10.0665
10.0307
9.9987
9.97042
9.94591
9.92515
9.90817
9.89495
9.88551
9.87984
9.87795
