25
24.8366
24.6731
24.5098
24.3466
24.1836
24.0208
23.8582
23.6959
23.5339
23.3723
23.2111
23.0504
22.8902
22.7304
22.5713
22.4128
22.2549
22.0977
21.9413
21.7856
21.6307
21.4767
21.3235
21.1713
21.0201
20.8699
20.7206
20.5725
20.4255
20.2797
20.135
19.9916
19.8494
19.7085
19.569
19.4308
19.294
19.1587
19.0248
18.8924
18.7616
18.6323
18.5047
18.3787
18.2543
18.1317
18.0108
17.8916
17.7743
17.6587
17.545
17.4332
17.3233
17.2153
17.1093
17.0052
16.9032
16.8032
16.7053
16.6095
16.5158
16.4242
16.3348
16.2475
16.1625
16.0797
15.9991
15.9208
15.8448
15.7711
15.6997
15.6306
15.564
15.4996
15.4377
15.3782
15.3211
15.2665
15.2143
15.1645
15.1172
15.0725
15.0302
14.9904
14.9531
14.9184
14.8862
14.8566
14.8295
14.805
14.783
14.7636
14.7468
14.7326
14.7209
14.7118
14.7054
14.7015
14.7002
