25
24.9555
24.911
24.8665
24.8221
24.7777
24.7334
24.6891
24.6449
24.6008
24.5568
24.5129
24.4692
24.4255
24.382
24.3387
24.2956
24.2526
24.2098
24.1672
24.1248
24.0826
24.0407
23.999
23.9575
23.9163
23.8754
23.8348
23.7945
23.7544
23.7147
23.6753
23.6363
23.5975
23.5592
23.5212
23.4836
23.4463
23.4094
23.373
23.3369
23.3013
23.2661
23.2314
23.197
23.1632
23.1298
23.0968
23.0644
23.0324
23.001
22.97
22.9395
22.9096
22.8802
22.8513
22.823
22.7952
22.768
22.7413
22.7152
22.6897
22.6647
22.6404
22.6166
22.5934
22.5709
22.5489
22.5276
22.5069
22.4868
22.4674
22.4486
22.4304
22.4129
22.396
22.3798
22.3642
22.3494
22.3351
22.3216
22.3087
22.2965
22.285
22.2742
22.264
22.2545
22.2458
22.2377
22.2303
22.2236
22.2177
22.2124
22.2078
22.2039
22.2007
22.1983
22.1965
22.1954
22.1951
