25
24.7741
24.5483
24.3226
24.0971
23.8718
23.6468
23.4221
23.1979
22.9741
22.7508
22.5281
22.306
22.0846
21.864
21.6441
21.4251
21.2071
20.9899
20.7738
20.5588
20.3449
20.1323
19.9208
19.7106
19.5018
19.2944
19.0884
18.884
18.6811
18.4798
18.2801
18.0822
17.886
17.6916
17.4991
17.3085
17.1199
16.9332
16.7486
16.5661
16.3857
16.2075
16.0316
15.8579
15.6865
15.5175
15.3509
15.1867
15.025
14.8658
14.7092
14.5552
14.4039
14.2552
14.1092
13.966
13.8256
13.6879
13.5532
13.4213
13.2923
13.1663
13.0433
12.9233
12.8063
12.6924
12.5816
12.474
12.3694
12.2681
12.1699
12.075
11.9834
11.895
11.8099
11.7281
11.6496
11.5745
11.5028
11.4344
11.3695
11.308
11.2499
11.1953
11.1441
11.0964
11.0522
11.0115
10.9743
10.9406
10.9104
10.8838
10.8607
10.8411
10.8251
10.8127
10.8038
10.7984
10.7967
