25
24.9446
24.8892
24.8339
24.7785
24.7233
24.6681
24.613
24.558
24.5031
24.4483
24.3937
24.3392
24.2849
24.2307
24.1768
24.1231
24.0696
24.0163
23.9632
23.9105
23.858
23.8058
23.7539
23.7023
23.651
23.6001
23.5495
23.4993
23.4495
23.4
23.351
23.3024
23.2542
23.2064
23.1591
23.1123
23.0659
23.02
22.9746
22.9298
22.8854
22.8416
22.7983
22.7556
22.7134
22.6719
22.6309
22.5905
22.5507
22.5115
22.4729
22.435
22.3978
22.3612
22.3252
22.2899
22.2554
22.2215
22.1883
22.1558
22.124
22.0929
22.0626
22.033
22.0042
21.9761
21.9488
21.9222
21.8965
21.8715
21.8473
21.8239
21.8012
21.7794
21.7584
21.7383
21.7189
21.7004
21.6827
21.6658
21.6498
21.6346
21.6202
21.6067
21.5941
21.5823
21.5714
21.5614
21.5522
21.5439
21.5364
21.5298
21.5241
21.5193
21.5153
21.5123
21.5101
21.5088
21.5083
