25
24.9781
24.9561
24.9342
24.9123
24.8904
24.8685
24.8467
24.8249
24.8031
24.7814
24.7598
24.7382
24.7167
24.6952
24.6738
24.6526
24.6314
24.6102
24.5892
24.5683
24.5475
24.5268
24.5063
24.4858
24.4655
24.4453
24.4253
24.4054
24.3857
24.3661
24.3467
24.3274
24.3083
24.2894
24.2706
24.2521
24.2337
24.2155
24.1975
24.1798
24.1622
24.1448
24.1277
24.1108
24.0941
24.0776
24.0613
24.0453
24.0296
24.014
23.9988
23.9838
23.969
23.9545
23.9402
23.9263
23.9126
23.8991
23.886
23.8731
23.8605
23.8482
23.8362
23.8245
23.813
23.8019
23.7911
23.7806
23.7704
23.7605
23.7509
23.7416
23.7326
23.724
23.7157
23.7077
23.7
23.6927
23.6857
23.679
23.6726
23.6666
23.6609
23.6556
23.6506
23.6459
23.6416
23.6376
23.634
23.6307
23.6277
23.6251
23.6228
23.6209
23.6194
23.6181
23.6173
23.6168
23.6166
