25
24.9713
24.9426
24.9139
24.8852
24.8566
24.8279
24.7994
24.7709
24.7424
24.714
24.6857
24.6574
24.6293
24.6012
24.5733
24.5454
24.5177
24.4901
24.4626
24.4352
24.408
24.3809
24.354
24.3273
24.3007
24.2743
24.2481
24.2221
24.1962
24.1706
24.1452
24.12
24.095
24.0702
24.0457
24.0214
23.9974
23.9736
23.9501
23.9268
23.9038
23.8811
23.8587
23.8365
23.8147
23.7931
23.7719
23.7509
23.7303
23.71
23.69
23.6704
23.651
23.6321
23.6134
23.5951
23.5772
23.5596
23.5424
23.5256
23.5091
23.493
23.4773
23.462
23.447
23.4325
23.4183
23.4045
23.3912
23.3782
23.3657
23.3535
23.3418
23.3305
23.3196
23.3092
23.2991
23.2895
23.2803
23.2716
23.2633
23.2554
23.248
23.241
23.2344
23.2283
23.2227
23.2175
23.2127
23.2084
23.2045
23.2011
23.1982
23.1957
23.1936
23.192
23.1909
23.1902
23.19
