25
24.8114
24.6229
24.4345
24.2462
24.0581
23.8703
23.6827
23.4955
23.3086
23.1222
22.9362
22.7508
22.5659
22.3817
22.1981
22.0152
21.8331
21.6517
21.4712
21.2917
21.113
20.9353
20.7587
20.5831
20.4086
20.2353
20.0632
19.8924
19.7228
19.5546
19.3877
19.2223
19.0583
18.8958
18.7349
18.5755
18.4177
18.2617
18.1073
17.9546
17.8038
17.6547
17.5075
17.3622
17.2188
17.0774
16.9379
16.8005
16.6652
16.532
16.4009
16.272
16.1452
16.0207
15.8985
15.7786
15.6609
15.5457
15.4328
15.3223
15.2143
15.1087
15.0056
14.905
14.807
14.7115
14.6187
14.5284
14.4408
14.3558
14.2736
14.194
14.1171
14.043
13.9716
13.903
13.8372
13.7742
13.714
13.6567
13.6022
13.5506
13.5019
13.4561
13.4131
13.3731
13.336
13.3019
13.2706
13.2424
13.217
13.1947
13.1753
13.1589
13.1455
13.135
13.1276
13.1231
13.1216
