25
24.8784
24.7568
24.6352
24.5138
24.3924
24.2713
24.1503
24.0295
23.909
23.7887
23.6687
23.5491
23.4299
23.311
23.1926
23.0746
22.9571
22.8401
22.7237
22.6078
22.4926
22.3779
22.264
22.1507
22.0381
21.9263
21.8153
21.705
21.5956
21.4871
21.3794
21.2726
21.1668
21.0619
20.9581
20.8552
20.7534
20.6527
20.5531
20.4545
20.3572
20.261
20.1659
20.0721
19.9796
19.8883
19.7983
19.7096
19.6222
19.5362
19.4516
19.3684
19.2865
19.2062
19.1272
19.0498
18.9738
18.8994
18.8265
18.7552
18.6854
18.6172
18.5507
18.4857
18.4224
18.3608
18.3008
18.2425
18.1859
18.131
18.0779
18.0265
17.9768
17.9289
17.8828
17.8385
17.796
17.7553
17.7165
17.6794
17.6442
17.6109
17.5794
17.5498
17.5221
17.4962
17.4722
17.4502
17.43
17.4117
17.3954
17.3809
17.3684
17.3578
17.3491
17.3424
17.3376
17.3347
17.3337
