25
24.8024
24.6049
24.4075
24.2102
24.0131
23.8163
23.6198
23.4236
23.2278
23.0325
22.8377
22.6434
22.4497
22.2567
22.0643
21.8727
21.6819
21.4919
21.3028
21.1147
20.9275
20.7414
20.5563
20.3724
20.1896
20.008
19.8277
19.6487
19.4711
19.2949
19.1201
18.9468
18.775
18.6048
18.4362
18.2692
18.104
17.9405
17.7788
17.6189
17.4608
17.3047
17.1505
16.9983
16.8481
16.7
16.554
16.41
16.2683
16.1288
15.9915
15.8564
15.7237
15.5933
15.4653
15.3397
15.2165
15.0958
14.9776
14.8619
14.7487
14.6382
14.5302
14.4249
14.3223
14.2223
14.1251
14.0305
13.9388
13.8498
13.7637
13.6803
13.5998
13.5222
13.4475
13.3757
13.3068
13.2408
13.1778
13.1178
13.0607
13.0067
12.9557
12.9077
12.8627
12.8208
12.782
12.7462
12.7136
12.684
12.6575
12.6341
12.6138
12.5966
12.5825
12.5716
12.5638
12.5591
12.5575
