25
24.9759
24.9518
24.9278
24.9037
24.8797
24.8557
24.8317
24.8078
24.7839
24.7601
24.7364
24.7127
24.6891
24.6655
24.6421
24.6187
24.5955
24.5723
24.5492
24.5263
24.5035
24.4808
24.4582
24.4358
24.4135
24.3913
24.3694
24.3475
24.3259
24.3044
24.283
24.2619
24.2409
24.2202
24.1996
24.1792
24.1591
24.1391
24.1194
24.0999
24.0806
24.0616
24.0427
24.0242
24.0058
23.9878
23.9699
23.9524
23.9351
23.918
23.9013
23.8848
23.8686
23.8527
23.8371
23.8217
23.8067
23.7919
23.7775
23.7634
23.7496
23.7361
23.7229
23.71
23.6975
23.6853
23.6734
23.6618
23.6506
23.6398
23.6292
23.6191
23.6092
23.5998
23.5906
23.5819
23.5734
23.5654
23.5577
23.5503
23.5434
23.5368
23.5305
23.5247
23.5192
23.5141
23.5093
23.5049
23.5009
23.4973
23.4941
23.4912
23.4888
23.4867
23.4849
23.4836
23.4826
23.4821
23.4819
