25
24.961
24.9221
24.8831
24.8442
24.8053
24.7665
24.7278
24.6891
24.6504
24.6119
24.5735
24.5352
24.4969
24.4589
24.4209
24.3831
24.3455
24.308
24.2707
24.2336
24.1966
24.1599
24.1234
24.0871
24.051
24.0152
23.9796
23.9443
23.9093
23.8745
23.84
23.8058
23.7719
23.7383
23.705
23.672
23.6394
23.6072
23.5752
23.5437
23.5125
23.4816
23.4512
23.4212
23.3915
23.3622
23.3334
23.305
23.277
23.2494
23.2223
23.1957
23.1694
23.1437
23.1184
23.0936
23.0693
23.0454
23.0221
22.9992
22.9768
22.955
22.9337
22.9129
22.8926
22.8728
22.8536
22.8349
22.8168
22.7992
22.7822
22.7657
22.7498
22.7345
22.7197
22.7055
22.6919
22.6788
22.6664
22.6545
22.6432
22.6326
22.6225
22.613
22.6041
22.5958
22.5881
22.5811
22.5746
22.5687
22.5635
22.5589
22.5549
22.5515
22.5487
22.5465
22.545
22.5441
22.5437
