25
24.5585
24.1173
23.6764
23.2363
22.797
22.3588
21.9219
21.4865
21.0528
20.6211
20.1915
19.7643
19.3396
18.9176
18.4986
18.0826
17.67
17.2608
16.8553
16.4535
16.0558
15.6622
15.2728
14.8879
14.5076
14.1319
13.7611
13.3952
13.0344
12.6788
12.3284
11.9835
11.6439
11.3099
10.9816
10.6589
10.342
10.0309
9.7256
9.42625
9.13284
8.8454
8.56397
8.28856
8.01918
7.75585
7.49857
7.24734
7.00215
6.76298
6.52984
6.30268
6.08149
5.86625
5.6569
5.45343
5.25579
5.06393
4.87782
4.69739
4.5226
4.3534
4.18973
4.03153
3.87874
3.73131
3.58916
3.45223
3.32047
3.19381
3.07219
2.95553
2.84378
2.73687
2.63473
2.53732
2.44456
2.35639
2.27275
2.1936
2.11887
2.0485
1.98245
1.92067
1.86311
1.80972
1.76046
1.71529
1.67418
1.63709
1.60399
1.57485
1.54964
1.52836
1.51096
1.49745
1.48781
1.48203
1.4801
