25
24.8176
24.6353
24.453
24.2709
24.0889
23.9072
23.7258
23.5447
23.364
23.1836
23.0038
22.8244
22.6456
22.4674
22.2898
22.1129
21.9367
21.7613
21.5867
21.413
21.2402
21.0683
20.8974
20.7276
20.5588
20.3912
20.2247
20.0594
19.8954
19.7327
19.5713
19.4112
19.2526
19.0954
18.9397
18.7855
18.6329
18.482
18.3326
18.1849
18.039
17.8948
17.7524
17.6118
17.4731
17.3363
17.2014
17.0684
16.9375
16.8086
16.6818
16.5571
16.4345
16.314
16.1957
16.0797
15.9659
15.8544
15.7452
15.6383
15.5337
15.4316
15.3319
15.2346
15.1397
15.0474
14.9575
14.8702
14.7854
14.7032
14.6236
14.5466
14.4722
14.4005
14.3314
14.265
14.2014
14.1404
14.0822
14.0267
13.974
13.9241
13.8769
13.8326
13.791
13.7523
13.7164
13.6833
13.6531
13.6258
13.6013
13.5797
13.5609
13.545
13.532
13.5219
13.5147
13.5104
13.5089
