25
24.9711
24.9422
24.9133
24.8844
24.8556
24.8268
24.798
24.7693
24.7407
24.7121
24.6836
24.6552
24.6268
24.5986
24.5704
24.5424
24.5145
24.4867
24.459
24.4314
24.4041
24.3768
24.3497
24.3228
24.296
24.2695
24.2431
24.2169
24.1909
24.1651
24.1395
24.1141
24.089
24.064
24.0393
24.0149
23.9907
23.9668
23.9431
23.9197
23.8965
23.8737
23.8511
23.8288
23.8068
23.7851
23.7637
23.7426
23.7219
23.7014
23.6813
23.6615
23.6421
23.623
23.6042
23.5858
23.5677
23.5501
23.5327
23.5158
23.4992
23.483
23.4672
23.4517
23.4367
23.422
23.4078
23.3939
23.3805
23.3674
23.3548
23.3426
23.3308
23.3194
23.3084
23.2979
23.2878
23.2781
23.2689
23.2601
23.2517
23.2438
23.2363
23.2293
23.2227
23.2165
23.2108
23.2056
23.2008
23.1965
23.1926
23.1891
23.1862
23.1836
23.1816
23.18
23.1788
23.1781
23.1779
