25
24.6596
24.3193
23.9791
23.6394
23.3
22.9612
22.6231
22.2857
21.9491
21.6136
21.2791
20.9457
20.6137
20.283
19.9538
19.6262
19.3003
18.9762
18.6539
18.3336
18.0154
17.6994
17.3856
17.0741
16.7651
16.4586
16.1546
15.8534
15.555
15.2593
14.9666
14.677
14.3903
14.1069
13.8266
13.5497
13.2761
13.0059
12.7392
12.476
12.2165
11.9606
11.7084
11.46
11.2154
10.9746
10.7378
10.505
10.2762
10.0514
9.83071
9.61415
9.40176
9.19357
8.98961
8.78992
8.59453
8.40347
8.21676
8.03443
7.85651
7.68301
7.51396
7.34938
7.18928
7.03369
6.88263
6.7361
6.59412
6.45671
6.32387
6.19562
6.07197
5.95293
5.83851
5.72871
5.62355
5.52302
5.42714
5.33592
5.24934
5.16743
5.09018
5.0176
4.94969
4.88646
4.8279
4.77402
4.72482
4.6803
4.64046
4.60531
4.57484
4.54906
4.52796
4.51156
4.49984
4.49281
4.49046
