25
24.8218
24.6436
24.4656
24.2877
24.1099
23.9324
23.7551
23.5782
23.4016
23.2254
23.0497
22.8745
22.6998
22.5256
22.3521
22.1793
22.0072
21.8358
21.6652
21.4955
21.3267
21.1588
20.9918
20.8259
20.661
20.4972
20.3346
20.1731
20.0128
19.8538
19.6961
19.5398
19.3848
19.2312
19.0791
18.9284
18.7793
18.6318
18.4859
18.3416
18.199
18.0581
17.919
17.7816
17.6461
17.5124
17.3806
17.2507
17.1228
16.9969
16.8729
16.751
16.6312
16.5136
16.398
16.2846
16.1734
16.0645
15.9577
15.8533
15.7512
15.6513
15.5539
15.4588
15.3661
15.2759
15.1881
15.1027
15.0199
14.9396
14.8618
14.7865
14.7139
14.6438
14.5763
14.5114
14.4492
14.3897
14.3328
14.2786
14.227
14.1782
14.1322
14.0888
14.0482
14.0104
13.9753
13.943
13.9135
13.8868
13.8628
13.8417
13.8234
13.8078
13.7952
13.7853
13.7782
13.774
13.7726
