25
24.9153
24.8306
24.7459
24.6613
24.5768
24.4924
24.4082
24.3241
24.2401
24.1563
24.0728
23.9895
23.9064
23.8236
23.7412
23.659
23.5772
23.4957
23.4146
23.3339
23.2536
23.1738
23.0944
23.0155
22.9371
22.8592
22.7819
22.7051
22.6289
22.5533
22.4783
22.4039
22.3302
22.2572
22.1849
22.1132
22.0423
21.9722
21.9028
21.8342
21.7663
21.6993
21.6332
21.5678
21.5034
21.4398
21.3771
21.3153
21.2545
21.1946
21.1356
21.0776
21.0206
20.9647
20.9097
20.8558
20.8029
20.751
20.7002
20.6506
20.602
20.5545
20.5081
20.4629
20.4188
20.3758
20.3341
20.2935
20.254
20.2158
20.1788
20.143
20.1084
20.0751
20.043
20.0121
19.9825
19.9542
19.9271
19.9013
19.8768
19.8535
19.8316
19.811
19.7917
19.7737
19.757
19.7416
19.7276
19.7148
19.7034
19.6934
19.6847
19.6773
19.6712
19.6665
19.6632
19.6612
19.6605
