25
24.9538
24.9077
24.8616
24.8155
24.7694
24.7235
24.6776
24.6317
24.586
24.5403
24.4948
24.4494
24.4042
24.3591
24.3141
24.2694
24.2248
24.1804
24.1362
24.0922
24.0485
24.005
23.9618
23.9188
23.876
23.8336
23.7915
23.7496
23.7081
23.6669
23.6261
23.5856
23.5454
23.5056
23.4662
23.4272
23.3885
23.3503
23.3125
23.2751
23.2382
23.2017
23.1656
23.13
23.0949
23.0602
23.0261
22.9924
22.9593
22.9266
22.8945
22.8629
22.8319
22.8014
22.7714
22.742
22.7132
22.685
22.6573
22.6302
22.6038
22.5779
22.5526
22.528
22.504
22.4806
22.4578
22.4357
22.4142
22.3934
22.3732
22.3537
22.3349
22.3167
22.2992
22.2824
22.2663
22.2508
22.2361
22.222
22.2087
22.196
22.1841
22.1728
22.1623
22.1525
22.1434
22.135
22.1274
22.1204
22.1142
22.1087
22.104
22.1
22.0967
22.0941
22.0923
22.0912
22.0908
