25
24.8692
24.7383
24.6076
24.4769
24.3464
24.2161
24.0859
23.956
23.8263
23.6969
23.5679
23.4392
23.3109
23.1831
23.0557
22.9288
22.8024
22.6765
22.5513
22.4266
22.3026
22.1793
22.0567
21.9349
21.8138
21.6935
21.574
21.4554
21.3377
21.221
21.1051
20.9903
20.8765
20.7637
20.6519
20.5413
20.4318
20.3234
20.2162
20.1103
20.0055
19.902
19.7998
19.6989
19.5993
19.5011
19.4043
19.3089
19.2149
19.1224
19.0314
18.9418
18.8538
18.7673
18.6824
18.5991
18.5174
18.4374
18.359
18.2822
18.2072
18.1338
18.0622
17.9924
17.9243
17.8579
17.7934
17.7307
17.6698
17.6108
17.5536
17.4983
17.4449
17.3934
17.3438
17.2962
17.2504
17.2067
17.1649
17.125
17.0872
17.0513
17.0174
16.9856
16.9557
16.9279
16.9021
16.8784
16.8567
16.8371
16.8195
16.8039
16.7905
16.7791
16.7697
16.7625
16.7573
16.7542
16.7531
