25
24.8158
24.6316
24.4475
24.2636
24.0798
23.8963
23.713
23.5301
23.3475
23.1654
22.9837
22.8026
22.622
22.4419
22.2626
22.0839
21.906
21.7288
21.5525
21.377
21.2025
21.0289
20.8563
20.6848
20.5143
20.345
20.1768
20.0099
19.8442
19.6799
19.5169
19.3552
19.195
19.0362
18.879
18.7233
18.5691
18.4166
18.2658
18.1167
17.9692
17.8236
17.6798
17.5378
17.3977
17.2595
17.1233
16.989
16.8568
16.7266
16.5985
16.4725
16.3487
16.2271
16.1076
15.9904
15.8755
15.7628
15.6525
15.5446
15.439
15.3359
15.2351
15.1369
15.0411
14.9478
14.857
14.7688
14.6832
14.6002
14.5198
14.442
14.3669
14.2945
14.2247
14.1577
14.0934
14.0318
13.973
13.917
13.8638
13.8133
13.7657
13.7209
13.679
13.6399
13.6036
13.5702
13.5397
13.5121
13.4873
13.4655
13.4466
13.4305
13.4174
13.4072
13.3999
13.3955
13.3941
