25
24.968
24.9359
24.9039
24.8719
24.84
24.808
24.7762
24.7443
24.7126
24.6809
24.6493
24.6178
24.5864
24.5551
24.5239
24.4928
24.4619
24.431
24.4004
24.3698
24.3395
24.3093
24.2793
24.2494
24.2198
24.1903
24.1611
24.132
24.1032
24.0746
24.0462
24.0181
23.9902
23.9626
23.9353
23.9082
23.8814
23.8548
23.8286
23.8026
23.777
23.7516
23.7266
23.7019
23.6775
23.6535
23.6297
23.6064
23.5834
23.5607
23.5384
23.5165
23.4949
23.4738
23.453
23.4326
23.4126
23.393
23.3738
23.355
23.3366
23.3186
23.3011
23.284
23.2673
23.2511
23.2353
23.2199
23.205
23.1905
23.1765
23.163
23.1499
23.1373
23.1252
23.1135
23.1023
23.0916
23.0813
23.0716
23.0623
23.0535
23.0452
23.0374
23.0301
23.0233
23.017
23.0112
23.0059
23.001
22.9967
22.9929
22.9896
22.9868
22.9846
22.9828
22.9815
22.9807
22.9805
