25
24.9811
24.9622
24.9433
24.9244
24.9056
24.8867
24.8679
24.8492
24.8304
24.8117
24.7931
24.7745
24.756
24.7375
24.7191
24.7008
24.6825
24.6643
24.6462
24.6282
24.6103
24.5925
24.5748
24.5572
24.5397
24.5223
24.505
24.4879
24.4709
24.454
24.4373
24.4207
24.4042
24.3879
24.3718
24.3558
24.34
24.3243
24.3088
24.2935
24.2784
24.2634
24.2487
24.2341
24.2197
24.2055
24.1915
24.1778
24.1642
24.1508
24.1377
24.1247
24.112
24.0995
24.0872
24.0752
24.0634
24.0518
24.0405
24.0294
24.0186
24.008
23.9976
23.9875
23.9777
23.9681
23.9588
23.9497
23.9409
23.9324
23.9241
23.9162
23.9084
23.901
23.8938
23.8869
23.8803
23.874
23.868
23.8622
23.8567
23.8516
23.8467
23.8421
23.8378
23.8337
23.83
23.8266
23.8234
23.8206
23.8181
23.8158
23.8139
23.8122
23.8109
23.8098
23.8091
23.8086
23.8085
