25
24.9817
24.9634
24.9452
24.9269
24.9087
24.8904
24.8722
24.8541
24.836
24.8179
24.7998
24.7819
24.7639
24.7461
24.7283
24.7105
24.6929
24.6753
24.6578
24.6403
24.623
24.6058
24.5886
24.5716
24.5547
24.5379
24.5212
24.5046
24.4882
24.4718
24.4556
24.4396
24.4237
24.4079
24.3923
24.3768
24.3615
24.3464
24.3314
24.3166
24.302
24.2875
24.2732
24.2591
24.2452
24.2315
24.2179
24.2046
24.1915
24.1785
24.1658
24.1533
24.141
24.1289
24.117
24.1054
24.094
24.0828
24.0718
24.0611
24.0506
24.0404
24.0303
24.0206
24.0111
24.0018
23.9928
23.984
23.9755
23.9672
23.9593
23.9515
23.9441
23.9369
23.9299
23.9233
23.9169
23.9108
23.9049
23.8993
23.8941
23.889
23.8843
23.8799
23.8757
23.8718
23.8682
23.8649
23.8618
23.8591
23.8566
23.8545
23.8526
23.851
23.8497
23.8487
23.8479
23.8475
23.8474
