25
24.9392
24.8784
24.8177
24.757
24.6963
24.6358
24.5753
24.5149
24.4547
24.3946
24.3346
24.2749
24.2153
24.1558
24.0967
24.0377
23.979
23.9205
23.8623
23.8044
23.7468
23.6895
23.6325
23.5759
23.5197
23.4638
23.4083
23.3532
23.2985
23.2442
23.1904
23.1371
23.0842
23.0318
22.9799
22.9284
22.8776
22.8272
22.7774
22.7282
22.6795
22.6314
22.5839
22.5371
22.4908
22.4452
22.4002
22.3559
22.3122
22.2692
22.2269
22.1853
22.1444
22.1042
22.0648
22.0261
21.9881
21.9509
21.9145
21.8788
21.844
21.8099
21.7766
21.7441
21.7125
21.6817
21.6517
21.6226
21.5943
21.5669
21.5403
21.5146
21.4898
21.4659
21.4428
21.4207
21.3994
21.3791
21.3596
21.3411
21.3235
21.3069
21.2911
21.2763
21.2625
21.2496
21.2376
21.2266
21.2165
21.2073
21.1992
21.1919
21.1857
21.1804
21.1761
21.1727
21.1703
21.1688
21.1683
