25
24.9708
24.9416
24.9124
24.8833
24.8542
24.8251
24.796
24.767
24.7381
24.7092
24.6804
24.6517
24.6231
24.5946
24.5661
24.5378
24.5096
24.4815
24.4536
24.4258
24.3981
24.3706
24.3432
24.316
24.289
24.2622
24.2355
24.209
24.1828
24.1567
24.1309
24.1052
24.0798
24.0547
24.0297
24.005
23.9806
23.9564
23.9325
23.9089
23.8855
23.8624
23.8396
23.8171
23.7948
23.7729
23.7513
23.73
23.7091
23.6884
23.6681
23.6481
23.6285
23.6092
23.5902
23.5716
23.5534
23.5355
23.518
23.5009
23.4842
23.4678
23.4518
23.4362
23.421
23.4062
23.3918
23.3778
23.3643
23.3511
23.3383
23.326
23.3141
23.3026
23.2915
23.2809
23.2707
23.2609
23.2516
23.2427
23.2342
23.2262
23.2187
23.2116
23.2049
23.1987
23.1929
23.1876
23.1828
23.1784
23.1745
23.171
23.168
23.1655
23.1634
23.1618
23.1606
23.1599
23.1597
