25
24.8661
24.7322
24.5984
24.4646
24.3311
24.1976
24.0644
23.9314
23.7987
23.6663
23.5342
23.4025
23.2712
23.1404
23.01
22.8801
22.7507
22.6219
22.4937
22.3661
22.2392
22.113
21.9875
21.8628
21.7389
21.6158
21.4935
21.3721
21.2517
21.1321
21.0136
20.8961
20.7795
20.6641
20.5497
20.4365
20.3244
20.2135
20.1038
19.9953
19.8881
19.7822
19.6776
19.5743
19.4724
19.3719
19.2728
19.1752
19.079
18.9843
18.8911
18.7994
18.7094
18.6209
18.534
18.4487
18.3651
18.2831
18.2029
18.1243
18.0475
17.9725
17.8992
17.8277
17.758
17.6901
17.6241
17.5599
17.4976
17.4372
17.3786
17.322
17.2674
17.2147
17.1639
17.1151
17.0683
17.0235
16.9807
16.94
16.9012
16.8645
16.8298
16.7972
16.7667
16.7382
16.7119
16.6876
16.6653
16.6452
16.6272
16.6113
16.5976
16.5859
16.5763
16.5689
16.5636
16.5604
16.5593
