25
24.2428
23.4867
22.7329
21.9824
21.2363
20.4957
19.7617
19.0353
18.3174
17.6091
16.9111
16.2244
15.5497
14.8879
14.2396
13.6054
12.9861
12.382
11.7937
11.2215
10.6659
10.1272
9.60546
9.10099
8.61387
8.14417
7.69191
7.25704
6.83947
6.43908
6.05568
5.68906
5.33895
5.00508
4.68711
4.38469
4.09745
3.82499
3.56689
3.32271
3.092
2.87431
2.66916
2.47607
2.29458
2.12419
1.96443
1.81483
1.67491
1.5442
1.42226
1.30862
1.20286
1.10454
1.01325
0.928581
0.850154
0.777589
0.710527
0.648621
0.59154
0.538967
0.490602
0.446156
0.405359
0.367952
0.333692
0.302347
0.273703
0.247554
0.22371
0.201992
0.182232
0.164274
0.147972
0.133192
0.119807
0.107701
0.0967665
0.086904
0.078022
0.0700364
0.06287
0.0564525
0.0507195
0.0456126
0.0410789
0.0370707
0.0335452
0.0304642
0.0277939
0.0255048
0.0235712
0.0219711
0.0206864
0.0197023
0.0190074
0.0185937
0.0184563
