25
24.5823
24.1648
23.7477
23.3311
22.9152
22.5003
22.0865
21.674
21.263
20.8536
20.446
20.0404
19.637
19.236
18.8374
18.4415
18.0484
17.6583
17.2713
16.8876
16.5073
16.1305
15.7575
15.3883
15.023
14.6618
14.3048
13.9521
13.6038
13.26
12.9208
12.5863
12.2566
11.9318
11.6119
11.297
10.9872
10.6826
10.3832
10.089
9.80017
9.51665
9.23853
8.96582
8.69856
8.43677
8.18047
7.92967
7.68439
7.44464
7.21041
6.98171
6.75852
6.54086
6.32869
6.12201
5.9208
5.72504
5.5347
5.34977
5.17021
4.99599
4.82709
4.66346
4.50507
4.35188
4.20387
4.06098
3.92317
3.79041
3.66266
3.53987
3.42199
3.309
3.20084
3.09747
2.99885
2.90495
2.81571
2.73111
2.6511
2.57564
2.50471
2.43826
2.37626
2.31868
2.26549
2.21666
2.17217
2.13199
2.0961
2.06448
2.03711
2.01398
1.99508
1.98038
1.96989
1.9636
1.96151
