25
24.9658
24.9315
24.8973
24.8631
24.829
24.7949
24.7608
24.7268
24.6929
24.659
24.6253
24.5916
24.558
24.5246
24.4912
24.458
24.4249
24.392
24.3592
24.3266
24.2942
24.2619
24.2298
24.1979
24.1662
24.1348
24.1035
24.0725
24.0417
24.0111
23.9808
23.9507
23.921
23.8914
23.8622
23.8333
23.8046
23.7762
23.7482
23.7205
23.693
23.666
23.6392
23.6128
23.5868
23.5611
23.5357
23.5108
23.4862
23.4619
23.4381
23.4147
23.3917
23.369
23.3468
23.325
23.3036
23.2827
23.2622
23.2421
23.2224
23.2032
23.1845
23.1662
23.1484
23.131
23.1142
23.0978
23.0818
23.0664
23.0514
23.0369
23.023
23.0095
22.9965
22.984
22.9721
22.9606
22.9497
22.9392
22.9293
22.9199
22.9111
22.9028
22.8949
22.8877
22.8809
22.8747
22.869
22.8639
22.8593
22.8552
22.8517
22.8487
22.8463
22.8444
22.843
22.8422
22.8419
