25
24.9175
24.835
24.7526
24.6702
24.5879
24.5057
24.4237
24.3418
24.26
24.1784
24.0971
24.016
23.9351
23.8545
23.7741
23.6941
23.6144
23.5351
23.4561
23.3775
23.2994
23.2216
23.1443
23.0675
22.9911
22.9153
22.84
22.7652
22.691
22.6174
22.5444
22.472
22.4002
22.3291
22.2586
22.1889
22.1198
22.0515
21.9839
21.9171
21.851
21.7858
21.7214
21.6577
21.595
21.533
21.472
21.4118
21.3526
21.2942
21.2368
21.1804
21.1249
21.0704
21.0168
20.9643
20.9128
20.8623
20.8129
20.7645
20.7172
20.6709
20.6258
20.5817
20.5388
20.497
20.4563
20.4168
20.3784
20.3412
20.3051
20.2702
20.2366
20.2041
20.1728
20.1428
20.1139
20.0863
20.06
20.0349
20.011
19.9884
19.967
19.9469
19.9281
19.9106
19.8943
19.8794
19.8657
19.8533
19.8422
19.8324
19.8239
19.8167
19.8108
19.8063
19.803
19.801
19.8004
