25
24.9524
24.9049
24.8574
24.8099
24.7625
24.7151
24.6678
24.6206
24.5734
24.5264
24.4795
24.4327
24.3861
24.3396
24.2933
24.2472
24.2013
24.1555
24.11
24.0647
24.0197
23.9748
23.9303
23.886
23.842
23.7983
23.7548
23.7117
23.669
23.6265
23.5844
23.5427
23.5013
23.4603
23.4197
23.3795
23.3397
23.3003
23.2613
23.2228
23.1848
23.1471
23.11
23.0733
23.0371
23.0014
22.9662
22.9316
22.8974
22.8638
22.8307
22.7981
22.7662
22.7347
22.7039
22.6736
22.6439
22.6148
22.5863
22.5584
22.5311
22.5045
22.4784
22.453
22.4283
22.4042
22.3807
22.3579
22.3358
22.3144
22.2936
22.2735
22.2541
22.2354
22.2173
22.2
22.1834
22.1675
22.1523
22.1378
22.124
22.111
22.0987
22.0871
22.0763
22.0662
22.0568
22.0482
22.0403
22.0331
22.0267
22.0211
22.0162
22.012
22.0087
22.006
22.0041
22.003
22.0026
