25
24.9061
24.8122
24.7184
24.6247
24.531
24.4375
24.3441
24.2508
24.1578
24.0649
23.9723
23.88
23.7879
23.6962
23.6048
23.5137
23.423
23.3327
23.2428
23.1534
23.0644
22.9759
22.8879
22.8005
22.7136
22.6273
22.5416
22.4565
22.372
22.2882
22.2051
22.1227
22.041
21.96
21.8799
21.8005
21.7219
21.6441
21.5672
21.4911
21.416
21.3417
21.2684
21.196
21.1245
21.054
20.9846
20.9161
20.8486
20.7822
20.7169
20.6527
20.5895
20.5274
20.4665
20.4067
20.3481
20.2906
20.2344
20.1793
20.1254
20.0728
20.0214
19.9713
19.9224
19.8748
19.8285
19.7835
19.7398
19.6975
19.6564
19.6168
19.5784
19.5415
19.5059
19.4717
19.4389
19.4075
19.3774
19.3489
19.3217
19.2959
19.2716
19.2488
19.2274
19.2074
19.1889
19.1719
19.1563
19.1422
19.1296
19.1184
19.1088
19.1006
19.0939
19.0887
19.0849
19.0827
19.082
