25
24.7944
24.5888
24.3833
24.1779
23.9728
23.768
23.5634
23.3592
23.1554
22.9521
22.7494
22.5471
22.3455
22.1446
21.9444
21.745
21.5464
21.3487
21.1519
20.9561
20.7613
20.5675
20.3749
20.1835
19.9933
19.8043
19.6167
19.4304
19.2455
19.0621
18.8802
18.6999
18.5211
18.344
18.1685
17.9948
17.8229
17.6527
17.4845
17.3181
17.1537
16.9912
16.8308
16.6724
16.5161
16.362
16.2101
16.0604
15.9129
15.7677
15.6249
15.4844
15.3463
15.2107
15.0775
14.9468
14.8187
14.6931
14.5701
14.4498
14.3321
14.2171
14.1048
13.9952
13.8884
13.7845
13.6833
13.585
13.4896
13.397
13.3074
13.2207
13.137
13.0563
12.9786
12.9039
12.8322
12.7636
12.6981
12.6357
12.5764
12.5202
12.4671
12.4172
12.3704
12.3269
12.2865
12.2493
12.2153
12.1845
12.1569
12.1326
12.1115
12.0936
12.079
12.0676
12.0595
12.0546
12.053
