25
24.9144
24.8289
24.7434
24.658
24.5726
24.4874
24.4023
24.3173
24.2325
24.1479
24.0635
23.9794
23.8955
23.8119
23.7286
23.6456
23.5629
23.4806
23.3987
23.3172
23.2361
23.1555
23.0753
22.9956
22.9165
22.8378
22.7597
22.6821
22.6052
22.5288
22.4531
22.378
22.3035
22.2298
22.1567
22.0844
22.0127
21.9419
21.8718
21.8025
21.734
21.6663
21.5995
21.5335
21.4684
21.4042
21.3408
21.2784
21.217
21.1565
21.0969
21.0384
20.9808
20.9243
20.8688
20.8143
20.7609
20.7085
20.6572
20.607
20.558
20.51
20.4632
20.4175
20.3729
20.3296
20.2874
20.2464
20.2066
20.168
20.1306
20.0944
20.0595
20.0258
19.9934
19.9622
19.9323
19.9037
19.8763
19.8503
19.8255
19.8021
19.7799
19.7591
19.7396
19.7214
19.7045
19.689
19.6748
19.662
19.6504
19.6403
19.6315
19.624
19.6179
19.6132
19.6098
19.6077
19.6071
