25
24.9753
24.9507
24.9261
24.9015
24.8769
24.8523
24.8278
24.8033
24.7789
24.7545
24.7302
24.7059
24.6818
24.6577
24.6337
24.6098
24.586
24.5622
24.5386
24.5152
24.4918
24.4686
24.4455
24.4225
24.3997
24.377
24.3545
24.3322
24.31
24.288
24.2662
24.2445
24.2231
24.2018
24.1808
24.16
24.1393
24.1189
24.0987
24.0787
24.059
24.0395
24.0202
24.0012
23.9825
23.964
23.9457
23.9278
23.9101
23.8926
23.8755
23.8586
23.842
23.8257
23.8097
23.794
23.7786
23.7635
23.7488
23.7343
23.7202
23.7064
23.6929
23.6797
23.6669
23.6544
23.6422
23.6304
23.6189
23.6078
23.597
23.5866
23.5766
23.5668
23.5575
23.5485
23.5399
23.5317
23.5238
23.5163
23.5091
23.5024
23.496
23.49
23.4844
23.4791
23.4743
23.4698
23.4657
23.462
23.4587
23.4558
23.4532
23.4511
23.4493
23.448
23.447
23.4464
23.4462
