25
24.8559
24.7119
24.5679
24.4241
24.2804
24.1368
23.9935
23.8505
23.7077
23.5653
23.4232
23.2815
23.1403
22.9995
22.8592
22.7195
22.5803
22.4418
22.3038
22.1666
22.0301
21.8943
21.7593
21.6252
21.4918
21.3594
21.2279
21.0973
20.9677
20.8391
20.7116
20.5852
20.4598
20.3357
20.2126
20.0908
19.9703
19.8509
19.7329
19.6162
19.5009
19.387
19.2744
19.1634
19.0537
18.9456
18.839
18.734
18.6305
18.5286
18.4284
18.3298
18.2329
18.1377
18.0442
17.9525
17.8626
17.7744
17.6881
17.6036
17.521
17.4402
17.3614
17.2845
17.2095
17.1365
17.0654
16.9964
16.9294
16.8644
16.8015
16.7406
16.6818
16.6251
16.5705
16.518
16.4677
16.4195
16.3734
16.3296
16.2879
16.2484
16.2111
16.1761
16.1432
16.1126
16.0842
16.0581
16.0342
16.0126
15.9932
15.9761
15.9613
15.9487
15.9384
15.9304
15.9247
15.9213
15.9201
