25
24.8127
24.6254
24.4382
24.2512
24.0644
23.8778
23.6914
23.5054
23.3198
23.1346
22.9499
22.7657
22.5821
22.399
22.2167
22.035
21.8541
21.6739
21.4947
21.3163
21.1388
20.9623
20.7868
20.6124
20.4391
20.2669
20.096
19.9262
19.7578
19.5907
19.4249
19.2606
19.0977
18.9363
18.7764
18.6181
18.4614
18.3063
18.1529
18.0013
17.8514
17.7034
17.5571
17.4128
17.2703
17.1298
16.9913
16.8548
16.7204
16.5881
16.4578
16.3297
16.2039
16.0802
15.9587
15.8396
15.7227
15.6082
15.4961
15.3863
15.279
15.1741
15.0717
14.9718
14.8744
14.7796
14.6873
14.5977
14.5106
14.4262
14.3445
14.2654
14.1891
14.1154
14.0445
13.9764
13.911
13.8484
13.7887
13.7317
13.6776
13.6263
13.5779
13.5324
13.4897
13.45
13.4131
13.3792
13.3481
13.3201
13.2949
13.2727
13.2535
13.2372
13.2238
13.2134
13.206
13.2016
13.2001
