25
24.7385
24.4772
24.2159
23.9549
23.6941
23.4337
23.1737
22.9142
22.6552
22.3968
22.1391
21.8822
21.626
21.3708
21.1165
20.8633
20.6111
20.36
20.1102
19.8616
19.6144
19.3686
19.1243
18.8815
18.6403
18.4007
18.1629
17.9268
17.6926
17.4602
17.2299
17.0015
16.7752
16.5511
16.3291
16.1094
15.8919
15.6769
15.4642
15.254
15.0462
14.8411
14.6386
14.4387
14.2415
14.0471
13.8555
13.6667
13.4809
13.298
13.118
12.9411
12.7673
12.5966
12.429
12.2647
12.1035
11.9457
11.7911
11.6399
11.4921
11.3477
11.2067
11.0692
10.9352
10.8048
10.6779
10.5547
10.4351
10.3191
10.2068
10.0983
9.99342
9.89234
9.79505
9.70156
9.61189
9.52607
9.44411
9.36603
9.29185
9.22159
9.15526
9.09288
9.03446
8.98001
8.92954
8.88307
8.84061
8.80217
8.76774
8.73735
8.711
8.68869
8.67044
8.65623
8.64608
8.63999
8.63796
