25
24.9372
24.8743
24.8115
24.7488
24.6861
24.6235
24.561
24.4986
24.4363
24.3742
24.3122
24.2504
24.1888
24.1274
24.0662
24.0052
23.9445
23.8841
23.8239
23.7641
23.7045
23.6453
23.5864
23.5279
23.4697
23.4119
23.3546
23.2976
23.2411
23.185
23.1294
23.0742
23.0195
22.9654
22.9117
22.8586
22.806
22.7539
22.7024
22.6515
22.6012
22.5515
22.5024
22.454
22.4061
22.359
22.3125
22.2666
22.2215
22.1771
22.1333
22.0903
22.048
22.0065
21.9657
21.9257
21.8865
21.848
21.8104
21.7735
21.7375
21.7022
21.6678
21.6343
21.6016
21.5697
21.5387
21.5086
21.4794
21.451
21.4236
21.397
21.3713
21.3466
21.3228
21.2999
21.2779
21.2569
21.2368
21.2177
21.1995
21.1823
21.166
21.1507
21.1364
21.123
21.1106
21.0992
21.0888
21.0794
21.0709
21.0635
21.057
21.0515
21.047
21.0435
21.0411
21.0396
21.0391
