25
24.963
24.9261
24.8892
24.8523
24.8154
24.7786
24.7418
24.7051
24.6685
24.632
24.5955
24.5592
24.523
24.4868
24.4509
24.415
24.3793
24.3438
24.3084
24.2732
24.2382
24.2034
24.1687
24.1343
24.1001
24.0661
24.0324
23.9989
23.9657
23.9327
23.9
23.8675
23.8354
23.8035
23.772
23.7407
23.7098
23.6792
23.6489
23.619
23.5894
23.5602
23.5313
23.5028
23.4747
23.4469
23.4196
23.3926
23.3661
23.34
23.3142
23.289
23.2641
23.2397
23.2157
23.1922
23.1691
23.1465
23.1243
23.1027
23.0815
23.0607
23.0405
23.0208
23.0015
22.9828
22.9646
22.9469
22.9297
22.913
22.8969
22.8812
22.8662
22.8516
22.8376
22.8241
22.8112
22.7989
22.7871
22.7758
22.7651
22.755
22.7454
22.7364
22.728
22.7201
22.7129
22.7061
22.7
22.6945
22.6895
22.6851
22.6813
22.6781
22.6754
22.6734
22.6719
22.6711
22.6708
