25
24.7072
24.4146
24.122
23.8298
23.5378
23.2462
22.9552
22.6647
22.3748
22.0857
21.7974
21.5099
21.2234
20.938
20.6536
20.3705
20.0886
19.8081
19.529
19.2514
18.9753
18.7009
18.4282
18.1573
17.8883
17.6212
17.3561
17.0931
16.8322
16.5735
16.3171
16.063
15.8113
15.5621
15.3154
15.0713
14.8298
14.5911
14.3551
14.1219
13.8917
13.6643
13.44
13.2187
13.0005
12.7854
12.5736
12.3649
12.1596
11.9576
11.7591
11.5639
11.3722
11.1841
10.9994
10.8184
10.6411
10.4674
10.2974
10.1312
9.96876
9.81014
9.65537
9.50449
9.35753
9.21451
9.07546
8.94041
8.8094
8.68244
8.55955
8.44077
8.32612
8.21561
8.10928
8.00713
7.90919
7.81548
7.72602
7.64081
7.55988
7.48325
7.41092
7.3429
7.27922
7.21988
7.1649
7.11428
7.06803
7.02616
6.98867
6.95558
6.9269
6.90261
6.88274
6.86728
6.85623
6.8496
6.84739
