25
24.8899
24.7798
24.6698
24.5598
24.45
24.3403
24.2308
24.1215
24.0123
23.9035
23.7949
23.6866
23.5787
23.4711
23.3638
23.257
23.1507
23.0448
22.9394
22.8345
22.7302
22.6264
22.5232
22.4207
22.3188
22.2176
22.117
22.0173
21.9182
21.8199
21.7225
21.6258
21.53
21.4351
21.3411
21.248
21.1558
21.0646
20.9745
20.8853
20.7971
20.71
20.624
20.5391
20.4553
20.3727
20.2912
20.2109
20.1318
20.054
19.9774
19.902
19.8279
19.7552
19.6837
19.6136
19.5449
19.4775
19.4115
19.3469
19.2838
19.222
19.1618
19.103
19.0457
18.9899
18.9356
18.8828
18.8316
18.7819
18.7338
18.6873
18.6423
18.599
18.5572
18.5171
18.4786
18.4418
18.4066
18.3731
18.3412
18.311
18.2825
18.2557
18.2306
18.2072
18.1855
18.1655
18.1473
18.1308
18.1159
18.1029
18.0915
18.0819
18.0741
18.068
18.0636
18.061
18.0601
