25
24.9457
24.8914
24.8371
24.7829
24.7287
24.6746
24.6206
24.5667
24.5129
24.4592
24.4056
24.3522
24.299
24.2459
24.193
24.1404
24.0879
24.0357
23.9837
23.932
23.8805
23.8293
23.7784
23.7279
23.6776
23.6277
23.5781
23.5289
23.48
23.4316
23.3835
23.3358
23.2886
23.2418
23.1954
23.1495
23.104
23.059
23.0146
22.9706
22.9271
22.8841
22.8417
22.7998
22.7585
22.7177
22.6776
22.638
22.599
22.5606
22.5228
22.4856
22.4491
22.4132
22.3779
22.3434
22.3095
22.2762
22.2437
22.2118
22.1807
22.1502
22.1205
22.0915
22.0633
22.0357
22.0089
21.9829
21.9576
21.9331
21.9094
21.8865
21.8643
21.8429
21.8223
21.8026
21.7836
21.7654
21.748
21.7315
21.7158
21.7009
21.6869
21.6736
21.6612
21.6497
21.639
21.6291
21.6201
21.612
21.6047
21.5982
21.5926
21.5879
21.584
21.581
21.5789
21.5776
21.5771
