25
24.9746
24.9492
24.9238
24.8985
24.8731
24.8478
24.8226
24.7973
24.7722
24.7471
24.722
24.697
24.6721
24.6473
24.6226
24.5979
24.5734
24.549
24.5247
24.5005
24.4764
24.4525
24.4287
24.405
24.3815
24.3581
24.335
24.3119
24.2891
24.2664
24.2439
24.2216
24.1995
24.1777
24.156
24.1345
24.1132
24.0922
24.0714
24.0508
24.0305
24.0104
23.9905
23.971
23.9516
23.9326
23.9138
23.8953
23.877
23.859
23.8414
23.824
23.8069
23.7901
23.7736
23.7575
23.7416
23.7261
23.7108
23.6959
23.6814
23.6671
23.6532
23.6397
23.6265
23.6136
23.6011
23.5889
23.5771
23.5656
23.5545
23.5438
23.5334
23.5234
23.5138
23.5045
23.4956
23.4871
23.479
23.4713
23.4639
23.457
23.4504
23.4442
23.4384
23.433
23.428
23.4234
23.4192
23.4154
23.412
23.409
23.4063
23.4041
23.4023
23.4009
23.3999
23.3993
23.3991
