25
24.9683
24.9366
24.9049
24.8732
24.8415
24.8099
24.7784
24.7469
24.7154
24.6841
24.6528
24.6216
24.5905
24.5595
24.5286
24.4978
24.4672
24.4367
24.4063
24.3761
24.346
24.3161
24.2864
24.2569
24.2275
24.1983
24.1694
24.1406
24.1121
24.0838
24.0557
24.0278
24.0002
23.9729
23.9458
23.919
23.8924
23.8662
23.8402
23.8145
23.7891
23.764
23.7392
23.7147
23.6906
23.6668
23.6433
23.6202
23.5974
23.575
23.5529
23.5312
23.5098
23.4889
23.4683
23.4481
23.4283
23.4089
23.3899
23.3713
23.3531
23.3353
23.3179
23.301
23.2845
23.2684
23.2527
23.2375
23.2228
23.2085
23.1946
23.1812
23.1682
23.1558
23.1437
23.1322
23.1211
23.1105
23.1003
23.0907
23.0815
23.0728
23.0646
23.0569
23.0496
23.0429
23.0366
23.0309
23.0256
23.0209
23.0166
23.0128
23.0096
23.0068
23.0045
23.0028
23.0015
23.0008
23.0005
