25
24.4526
23.9055
23.3594
22.8144
22.2712
21.73
21.1912
20.6554
20.1228
19.5939
19.069
18.5485
18.0327
17.5221
17.0168
16.5173
16.0239
15.5369
15.0564
14.5829
14.1166
13.6577
13.2063
12.7629
12.3274
11.9002
11.4813
11.071
10.6693
10.2763
9.89221
9.51705
9.15088
8.79378
8.44576
8.10685
7.77707
7.45639
7.14481
6.84229
6.54878
6.26424
5.98857
5.72172
5.46359
5.21407
4.97306
4.74044
4.51609
4.29987
4.09164
3.89126
3.69857
3.51342
3.33564
3.16508
3.00155
2.84489
2.69493
2.5515
2.4144
2.28348
2.15855
2.03943
1.92595
1.81794
1.71521
1.61761
1.52496
1.43709
1.35384
1.27505
1.20057
1.13025
1.06392
1.00146
0.942716
0.887561
0.835862
0.787496
0.742344
0.700291
0.66123
0.625057
0.591677
0.560998
0.532935
0.50741
0.48435
0.463688
0.445364
0.429324
0.415519
0.403909
0.394457
0.387136
0.381923
0.378801
0.377762
