25
24.795
24.5901
24.3853
24.1807
23.9762
23.7721
23.5682
23.3647
23.1616
22.959
22.7569
22.5553
22.3544
22.1541
21.9546
21.7559
21.5579
21.3608
21.1647
20.9695
20.7754
20.5823
20.3903
20.1995
20.0099
19.8216
19.6346
19.449
19.2647
19.0819
18.9006
18.7208
18.5427
18.3661
18.1913
18.0181
17.8467
17.6772
17.5095
17.3436
17.1797
17.0178
16.8579
16.7001
16.5443
16.3907
16.2393
16.09
15.9431
15.7984
15.656
15.516
15.3783
15.2431
15.1104
14.9802
14.8524
14.7273
14.6047
14.4847
14.3674
14.2528
14.1409
14.0317
13.9253
13.8216
13.7208
13.6228
13.5277
13.4355
13.3461
13.2597
13.1763
13.0958
13.0184
12.9439
12.8725
12.8041
12.7388
12.6766
12.6175
12.5614
12.5086
12.4588
12.4122
12.3688
12.3285
12.2914
12.2576
12.2269
12.1994
12.1752
12.1541
12.1363
12.1217
12.1104
12.1023
12.0974
12.0958
