25
24.7517
24.5034
24.2553
24.0073
23.7597
23.5123
23.2653
23.0188
22.7728
22.5273
22.2825
22.0384
21.7951
21.5526
21.311
21.0703
20.8307
20.5921
20.3547
20.1185
19.8835
19.6499
19.4176
19.1868
18.9574
18.7297
18.5035
18.279
18.0562
17.8353
17.6161
17.3989
17.1836
16.9703
16.7591
16.55
16.343
16.1383
15.9359
15.7357
15.5379
15.3426
15.1497
14.9593
14.7715
14.5863
14.4037
14.2238
14.0467
13.8724
13.7009
13.5322
13.3665
13.2037
13.0439
12.8872
12.7335
12.5829
12.4354
12.2912
12.1501
12.0123
11.8777
11.7465
11.6186
11.4941
11.373
11.2553
11.141
11.0303
10.923
10.8193
10.7191
10.6226
10.5296
10.4403
10.3546
10.2726
10.1942
10.1196
10.0487
9.98153
9.91812
9.85848
9.80262
9.75055
9.7023
9.65786
9.61726
9.58049
9.54757
9.51851
9.4933
9.47197
9.45451
9.44092
9.43121
9.42539
9.42345
