25
24.9722
24.9444
24.9167
24.8889
24.8612
24.8336
24.8059
24.7783
24.7508
24.7233
24.6959
24.6686
24.6414
24.6142
24.5872
24.5603
24.5334
24.5067
24.4801
24.4536
24.4273
24.4011
24.3751
24.3492
24.3235
24.298
24.2726
24.2474
24.2225
24.1977
24.1731
24.1487
24.1245
24.1006
24.0769
24.0534
24.0301
24.0071
23.9843
23.9618
23.9396
23.9176
23.8959
23.8745
23.8534
23.8325
23.812
23.7917
23.7717
23.7521
23.7328
23.7138
23.6951
23.6767
23.6587
23.641
23.6237
23.6067
23.59
23.5737
23.5578
23.5422
23.527
23.5122
23.4977
23.4836
23.4699
23.4566
23.4437
23.4312
23.419
23.4073
23.3959
23.385
23.3745
23.3643
23.3546
23.3453
23.3365
23.328
23.32
23.3124
23.3052
23.2984
23.2921
23.2862
23.2807
23.2756
23.271
23.2669
23.2631
23.2598
23.257
23.2545
23.2526
23.251
23.2499
23.2493
23.249
