25
24.9505
24.901
24.8516
24.8022
24.7528
24.7035
24.6543
24.6051
24.5561
24.5072
24.4584
24.4097
24.3612
24.3128
24.2646
24.2166
24.1688
24.1212
24.0739
24.0267
23.9798
23.9332
23.8868
23.8407
23.7949
23.7494
23.7043
23.6594
23.6149
23.5707
23.5269
23.4835
23.4404
23.3978
23.3555
23.3137
23.2722
23.2313
23.1907
23.1506
23.111
23.0719
23.0332
22.9951
22.9574
22.9202
22.8836
22.8475
22.812
22.777
22.7426
22.7087
22.6754
22.6427
22.6106
22.5791
22.5482
22.5179
22.4882
22.4592
22.4308
22.4031
22.376
22.3496
22.3238
22.2987
22.2743
22.2506
22.2276
22.2053
22.1836
22.1627
22.1425
22.123
22.1043
22.0863
22.069
22.0524
22.0366
22.0215
22.0072
21.9936
21.9808
21.9688
21.9575
21.947
21.9372
21.9282
21.92
21.9126
21.9059
21.9001
21.895
21.8907
21.8871
21.8844
21.8824
21.8812
21.8809
