25
24.0662
23.1346
22.2072
21.2862
20.3735
19.4713
18.5813
17.7054
16.8454
16.0028
15.1792
14.3759
13.5941
12.835
12.0996
11.3886
10.7027
10.0425
9.40846
8.80072
8.21947
7.66472
7.13637
6.6342
6.15788
5.70701
5.28108
4.87952
4.50167
4.14683
3.81425
3.50312
3.21261
2.94187
2.69001
2.45615
2.23939
2.03885
1.85363
1.68287
1.52572
1.38132
1.24888
1.1276
1.01673
0.915541
0.823332
0.73944
0.663235
0.594121
0.531532
0.474939
0.423843
0.377778
0.336308
0.29903
0.265566
0.235569
0.208715
0.18471
0.163278
0.14417
0.127155
0.112025
0.098587
0.0866673
0.0761075
0.0667639
0.0585064
0.0512176
0.0447914
0.0391324
0.0341549
0.0297818
0.0259442
0.0225804
0.0196353
0.0170598
0.0148102
0.0128476
0.0111376
0.00964975
0.00835698
0.00723552
0.00626443
0.00542529
0.00470198
0.00408043
0.00354837
0.0030952
0.00271176
0.00239025
0.00212405
0.00190763
0.00173647
0.00160697
0.00151638
0.00146279
0.00144505
