25
24.8121
24.6242
24.4364
24.2487
24.0612
23.874
23.6871
23.5005
23.3142
23.1284
22.9431
22.7583
22.574
22.3904
22.2074
22.0251
21.8436
21.6629
21.483
21.304
21.1259
20.9488
20.7728
20.5978
20.4239
20.2512
20.0796
19.9093
19.7403
19.5727
19.4064
19.2415
19.078
18.9161
18.7557
18.5968
18.4396
18.284
18.1302
17.978
17.8276
17.6791
17.5324
17.3875
17.2446
17.1037
16.9647
16.8277
16.6929
16.5601
16.4294
16.3009
16.1746
16.0505
15.9287
15.8091
15.6919
15.577
15.4645
15.3544
15.2467
15.1415
15.0387
14.9385
14.8408
14.7456
14.6531
14.5631
14.4758
14.3911
14.3091
14.2298
14.1531
14.0793
14.0081
13.9398
13.8742
13.8114
13.7514
13.6943
13.64
13.5885
13.54
13.4943
13.4515
13.4116
13.3746
13.3406
13.3095
13.2813
13.256
13.2338
13.2144
13.1981
13.1847
13.1743
13.1669
13.1624
13.1609
