25
24.9466
24.8932
24.8398
24.7865
24.7332
24.68
24.6269
24.5738
24.5209
24.4681
24.4154
24.3629
24.3105
24.2583
24.2063
24.1545
24.1029
24.0515
24.0004
23.9495
23.8989
23.8486
23.7985
23.7488
23.6994
23.6503
23.6015
23.5531
23.505
23.4574
23.4101
23.3632
23.3167
23.2707
23.2251
23.1799
23.1352
23.091
23.0472
23.004
22.9612
22.919
22.8772
22.836
22.7954
22.7553
22.7158
22.6768
22.6385
22.6007
22.5635
22.527
22.491
22.4557
22.4211
22.3871
22.3537
22.321
22.289
22.2577
22.2271
22.1971
22.1679
22.1394
22.1116
22.0845
22.0582
22.0326
22.0077
21.9836
21.9603
21.9377
21.9159
21.8949
21.8746
21.8552
21.8365
21.8186
21.8016
21.7853
21.7698
21.7552
21.7414
21.7284
21.7162
21.7048
21.6943
21.6846
21.6758
21.6677
21.6606
21.6542
21.6487
21.6441
21.6402
21.6373
21.6352
21.6339
21.6335
