25
24.6692
24.3386
24.0081
23.678
23.3482
23.019
22.6903
22.3624
22.0353
21.7091
21.3839
21.0598
20.7369
20.4153
20.0951
19.7764
19.4593
19.1438
18.8301
18.5183
18.2084
17.9006
17.5949
17.2914
16.9902
16.6913
16.3949
16.1011
15.8099
15.5213
15.2356
14.9527
14.6727
14.3957
14.1217
13.8509
13.5833
13.3189
13.0578
12.8001
12.5459
12.2951
12.0479
11.8043
11.5644
11.3282
11.0957
10.867
10.6422
10.4213
10.2043
9.99126
9.78227
9.57733
9.37648
9.17976
8.9872
8.79883
8.61469
8.43479
8.25917
8.08786
7.92088
7.75825
7.6
7.44614
7.29671
7.15171
7.01117
6.8751
6.74352
6.61644
6.49388
6.37586
6.26238
6.15345
6.04909
5.94931
5.85411
5.76351
5.67752
5.59613
5.51936
5.44721
5.3797
5.31682
5.25858
5.20498
5.15603
5.11173
5.07209
5.03711
5.00678
4.98112
4.96012
4.94378
4.93212
4.92511
4.92278
