25
24.7749
24.5498
24.3249
24.1001
23.8756
23.6513
23.4274
23.2039
22.9809
22.7583
22.5364
22.315
22.0944
21.8745
21.6554
21.4371
21.2198
21.0034
20.788
20.5737
20.3605
20.1486
19.9378
19.7283
19.5202
19.3135
19.1082
18.9044
18.7022
18.5016
18.3026
18.1053
17.9098
17.7161
17.5242
17.3342
17.1462
16.9601
16.7762
16.5942
16.4145
16.2369
16.0615
15.8883
15.7175
15.5491
15.383
15.2194
15.0582
14.8996
14.7435
14.59
14.4391
14.2909
14.1454
14.0026
13.8627
13.7255
13.5912
13.4597
13.3312
13.2056
13.083
12.9633
12.8467
12.7332
12.6228
12.5154
12.4113
12.3102
12.2124
12.1178
12.0264
11.9383
11.8535
11.7719
11.6937
11.6189
11.5474
11.4792
11.4145
11.3532
11.2953
11.2408
11.1898
11.1423
11.0982
11.0576
11.0205
10.987
10.9569
10.9303
10.9073
10.8878
10.8719
10.8595
10.8506
10.8453
10.8435
