25
24.7029
24.4059
24.1091
23.8125
23.5163
23.2205
22.9251
22.6304
22.3363
22.0429
21.7504
21.4587
21.1681
20.8785
20.5901
20.3028
20.0169
19.7324
19.4493
19.1677
18.8878
18.6095
18.333
18.0583
17.7855
17.5147
17.2459
16.9793
16.7148
16.4526
16.1927
15.9352
15.6801
15.4276
15.1776
14.9303
14.6857
14.4439
14.2048
13.9687
13.7355
13.5052
13.2781
13.054
12.8331
12.6154
12.4009
12.1898
11.982
11.7776
11.5766
11.3792
11.1853
10.9949
10.8082
10.6251
10.4457
10.2701
10.0982
9.93016
9.76594
9.60559
9.44915
9.29665
9.14812
9.00358
8.86308
8.72663
8.59425
8.46599
8.34185
8.22187
8.10607
7.99446
7.88707
7.78391
7.68502
7.59039
7.50006
7.41404
7.33233
7.25497
7.18195
7.1133
7.04902
6.98913
6.93363
6.88254
6.83586
6.79361
6.75578
6.72239
6.69344
6.66893
6.64888
6.63328
6.62213
6.61544
6.61321
