25
24.873
24.746
24.6191
24.4923
24.3656
24.2391
24.1128
23.9867
23.8609
23.7353
23.61
23.4852
23.3606
23.2365
23.1129
22.9897
22.867
22.7449
22.6233
22.5024
22.382
22.2623
22.1433
22.0251
21.9075
21.7908
21.6749
21.5598
21.4455
21.3322
21.2198
21.1083
20.9978
20.8883
20.7799
20.6725
20.5662
20.461
20.357
20.2541
20.1525
20.052
19.9528
19.8549
19.7583
19.663
19.569
19.4764
19.3852
19.2954
19.207
19.1201
19.0347
18.9507
18.8683
18.7875
18.7082
18.6305
18.5544
18.4799
18.407
18.3359
18.2664
18.1986
18.1325
18.0681
18.0055
17.9446
17.8855
17.8282
17.7727
17.7191
17.6672
17.6172
17.5691
17.5228
17.4785
17.436
17.3954
17.3567
17.32
17.2852
17.2523
17.2214
17.1924
17.1654
17.1404
17.1174
17.0963
17.0772
17.0602
17.0451
17.032
17.0209
17.0119
17.0048
16.9998
16.9968
16.9958
