25
24.734
24.468
24.2022
23.9366
23.6713
23.4063
23.1418
22.8777
22.6142
22.3513
22.0892
21.8278
21.5672
21.3075
21.0488
20.7912
20.5346
20.2793
20.0251
19.7723
19.5208
19.2708
19.0223
18.7753
18.53
18.2864
18.0445
17.8044
17.5662
17.33
17.0957
16.8636
16.6335
16.4056
16.1799
15.9565
15.7355
15.5168
15.3007
15.087
14.8759
14.6674
14.4615
14.2584
14.058
13.8605
13.6658
13.474
13.2852
13.0993
12.9165
12.7368
12.5602
12.3868
12.2166
12.0497
11.886
11.7257
11.5688
11.4152
11.2651
11.1185
10.9753
10.8357
10.6997
10.5673
10.4385
10.3134
10.192
10.0743
9.96031
9.85011
9.74371
9.64113
9.54239
9.44751
9.35651
9.26942
9.18626
9.10703
9.03177
8.96048
8.89318
8.82988
8.77061
8.71537
8.66417
8.61702
8.57395
8.53494
8.50002
8.46919
8.44246
8.41983
8.40131
8.3869
8.3766
8.37043
8.36837
