25
24.931
24.8621
24.7932
24.7243
24.6555
24.5868
24.5182
24.4498
24.3814
24.3132
24.2452
24.1774
24.1098
24.0424
23.9752
23.9084
23.8417
23.7754
23.7094
23.6437
23.5784
23.5134
23.4488
23.3845
23.3207
23.2573
23.1944
23.1318
23.0698
23.0083
22.9472
22.8867
22.8267
22.7672
22.7084
22.65
22.5923
22.5352
22.4787
22.4229
22.3676
22.3131
22.2592
22.2061
22.1536
22.1018
22.0508
22.0005
21.951
21.9022
21.8542
21.807
21.7606
21.7151
21.6703
21.6264
21.5833
21.5411
21.4998
21.4594
21.4198
21.3811
21.3434
21.3066
21.2707
21.2357
21.2017
21.1687
21.1366
21.1055
21.0753
21.0462
21.018
20.9909
20.9647
20.9396
20.9155
20.8924
20.8704
20.8494
20.8295
20.8106
20.7927
20.7759
20.7602
20.7455
20.7319
20.7194
20.708
20.6976
20.6884
20.6802
20.6731
20.6671
20.6621
20.6583
20.6556
20.6539
20.6534
