25
24.4731
23.9466
23.4209
22.8962
22.373
21.8517
21.3326
20.8161
20.3024
19.7921
19.2853
18.7824
18.2838
17.7898
17.3006
16.8166
16.338
15.8652
15.3983
14.9376
14.4834
14.0358
13.5952
13.1617
12.7354
12.3165
11.9053
11.5018
11.1062
10.7186
10.3391
9.96783
9.60477
9.25005
8.9037
8.56577
8.23628
7.91524
7.60265
7.2985
7.00276
6.71541
6.4364
6.16567
5.90317
5.64881
5.40252
5.16421
4.93377
4.71111
4.49611
4.28865
4.08862
3.89588
3.7103
3.53174
3.36006
3.19511
3.03675
2.88483
2.7392
2.5997
2.46619
2.3385
2.21648
2.09998
1.98884
1.88292
1.78206
1.68611
1.59493
1.50837
1.4263
1.34856
1.27503
1.20558
1.14008
1.0784
1.02042
0.966037
0.915128
0.867592
0.823326
0.782236
0.74423
0.709223
0.677135
0.647892
0.621425
0.597671
0.576572
0.558077
0.54214
0.528722
0.51779
0.509316
0.503278
0.499662
0.498457
