25
24.9263
24.8526
24.779
24.7054
24.6319
24.5585
24.4852
24.412
24.339
24.2661
24.1934
24.121
24.0487
23.9767
23.9049
23.8334
23.7623
23.6914
23.6208
23.5506
23.4808
23.4114
23.3423
23.2737
23.2055
23.1377
23.0704
23.0037
22.9374
22.8716
22.8064
22.7417
22.6776
22.614
22.5511
22.4888
22.4271
22.3661
22.3057
22.246
22.187
22.1287
22.0712
22.0143
21.9583
21.9029
21.8484
21.7947
21.7417
21.6896
21.6383
21.5879
21.5383
21.4896
21.4418
21.3949
21.3489
21.3038
21.2596
21.2164
21.1741
21.1328
21.0925
21.0531
21.0148
20.9774
20.9411
20.9058
20.8715
20.8382
20.806
20.7749
20.7448
20.7158
20.6878
20.661
20.6352
20.6106
20.587
20.5646
20.5433
20.5231
20.504
20.4861
20.4693
20.4536
20.4391
20.4257
20.4135
20.4024
20.3925
20.3837
20.3762
20.3697
20.3645
20.3604
20.3575
20.3557
20.3551
