25
24.908
24.8159
24.724
24.6321
24.5402
24.4485
24.357
24.2656
24.1744
24.0834
23.9926
23.9021
23.8118
23.7219
23.6323
23.543
23.4541
23.3656
23.2775
23.1898
23.1026
23.0158
22.9296
22.8438
22.7587
22.674
22.59
22.5066
22.4238
22.3417
22.2602
22.1794
22.0993
22.02
21.9414
21.8635
21.7865
21.7103
21.6349
21.5603
21.4866
21.4138
21.3419
21.2709
21.2009
21.1318
21.0637
20.9966
20.9305
20.8654
20.8013
20.7384
20.6764
20.6156
20.5559
20.4973
20.4398
20.3835
20.3283
20.2743
20.2215
20.17
20.1196
20.0704
20.0225
19.9759
19.9305
19.8864
19.8435
19.802
19.7618
19.7229
19.6853
19.6491
19.6142
19.5807
19.5485
19.5177
19.4883
19.4603
19.4336
19.4084
19.3846
19.3622
19.3412
19.3216
19.3035
19.2868
19.2715
19.2577
19.2453
19.2344
19.2249
19.2169
19.2103
19.2052
19.2015
19.1994
19.1986
