25
24.9743
24.9485
24.9228
24.8971
24.8714
24.8458
24.8202
24.7946
24.7691
24.7437
24.7183
24.693
24.6677
24.6426
24.6175
24.5926
24.5677
24.5429
24.5183
24.4938
24.4694
24.4451
24.421
24.3971
24.3732
24.3496
24.3261
24.3027
24.2796
24.2566
24.2338
24.2112
24.1889
24.1667
24.1447
24.1229
24.1014
24.0801
24.059
24.0381
24.0175
23.9972
23.9771
23.9572
23.9376
23.9183
23.8993
23.8805
23.862
23.8438
23.8259
23.8083
23.791
23.774
23.7573
23.7409
23.7248
23.709
23.6936
23.6785
23.6638
23.6493
23.6352
23.6215
23.6081
23.5951
23.5824
23.57
23.558
23.5464
23.5352
23.5243
23.5138
23.5037
23.4939
23.4845
23.4755
23.4669
23.4587
23.4509
23.4434
23.4364
23.4297
23.4234
23.4176
23.4121
23.407
23.4024
23.3981
23.3942
23.3908
23.3877
23.3851
23.3828
23.381
23.3795
23.3785
23.3779
23.3777
