25
24.9782
24.9564
24.9346
24.9128
24.8911
24.8694
24.8477
24.826
24.8044
24.7829
24.7614
24.7399
24.7185
24.6972
24.676
24.6549
24.6338
24.6128
24.592
24.5712
24.5505
24.53
24.5095
24.4892
24.4691
24.449
24.4291
24.4093
24.3897
24.3703
24.351
24.3318
24.3129
24.2941
24.2755
24.257
24.2388
24.2207
24.2028
24.1852
24.1677
24.1505
24.1335
24.1166
24.1
24.0837
24.0675
24.0516
24.036
24.0206
24.0054
23.9905
23.9758
23.9614
23.9472
23.9334
23.9198
23.9064
23.8933
23.8806
23.868
23.8558
23.8439
23.8322
23.8209
23.8098
23.7991
23.7886
23.7785
23.7687
23.7591
23.7499
23.741
23.7324
23.7242
23.7162
23.7086
23.7013
23.6943
23.6877
23.6814
23.6754
23.6698
23.6645
23.6595
23.6549
23.6506
23.6466
23.643
23.6397
23.6368
23.6342
23.632
23.6301
23.6285
23.6273
23.6264
23.6259
23.6257
