25
24.7051
24.4103
24.1156
23.8212
23.5271
23.2334
22.9402
22.6476
22.3557
22.0644
21.774
21.4845
21.1959
20.9084
20.622
20.3369
20.053
19.7704
19.4893
19.2098
18.9318
18.6555
18.3809
18.1081
17.8372
17.5682
17.3013
17.0365
16.7738
16.5134
16.2552
15.9994
15.7461
15.4952
15.2469
15.0012
14.7581
14.5178
14.2803
14.0457
13.8139
13.5852
13.3594
13.1367
12.9172
12.7008
12.4876
12.2777
12.0712
11.868
11.6682
11.4719
11.2791
11.0899
10.9042
10.7222
10.5438
10.3691
10.1982
10.031
9.86771
9.70823
9.55262
9.40093
9.25318
9.1094
8.96962
8.83386
8.70217
8.57455
8.45104
8.33165
8.21642
8.10536
7.99849
7.89584
7.79742
7.70325
7.61334
7.52773
7.44641
7.3694
7.29673
7.22839
7.16441
7.10479
7.04955
6.99869
6.95222
6.91016
6.8725
6.83926
6.81044
6.78604
6.76608
6.75054
6.73945
6.73279
6.73057
