25
24.9453
24.8907
24.836
24.7815
24.7269
24.6725
24.6181
24.5638
24.5096
24.4556
24.4017
24.3479
24.2943
24.2409
24.1877
24.1346
24.0818
24.0293
23.9769
23.9248
23.873
23.8215
23.7703
23.7194
23.6688
23.6185
23.5686
23.5191
23.4699
23.4211
23.3727
23.3247
23.2772
23.2301
23.1834
23.1371
23.0914
23.0461
23.0013
22.9571
22.9133
22.87
22.8273
22.7852
22.7436
22.7026
22.6621
22.6222
22.583
22.5443
22.5063
22.4689
22.4321
22.396
22.3605
22.3257
22.2915
22.2581
22.2253
22.1933
22.1619
22.1313
22.1013
22.0721
22.0437
22.016
21.989
21.9628
21.9374
21.9127
21.8888
21.8657
21.8434
21.8219
21.8012
21.7813
21.7622
21.7439
21.7264
21.7097
21.6939
21.6789
21.6648
21.6515
21.639
21.6274
21.6166
21.6067
21.5976
21.5894
21.5821
21.5756
21.57
21.5652
21.5613
21.5583
21.5561
21.5548
21.5544
