25
24.8108
24.6217
24.4326
24.2437
24.055
23.8665
23.6783
23.4904
23.303
23.1159
22.9293
22.7433
22.5578
22.3729
22.1887
22.0052
21.8225
21.6406
21.4595
21.2793
21.1
20.9218
20.7445
20.5684
20.3933
20.2195
20.0468
19.8754
19.7052
19.5364
19.369
19.203
19.0385
18.8755
18.714
18.5541
18.3958
18.2392
18.0843
17.9312
17.7798
17.6302
17.4826
17.3368
17.1929
17.051
16.9111
16.7733
16.6375
16.5038
16.3723
16.2429
16.1158
15.9909
15.8682
15.7479
15.6299
15.5142
15.401
15.2901
15.1817
15.0758
14.9724
14.8715
14.7731
14.6774
14.5842
14.4936
14.4057
14.3205
14.2379
14.1581
14.0809
14.0066
13.935
13.8661
13.8001
13.7369
13.6766
13.619
13.5644
13.5126
13.4637
13.4177
13.3747
13.3345
13.2973
13.263
13.2317
13.2033
13.1779
13.1555
13.1361
13.1196
13.1061
13.0956
13.0881
13.0837
13.0822
