25
24.7984
24.5969
24.3955
24.1942
23.9932
23.7924
23.5919
23.3918
23.192
22.9927
22.794
22.5958
22.3982
22.2012
22.005
21.8095
21.6149
21.421
21.2281
21.0362
20.8452
20.6553
20.4666
20.2789
20.0924
19.9072
19.7233
19.5407
19.3595
19.1797
19.0014
18.8246
18.6493
18.4757
18.3037
18.1334
17.9649
17.7981
17.6331
17.47
17.3088
17.1496
16.9923
16.837
16.6838
16.5327
16.3838
16.237
16.0924
15.9501
15.81
15.6723
15.5369
15.4039
15.2733
15.1452
15.0196
14.8965
14.7759
14.6579
14.5425
14.4297
14.3196
14.2122
14.1075
14.0056
13.9064
13.81
13.7164
13.6257
13.5378
13.4528
13.3707
13.2916
13.2154
13.1421
13.0718
13.0046
12.9403
12.8791
12.8209
12.7658
12.7138
12.6649
12.619
12.5763
12.5367
12.5002
12.4669
12.4367
12.4097
12.3858
12.3651
12.3476
12.3332
12.3221
12.3141
12.3093
12.3077
