25
24.9412
24.8824
24.8236
24.7649
24.7063
24.6477
24.5892
24.5308
24.4725
24.4144
24.3564
24.2985
24.2409
24.1834
24.1261
24.0691
24.0123
23.9557
23.8994
23.8434
23.7877
23.7323
23.6772
23.6224
23.568
23.5139
23.4602
23.4069
23.354
23.3015
23.2495
23.1979
23.1467
23.096
23.0458
22.9961
22.9468
22.8981
22.85
22.8023
22.7552
22.7087
22.6628
22.6174
22.5727
22.5286
22.485
22.4422
22.3999
22.3583
22.3174
22.2772
22.2376
22.1987
22.1606
22.1231
22.0864
22.0504
22.0152
21.9807
21.947
21.914
21.8818
21.8504
21.8198
21.79
21.761
21.7328
21.7054
21.6789
21.6532
21.6284
21.6044
21.5812
21.5589
21.5375
21.5169
21.4973
21.4785
21.4606
21.4435
21.4274
21.4122
21.3979
21.3845
21.372
21.3604
21.3497
21.34
21.3311
21.3232
21.3162
21.3102
21.3051
21.3009
21.2976
21.2953
21.2939
21.2934
