25
24.2568
23.5147
22.7746
22.0378
21.3051
20.5776
19.8564
19.1423
18.4363
17.7392
17.0521
16.3756
15.7105
15.0576
14.4176
13.7911
13.1786
12.5806
11.9977
11.4303
10.8786
10.3431
9.8239
9.32124
8.83525
8.36602
7.91358
7.47793
7.05899
6.65668
6.27085
5.9013
5.54783
5.21017
4.88804
4.58113
4.28909
4.01156
3.74816
3.49848
3.26212
3.03864
2.82761
2.62858
2.44109
2.26471
2.09897
1.94342
1.7976
1.66109
1.53342
1.41418
1.30294
1.19928
1.10279
1.01309
0.92979
0.852526
0.78094
0.714688
0.653444
0.59689
0.544726
0.496663
0.452428
0.411761
0.374414
0.340153
0.308758
0.28002
0.253743
0.229743
0.207846
0.187892
0.169727
0.153213
0.138216
0.124615
0.112296
0.101155
0.0910951
0.0820261
0.0738665
0.0665408
0.0599802
0.0541219
0.0489091
0.0442903
0.040219
0.0366541
0.0335587
0.0309006
0.0286519
0.0267887
0.025291
0.0241426
0.0233312
0.0228479
0.0226874
