25
24.9671
24.9342
24.9013
24.8685
24.8356
24.8029
24.7701
24.7375
24.7049
24.6723
24.6399
24.6075
24.5753
24.5431
24.5111
24.4792
24.4474
24.4157
24.3842
24.3529
24.3217
24.2907
24.2599
24.2292
24.1988
24.1685
24.1385
24.1087
24.0791
24.0497
24.0206
23.9917
23.9631
23.9347
23.9066
23.8788
23.8513
23.824
23.7971
23.7704
23.7441
23.718
23.6923
23.667
23.6419
23.6172
23.5929
23.5689
23.5453
23.522
23.4991
23.4766
23.4544
23.4327
23.4113
23.3904
23.3699
23.3497
23.33
23.3107
23.2918
23.2734
23.2554
23.2378
23.2207
23.204
23.1878
23.172
23.1567
23.1419
23.1275
23.1136
23.1001
23.0872
23.0747
23.0627
23.0512
23.0402
23.0297
23.0197
23.0102
23.0012
22.9926
22.9846
22.9771
22.9701
22.9636
22.9577
22.9522
22.9473
22.9428
22.9389
22.9356
22.9327
22.9303
22.9285
22.9272
22.9264
22.9262
