25
24.8419
24.6838
24.5258
24.368
24.2103
24.0528
23.8955
23.7385
23.5818
23.4255
23.2696
23.1141
22.9591
22.8046
22.6506
22.4973
22.3446
22.1925
22.0412
21.8906
21.7408
21.5918
21.4436
21.2964
21.1501
21.0048
20.8604
20.7171
20.5749
20.4338
20.2939
20.1551
20.0176
19.8813
19.7463
19.6127
19.4803
19.3494
19.2199
19.0919
18.9653
18.8403
18.7168
18.5949
18.4746
18.356
18.239
18.1237
18.0102
17.8984
17.7884
17.6802
17.5739
17.4694
17.3669
17.2662
17.1675
17.0708
16.9761
16.8834
16.7927
16.7041
16.6176
16.5332
16.4509
16.3708
16.2929
16.2171
16.1436
16.0723
16.0032
15.9364
15.8719
15.8097
15.7498
15.6922
15.637
15.5841
15.5336
15.4855
15.4397
15.3964
15.3555
15.317
15.281
15.2474
15.2163
15.1876
15.1614
15.1376
15.1164
15.0976
15.0813
15.0676
15.0563
15.0475
15.0413
15.0375
15.0362
