25
24.9101
24.8202
24.7303
24.6405
24.5508
24.4612
24.3717
24.2825
24.1933
24.1044
24.0157
23.9273
23.8391
23.7512
23.6637
23.5764
23.4896
23.4031
23.317
23.2313
23.1461
23.0614
22.9771
22.8934
22.8101
22.7275
22.6454
22.5638
22.483
22.4027
22.3231
22.2442
22.1659
22.0884
22.0116
21.9356
21.8603
21.7858
21.7121
21.6393
21.5673
21.4962
21.4259
21.3566
21.2881
21.2206
21.1541
21.0885
21.0239
20.9603
20.8978
20.8362
20.7757
20.7163
20.6579
20.6007
20.5445
20.4895
20.4356
20.3828
20.3313
20.2809
20.2316
20.1836
20.1368
20.0912
20.0469
20.0038
19.9619
19.9214
19.8821
19.8441
19.8073
19.7719
19.7379
19.7051
19.6737
19.6436
19.6148
19.5875
19.5614
19.5368
19.5135
19.4916
19.4711
19.452
19.4343
19.4179
19.403
19.3895
19.3774
19.3668
19.3575
19.3497
19.3432
19.3383
19.3347
19.3325
19.3318
