25
24.9623
24.9246
24.8869
24.8493
24.8117
24.7741
24.7366
24.6992
24.6618
24.6246
24.5874
24.5503
24.5134
24.4765
24.4398
24.4033
24.3668
24.3306
24.2945
24.2586
24.2229
24.1873
24.152
24.1169
24.082
24.0474
24.0129
23.9788
23.9449
23.9112
23.8778
23.8448
23.812
23.7795
23.7473
23.7154
23.6838
23.6526
23.6217
23.5912
23.561
23.5312
23.5018
23.4727
23.444
23.4157
23.3878
23.3603
23.3332
23.3066
23.2803
23.2545
23.2292
23.2043
23.1798
23.1558
23.1323
23.1092
23.0866
23.0645
23.0429
23.0217
23.0011
22.981
22.9614
22.9423
22.9237
22.9056
22.8881
22.871
22.8546
22.8386
22.8233
22.8084
22.7941
22.7804
22.7672
22.7546
22.7426
22.7311
22.7202
22.7098
22.7001
22.6909
22.6823
22.6743
22.6669
22.66
22.6538
22.6481
22.643
22.6386
22.6347
22.6314
22.6287
22.6266
22.6251
22.6242
22.6239
