25
24.9183
24.8367
24.755
24.6735
24.592
24.5106
24.4294
24.3483
24.2673
24.1866
24.106
24.0257
23.9456
23.8658
23.7863
23.7071
23.6282
23.5496
23.4714
23.3936
23.3162
23.2392
23.1627
23.0866
23.011
22.936
22.8614
22.7874
22.7139
22.641
22.5687
22.497
22.4259
22.3555
22.2858
22.2167
22.1483
22.0807
22.0138
21.9476
21.8822
21.8176
21.7538
21.6908
21.6287
21.5674
21.5069
21.4474
21.3887
21.331
21.2741
21.2182
21.1633
21.1093
21.0563
21.0043
20.9533
20.9033
20.8544
20.8065
20.7596
20.7138
20.6691
20.6255
20.583
20.5416
20.5013
20.4622
20.4242
20.3873
20.3516
20.3171
20.2838
20.2516
20.2206
20.1909
20.1623
20.135
20.1089
20.084
20.0604
20.038
20.0169
19.997
19.9784
19.961
19.9449
19.9301
19.9165
19.9043
19.8933
19.8836
19.8752
19.8681
19.8622
19.8577
19.8545
19.8525
19.8519
