25
24.8606
24.7213
24.582
24.4429
24.3039
24.165
24.0264
23.888
23.7499
23.6121
23.4747
23.3376
23.201
23.0648
22.9291
22.7939
22.6593
22.5253
22.3919
22.2591
22.1271
21.9957
21.8651
21.7353
21.6064
21.4783
21.351
21.2247
21.0994
20.975
20.8516
20.7293
20.6081
20.4879
20.3689
20.2511
20.1345
20.019
19.9049
19.792
19.6804
19.5702
19.4613
19.3539
19.2478
19.1432
19.0401
18.9385
18.8384
18.7399
18.6429
18.5475
18.4538
18.3617
18.2713
18.1826
18.0955
18.0103
17.9268
17.845
17.7651
17.687
17.6107
17.5363
17.4638
17.3931
17.3244
17.2576
17.1928
17.1299
17.069
17.0101
16.9533
16.8984
16.8456
16.7948
16.7461
16.6995
16.655
16.6126
16.5722
16.534
16.498
16.464
16.4323
16.4026
16.3752
16.3499
16.3268
16.3059
16.2871
16.2706
16.2562
16.2441
16.2342
16.2264
16.2209
16.2176
16.2165
