25
24.9468
24.8935
24.8403
24.7872
24.7341
24.6811
24.6281
24.5752
24.5225
24.4698
24.4173
24.365
24.3128
24.2608
24.2089
24.1573
24.1059
24.0547
24.0037
23.953
23.9026
23.8524
23.8025
23.7529
23.7037
23.6547
23.6061
23.5579
23.51
23.4625
23.4154
23.3686
23.3223
23.2764
23.231
23.1859
23.1414
23.0973
23.0537
23.0106
22.968
22.9258
22.8843
22.8432
22.8027
22.7627
22.7233
22.6845
22.6463
22.6086
22.5716
22.5352
22.4994
22.4642
22.4296
22.3957
22.3625
22.3299
22.298
22.2668
22.2363
22.2064
22.1773
22.1489
22.1211
22.0942
22.0679
22.0424
22.0176
21.9936
21.9703
21.9478
21.9261
21.9052
21.885
21.8656
21.847
21.8292
21.8122
21.7959
21.7805
21.7659
21.7522
21.7392
21.7271
21.7158
21.7053
21.6956
21.6868
21.6788
21.6716
21.6653
21.6598
21.6552
21.6514
21.6484
21.6463
21.645
21.6446
