25
24.7978
24.5956
24.3935
24.1916
23.9898
23.7884
23.5872
23.3864
23.186
22.986
22.7866
22.5877
22.3895
22.1919
21.995
21.7989
21.6035
21.4091
21.2155
21.023
20.8314
20.6408
20.4514
20.2631
20.0761
19.8902
19.7057
19.5225
19.3407
19.1603
18.9814
18.804
18.6282
18.4539
18.2814
18.1105
17.9414
17.7741
17.6086
17.4449
17.2832
17.1234
16.9656
16.8098
16.6561
16.5045
16.3551
16.2078
16.0627
15.9199
15.7794
15.6412
15.5054
15.372
15.241
15.1124
14.9864
14.8628
14.7419
14.6235
14.5077
14.3946
14.2841
14.1763
14.0713
13.969
13.8695
13.7728
13.6789
13.5879
13.4997
13.4145
13.3321
13.2527
13.1762
13.1027
13.0322
12.9647
12.9003
12.8389
12.7805
12.7252
12.673
12.6239
12.5779
12.5351
12.4953
12.4587
12.4253
12.395
12.3679
12.3439
12.3232
12.3056
12.2912
12.28
12.272
12.2672
12.2656
