25
24.8869
24.7739
24.6609
24.548
24.4352
24.3226
24.2101
24.0978
23.9858
23.874
23.7625
23.6513
23.5404
23.4299
23.3198
23.2102
23.1009
22.9922
22.884
22.7762
22.6691
22.5625
22.4566
22.3513
22.2467
22.1427
22.0395
21.937
21.8353
21.7344
21.6343
21.5351
21.4367
21.3392
21.2427
21.1471
21.0524
20.9588
20.8662
20.7746
20.684
20.5946
20.5063
20.4191
20.3331
20.2482
20.1645
20.0821
20.0009
19.9209
19.8422
19.7648
19.6888
19.6141
19.5407
19.4687
19.3981
19.3289
19.2612
19.1948
19.13
19.0666
19.0047
18.9443
18.8855
18.8282
18.7724
18.7182
18.6656
18.6146
18.5652
18.5174
18.4713
18.4268
18.3839
18.3427
18.3032
18.2654
18.2292
18.1948
18.1621
18.1311
18.1018
18.0743
18.0485
18.0245
18.0022
17.9817
17.9629
17.946
17.9308
17.9173
17.9057
17.8958
17.8878
17.8815
17.877
17.8743
17.8734
