25
24.9194
24.8388
24.7583
24.6778
24.5974
24.5171
24.4369
24.3569
24.277
24.1973
24.1178
24.0386
23.9595
23.8808
23.8023
23.7241
23.6462
23.5687
23.4916
23.4148
23.3384
23.2625
23.1869
23.1119
23.0373
22.9632
22.8896
22.8165
22.744
22.6721
22.6007
22.53
22.4599
22.3904
22.3216
22.2534
22.1859
22.1192
22.0532
21.9879
21.9234
21.8596
21.7966
21.7345
21.6731
21.6126
21.553
21.4942
21.4363
21.3793
21.3233
21.2681
21.2139
21.1606
21.1083
21.057
21.0067
20.9573
20.909
20.8618
20.8155
20.7703
20.7262
20.6832
20.6412
20.6004
20.5606
20.522
20.4845
20.4481
20.4129
20.3788
20.3459
20.3142
20.2837
20.2543
20.2261
20.1992
20.1734
20.1489
20.1255
20.1034
20.0826
20.063
20.0446
20.0274
20.0116
19.9969
19.9836
19.9715
19.9606
19.9511
19.9428
19.9357
19.93
19.9255
19.9223
19.9204
19.9198
