25
24.7145
24.4292
24.1439
23.8589
23.5743
23.29
23.0061
22.7229
22.4402
22.1582
21.877
21.5967
21.3172
21.0388
20.7614
20.4852
20.2102
19.9365
19.6642
19.3933
19.124
18.8562
18.59
18.3256
18.063
17.8022
17.5434
17.2865
17.0318
16.7791
16.5286
16.2804
16.0345
15.791
15.55
15.3114
15.0754
14.842
14.6113
14.3833
14.1581
13.9358
13.7163
13.4998
13.2863
13.0759
12.8685
12.6643
12.4633
12.2656
12.0711
11.88
11.6922
11.5079
11.327
11.1497
10.9759
10.8056
10.639
10.476
10.3168
10.1612
10.0094
9.86144
9.71727
9.57695
9.44052
9.30799
9.1794
9.05478
8.93415
8.81753
8.70496
8.59644
8.49201
8.39169
8.29549
8.20343
8.11554
8.03182
7.9523
7.87699
7.80591
7.73907
7.67648
7.61815
7.5641
7.51434
7.46887
7.42771
7.39086
7.35833
7.33012
7.30624
7.2867
7.2715
7.26064
7.25412
7.25195
