25
24.8282
24.6564
24.4848
24.3132
24.1419
23.9707
23.7998
23.6292
23.459
23.2891
23.1197
22.9508
22.7823
22.6145
22.4472
22.2806
22.1146
21.9494
21.785
21.6213
21.4586
21.2967
21.1357
20.9757
20.8168
20.6588
20.502
20.3463
20.1918
20.0385
19.8865
19.7357
19.5863
19.4382
19.2915
19.1463
19.0026
18.8603
18.7196
18.5805
18.443
18.3072
18.173
18.0406
17.9099
17.781
17.6539
17.5287
17.4053
17.2839
17.1644
17.0469
16.9314
16.8179
16.7065
16.5971
16.4899
16.3848
16.2819
16.1812
16.0827
15.9865
15.8925
15.8008
15.7115
15.6244
15.5398
15.4575
15.3776
15.3001
15.2251
15.1525
15.0825
15.0149
14.9498
14.8873
14.8273
14.7698
14.715
14.6627
14.613
14.566
14.5215
14.4797
14.4406
14.4041
14.3703
14.3391
14.3107
14.2849
14.2618
14.2414
14.2237
14.2088
14.1965
14.187
14.1802
14.1761
14.1748
