25
24.8738
24.7477
24.6217
24.4957
24.3698
24.2442
24.1187
23.9934
23.8684
23.7437
23.6192
23.4952
23.3715
23.2482
23.1254
23.003
22.8811
22.7598
22.639
22.5189
22.3993
22.2804
22.1622
22.0447
21.928
21.812
21.6968
21.5825
21.469
21.3564
21.2448
21.134
21.0243
20.9155
20.8078
20.7011
20.5955
20.4911
20.3877
20.2855
20.1845
20.0848
19.9862
19.8889
19.7929
19.6983
19.6049
19.5129
19.4223
19.3331
19.2453
19.159
19.0741
18.9908
18.9089
18.8286
18.7498
18.6726
18.597
18.523
18.4507
18.3799
18.3109
18.2435
18.1779
18.1139
18.0517
17.9913
17.9326
17.8757
17.8205
17.7672
17.7157
17.6661
17.6183
17.5723
17.5282
17.486
17.4457
17.4073
17.3708
17.3362
17.3035
17.2728
17.2441
17.2173
17.1924
17.1695
17.1486
17.1296
17.1127
17.0977
17.0847
17.0737
17.0647
17.0577
17.0527
17.0497
17.0487
