25
24.9197
24.8393
24.7591
24.6789
24.5987
24.5187
24.4388
24.359
24.2794
24.2
24.1207
24.0417
23.963
23.8845
23.8063
23.7283
23.6507
23.5735
23.4966
23.42
23.3439
23.2682
23.1929
23.1181
23.0438
22.9699
22.8966
22.8238
22.7515
22.6798
22.6087
22.5382
22.4683
22.399
22.3304
22.2625
22.1953
22.1287
22.0629
21.9979
21.9335
21.87
21.8072
21.7453
21.6842
21.6239
21.5644
21.5058
21.4481
21.3913
21.3354
21.2805
21.2264
21.1733
21.1212
21.07
21.0199
20.9707
20.9226
20.8755
20.8294
20.7844
20.7404
20.6975
20.6557
20.615
20.5753
20.5368
20.4995
20.4632
20.4281
20.3942
20.3614
20.3297
20.2993
20.27
20.2419
20.2151
20.1894
20.1649
20.1417
20.1197
20.0989
20.0793
20.061
20.0439
20.0281
20.0135
20.0002
19.9881
19.9773
19.9678
19.9595
19.9525
19.9468
19.9423
19.9391
19.9372
19.9366
