25
24.9712
24.9424
24.9136
24.8848
24.8561
24.8274
24.7987
24.7701
24.7415
24.7131
24.6846
24.6563
24.6281
24.5999
24.5718
24.5439
24.5161
24.4884
24.4608
24.4333
24.406
24.3789
24.3519
24.325
24.2984
24.2719
24.2456
24.2195
24.1936
24.1678
24.1423
24.117
24.092
24.0671
24.0425
24.0182
23.9941
23.9702
23.9466
23.9232
23.9002
23.8774
23.8549
23.8327
23.8107
23.7891
23.7678
23.7468
23.7261
23.7057
23.6857
23.6659
23.6466
23.6275
23.6088
23.5905
23.5725
23.5549
23.5376
23.5207
23.5042
23.488
23.4722
23.4569
23.4419
23.4273
23.413
23.3992
23.3858
23.3728
23.3602
23.3481
23.3363
23.325
23.314
23.3035
23.2935
23.2838
23.2746
23.2658
23.2575
23.2496
23.2422
23.2351
23.2286
23.2224
23.2168
23.2115
23.2068
23.2024
23.1986
23.1951
23.1922
23.1897
23.1876
23.186
23.1849
23.1842
23.1839
