25
24.8722
24.7443
24.6166
24.4889
24.3614
24.2341
24.1069
23.98
23.8533
23.7269
23.6008
23.4751
23.3497
23.2248
23.1003
22.9763
22.8528
22.7299
22.6075
22.4857
22.3646
22.2441
22.1243
22.0053
21.8869
21.7694
21.6527
21.5368
21.4218
21.3077
21.1946
21.0824
20.9712
20.8609
20.7518
20.6437
20.5367
20.4308
20.3261
20.2225
20.1202
20.0191
19.9192
19.8206
19.7234
19.6274
19.5328
19.4396
19.3478
19.2574
19.1684
19.0809
18.9949
18.9105
18.8275
18.7461
18.6663
18.5881
18.5115
18.4365
18.3631
18.2915
18.2215
18.1533
18.0867
18.0219
17.9589
17.8976
17.8381
17.7805
17.7246
17.6706
17.6184
17.5681
17.5196
17.4731
17.4284
17.3856
17.3448
17.3058
17.2688
17.2338
17.2007
17.1696
17.1404
17.1133
17.0881
17.0649
17.0437
17.0245
17.0073
16.9921
16.979
16.9678
16.9587
16.9516
16.9465
16.9435
16.9425
