25
24.9605
24.921
24.8816
24.8421
24.8027
24.7634
24.7241
24.6849
24.6458
24.6067
24.5678
24.5289
24.4902
24.4516
24.4132
24.3749
24.3367
24.2987
24.2609
24.2233
24.1859
24.1487
24.1117
24.0749
24.0384
24.0021
23.966
23.9302
23.8947
23.8594
23.8245
23.7898
23.7555
23.7214
23.6877
23.6543
23.6213
23.5885
23.5562
23.5242
23.4926
23.4614
23.4305
23.4001
23.37
23.3404
23.3111
23.2823
23.254
23.2261
23.1986
23.1715
23.145
23.1189
23.0933
23.0681
23.0435
23.0193
22.9956
22.9725
22.9498
22.9277
22.9061
22.885
22.8644
22.8444
22.8249
22.806
22.7876
22.7698
22.7526
22.7359
22.7197
22.7042
22.6892
22.6748
22.661
22.6478
22.6352
22.6232
22.6118
22.6009
22.5907
22.5811
22.5721
22.5637
22.5559
22.5487
22.5422
22.5363
22.531
22.5263
22.5222
22.5188
22.5159
22.5137
22.5122
22.5112
22.5109
