25
24.4099
23.8204
23.2319
22.645
22.0602
21.478
20.8989
20.3233
19.7519
19.185
18.6232
18.0668
17.5163
16.9721
16.4347
15.9043
15.3815
14.8665
14.3596
13.8613
13.3717
12.8911
12.4198
11.958
11.5059
11.0636
10.6315
10.2095
9.79785
9.3966
9.00582
8.62558
8.25591
7.89684
7.54834
7.21041
6.883
6.56606
6.25951
5.96327
5.67724
5.40129
5.13529
4.87911
4.63259
4.39556
4.16786
3.94929
3.73967
3.5388
3.34648
3.16248
2.98661
2.81865
2.65836
2.50553
2.35994
2.22135
2.08954
1.96428
1.84536
1.73254
1.6256
1.52433
1.42851
1.33792
1.25236
1.17162
1.09551
1.02383
0.956378
0.892985
0.833467
0.777649
0.725366
0.676456
0.630765
0.588143
0.548449
0.511547
0.477309
0.445612
0.416341
0.389386
0.364646
0.342026
0.321435
0.302792
0.286022
0.271056
0.257832
0.246294
0.236393
0.228086
0.221339
0.216122
0.212411
0.210191
0.209452
