25
24.8678
24.7357
24.6037
24.4717
24.3399
24.2082
24.0768
23.9455
23.8146
23.6839
23.5536
23.4236
23.294
23.1649
23.0362
22.908
22.7804
22.6533
22.5268
22.4009
22.2756
22.1511
22.0273
21.9042
21.7819
21.6604
21.5398
21.42
21.3011
21.1832
21.0662
20.9502
20.8352
20.7213
20.6084
20.4967
20.3861
20.2766
20.1684
20.0613
19.9555
19.851
19.7478
19.6459
19.5453
19.4461
19.3483
19.252
19.157
19.0636
18.9716
18.8812
18.7923
18.705
18.6192
18.5351
18.4526
18.3717
18.2925
18.215
18.1392
18.0651
17.9928
17.9222
17.8535
17.7865
17.7213
17.658
17.5965
17.5369
17.4791
17.4233
17.3693
17.3173
17.2672
17.2191
17.1729
17.1287
17.0865
17.0462
17.008
16.9718
16.9376
16.9054
16.8753
16.8472
16.8211
16.7972
16.7752
16.7554
16.7376
16.7219
16.7083
16.6968
16.6874
16.6801
16.6748
16.6717
16.6706
