25
24.9282
24.8565
24.7848
24.7131
24.6415
24.57
24.4987
24.4274
24.3563
24.2853
24.2146
24.144
24.0736
24.0035
23.9336
23.864
23.7947
23.7257
23.657
23.5886
23.5206
23.453
23.3857
23.3189
23.2525
23.1865
23.121
23.056
22.9914
22.9274
22.8638
22.8008
22.7384
22.6765
22.6153
22.5546
22.4945
22.4351
22.3763
22.3182
22.2607
22.204
22.1479
22.0926
22.0379
21.9841
21.931
21.8786
21.8271
21.7764
21.7264
21.6773
21.629
21.5816
21.535
21.4893
21.4445
21.4006
21.3576
21.3155
21.2744
21.2341
21.1949
21.1565
21.1192
21.0828
21.0474
21.013
20.9796
20.9473
20.9159
20.8856
20.8563
20.828
20.8008
20.7747
20.7496
20.7256
20.7027
20.6808
20.66
20.6404
20.6218
20.6043
20.5879
20.5727
20.5586
20.5455
20.5336
20.5229
20.5132
20.5047
20.4973
20.491
20.4859
20.4819
20.4791
20.4774
20.4768
