25
24.8629
24.7259
24.5889
24.4521
24.3153
24.1788
24.0424
23.9063
23.7705
23.635
23.4998
23.365
23.2306
23.0967
22.9632
22.8302
22.6978
22.566
22.4348
22.3042
22.1743
22.0452
21.9167
21.7891
21.6622
21.5362
21.4111
21.2869
21.1636
21.0412
20.9199
20.7996
20.6803
20.5622
20.4451
20.3292
20.2145
20.101
19.9887
19.8777
19.768
19.6596
19.5525
19.4468
19.3425
19.2396
19.1382
19.0383
18.9398
18.8429
18.7475
18.6537
18.5615
18.4709
18.382
18.2947
18.2092
18.1253
18.0432
17.9628
17.8841
17.8073
17.7323
17.6591
17.5878
17.5183
17.4507
17.385
17.3213
17.2594
17.1995
17.1416
17.0857
17.0317
16.9798
16.9298
16.8819
16.8361
16.7923
16.7506
16.7109
16.6733
16.6379
16.6045
16.5732
16.5441
16.5171
16.4922
16.4695
16.4489
16.4305
16.4142
16.4001
16.3882
16.3784
16.3708
16.3653
16.3621
16.361
