25
24.8525
24.7051
24.5578
24.4105
24.2635
24.1166
23.9699
23.8235
23.6773
23.5315
23.3861
23.2411
23.0965
22.9525
22.8089
22.6659
22.5234
22.3816
22.2405
22.1
21.9603
21.8213
21.6831
21.5458
21.4094
21.2738
21.1392
21.0056
20.8729
20.7413
20.6108
20.4814
20.3531
20.226
20.1001
19.9754
19.852
19.7299
19.6091
19.4897
19.3717
19.255
19.1399
19.0262
18.914
18.8033
18.6942
18.5867
18.4808
18.3765
18.2739
18.173
18.0739
17.9764
17.8808
17.7869
17.6948
17.6046
17.5162
17.4298
17.3452
17.2626
17.1819
17.1032
17.0264
16.9517
16.879
16.8083
16.7397
16.6732
16.6088
16.5465
16.4863
16.4283
16.3724
16.3187
16.2672
16.2178
16.1707
16.1258
16.0832
16.0428
16.0046
15.9687
15.9351
15.9038
15.8747
15.848
15.8235
15.8014
15.7816
15.764
15.7489
15.736
15.7255
15.7173
15.7115
15.708
15.7068
