25
24.9817
24.9633
24.945
24.9267
24.9084
24.8901
24.8718
24.8536
24.8354
24.8173
24.7992
24.7811
24.7631
24.7452
24.7274
24.7096
24.6918
24.6742
24.6566
24.6391
24.6218
24.6045
24.5873
24.5702
24.5532
24.5363
24.5196
24.503
24.4865
24.4701
24.4538
24.4377
24.4218
24.406
24.3903
24.3748
24.3594
24.3442
24.3292
24.3143
24.2996
24.2851
24.2708
24.2566
24.2427
24.2289
24.2153
24.2019
24.1888
24.1758
24.163
24.1505
24.1381
24.126
24.1141
24.1024
24.091
24.0797
24.0687
24.058
24.0474
24.0372
24.0271
24.0173
24.0078
23.9985
23.9894
23.9806
23.9721
23.9638
23.9558
23.948
23.9406
23.9333
23.9264
23.9197
23.9133
23.9071
23.9013
23.8957
23.8904
23.8854
23.8806
23.8761
23.872
23.8681
23.8644
23.8611
23.8581
23.8553
23.8528
23.8507
23.8488
23.8472
23.8459
23.8448
23.8441
23.8437
23.8435
