25
24.9718
24.9435
24.9153
24.8871
24.8589
24.8308
24.8027
24.7746
24.7466
24.7187
24.6909
24.6631
24.6354
24.6078
24.5803
24.5529
24.5256
24.4984
24.4714
24.4445
24.4177
24.3911
24.3647
24.3383
24.3122
24.2862
24.2605
24.2349
24.2094
24.1842
24.1592
24.1344
24.1099
24.0855
24.0614
24.0375
24.0139
23.9905
23.9674
23.9445
23.9219
23.8995
23.8775
23.8557
23.8342
23.813
23.7921
23.7715
23.7512
23.7312
23.7116
23.6922
23.6732
23.6546
23.6362
23.6183
23.6006
23.5833
23.5664
23.5498
23.5336
23.5178
23.5024
23.4873
23.4726
23.4583
23.4443
23.4308
23.4176
23.4049
23.3926
23.3806
23.3691
23.358
23.3473
23.337
23.3271
23.3177
23.3086
23.3
23.2919
23.2841
23.2768
23.2699
23.2635
23.2575
23.2519
23.2468
23.2421
23.2379
23.2341
23.2307
23.2278
23.2253
23.2233
23.2218
23.2206
23.22
23.2197
