25
24.9656
24.9313
24.897
24.8627
24.8284
24.7942
24.76
24.7259
24.6919
24.6579
24.624
24.5902
24.5565
24.523
24.4895
24.4562
24.423
24.39
24.3571
24.3244
24.2918
24.2594
24.2272
24.1953
24.1635
24.1319
24.1005
24.0694
24.0385
24.0078
23.9774
23.9473
23.9174
23.8878
23.8584
23.8294
23.8006
23.7722
23.744
23.7162
23.6887
23.6615
23.6347
23.6082
23.5821
23.5563
23.5309
23.5058
23.4811
23.4568
23.4329
23.4094
23.3863
23.3636
23.3413
23.3194
23.298
23.277
23.2564
23.2362
23.2165
23.1973
23.1785
23.1601
23.1422
23.1248
23.1079
23.0914
23.0754
23.0599
23.0449
23.0304
23.0164
23.0029
22.9898
22.9773
22.9653
22.9538
22.9429
22.9324
22.9225
22.913
22.9041
22.8958
22.8879
22.8806
22.8739
22.8676
22.8619
22.8568
22.8522
22.8481
22.8445
22.8416
22.8391
22.8372
22.8358
22.835
22.8347
