25
24.9718
24.9437
24.9156
24.8875
24.8594
24.8313
24.8033
24.7754
24.7475
24.7196
24.6919
24.6642
24.6366
24.6091
24.5817
24.5544
24.5272
24.5001
24.4732
24.4463
24.4197
24.3931
24.3668
24.3405
24.3145
24.2886
24.2629
24.2374
24.2121
24.1869
24.162
24.1373
24.1128
24.0886
24.0645
24.0407
24.0171
23.9938
23.9708
23.948
23.9254
23.9032
23.8812
23.8595
23.838
23.8169
23.7961
23.7756
23.7553
23.7354
23.7158
23.6966
23.6776
23.659
23.6408
23.6228
23.6053
23.588
23.5712
23.5547
23.5385
23.5227
23.5073
23.4923
23.4776
23.4634
23.4495
23.436
23.4229
23.4102
23.3979
23.386
23.3745
23.3634
23.3527
23.3425
23.3327
23.3232
23.3142
23.3057
23.2975
23.2898
23.2825
23.2757
23.2692
23.2633
23.2577
23.2526
23.2479
23.2437
23.2399
23.2366
23.2337
23.2312
23.2292
23.2277
23.2265
23.2259
23.2256
