25
24.969
24.938
24.907
24.8761
24.8452
24.8143
24.7835
24.7527
24.722
24.6913
24.6608
24.6303
24.5999
24.5696
24.5394
24.5094
24.4794
24.4496
24.4199
24.3904
24.361
24.3318
24.3028
24.2739
24.2452
24.2167
24.1884
24.1604
24.1325
24.1048
24.0774
24.0502
24.0232
23.9965
23.97
23.9438
23.9179
23.8922
23.8668
23.8417
23.8169
23.7924
23.7682
23.7443
23.7207
23.6974
23.6745
23.6519
23.6296
23.6077
23.5861
23.5649
23.5441
23.5236
23.5035
23.4837
23.4644
23.4454
23.4268
23.4087
23.3909
23.3735
23.3565
23.34
23.3239
23.3081
23.2929
23.278
23.2636
23.2496
23.2361
23.223
23.2103
23.1981
23.1863
23.1751
23.1642
23.1539
23.1439
23.1345
23.1255
23.117
23.109
23.1015
23.0944
23.0878
23.0817
23.0761
23.0709
23.0663
23.0621
23.0584
23.0553
23.0526
23.0503
23.0486
23.0474
23.0467
23.0464
