25
24.9776
24.9552
24.9329
24.9105
24.8882
24.8659
24.8436
24.8213
24.7992
24.777
24.7549
24.7329
24.711
24.6891
24.6673
24.6456
24.6239
24.6024
24.581
24.5596
24.5384
24.5173
24.4963
24.4755
24.4548
24.4342
24.4137
24.3935
24.3733
24.3533
24.3335
24.3139
24.2944
24.2751
24.256
24.237
24.2183
24.1997
24.1814
24.1633
24.1453
24.1276
24.1101
24.0929
24.0758
24.059
24.0425
24.0261
24.0101
23.9942
23.9786
23.9633
23.9483
23.9335
23.9189
23.9047
23.8907
23.877
23.8636
23.8504
23.8376
23.825
23.8128
23.8008
23.7892
23.7778
23.7668
23.7561
23.7456
23.7355
23.7258
23.7163
23.7072
23.6983
23.6899
23.6817
23.6739
23.6664
23.6592
23.6524
23.6459
23.6398
23.634
23.6285
23.6234
23.6187
23.6143
23.6102
23.6065
23.6031
23.6001
23.5975
23.5952
23.5932
23.5916
23.5904
23.5895
23.5889
23.5888
