25
24.9602
24.9205
24.8808
24.8411
24.8014
24.7618
24.7223
24.6828
24.6434
24.6041
24.5649
24.5258
24.4868
24.448
24.4093
24.3707
24.3323
24.2941
24.256
24.2182
24.1805
24.143
24.1058
24.0687
24.032
23.9954
23.9591
23.9231
23.8873
23.8518
23.8167
23.7818
23.7472
23.7129
23.679
23.6453
23.6121
23.5791
23.5466
23.5144
23.4826
23.4511
23.4201
23.3894
23.3592
23.3293
23.2999
23.2709
23.2424
23.2142
23.1866
23.1594
23.1326
23.1064
23.0806
23.0553
23.0304
23.0061
22.9823
22.959
22.9362
22.9139
22.8921
22.8709
22.8502
22.83
22.8104
22.7914
22.7729
22.755
22.7376
22.7208
22.7046
22.6889
22.6738
22.6594
22.6455
22.6322
22.6195
22.6074
22.5958
22.585
22.5747
22.565
22.5559
22.5475
22.5396
22.5324
22.5258
22.5199
22.5145
22.5098
22.5057
22.5022
22.4994
22.4972
22.4956
22.4947
22.4944
