25
24.9439
24.8877
24.8316
24.7756
24.7196
24.6637
24.6078
24.5521
24.4964
24.4409
24.3856
24.3304
24.2753
24.2205
24.1658
24.1114
24.0571
24.0031
23.9494
23.8959
23.8427
23.7898
23.7372
23.6849
23.633
23.5814
23.5301
23.4792
23.4287
23.3786
23.3289
23.2797
23.2308
23.1824
23.1345
23.087
23.04
22.9935
22.9476
22.9021
22.8571
22.8127
22.7689
22.7256
22.6829
22.6407
22.5992
22.5583
22.5179
22.4782
22.4392
22.4008
22.363
22.3259
22.2895
22.2537
22.2187
22.1843
22.1507
22.1178
22.0856
22.0541
22.0234
21.9934
21.9642
21.9357
21.908
21.8811
21.855
21.8297
21.8051
21.7814
21.7585
21.7364
21.7151
21.6947
21.675
21.6563
21.6383
21.6212
21.605
21.5896
21.5751
21.5614
21.5486
21.5367
21.5256
21.5154
21.5061
21.4977
21.4901
21.4835
21.4777
21.4728
21.4688
21.4657
21.4634
21.4621
21.4617
