25
24.7474
24.4949
24.2424
23.9902
23.7383
23.4867
23.2354
22.9846
22.7344
22.4847
22.2357
21.9874
21.7399
21.4933
21.2475
21.0028
20.759
20.5164
20.2749
20.0346
19.7957
19.558
19.3218
19.0871
18.8539
18.6222
18.3922
18.164
17.9375
17.7128
17.4899
17.2691
17.0502
16.8333
16.6186
16.406
16.1956
15.9875
15.7817
15.5782
15.3772
15.1786
14.9825
14.789
14.5981
14.4099
14.2243
14.0415
13.8615
13.6844
13.5101
13.3387
13.1703
13.0049
12.8426
12.6833
12.5272
12.3742
12.2244
12.0778
11.9345
11.7945
11.6578
11.5245
11.3946
11.2681
11.1451
11.0256
10.9095
10.797
10.6881
10.5828
10.4811
10.383
10.2886
10.1979
10.1109
10.0276
9.94807
9.8723
9.8003
9.7321
9.66772
9.60717
9.55045
9.4976
9.4486
9.40349
9.36227
9.32494
9.29152
9.26201
9.23643
9.21477
9.19704
9.18325
9.1734
9.16748
9.16551
