25
24.9644
24.9287
24.8931
24.8576
24.822
24.7865
24.7511
24.7157
24.6804
24.6452
24.61
24.575
24.5401
24.5052
24.4705
24.436
24.4016
24.3673
24.3332
24.2993
24.2655
24.2319
24.1985
24.1653
24.1324
24.0996
24.0671
24.0348
24.0027
23.9709
23.9394
23.9081
23.8771
23.8464
23.816
23.7859
23.756
23.7265
23.6973
23.6685
23.64
23.6118
23.5839
23.5565
23.5293
23.5026
23.4762
23.4503
23.4247
23.3995
23.3747
23.3503
23.3263
23.3028
23.2797
23.257
23.2347
23.2129
23.1916
23.1707
23.1502
23.1303
23.1108
23.0917
23.0732
23.0551
23.0376
23.0205
23.0039
22.9878
22.9723
22.9572
22.9426
22.9286
22.9151
22.9021
22.8897
22.8778
22.8664
22.8555
22.8452
22.8354
22.8262
22.8176
22.8094
22.8019
22.7948
22.7884
22.7825
22.7771
22.7723
22.7681
22.7644
22.7613
22.7588
22.7568
22.7554
22.7545
22.7542
