25
24.9406
24.8812
24.8219
24.7626
24.7033
24.6441
24.5851
24.5261
24.4672
24.4085
24.3499
24.2915
24.2333
24.1752
24.1174
24.0598
24.0024
23.9453
23.8884
23.8318
23.7756
23.7196
23.6639
23.6086
23.5536
23.499
23.4448
23.391
23.3376
23.2845
23.232
23.1798
23.1282
23.077
23.0262
22.976
22.9263
22.8771
22.8285
22.7803
22.7328
22.6858
22.6394
22.5936
22.5484
22.5038
22.4599
22.4166
22.3739
22.3319
22.2906
22.2499
22.21
22.1707
22.1322
22.0944
22.0573
22.0209
21.9853
21.9505
21.9164
21.8831
21.8506
21.8189
21.788
21.7579
21.7286
21.7001
21.6725
21.6457
21.6197
21.5946
21.5704
21.547
21.5245
21.5028
21.4821
21.4622
21.4432
21.4251
21.408
21.3917
21.3763
21.3618
21.3483
21.3357
21.324
21.3132
21.3033
21.2944
21.2864
21.2794
21.2733
21.2681
21.2639
21.2606
21.2582
21.2568
21.2563
