25
24.8696
24.7392
24.6089
24.4787
24.3486
24.2187
24.0889
23.9594
23.8302
23.7013
23.5726
23.4444
23.3165
23.1891
23.0621
22.9356
22.8096
22.6842
22.5594
22.4352
22.3116
22.1887
22.0665
21.945
21.8243
21.7044
21.5854
21.4672
21.3499
21.2335
21.118
21.0036
20.8901
20.7777
20.6663
20.5561
20.4469
20.3389
20.2321
20.1265
20.0221
19.9189
19.817
19.7165
19.6172
19.5194
19.4229
19.3278
19.2341
19.1419
19.0511
18.9619
18.8742
18.788
18.7034
18.6203
18.5389
18.4591
18.381
18.3045
18.2297
18.1566
18.0852
18.0156
17.9477
17.8816
17.8173
17.7548
17.6941
17.6353
17.5783
17.5232
17.47
17.4186
17.3692
17.3217
17.2761
17.2325
17.1908
17.1511
17.1134
17.0776
17.0439
17.0121
16.9824
16.9547
16.929
16.9053
16.8837
16.8641
16.8466
16.8311
16.8177
16.8063
16.797
16.7898
16.7846
16.7815
16.7804
