25
24.9265
24.8531
24.7797
24.7064
24.6331
24.5599
24.4869
24.4139
24.3412
24.2685
24.1961
24.1239
24.0519
23.9801
23.9086
23.8373
23.7664
23.6957
23.6254
23.5554
23.4858
23.4166
23.3478
23.2794
23.2114
23.1439
23.0768
23.0103
22.9442
22.8786
22.8136
22.7492
22.6853
22.6219
22.5592
22.4971
22.4356
22.3748
22.3146
22.2551
22.1963
22.1382
22.0809
22.0242
21.9683
21.9132
21.8589
21.8053
21.7525
21.7006
21.6495
21.5992
21.5498
21.5013
21.4536
21.4068
21.361
21.316
21.272
21.2289
21.1868
21.1456
21.1054
21.0662
21.028
20.9907
20.9545
20.9193
20.8851
20.852
20.8199
20.7889
20.7589
20.73
20.7021
20.6754
20.6497
20.6251
20.6017
20.5793
20.558
20.5379
20.5189
20.501
20.4843
20.4686
20.4542
20.4408
20.4287
20.4176
20.4078
20.399
20.3915
20.3851
20.3798
20.3758
20.3728
20.3711
20.3705
