25
24.8726
24.7452
24.6179
24.4906
24.3635
24.2366
24.1099
23.9833
23.8571
23.7311
23.6054
23.4801
23.3552
23.2307
23.1066
22.983
22.8599
22.7374
22.6154
22.4941
22.3733
22.2532
22.1338
22.0152
21.8973
21.7801
21.6638
21.5483
21.4337
21.32
21.2072
21.0954
20.9845
20.8747
20.7659
20.6581
20.5515
20.446
20.3416
20.2384
20.1364
20.0356
19.9361
19.8378
19.7408
19.6452
19.5509
19.458
19.3665
19.2764
19.1877
19.1005
19.0148
18.9306
18.848
18.7668
18.6873
18.6093
18.5329
18.4582
18.3851
18.3137
18.244
18.1759
18.1096
18.045
17.9822
17.9212
17.8619
17.8044
17.7487
17.6949
17.6429
17.5927
17.5444
17.498
17.4535
17.4108
17.3701
17.3313
17.2945
17.2595
17.2265
17.1955
17.1665
17.1394
17.1143
17.0912
17.07
17.0509
17.0338
17.0186
17.0055
16.9944
16.9853
16.9783
16.9732
16.9702
16.9692
