25
24.6069
24.214
23.8213
23.4292
23.0377
22.6469
22.2571
21.8684
21.4809
21.0948
20.7102
20.3273
19.9463
19.5672
19.1903
18.8156
18.4433
18.0735
17.7063
17.342
16.9806
16.6222
16.2669
15.915
15.5664
15.2213
14.8798
14.542
14.208
13.8779
13.5518
13.2297
12.9118
12.5982
12.2888
11.9839
11.6834
11.3875
11.0961
10.8093
10.5273
10.25
9.97748
9.70981
9.447
9.18911
8.93616
8.68817
8.44519
8.20721
7.97428
7.7464
7.52358
7.30584
7.09318
6.8856
6.68312
6.48573
6.29342
6.1062
5.92406
5.74698
5.57495
5.40797
5.24603
5.0891
4.93716
4.79021
4.64822
4.51118
4.37906
4.25184
4.1295
4.01201
3.89937
3.79154
3.68849
3.59022
3.49669
3.40789
3.32379
3.24437
3.16961
3.09949
3.03399
2.9731
2.91679
2.86504
2.81785
2.7752
2.73708
2.70347
2.67436
2.64975
2.62962
2.61398
2.6028
2.5961
2.59387
