25
24.6732
24.3465
24.02
23.6938
23.368
23.0427
22.7179
22.3939
22.0707
21.7483
21.4269
21.1066
20.7875
20.4696
20.1531
19.8381
19.5246
19.2127
18.9026
18.5943
18.2878
17.9834
17.681
17.3808
17.0829
16.7872
16.494
16.2032
15.9151
15.6295
15.3466
15.0666
14.7894
14.5151
14.2438
13.9756
13.7105
13.4486
13.1899
12.9346
12.6826
12.4341
12.189
11.9475
11.7096
11.4753
11.2447
11.0179
10.7948
10.5756
10.3602
10.1488
9.94133
9.73786
9.53842
9.34304
9.15177
8.96464
8.78168
8.60291
8.42837
8.25808
8.09208
7.93038
7.77302
7.62
7.47137
7.32712
7.18729
7.0519
6.92095
6.79448
6.67248
6.55499
6.442
6.33354
6.22962
6.13024
6.03542
5.94517
5.8595
5.77842
5.70192
5.63004
5.56275
5.50009
5.44204
5.38862
5.33983
5.29567
5.25616
5.22128
5.19105
5.16546
5.14453
5.12824
5.11661
5.10963
5.1073
