25
24.8767
24.7535
24.6303
24.5073
24.3843
24.2615
24.1389
24.0165
23.8944
23.7725
23.6509
23.5297
23.4089
23.2884
23.1684
23.0489
22.9298
22.8113
22.6933
22.5759
22.4591
22.3429
22.2274
22.1126
21.9985
21.8852
21.7727
21.661
21.5501
21.4401
21.331
21.2228
21.1156
21.0093
20.9041
20.7998
20.6967
20.5946
20.4936
20.3938
20.2951
20.1976
20.1013
20.0063
19.9125
19.82
19.7288
19.6389
19.5504
19.4632
19.3775
19.2931
19.2102
19.1287
19.0488
18.9703
18.8933
18.8179
18.744
18.6717
18.601
18.532
18.4645
18.3987
18.3345
18.2721
18.2113
18.1522
18.0948
18.0392
17.9854
17.9333
17.883
17.8345
17.7877
17.7428
17.6998
17.6585
17.6191
17.5816
17.5459
17.5122
17.4803
17.4503
17.4221
17.3959
17.3717
17.3493
17.3289
17.3103
17.2938
17.2791
17.2664
17.2557
17.2469
17.2401
17.2352
17.2322
17.2313
