25
24.9798
24.9596
24.9394
24.9192
24.8991
24.879
24.8589
24.8388
24.8188
24.7988
24.7789
24.759
24.7392
24.7195
24.6998
24.6802
24.6607
24.6413
24.6219
24.6027
24.5835
24.5645
24.5456
24.5268
24.5081
24.4895
24.4711
24.4527
24.4346
24.4165
24.3987
24.3809
24.3634
24.3459
24.3287
24.3116
24.2947
24.278
24.2614
24.2451
24.2289
24.2129
24.1971
24.1815
24.1662
24.151
24.1361
24.1213
24.1068
24.0925
24.0785
24.0647
24.0511
24.0377
24.0246
24.0117
23.9991
23.9868
23.9747
23.9628
23.9512
23.9399
23.9288
23.9181
23.9075
23.8973
23.8873
23.8777
23.8683
23.8591
23.8503
23.8418
23.8335
23.8256
23.8179
23.8106
23.8035
23.7967
23.7903
23.7841
23.7783
23.7728
23.7675
23.7626
23.758
23.7537
23.7497
23.7461
23.7427
23.7397
23.737
23.7346
23.7325
23.7307
23.7293
23.7282
23.7274
23.7269
23.7267
