25
24.8083
24.6166
24.425
24.2335
24.0423
23.8513
23.6606
23.4702
23.2802
23.0906
22.9016
22.713
22.5251
22.3377
22.151
21.9651
21.7799
21.5955
21.412
21.2294
21.0478
20.8671
20.6875
20.509
20.3316
20.1554
19.9804
19.8067
19.6343
19.4632
19.2936
19.1254
18.9586
18.7934
18.6298
18.4678
18.3074
18.1487
17.9917
17.8365
17.6831
17.5316
17.3819
17.2342
17.0884
16.9446
16.8029
16.6632
16.5256
16.3901
16.2569
16.1258
15.9969
15.8704
15.7461
15.6242
15.5046
15.3874
15.2726
15.1603
15.0505
14.9432
14.8384
14.7361
14.6365
14.5394
14.445
14.3533
14.2642
14.1778
14.0942
14.0132
13.9351
13.8598
13.7872
13.7175
13.6506
13.5865
13.5254
13.4671
13.4117
13.3592
13.3097
13.2631
13.2195
13.1788
13.1411
13.1063
13.0746
13.0459
13.0201
12.9974
12.9777
12.961
12.9474
12.9368
12.9292
12.9246
12.9231
