25
24.5556
24.1115
23.6678
23.2247
22.7826
22.3416
21.9019
21.4637
21.0273
20.5929
20.1606
19.7308
19.3035
18.879
18.4575
18.0391
17.6241
17.2127
16.8049
16.4011
16.0012
15.6056
15.2144
14.8276
14.4455
14.0682
13.6958
13.3284
12.9661
12.6091
12.2575
11.9114
11.5707
11.2357
10.9065
10.5829
10.2653
9.95348
9.64763
9.34778
9.05394
8.76616
8.48446
8.20885
7.93935
7.67597
7.41871
7.16757
6.92252
6.68358
6.4507
6.22387
6.00307
5.78826
5.5794
5.37646
5.17939
4.98814
4.80267
4.62293
4.44886
4.2804
4.11749
3.96007
3.80809
3.66147
3.52016
3.38407
3.25316
3.12735
3.00657
2.89076
2.77986
2.67378
2.57247
2.47587
2.3839
2.29651
2.21364
2.13522
2.0612
1.99152
1.92613
1.86497
1.808
1.75517
1.70644
1.66176
1.6211
1.58442
1.55169
1.52288
1.49797
1.47692
1.45973
1.44638
1.43685
1.43113
1.42923
