25
24.9723
24.9446
24.917
24.8893
24.8617
24.8341
24.8066
24.7791
24.7516
24.7243
24.697
24.6697
24.6426
24.6155
24.5886
24.5617
24.535
24.5083
24.4818
24.4555
24.4292
24.4031
24.3772
24.3514
24.3258
24.3003
24.275
24.2499
24.225
24.2003
24.1758
24.1515
24.1274
24.1036
24.0799
24.0565
24.0333
24.0104
23.9877
23.9653
23.9431
23.9212
23.8996
23.8782
23.8572
23.8364
23.8159
23.7957
23.7758
23.7562
23.737
23.718
23.6994
23.6811
23.6631
23.6455
23.6282
23.6113
23.5947
23.5784
23.5626
23.547
23.5319
23.5171
23.5027
23.4886
23.475
23.4617
23.4488
23.4364
23.4243
23.4125
23.4012
23.3903
23.3799
23.3698
23.3601
23.3508
23.342
23.3335
23.3255
23.3179
23.3108
23.304
23.2977
23.2918
23.2864
23.2814
23.2768
23.2726
23.2689
23.2656
23.2627
23.2603
23.2584
23.2568
23.2557
23.2551
23.2548
