25
24.9033
24.8065
24.7099
24.6133
24.5168
24.4204
24.3242
24.2281
24.1322
24.0366
23.9412
23.846
23.7512
23.6567
23.5625
23.4686
23.3752
23.2821
23.1895
23.0974
23.0057
22.9145
22.8239
22.7338
22.6443
22.5553
22.467
22.3793
22.2923
22.206
22.1203
22.0354
21.9513
21.8679
21.7853
21.7035
21.6225
21.5424
21.4631
21.3848
21.3073
21.2308
21.1552
21.0806
21.007
20.9344
20.8628
20.7923
20.7228
20.6544
20.5871
20.5209
20.4558
20.3919
20.3291
20.2675
20.2071
20.1479
20.0899
20.0332
19.9777
19.9234
19.8705
19.8188
19.7685
19.7195
19.6717
19.6254
19.5804
19.5367
19.4945
19.4536
19.4141
19.376
19.3393
19.3041
19.2703
19.2379
19.207
19.1775
19.1495
19.123
19.098
19.0744
19.0524
19.0318
19.0127
18.9952
18.9791
18.9646
18.9516
18.9401
18.9302
18.9217
18.9148
18.9095
18.9056
18.9033
18.9026
