25
24.846
24.6921
24.5383
24.3845
24.231
24.0776
23.9244
23.7716
23.619
23.4668
23.3149
23.1635
23.0126
22.8621
22.7122
22.5629
22.4142
22.2661
22.1187
21.9721
21.8262
21.6811
21.5369
21.3935
21.251
21.1095
20.9689
20.8294
20.6909
20.5535
20.4172
20.2821
20.1482
20.0155
19.884
19.7539
19.625
19.4975
19.3714
19.2467
19.1235
19.0017
18.8815
18.7627
18.6456
18.5301
18.4162
18.3039
18.1933
18.0845
17.9774
17.872
17.7685
17.6668
17.5669
17.4689
17.3728
17.2786
17.1863
17.096
17.0077
16.9215
16.8372
16.755
16.6749
16.5969
16.521
16.4472
16.3756
16.3062
16.2389
16.1739
16.111
16.0504
15.9921
15.936
15.8822
15.8307
15.7816
15.7347
15.6902
15.648
15.6081
15.5707
15.5356
15.5028
15.4725
15.4446
15.4191
15.3959
15.3752
15.357
15.3411
15.3277
15.3167
15.3082
15.3021
15.2984
15.2972
