25
24.8952
24.7905
24.6858
24.5812
24.4767
24.3724
24.2681
24.1641
24.0603
23.9567
23.8534
23.7504
23.6477
23.5453
23.4433
23.3417
23.2405
23.1397
23.0395
22.9397
22.8404
22.7417
22.6435
22.5459
22.449
22.3527
22.257
22.1621
22.0679
21.9744
21.8816
21.7897
21.6985
21.6082
21.5188
21.4302
21.3425
21.2557
21.1699
21.0851
21.0012
20.9183
20.8365
20.7557
20.676
20.5974
20.5199
20.4435
20.3682
20.2941
20.2212
20.1495
20.0791
20.0098
19.9419
19.8752
19.8098
19.7456
19.6829
19.6214
19.5613
19.5026
19.4453
19.3893
19.3348
19.2817
19.23
19.1798
19.1311
19.0838
19.0381
18.9938
18.951
18.9098
18.8701
18.8319
18.7953
18.7602
18.7268
18.6949
18.6646
18.6358
18.6087
18.5832
18.5593
18.5371
18.5164
18.4974
18.48
18.4643
18.4502
18.4378
18.427
18.4179
18.4104
18.4046
18.4004
18.3979
18.3971
