25
24.8382
24.6764
24.5147
24.3531
24.1917
24.0305
23.8695
23.7088
23.5485
23.3885
23.2289
23.0697
22.9111
22.7529
22.5954
22.4384
22.2821
22.1265
21.9716
21.8174
21.6641
21.5116
21.36
21.2093
21.0595
20.9108
20.7631
20.6164
20.4709
20.3265
20.1832
20.0412
19.9004
19.7609
19.6228
19.486
19.3506
19.2166
19.084
18.953
18.8234
18.6955
18.5691
18.4443
18.3212
18.1998
18.08
17.9621
17.8459
17.7315
17.6189
17.5082
17.3993
17.2924
17.1875
17.0845
16.9834
16.8844
16.7875
16.6926
16.5998
16.5091
16.4206
16.3342
16.25
16.168
16.0883
16.0107
15.9355
15.8625
15.7918
15.7234
15.6574
15.5937
15.5324
15.4735
15.417
15.3629
15.3112
15.2619
15.2151
15.1708
15.1289
15.0895
15.0526
15.0183
14.9864
14.957
14.9302
14.9059
14.8842
14.865
14.8483
14.8342
14.8227
14.8137
14.8073
14.8034
14.8022
