25
24.7895
24.579
24.3687
24.1585
23.9485
23.7388
23.5294
23.3204
23.1118
22.9037
22.6961
22.4891
22.2827
22.0771
21.8721
21.668
21.4647
21.2623
21.0609
20.8604
20.661
20.4627
20.2656
20.0696
19.8749
19.6815
19.4895
19.2988
19.1096
18.9219
18.7357
18.5511
18.3681
18.1868
18.0073
17.8295
17.6535
17.4794
17.3071
17.1369
16.9686
16.8023
16.6381
16.4761
16.3161
16.1584
16.0029
15.8497
15.6988
15.5502
15.4041
15.2603
15.119
14.9802
14.8439
14.7102
14.5791
14.4506
14.3248
14.2016
14.0812
13.9635
13.8486
13.7365
13.6273
13.5209
13.4174
13.3168
13.2192
13.1245
13.0328
12.9441
12.8585
12.7759
12.6964
12.62
12.5467
12.4765
12.4094
12.3456
12.2849
12.2274
12.1731
12.1221
12.0742
12.0296
11.9883
11.9503
11.9155
11.884
11.8558
11.8309
11.8093
11.7911
11.7761
11.7645
11.7561
11.7512
11.7495
