25
24.9816
24.9632
24.9448
24.9264
24.908
24.8897
24.8714
24.8531
24.8349
24.8167
24.7985
24.7804
24.7624
24.7444
24.7264
24.7086
24.6908
24.6731
24.6555
24.6379
24.6205
24.6032
24.5859
24.5688
24.5517
24.5348
24.518
24.5013
24.4847
24.4683
24.452
24.4359
24.4198
24.404
24.3883
24.3727
24.3573
24.342
24.327
24.312
24.2973
24.2827
24.2684
24.2542
24.2402
24.2263
24.2127
24.1993
24.1861
24.1731
24.1602
24.1476
24.1353
24.1231
24.1112
24.0994
24.0879
24.0767
24.0656
24.0548
24.0443
24.034
24.0239
24.0141
24.0045
23.9951
23.9861
23.9772
23.9687
23.9604
23.9523
23.9445
23.937
23.9298
23.9228
23.9161
23.9097
23.9035
23.8976
23.892
23.8867
23.8816
23.8769
23.8724
23.8682
23.8643
23.8607
23.8573
23.8543
23.8515
23.849
23.8468
23.8449
23.8433
23.842
23.841
23.8403
23.8398
23.8397
