25
24.4915
23.9834
23.4759
22.9695
22.4643
21.9608
21.4594
20.9602
20.4636
19.97
19.4796
18.9927
18.5097
18.0308
17.5563
17.0864
16.6215
16.1617
15.7073
15.2586
14.8157
14.3789
13.9484
13.5243
13.1069
12.6962
12.2925
11.8959
11.5065
11.1244
10.7498
10.3828
10.0233
9.67155
9.32753
8.99132
8.66294
8.34242
8.02978
7.72502
7.42813
7.13911
6.85792
6.58453
6.31891
6.06099
5.81072
5.56803
5.33285
5.1051
4.88469
4.67152
4.46549
4.26651
4.07446
3.88923
3.7107
3.53874
3.37324
3.21407
3.0611
2.9142
2.77323
2.63807
2.50858
2.38462
2.26606
2.15277
2.04461
1.94145
1.84317
1.74963
1.66071
1.57627
1.49621
1.42041
1.34874
1.28109
1.21736
1.15743
1.10122
1.04862
0.999535
0.953884
0.911579
0.872543
0.836701
0.803985
0.774331
0.74768
0.723979
0.703179
0.68524
0.670123
0.657797
0.648237
0.641423
0.63734
0.63598
