25
24.862
24.7241
24.5862
24.4484
24.3108
24.1733
24.036
23.899
23.7623
23.6259
23.4898
23.3541
23.2188
23.084
22.9496
22.8158
22.6825
22.5498
22.4177
22.2863
22.1555
22.0255
21.8962
21.7677
21.64
21.5132
21.3872
21.2621
21.138
21.0149
20.8927
20.7716
20.6516
20.5326
20.4148
20.2981
20.1827
20.0684
19.9554
19.8436
19.7331
19.624
19.5162
19.4098
19.3048
19.2013
19.0992
18.9986
18.8995
18.8019
18.7059
18.6115
18.5186
18.4275
18.3379
18.2501
18.1639
18.0795
17.9968
17.9159
17.8368
17.7594
17.6839
17.6102
17.5384
17.4685
17.4005
17.3343
17.2701
17.2079
17.1476
17.0893
17.033
16.9787
16.9264
16.8761
16.8279
16.7817
16.7376
16.6956
16.6557
16.6179
16.5822
16.5486
16.5171
16.4878
16.4606
16.4356
16.4127
16.392
16.3734
16.357
16.3428
16.3308
16.321
16.3133
16.3078
16.3046
16.3035
