25
24.8506
24.7012
24.5519
24.4027
24.2536
24.1047
23.9561
23.8077
23.6597
23.5119
23.3646
23.2176
23.0711
22.9251
22.7796
22.6346
22.4903
22.3466
22.2036
22.0612
21.9196
21.7788
21.6388
21.4996
21.3614
21.224
21.0876
20.9522
20.8178
20.6844
20.5521
20.421
20.291
20.1622
20.0346
19.9083
19.7832
19.6595
19.5371
19.416
19.2964
19.1783
19.0615
18.9463
18.8326
18.7205
18.6099
18.501
18.3937
18.288
18.184
18.0818
17.9813
17.8826
17.7856
17.6905
17.5972
17.5058
17.4162
17.3286
17.2429
17.1592
17.0774
16.9976
16.9199
16.8441
16.7705
16.6989
16.6294
16.562
16.4967
16.4335
16.3726
16.3137
16.2571
16.2027
16.1505
16.1005
16.0528
16.0073
15.964
15.9231
15.8844
15.8481
15.814
15.7822
15.7528
15.7257
15.7009
15.6785
15.6584
15.6407
15.6253
15.6123
15.6016
15.5933
15.5874
15.5838
15.5826
