25
22.8619
20.7551
18.709
16.7489
14.8956
13.1641
11.5647
10.1023
8.77787
7.5888
6.52979
5.59354
4.77143
4.05406
3.43171
2.89469
2.43361
2.03955
1.70423
1.42004
1.1801
0.97822
0.808934
0.667421
0.549471
0.451433
0.370158
0.302946
0.247494
0.201846
0.164348
0.133606
0.108452
0.0879067
0.0711551
0.0575193
0.0464373
0.0374445
0.0301576
0.0242611
0.0194962
0.0156506
0.0125507
0.0100549
0.00804783
0.00643545
0.00514155
0.00410427
0.00327354
0.00260885
0.00207751
0.00165314
0.00131449
0.00104447
0.000829343
0.000658086
0.000521854
0.000413562
0.00032754
0.000259257
0.000205089
0.000162147
0.000128126
0.000101189
7.9873e-05
6.30154e-05
4.9691e-05
3.9165e-05
3.08542e-05
2.42957e-05
1.91228e-05
1.50446e-05
1.18311e-05
9.30009e-06
7.30756e-06
5.73964e-06
4.50639e-06
3.53678e-06
2.77478e-06
2.17618e-06
1.70614e-06
1.3372e-06
1.04774e-06
8.20736e-07
6.42795e-07
5.0339e-07
3.94249e-07
3.08873e-07
2.42166e-07
1.90136e-07
1.4966e-07
1.18302e-07
9.41707e-08
7.5808e-08
6.21014e-08
5.22193e-08
4.55611e-08
4.17217e-08
4.04673e-08
