25
24.854
24.708
24.5622
24.4164
24.2708
24.1253
23.9801
23.8351
23.6904
23.5461
23.4021
23.2585
23.1154
22.9727
22.8306
22.689
22.548
22.4076
22.2678
22.1287
21.9904
21.8528
21.716
21.5801
21.4449
21.3107
21.1775
21.0451
20.9138
20.7835
20.6543
20.5262
20.3992
20.2733
20.1487
20.0252
19.903
19.7821
19.6625
19.5443
19.4274
19.312
19.1979
19.0853
18.9743
18.8647
18.7567
18.6502
18.5454
18.4421
18.3406
18.2407
18.1425
18.046
17.9513
17.8583
17.7672
17.6779
17.5904
17.5048
17.421
17.3392
17.2593
17.1814
17.1054
17.0314
16.9594
16.8895
16.8216
16.7557
16.6919
16.6302
16.5706
16.5132
16.4578
16.4047
16.3537
16.3048
16.2582
16.2137
16.1715
16.1315
16.0937
16.0582
16.0249
15.9939
15.9651
15.9386
15.9144
15.8925
15.8729
15.8555
15.8405
15.8278
15.8174
15.8093
15.8035
15.8
15.7988
