25
24.9416
24.8832
24.8248
24.7665
24.7082
24.65
24.5919
24.5339
24.476
24.4182
24.3606
24.3032
24.2459
24.1888
24.1319
24.0753
24.0188
23.9626
23.9067
23.8511
23.7957
23.7407
23.6859
23.6315
23.5774
23.5237
23.4704
23.4175
23.3649
23.3128
23.2611
23.2098
23.159
23.1086
23.0587
23.0093
22.9604
22.912
22.8642
22.8169
22.7701
22.7239
22.6783
22.6332
22.5887
22.5449
22.5017
22.4591
22.4171
22.3758
22.3352
22.2952
22.2559
22.2173
22.1794
22.1422
22.1057
22.0699
22.0349
22.0007
21.9672
21.9344
21.9024
21.8712
21.8408
21.8112
21.7824
21.7544
21.7272
21.7009
21.6754
21.6507
21.6268
21.6038
21.5817
21.5604
21.54
21.5204
21.5018
21.484
21.4671
21.4511
21.4359
21.4217
21.4084
21.396
21.3845
21.3739
21.3642
21.3554
21.3475
21.3406
21.3346
21.3295
21.3253
21.3221
21.3198
21.3184
21.3179
