25
24.5403
24.0808
23.6218
23.1635
22.7063
22.2502
21.7957
21.3428
20.8919
20.4432
19.9968
19.5531
19.1123
18.6745
18.24
17.809
17.3817
16.9583
16.539
16.1239
15.7133
15.3072
14.906
14.5097
14.1184
13.7324
13.3518
12.9766
12.6071
12.2433
11.8853
11.5332
11.1871
10.8472
10.5134
10.1858
9.86455
9.54963
9.2411
8.939
8.64335
8.35418
8.0715
7.79532
7.52564
7.26246
7.00577
6.75555
6.51178
6.27444
6.04348
5.81887
5.60056
5.38852
5.18269
4.983
4.78941
4.60185
4.42026
4.24456
4.07468
3.91056
3.75211
3.59925
3.45191
3.31001
3.17346
3.04219
2.91611
2.79513
2.67919
2.56818
2.46204
2.36067
2.26401
2.17197
2.08448
2.00145
1.92282
1.84852
1.77847
1.71261
1.65088
1.59321
1.53954
1.48983
1.44401
1.40205
1.36388
1.32948
1.29881
1.27182
1.2485
1.22881
1.21273
1.20024
1.19133
1.18599
1.18421
