25
24.9754
24.9509
24.9263
24.9018
24.8773
24.8528
24.8284
24.804
24.7796
24.7553
24.7311
24.7069
24.6828
24.6588
24.6349
24.6111
24.5873
24.5637
24.5402
24.5168
24.4935
24.4703
24.4473
24.4244
24.4017
24.3791
24.3567
24.3344
24.3123
24.2904
24.2686
24.2471
24.2257
24.2045
24.1835
24.1627
24.1422
24.1218
24.1017
24.0818
24.0621
24.0427
24.0235
24.0045
23.9859
23.9674
23.9492
23.9313
23.9137
23.8963
23.8792
23.8624
23.8458
23.8296
23.8137
23.798
23.7827
23.7676
23.7529
23.7385
23.7244
23.7106
23.6972
23.6841
23.6713
23.6588
23.6467
23.6349
23.6235
23.6124
23.6017
23.5913
23.5813
23.5716
23.5623
23.5533
23.5447
23.5365
23.5287
23.5212
23.5141
23.5073
23.501
23.495
23.4894
23.4842
23.4793
23.4749
23.4708
23.4671
23.4638
23.4609
23.4584
23.4562
23.4545
23.4531
23.4521
23.4515
23.4514
