25
24.9593
24.9186
24.878
24.8373
24.7968
24.7562
24.7158
24.6753
24.635
24.5948
24.5547
24.5147
24.4748
24.435
24.3954
24.3559
24.3166
24.2775
24.2385
24.1998
24.1612
24.1229
24.0848
24.0469
24.0092
23.9718
23.9347
23.8978
23.8612
23.8249
23.7888
23.7531
23.7177
23.6827
23.6479
23.6135
23.5795
23.5458
23.5124
23.4795
23.4469
23.4147
23.3829
23.3516
23.3206
23.2901
23.2599
23.2303
23.201
23.1723
23.144
23.1161
23.0887
23.0619
23.0355
23.0095
22.9841
22.9592
22.9349
22.911
22.8877
22.8648
22.8426
22.8209
22.7997
22.7791
22.759
22.7395
22.7206
22.7022
22.6844
22.6672
22.6506
22.6346
22.6192
22.6043
22.5901
22.5765
22.5635
22.5511
22.5394
22.5282
22.5177
22.5078
22.4985
22.4898
22.4818
22.4744
22.4677
22.4616
22.4561
22.4513
22.4471
22.4435
22.4406
22.4384
22.4368
22.4358
22.4355
