25
24.7196
24.4393
24.1591
23.8791
23.5995
23.3202
23.0414
22.7631
22.4854
22.2083
21.9321
21.6566
21.3821
21.1085
20.836
20.5646
20.2944
20.0254
19.7578
19.4916
19.2268
18.9636
18.702
18.4421
18.184
17.9276
17.6731
17.4206
17.1701
16.9217
16.6754
16.4313
16.1894
15.9499
15.7128
15.4781
15.2459
15.0163
14.7893
14.5649
14.3433
14.1245
13.9085
13.6954
13.4852
13.2781
13.0739
12.8729
12.6749
12.4802
12.2887
12.1004
11.9155
11.7339
11.5557
11.3809
11.2097
11.0419
10.8777
10.7171
10.5601
10.4068
10.2572
10.1112
9.9691
9.83074
9.69619
9.5655
9.43868
9.31577
9.19678
9.08174
8.97069
8.86363
8.7606
8.66161
8.56668
8.47584
8.38911
8.30649
8.22801
8.15368
8.08352
8.01754
7.95576
7.89818
7.84483
7.7957
7.75081
7.71017
7.67379
7.64167
7.61382
7.59025
7.57096
7.55594
7.54522
7.53879
7.53664
