25
24.9676
24.9353
24.9029
24.8706
24.8384
24.8061
24.7739
24.7418
24.7097
24.6777
24.6458
24.614
24.5823
24.5506
24.5191
24.4877
24.4565
24.4253
24.3944
24.3635
24.3329
24.3024
24.2721
24.2419
24.212
24.1822
24.1527
24.1233
24.0942
24.0654
24.0367
24.0083
23.9801
23.9522
23.9246
23.8972
23.8702
23.8434
23.8169
23.7906
23.7647
23.7391
23.7139
23.6889
23.6643
23.64
23.616
23.5924
23.5692
23.5463
23.5238
23.5016
23.4799
23.4585
23.4375
23.4169
23.3967
23.3769
23.3575
23.3385
23.3199
23.3018
23.2841
23.2668
23.25
23.2336
23.2176
23.2021
23.187
23.1724
23.1583
23.1446
23.1314
23.1187
23.1064
23.0946
23.0833
23.0725
23.0621
23.0523
23.0429
23.034
23.0257
23.0178
23.0104
23.0035
22.9971
22.9913
22.9859
22.9811
22.9767
22.9729
22.9695
22.9667
22.9644
22.9626
22.9613
22.9605
22.9603
