25
24.9315
24.863
24.7945
24.7261
24.6578
24.5896
24.5214
24.4534
24.3855
24.3178
24.2502
24.1828
24.1157
24.0487
23.982
23.9156
23.8494
23.7835
23.7179
23.6527
23.5878
23.5232
23.459
23.3952
23.3318
23.2688
23.2063
23.1442
23.0826
23.0214
22.9608
22.9007
22.8411
22.782
22.7235
22.6656
22.6083
22.5515
22.4954
22.4399
22.3851
22.3309
22.2774
22.2245
22.1724
22.121
22.0703
22.0203
21.9711
21.9227
21.875
21.8281
21.7821
21.7368
21.6923
21.6487
21.6059
21.564
21.523
21.4828
21.4435
21.4051
21.3676
21.331
21.2953
21.2606
21.2268
21.194
21.1621
21.1312
21.1013
21.0723
21.0444
21.0174
20.9914
20.9665
20.9425
20.9196
20.8977
20.8769
20.857
20.8383
20.8205
20.8039
20.7882
20.7737
20.7602
20.7477
20.7364
20.7261
20.7169
20.7087
20.7017
20.6957
20.6908
20.687
20.6843
20.6827
20.6821
