25
24.9462
24.8925
24.8387
24.7851
24.7314
24.6779
24.6244
24.571
24.5177
24.4645
24.4115
24.3586
24.3059
24.2534
24.201
24.1489
24.0969
24.0452
23.9938
23.9425
23.8916
23.8409
23.7905
23.7405
23.6907
23.6413
23.5922
23.5434
23.4951
23.4471
23.3995
23.3523
23.3055
23.2592
23.2133
23.1678
23.1228
23.0783
23.0342
22.9907
22.9476
22.9051
22.8631
22.8216
22.7807
22.7404
22.7006
22.6614
22.6227
22.5847
22.5473
22.5105
22.4743
22.4388
22.4039
22.3697
22.3361
22.3032
22.271
22.2394
22.2086
22.1785
22.149
22.1203
22.0923
22.0651
22.0386
22.0128
21.9878
21.9635
21.94
21.9173
21.8954
21.8742
21.8538
21.8342
21.8154
21.7974
21.7803
21.7639
21.7483
21.7336
21.7197
21.7066
21.6943
21.6829
21.6723
21.6625
21.6536
21.6455
21.6383
21.6319
21.6264
21.6217
21.6179
21.6149
21.6128
21.6115
21.6111
