25
24.783
24.5662
24.3494
24.1327
23.9163
23.7002
23.4844
23.269
23.054
22.8396
22.6256
22.4123
22.1997
21.9877
21.7765
21.5662
21.3567
21.1481
20.9405
20.7339
20.5285
20.3241
20.121
19.9191
19.7184
19.5191
19.3212
19.1248
18.9298
18.7364
18.5446
18.3544
18.1659
17.9791
17.7941
17.6109
17.4296
17.2502
17.0728
16.8974
16.724
16.5527
16.3836
16.2166
16.0519
15.8894
15.7292
15.5714
15.416
15.2629
15.1124
14.9643
14.8188
14.6758
14.5354
14.3977
14.2627
14.1303
14.0007
13.8739
13.7499
13.6287
13.5104
13.395
13.2825
13.1729
13.0663
12.9628
12.8622
12.7647
12.6703
12.579
12.4908
12.4058
12.3239
12.2452
12.1697
12.0975
12.0285
11.9627
11.9002
11.841
11.7851
11.7326
11.6833
11.6374
11.5949
11.5557
11.5199
11.4875
11.4585
11.4328
11.4106
11.3918
11.3764
11.3644
11.3559
11.3507
11.349
