25
24.9685
24.937
24.9055
24.874
24.8426
24.8112
24.7798
24.7486
24.7173
24.6862
24.6551
24.6241
24.5932
24.5624
24.5317
24.5012
24.4707
24.4404
24.4102
24.3802
24.3504
24.3207
24.2911
24.2618
24.2326
24.2036
24.1749
24.1463
24.118
24.0898
24.0619
24.0343
24.0069
23.9797
23.9528
23.9261
23.8998
23.8737
23.8478
23.8223
23.7971
23.7722
23.7475
23.7232
23.6993
23.6756
23.6523
23.6293
23.6067
23.5844
23.5625
23.5409
23.5197
23.4989
23.4784
23.4584
23.4387
23.4194
23.4005
23.382
23.364
23.3463
23.329
23.3122
23.2958
23.2798
23.2643
23.2492
23.2345
23.2203
23.2065
23.1932
23.1804
23.168
23.156
23.1445
23.1335
23.123
23.1129
23.1033
23.0942
23.0855
23.0774
23.0697
23.0625
23.0558
23.0496
23.0439
23.0387
23.0339
23.0297
23.026
23.0227
23.02
23.0177
23.016
23.0147
23.014
23.0137
