25
24.9556
24.9113
24.867
24.8227
24.7784
24.7343
24.6901
24.6461
24.6021
24.5583
24.5145
24.4709
24.4274
24.3841
24.3409
24.2979
24.255
24.2124
24.1699
24.1277
24.0856
24.0438
24.0023
23.961
23.9199
23.8792
23.8387
23.7985
23.7586
23.719
23.6797
23.6408
23.6022
23.564
23.5261
23.4886
23.4515
23.4147
23.3784
23.3425
23.3069
23.2719
23.2372
23.203
23.1693
23.136
23.1031
23.0708
23.0389
23.0076
22.9767
22.9464
22.9165
22.8872
22.8584
22.8302
22.8025
22.7754
22.7488
22.7228
22.6973
22.6725
22.6482
22.6245
22.6014
22.5789
22.5571
22.5358
22.5152
22.4951
22.4758
22.457
22.4389
22.4214
22.4046
22.3885
22.373
22.3581
22.344
22.3305
22.3176
22.3055
22.294
22.2832
22.2731
22.2636
22.2549
22.2469
22.2395
22.2328
22.2269
22.2216
22.217
22.2132
22.21
22.2075
22.2058
22.2047
22.2044
