25
24.7672
24.5344
24.3018
24.0693
23.8371
23.6051
23.3736
23.1424
22.9117
22.6816
22.452
22.2231
21.9949
21.7675
21.5409
21.3152
21.0904
20.8667
20.644
20.4224
20.2019
19.9827
19.7648
19.5482
19.333
19.1193
18.9071
18.6964
18.4873
18.2799
18.0742
17.8702
17.6681
17.4678
17.2695
17.0731
16.8788
16.6865
16.4963
16.3083
16.1225
15.9389
15.7577
15.5788
15.4023
15.2282
15.0566
14.8875
14.721
14.5571
14.3958
14.2372
14.0813
13.9282
13.7779
13.6305
13.4859
13.3442
13.2054
13.0696
12.9369
12.8072
12.6805
12.557
12.4366
12.3193
12.2053
12.0944
11.9869
11.8825
11.7815
11.6838
11.5895
11.4985
11.4109
11.3268
11.246
11.1687
11.0949
11.0246
10.9577
10.8944
10.8347
10.7785
10.7258
10.6767
10.6312
10.5893
10.5511
10.5164
10.4854
10.458
10.4342
10.4141
10.3976
10.3848
10.3756
10.3702
10.3683
