25
24.7624
24.5249
24.2875
24.0502
23.8132
23.5766
23.3402
23.1044
22.869
22.6341
22.3999
22.1663
21.9334
21.7014
21.4701
21.2398
21.0105
20.7821
20.5549
20.3288
20.1039
19.8802
19.6579
19.4369
19.2174
18.9993
18.7828
18.5678
18.3545
18.1429
17.933
17.725
17.5188
17.3145
17.1122
16.9119
16.7136
16.5175
16.3235
16.1318
15.9422
15.755
15.5702
15.3877
15.2077
15.0302
14.8552
14.6827
14.5129
14.3458
14.1813
14.0196
13.8607
13.7046
13.5513
13.401
13.2535
13.1091
12.9676
12.8292
12.6939
12.5616
12.4325
12.3066
12.1838
12.0643
11.9481
11.8351
11.7254
11.6191
11.5161
11.4166
11.3204
11.2277
11.1384
11.0526
10.9704
10.8916
10.8164
10.7447
10.6766
10.6121
10.5512
10.4939
10.4402
10.3902
10.3438
10.3011
10.2621
10.2268
10.1952
10.1673
10.1431
10.1226
10.1058
10.0927
10.0834
10.0778
10.0759
