25
24.7852
24.5705
24.3559
24.1414
23.9272
23.7132
23.4996
23.2863
23.0735
22.8612
22.6494
22.4382
22.2277
22.0178
21.8087
21.6005
21.3931
21.1866
20.981
20.7765
20.5731
20.3708
20.1697
19.9698
19.7711
19.5738
19.3779
19.1834
18.9904
18.7989
18.6089
18.4206
18.234
18.0491
17.8659
17.6845
17.505
17.3274
17.1517
16.978
16.8064
16.6368
16.4693
16.304
16.1409
15.98
15.8214
15.6651
15.5112
15.3597
15.2106
15.064
14.9199
14.7783
14.6393
14.5029
14.3692
14.2382
14.1098
13.9842
13.8614
13.7414
13.6243
13.51
13.3985
13.2901
13.1845
13.0819
12.9824
12.8858
12.7923
12.7019
12.6146
12.5304
12.4493
12.3714
12.2966
12.225
12.1567
12.0916
12.0297
11.9711
11.9157
11.8637
11.8149
11.7694
11.7273
11.6885
11.6531
11.6209
11.5922
11.5668
11.5448
11.5262
11.5109
11.4991
11.4906
11.4855
11.4838
