25
24.9124
24.8249
24.7374
24.6499
24.5626
24.4753
24.3882
24.3012
24.2145
24.1279
24.0415
23.9554
23.8695
23.784
23.6987
23.6137
23.5291
23.4449
23.3611
23.2777
23.1947
23.1122
23.0301
22.9485
22.8675
22.787
22.707
22.6277
22.5489
22.4707
22.3932
22.3163
22.2402
22.1647
22.0899
22.0158
21.9425
21.87
21.7983
21.7273
21.6572
21.588
21.5196
21.452
21.3854
21.3196
21.2548
21.191
21.1281
21.0662
21.0052
20.9453
20.8864
20.8285
20.7717
20.7159
20.6612
20.6077
20.5552
20.5038
20.4536
20.4045
20.3566
20.3098
20.2642
20.2198
20.1766
20.1347
20.0939
20.0544
20.0161
19.9791
19.9434
19.9089
19.8757
19.8438
19.8132
19.7839
19.7559
19.7292
19.7039
19.6799
19.6572
19.6359
19.6159
19.5973
19.5801
19.5642
19.5497
19.5365
19.5247
19.5143
19.5053
19.4977
19.4914
19.4866
19.4831
19.481
19.4803
