25
24.9115
24.8231
24.7347
24.6464
24.5582
24.4701
24.3821
24.2943
24.2066
24.1192
24.0319
23.9449
23.8582
23.7718
23.6857
23.5999
23.5144
23.4294
23.3447
23.2604
23.1766
23.0933
23.0104
22.928
22.8462
22.7649
22.6841
22.6039
22.5244
22.4454
22.3671
22.2895
22.2125
22.1363
22.0608
21.986
21.9119
21.8387
21.7662
21.6946
21.6238
21.5538
21.4847
21.4165
21.3492
21.2828
21.2174
21.1529
21.0893
21.0268
20.9653
20.9047
20.8452
20.7868
20.7294
20.6731
20.6178
20.5637
20.5107
20.4588
20.4081
20.3585
20.3101
20.2629
20.2168
20.172
20.1284
20.086
20.0448
20.0049
19.9663
19.9289
19.8928
19.858
19.8244
19.7922
19.7613
19.7317
19.7034
19.6765
19.6509
19.6267
19.6038
19.5822
19.5621
19.5433
19.5258
19.5098
19.4951
19.4818
19.47
19.4595
19.4503
19.4426
19.4363
19.4314
19.4279
19.4258
19.4251
