25
24.9749
24.9499
24.9248
24.8998
24.8748
24.8498
24.8249
24.8
24.7752
24.7504
24.7257
24.701
24.6764
24.652
24.6275
24.6032
24.579
24.5549
24.5309
24.5071
24.4833
24.4597
24.4362
24.4129
24.3897
24.3666
24.3437
24.321
24.2985
24.2761
24.2539
24.2319
24.2101
24.1885
24.1671
24.1459
24.1249
24.1042
24.0836
24.0633
24.0433
24.0234
24.0039
23.9845
23.9655
23.9466
23.9281
23.9098
23.8918
23.8741
23.8567
23.8395
23.8226
23.8061
23.7898
23.7738
23.7582
23.7429
23.7278
23.7131
23.6988
23.6847
23.671
23.6576
23.6446
23.6319
23.6195
23.6075
23.5958
23.5845
23.5736
23.563
23.5527
23.5429
23.5334
23.5242
23.5155
23.5071
23.4991
23.4915
23.4842
23.4773
23.4708
23.4647
23.459
23.4537
23.4488
23.4442
23.4401
23.4363
23.4329
23.4299
23.4274
23.4252
23.4234
23.422
23.421
23.4204
23.4202
