25
24.9092
24.8184
24.7276
24.6369
24.5463
24.4558
24.3655
24.2753
24.1853
24.0955
24.0059
23.9166
23.8275
23.7387
23.6503
23.5622
23.4745
23.3871
23.3002
23.2136
23.1276
23.042
22.9569
22.8723
22.7882
22.7047
22.6218
22.5395
22.4578
22.3767
22.2963
22.2166
22.1376
22.0593
21.9817
21.9049
21.8289
21.7536
21.6792
21.6057
21.533
21.4611
21.3902
21.3201
21.251
21.1828
21.1156
21.0494
20.9841
20.9199
20.8567
20.7946
20.7334
20.6734
20.6145
20.5567
20.4999
20.4444
20.3899
20.3367
20.2846
20.2336
20.1839
20.1354
20.0881
20.0421
19.9973
19.9538
19.9115
19.8705
19.8309
19.7925
19.7554
19.7196
19.6852
19.6521
19.6204
19.59
19.561
19.5333
19.507
19.4821
19.4586
19.4365
19.4158
19.3965
19.3786
19.3621
19.347
19.3334
19.3212
19.3104
19.301
19.2931
19.2866
19.2816
19.278
19.2758
19.2751
