25
24.9618
24.9236
24.8854
24.8473
24.8092
24.7711
24.7331
24.6952
24.6573
24.6196
24.5819
24.5443
24.5069
24.4695
24.4323
24.3953
24.3584
24.3216
24.2851
24.2487
24.2125
24.1765
24.1407
24.1051
24.0697
24.0346
23.9998
23.9651
23.9308
23.8967
23.8629
23.8293
23.7961
23.7632
23.7305
23.6982
23.6663
23.6346
23.6033
23.5724
23.5418
23.5116
23.4817
23.4523
23.4232
23.3945
23.3663
23.3384
23.311
23.284
23.2574
23.2312
23.2055
23.1803
23.1555
23.1312
23.1073
23.0839
23.061
23.0386
23.0167
22.9953
22.9744
22.954
22.9341
22.9148
22.8959
22.8776
22.8598
22.8426
22.8259
22.8098
22.7942
22.7791
22.7646
22.7507
22.7374
22.7246
22.7124
22.7008
22.6897
22.6792
22.6693
22.66
22.6513
22.6432
22.6357
22.6287
22.6224
22.6167
22.6115
22.607
22.6031
22.5997
22.597
22.5949
22.5934
22.5925
22.5922
