25
24.8031
24.6062
24.4095
24.2128
24.0164
23.8203
23.6244
23.4289
23.2337
23.0391
22.8449
22.6512
22.4582
22.2658
22.0741
21.8831
21.6929
21.5036
21.3151
21.1276
20.9411
20.7555
20.5711
20.3877
20.2056
20.0246
19.8449
19.6665
19.4895
19.3138
19.1396
18.9669
18.7957
18.626
18.458
18.2916
18.1269
17.9639
17.8027
17.6434
17.4859
17.3303
17.1766
17.0249
16.8752
16.7275
16.582
16.4386
16.2973
16.1582
16.0214
15.8868
15.7545
15.6245
15.4969
15.3717
15.2489
15.1286
15.0108
14.8955
14.7827
14.6725
14.5649
14.46
14.3576
14.258
14.1611
14.0669
13.9754
13.8867
13.8009
13.7178
13.6376
13.5602
13.4857
13.4142
13.3455
13.2797
13.2169
13.1571
13.1003
13.0464
12.9955
12.9477
12.9029
12.8611
12.8224
12.7868
12.7542
12.7247
12.6983
12.675
12.6547
12.6376
12.6236
12.6127
12.6049
12.6002
12.5987
