25
24.7559
24.5118
24.2679
24.0241
23.7806
23.5374
23.2946
23.0522
22.8104
22.5691
22.3284
22.0884
21.8492
21.6107
21.3732
21.1366
20.9009
20.6664
20.4329
20.2006
19.9696
19.7399
19.5115
19.2845
19.059
18.835
18.6126
18.3918
18.1727
17.9554
17.7399
17.5262
17.3145
17.1047
16.897
16.6913
16.4877
16.2863
16.0872
15.8903
15.6957
15.5035
15.3138
15.1265
14.9417
14.7595
14.5798
14.4029
14.2286
14.0571
13.8883
13.7223
13.5592
13.3991
13.2418
13.0875
12.9363
12.7881
12.6429
12.5009
12.3621
12.2264
12.094
11.9648
11.8389
11.7163
11.5971
11.4812
11.3687
11.2597
11.1541
11.052
10.9534
10.8583
10.7668
10.6788
10.5944
10.5137
10.4365
10.3631
10.2932
10.2271
10.1647
10.1059
10.0509
9.99964
9.95212
9.90836
9.86837
9.83216
9.79974
9.77112
9.7463
9.72529
9.70809
9.69471
9.68515
9.67941
9.6775
