25
24.6149
24.2299
23.8453
23.4611
23.0774
22.6945
22.3125
21.9315
21.5517
21.1732
20.7962
20.4208
20.0471
19.6752
19.3054
18.9377
18.5722
18.2092
17.8487
17.4908
17.1357
16.7834
16.4342
16.088
15.7451
15.4055
15.0693
14.7366
14.4076
14.0823
13.7607
13.4431
13.1294
12.8198
12.5143
12.213
11.916
11.6233
11.335
11.0511
10.7718
10.497
10.2268
9.9613
9.70048
9.4444
9.19308
8.94658
8.7049
8.46808
8.23615
8.00911
7.787
7.56983
7.3576
7.15033
6.94803
6.7507
6.55835
6.37097
6.18857
6.01115
5.83869
5.67119
5.50866
5.35106
5.19841
5.05068
4.90787
4.76995
4.63692
4.50876
4.38546
4.26699
4.15335
4.04451
3.94046
3.84118
3.74666
3.65688
3.57181
3.49145
3.41578
3.34479
3.27845
3.21675
3.15968
3.10723
3.05938
3.01613
2.97745
2.94335
2.91382
2.88884
2.86841
2.85253
2.84118
2.83438
2.83211
