25
24.8511
24.7022
24.5533
24.4046
24.2561
24.1077
23.9596
23.8117
23.6641
23.5168
23.37
23.2235
23.0775
22.932
22.7869
22.6425
22.4986
22.3554
22.2128
22.071
21.9298
21.7895
21.65
21.5113
21.3734
21.2365
21.1006
20.9656
20.8316
20.6987
20.5669
20.4362
20.3066
20.1782
20.0511
19.9251
19.8005
19.6772
19.5552
19.4346
19.3153
19.1975
19.0812
18.9664
18.8531
18.7413
18.6311
18.5225
18.4155
18.3102
18.2066
18.1047
18.0046
17.9061
17.8095
17.7147
17.6217
17.5306
17.4414
17.354
17.2686
17.1852
17.1037
17.0241
16.9466
16.8712
16.7977
16.7264
16.6571
16.5899
16.5248
16.4619
16.4011
16.3425
16.2861
16.2318
16.1798
16.13
16.0824
16.0371
15.994
15.9532
15.9146
15.8784
15.8444
15.8128
15.7834
15.7564
15.7317
15.7094
15.6893
15.6717
15.6563
15.6434
15.6327
15.6245
15.6186
15.615
15.6138
