25
24.9528
24.9055
24.8583
24.8112
24.764
24.717
24.67
24.6231
24.5762
24.5295
24.483
24.4365
24.3902
24.344
24.298
24.2522
24.2066
24.1611
24.1159
24.0709
24.0261
23.9816
23.9374
23.8934
23.8496
23.8062
23.7631
23.7203
23.6778
23.6356
23.5938
23.5523
23.5112
23.4705
23.4302
23.3902
23.3507
23.3115
23.2728
23.2346
23.1968
23.1594
23.1225
23.0861
23.0501
23.0147
22.9797
22.9453
22.9113
22.8779
22.845
22.8127
22.7809
22.7497
22.7191
22.689
22.6595
22.6306
22.6023
22.5746
22.5475
22.521
22.4951
22.4699
22.4453
22.4214
22.3981
22.3754
22.3534
22.3321
22.3115
22.2915
22.2722
22.2536
22.2357
22.2185
22.202
22.1862
22.1711
22.1567
22.1431
22.1301
22.1179
22.1064
22.0956
22.0856
22.0763
22.0677
22.0598
22.0528
22.0464
22.0408
22.0359
22.0318
22.0284
22.0258
22.0239
22.0228
22.0224
