25
24.9488
24.8977
24.8466
24.7955
24.7445
24.6935
24.6426
24.5918
24.5411
24.4905
24.4401
24.3898
24.3396
24.2896
24.2398
24.1902
24.1408
24.0916
24.0426
23.9939
23.9454
23.8972
23.8493
23.8016
23.7543
23.7072
23.6605
23.6142
23.5682
23.5225
23.4772
23.4323
23.3878
23.3437
23.3
23.2568
23.2139
23.1716
23.1297
23.0882
23.0473
23.0068
22.9669
22.9274
22.8885
22.8501
22.8122
22.7749
22.7382
22.702
22.6664
22.6314
22.597
22.5632
22.53
22.4974
22.4655
22.4342
22.4035
22.3735
22.3441
22.3155
22.2875
22.2602
22.2335
22.2076
22.1824
22.1579
22.134
22.111
22.0886
22.067
22.0461
22.026
22.0066
21.9879
21.9701
21.953
21.9366
21.921
21.9062
21.8922
21.879
21.8665
21.8548
21.844
21.8339
21.8246
21.8161
21.8084
21.8016
21.7955
21.7902
21.7858
21.7821
21.7793
21.7772
21.776
21.7756
