25
24.8942
24.7884
24.6827
24.577
24.4715
24.3661
24.2608
24.1558
24.0509
23.9463
23.8419
23.7379
23.6341
23.5307
23.4277
23.3251
23.2229
23.1211
23.0198
22.919
22.8188
22.7191
22.6199
22.5214
22.4235
22.3262
22.2296
22.1337
22.0385
21.9441
21.8504
21.7576
21.6655
21.5743
21.4839
21.3945
21.3059
21.2183
21.1316
21.0459
20.9612
20.8775
20.7949
20.7133
20.6327
20.5533
20.475
20.3979
20.3219
20.2471
20.1734
20.101
20.0298
19.9599
19.8913
19.8239
19.7578
19.6931
19.6297
19.5676
19.5069
19.4476
19.3897
19.3332
19.2781
19.2245
19.1723
19.1216
19.0724
19.0246
18.9784
18.9337
18.8905
18.8488
18.8087
18.7702
18.7332
18.6978
18.664
18.6318
18.6012
18.5722
18.5448
18.519
18.4949
18.4724
18.4515
18.4323
18.4148
18.3989
18.3847
18.3721
18.3612
18.352
18.3445
18.3386
18.3344
18.3319
18.331
