25
24.8133
24.6267
24.4401
24.2537
24.0675
23.8815
23.6958
23.5104
23.3254
23.1408
22.9567
22.7731
22.5901
22.4077
22.2259
22.0448
21.8645
21.685
21.5063
21.3285
21.1516
20.9757
20.8008
20.627
20.4542
20.2826
20.1123
19.9431
19.7752
19.6086
19.4434
19.2796
19.1173
18.9564
18.797
18.6393
18.4831
18.3285
18.1757
18.0245
17.8752
17.7276
17.5818
17.438
17.296
17.156
17.0179
16.8819
16.7479
16.616
16.4861
16.3585
16.233
16.1097
15.9887
15.87
15.7535
15.6394
15.5276
15.4182
15.3112
15.2067
15.1046
15.005
14.908
14.8135
14.7215
14.6321
14.5454
14.4613
14.3798
14.301
14.2249
14.1515
14.0808
14.0129
13.9477
13.8854
13.8258
13.769
13.7151
13.664
13.6157
13.5703
13.5278
13.4882
13.4514
13.4176
13.3867
13.3587
13.3337
13.3115
13.2923
13.2761
13.2628
13.2524
13.245
13.2406
13.2391
