25
24.7525
24.5051
24.2578
24.0107
23.7639
23.5174
23.2712
23.0255
22.7803
22.5357
22.2918
22.0485
21.806
21.5643
21.3235
21.0837
20.8449
20.6071
20.3705
20.135
19.9009
19.668
19.4365
19.2065
18.9779
18.7509
18.5255
18.3017
18.0797
17.8595
17.6411
17.4246
17.21
16.9974
16.7869
16.5785
16.3722
16.1681
15.9663
15.7669
15.5697
15.375
15.1827
14.993
14.8058
14.6212
14.4392
14.2599
14.0834
13.9096
13.7386
13.5705
13.4053
13.2431
13.0838
12.9275
12.7743
12.6242
12.4772
12.3334
12.1928
12.0554
11.9213
11.7904
11.663
11.5388
11.4181
11.3007
11.1869
11.0764
10.9695
10.8661
10.7663
10.67
10.5774
10.4883
10.4029
10.3211
10.243
10.1686
10.0979
10.031
9.96773
9.90827
9.85258
9.80068
9.75257
9.70827
9.66779
9.63113
9.59832
9.56934
9.54421
9.52294
9.50553
9.49199
9.48231
9.4765
9.47457
