25
24.898
24.796
24.6941
24.5922
24.4904
24.3888
24.2873
24.186
24.0849
23.9841
23.8835
23.7831
23.6831
23.5834
23.4841
23.3851
23.2866
23.1885
23.0908
22.9936
22.897
22.8008
22.7052
22.6102
22.5158
22.422
22.3289
22.2364
22.1447
22.0536
21.9633
21.8738
21.785
21.6971
21.61
21.5237
21.4383
21.3538
21.2703
21.1876
21.106
21.0253
20.9456
20.8669
20.7893
20.7127
20.6372
20.5628
20.4896
20.4174
20.3464
20.2766
20.208
20.1406
20.0744
20.0094
19.9457
19.8833
19.8222
19.7623
19.7038
19.6466
19.5908
19.5363
19.4832
19.4315
19.3812
19.3323
19.2848
19.2388
19.1942
19.1511
19.1095
19.0693
19.0307
18.9935
18.9578
18.9237
18.8911
18.86
18.8305
18.8026
18.7762
18.7513
18.7281
18.7064
18.6863
18.6678
18.6508
18.6355
18.6218
18.6097
18.5992
18.5903
18.583
18.5774
18.5733
18.5709
18.5701
