25
24.8847
24.7693
24.6541
24.5389
24.4239
24.3089
24.1942
24.0797
23.9654
23.8513
23.7376
23.6241
23.5111
23.3983
23.286
23.1742
23.0627
22.9518
22.8414
22.7315
22.6222
22.5135
22.4054
22.298
22.1913
22.0853
21.9799
21.8754
21.7717
21.6687
21.5666
21.4654
21.365
21.2656
21.1671
21.0696
20.973
20.8775
20.783
20.6896
20.5973
20.506
20.4159
20.327
20.2392
20.1526
20.0673
19.9832
19.9003
19.8188
19.7385
19.6596
19.582
19.5058
19.4309
19.3575
19.2855
19.2149
19.1457
19.0781
19.0119
18.9473
18.8842
18.8226
18.7625
18.7041
18.6472
18.5919
18.5382
18.4862
18.4358
18.3871
18.34
18.2946
18.2509
18.2088
18.1685
18.1299
18.0931
18.058
18.0246
17.993
17.9631
17.935
17.9087
17.8842
17.8615
17.8406
17.8214
17.8041
17.7886
17.7749
17.763
17.753
17.7447
17.7383
17.7338
17.731
17.7301
