25
24.9601
24.9202
24.8804
24.8406
24.8008
24.761
24.7214
24.6817
24.6422
24.6028
24.5635
24.5242
24.4851
24.4461
24.4073
24.3686
24.3301
24.2917
24.2535
24.2156
24.1778
24.1402
24.1028
24.0656
24.0287
23.9921
23.9557
23.9195
23.8836
23.848
23.8127
23.7777
23.743
23.7086
23.6746
23.6408
23.6075
23.5744
23.5418
23.5094
23.4775
23.446
23.4148
23.384
23.3537
23.3238
23.2942
23.2652
23.2365
23.2083
23.1806
23.1533
23.1264
23.1001
23.0742
23.0488
23.0239
22.9995
22.9756
22.9522
22.9293
22.9069
22.8851
22.8638
22.8431
22.8228
22.8032
22.784
22.7655
22.7475
22.7301
22.7132
22.6969
22.6812
22.6661
22.6516
22.6376
22.6243
22.6115
22.5994
22.5879
22.5769
22.5666
22.5569
22.5478
22.5393
22.5315
22.5242
22.5176
22.5116
22.5063
22.5015
22.4974
22.4939
22.4911
22.4889
22.4873
22.4863
22.486
