25
24.9689
24.9378
24.9067
24.8757
24.8447
24.8137
24.7827
24.7519
24.7211
24.6903
24.6596
24.6291
24.5986
24.5682
24.5379
24.5077
24.4777
24.4478
24.418
24.3884
24.3589
24.3296
24.3005
24.2715
24.2427
24.2141
24.1858
24.1576
24.1296
24.1018
24.0743
24.047
24.02
23.9931
23.9666
23.9403
23.9143
23.8885
23.863
23.8379
23.813
23.7884
23.7641
23.7401
23.7164
23.6931
23.6701
23.6474
23.6251
23.6031
23.5814
23.5601
23.5392
23.5187
23.4985
23.4787
23.4593
23.4402
23.4216
23.4034
23.3855
23.3681
23.3511
23.3345
23.3183
23.3025
23.2872
23.2723
23.2578
23.2438
23.2302
23.217
23.2044
23.1921
23.1803
23.169
23.1581
23.1477
23.1378
23.1283
23.1193
23.1108
23.1027
23.0952
23.0881
23.0815
23.0753
23.0697
23.0645
23.0599
23.0557
23.052
23.0488
23.0461
23.0439
23.0421
23.0409
23.0402
23.0399
