25
24.9545
24.9089
24.8634
24.8179
24.7725
24.7271
24.6818
24.6366
24.5914
24.5464
24.5015
24.4567
24.412
24.3675
24.3232
24.279
24.235
24.1912
24.1476
24.1042
24.061
24.0181
23.9754
23.933
23.8909
23.849
23.8074
23.7661
23.7252
23.6845
23.6442
23.6042
23.5646
23.5253
23.4864
23.4479
23.4098
23.3721
23.3348
23.2979
23.2614
23.2254
23.1898
23.1547
23.12
23.0858
23.0521
23.0189
22.9862
22.954
22.9223
22.8911
22.8605
22.8304
22.8008
22.7718
22.7434
22.7155
22.6882
22.6615
22.6354
22.6098
22.5849
22.5606
22.5369
22.5138
22.4913
22.4695
22.4483
22.4278
22.4079
22.3886
22.37
22.3521
22.3348
22.3182
22.3023
22.2871
22.2725
22.2586
22.2455
22.233
22.2212
22.2101
22.1997
22.19
22.1811
22.1728
22.1652
22.1584
22.1523
22.1469
22.1422
22.1382
22.135
22.1324
22.1306
22.1295
22.1292
