25
24.9598
24.9197
24.8796
24.8395
24.7994
24.7594
24.7195
24.6796
24.6398
24.6001
24.5605
24.5211
24.4817
24.4425
24.4034
24.3644
24.3256
24.287
24.2486
24.2103
24.1723
24.1344
24.0968
24.0594
24.0223
23.9854
23.9487
23.9123
23.8762
23.8404
23.8048
23.7696
23.7346
23.7
23.6657
23.6318
23.5982
23.5649
23.532
23.4995
23.4674
23.4356
23.4043
23.3733
23.3427
23.3126
23.2829
23.2536
23.2248
23.1964
23.1684
23.141
23.1139
23.0874
23.0614
23.0358
23.0107
22.9862
22.9621
22.9385
22.9155
22.893
22.871
22.8496
22.8287
22.8083
22.7885
22.7693
22.7506
22.7325
22.7149
22.698
22.6816
22.6658
22.6506
22.6359
22.6219
22.6085
22.5956
22.5834
22.5718
22.5608
22.5504
22.5406
22.5315
22.5229
22.515
22.5077
22.5011
22.495
22.4896
22.4849
22.4807
22.4772
22.4744
22.4722
22.4706
22.4696
22.4693
