25
24.9808
24.9616
24.9424
24.9232
24.904
24.8848
24.8657
24.8466
24.8276
24.8086
24.7896
24.7707
24.7519
24.7331
24.7144
24.6957
24.6772
24.6587
24.6403
24.622
24.6038
24.5857
24.5676
24.5497
24.532
24.5143
24.4967
24.4793
24.462
24.4449
24.4279
24.411
24.3943
24.3777
24.3613
24.345
24.3289
24.313
24.2973
24.2817
24.2663
24.2511
24.2361
24.2213
24.2067
24.1922
24.178
24.164
24.1502
24.1366
24.1232
24.1101
24.0971
24.0844
24.072
24.0597
24.0477
24.036
24.0244
24.0132
24.0022
23.9914
23.9809
23.9706
23.9606
23.9508
23.9414
23.9322
23.9232
23.9145
23.9061
23.898
23.8902
23.8826
23.8753
23.8683
23.8616
23.8552
23.849
23.8432
23.8376
23.8323
23.8274
23.8227
23.8183
23.8142
23.8104
23.8069
23.8038
23.8009
23.7983
23.796
23.794
23.7924
23.791
23.7899
23.7892
23.7887
23.7885
