25
24.9709
24.9418
24.9127
24.8837
24.8546
24.8256
24.7967
24.7678
24.739
24.7102
24.6815
24.6529
24.6243
24.5959
24.5676
24.5393
24.5112
24.4832
24.4554
24.4277
24.4001
24.3727
24.3454
24.3183
24.2914
24.2646
24.238
24.2117
24.1855
24.1595
24.1338
24.1082
24.0829
24.0578
24.033
24.0083
23.984
23.9599
23.936
23.9125
23.8892
23.8662
23.8434
23.821
23.7988
23.777
23.7555
23.7342
23.7133
23.6928
23.6725
23.6526
23.633
23.6138
23.5949
23.5764
23.5582
23.5404
23.523
23.5059
23.4892
23.4729
23.457
23.4414
23.4263
23.4115
23.3972
23.3832
23.3697
23.3565
23.3438
23.3315
23.3197
23.3082
23.2972
23.2866
23.2764
23.2667
23.2574
23.2485
23.2401
23.2321
23.2246
23.2175
23.2108
23.2047
23.1989
23.1936
23.1888
23.1844
23.1805
23.1771
23.1741
23.1715
23.1695
23.1679
23.1667
23.166
23.1658
