25
24.6089
24.218
23.8275
23.4373
23.0478
22.6591
22.2712
21.8845
21.499
21.1148
20.7322
20.3512
19.972
19.5948
19.2196
18.8467
18.4762
18.1081
17.7426
17.3799
17.0201
16.6633
16.3096
15.9591
15.6119
15.2682
14.928
14.5915
14.2588
13.9299
13.6049
13.284
12.9672
12.6545
12.3461
12.0421
11.7425
11.4473
11.1567
10.8707
10.5893
10.3126
10.0407
9.77355
9.51123
9.25377
9.00121
8.75358
8.51089
8.27319
8.04048
7.81279
7.59012
7.3725
7.15992
6.95239
6.74993
6.55252
6.36018
6.17289
5.99065
5.81345
5.64129
5.47415
5.31202
5.1549
5.00275
4.85558
4.71335
4.57606
4.44368
4.31619
4.19358
4.07583
3.9629
3.85479
3.75147
3.65292
3.55912
3.47005
3.38568
3.306
3.23099
3.16064
3.09491
3.03379
2.97728
2.92534
2.87797
2.83516
2.79689
2.76314
2.73392
2.70921
2.689
2.67329
2.66207
2.65534
2.65309
