25
24.9749
24.9497
24.9246
24.8995
24.8744
24.8493
24.8243
24.7993
24.7744
24.7496
24.7248
24.7
24.6754
24.6508
24.6263
24.6019
24.5776
24.5534
24.5294
24.5054
24.4816
24.4579
24.4343
24.4109
24.3876
24.3645
24.3415
24.3188
24.2961
24.2737
24.2514
24.2294
24.2075
24.1858
24.1643
24.1431
24.122
24.1012
24.0806
24.0602
24.0401
24.0202
24.0005
23.9812
23.962
23.9431
23.9245
23.9062
23.8881
23.8703
23.8529
23.8356
23.8187
23.8021
23.7858
23.7698
23.7541
23.7387
23.7236
23.7089
23.6944
23.6803
23.6666
23.6531
23.6401
23.6273
23.6149
23.6029
23.5912
23.5798
23.5688
23.5582
23.5479
23.538
23.5285
23.5193
23.5105
23.5021
23.4941
23.4864
23.4792
23.4723
23.4658
23.4596
23.4539
23.4486
23.4436
23.439
23.4349
23.4311
23.4277
23.4247
23.4221
23.4199
23.4181
23.4168
23.4158
23.4152
23.415
