25
24.8139
24.6279
24.442
24.2562
24.0706
23.8852
23.7001
23.5153
23.331
23.147
22.9635
22.7805
22.5981
22.4163
22.2351
22.0547
21.8749
21.696
21.5179
21.3407
21.1644
20.9891
20.8147
20.6415
20.4693
20.2983
20.1285
19.9599
19.7926
19.6265
19.4619
19.2986
19.1368
18.9765
18.8176
18.6604
18.5047
18.3507
18.1983
18.0477
17.8988
17.7517
17.6064
17.463
17.3215
17.182
17.0444
16.9088
16.7752
16.6438
16.5144
16.3871
16.2621
16.1392
16.0186
15.9002
15.7841
15.6704
15.559
15.45
15.3433
15.2391
15.1374
15.0382
14.9414
14.8472
14.7556
14.6665
14.58
14.4962
14.415
14.3364
14.2606
14.1874
14.117
14.0493
13.9843
13.9222
13.8628
13.8062
13.7524
13.7015
13.6534
13.6082
13.5658
13.5263
13.4897
13.456
13.4251
13.3972
13.3723
13.3502
13.3311
13.3149
13.3016
13.2913
13.2839
13.2795
13.2781
