25
24.8236
24.6472
24.4709
24.2947
24.1187
23.943
23.7675
23.5923
23.4175
23.243
23.0691
22.8956
22.7226
22.5502
22.3784
22.2073
22.0369
21.8672
21.6983
21.5303
21.3631
21.1969
21.0316
20.8673
20.7041
20.5419
20.3808
20.221
20.0623
19.9049
19.7487
19.5939
19.4405
19.2884
19.1378
18.9887
18.841
18.695
18.5505
18.4076
18.2664
18.1269
17.9892
17.8532
17.719
17.5866
17.4561
17.3275
17.2009
17.0762
16.9535
16.8328
16.7142
16.5977
16.4832
16.371
16.2609
16.153
16.0473
15.9439
15.8428
15.744
15.6475
15.5533
15.4616
15.3722
15.2853
15.2008
15.1187
15.0392
14.9622
14.8877
14.8157
14.7463
14.6795
14.6153
14.5537
14.4947
14.4384
14.3847
14.3337
14.2854
14.2398
14.1969
14.1567
14.1192
14.0845
14.0525
14.0232
13.9968
13.9731
13.9522
13.934
13.9186
13.9061
13.8963
13.8893
13.8851
13.8837
