25
24.8854
24.7709
24.6564
24.542
24.4277
24.3135
24.1995
24.0858
23.9722
23.8589
23.7459
23.6333
23.5209
23.4089
23.2974
23.1862
23.0756
22.9654
22.8557
22.7465
22.638
22.53
22.4226
22.3159
22.2099
22.1045
21.9999
21.8961
21.793
21.6907
21.5893
21.4888
21.3891
21.2903
21.1925
21.0956
20.9997
20.9048
20.8109
20.7181
20.6264
20.5357
20.4462
20.3579
20.2707
20.1847
20.0999
20.0164
19.9341
19.853
19.7733
19.6949
19.6178
19.5421
19.4678
19.3948
19.3233
19.2531
19.1845
19.1173
19.0515
18.9873
18.9246
18.8634
18.8038
18.7457
18.6892
18.6343
18.581
18.5293
18.4792
18.4308
18.384
18.3389
18.2955
18.2538
18.2137
18.1754
18.1388
18.1039
18.0707
18.0393
18.0097
17.9818
17.9556
17.9313
17.9087
17.8879
17.8689
17.8517
17.8363
17.8227
17.8109
17.8009
17.7927
17.7864
17.7818
17.7791
17.7782
