25
24.8873
24.7746
24.662
24.5495
24.4371
24.3248
24.2127
24.1008
23.9891
23.8777
23.7666
23.6557
23.5453
23.4351
23.3254
23.2161
23.1072
22.9988
22.891
22.7836
22.6768
22.5706
22.465
22.3601
22.2558
22.1522
22.0493
21.9472
21.8458
21.7452
21.6454
21.5465
21.4485
21.3513
21.2551
21.1598
21.0655
20.9722
20.8798
20.7886
20.6983
20.6092
20.5212
20.4343
20.3485
20.2639
20.1805
20.0984
20.0174
19.9377
19.8593
19.7822
19.7064
19.6319
19.5588
19.487
19.4167
19.3477
19.2802
19.2141
19.1494
19.0863
19.0246
18.9644
18.9058
18.8486
18.7931
18.739
18.6866
18.6358
18.5865
18.5389
18.4929
18.4485
18.4058
18.3648
18.3254
18.2877
18.2517
18.2174
18.1847
18.1539
18.1247
18.0972
18.0715
18.0476
18.0254
18.0049
17.9862
17.9693
17.9542
17.9408
17.9292
17.9194
17.9113
17.9051
17.9006
17.8979
17.897
