25
24.9202
24.8404
24.7607
24.681
24.6014
24.5219
24.4425
24.3632
24.2842
24.2053
24.1266
24.0481
23.9698
23.8919
23.8141
23.7367
23.6597
23.5829
23.5065
23.4305
23.3549
23.2797
23.2049
23.1306
23.0567
22.9833
22.9105
22.8382
22.7664
22.6952
22.6245
22.5545
22.485
22.4162
22.3481
22.2806
22.2138
22.1477
22.0824
22.0177
21.9538
21.8907
21.8284
21.7668
21.7061
21.6462
21.5871
21.529
21.4716
21.4152
21.3597
21.3051
21.2514
21.1986
21.1469
21.096
21.0462
20.9974
20.9496
20.9027
20.857
20.8122
20.7686
20.7259
20.6844
20.644
20.6046
20.5664
20.5292
20.4932
20.4583
20.4246
20.392
20.3606
20.3304
20.3013
20.2734
20.2467
20.2212
20.1969
20.1738
20.1519
20.1313
20.1119
20.0937
20.0767
20.061
20.0465
20.0333
20.0213
20.0105
20.0011
19.9929
19.9859
19.9802
19.9758
19.9726
19.9707
19.9701
