25
24.9107
24.8214
24.7321
24.6429
24.5538
24.4648
24.3759
24.2872
24.1987
24.1103
24.0222
23.9344
23.8468
23.7595
23.6725
23.5859
23.4996
23.4137
23.3281
23.243
23.1584
23.0742
22.9905
22.9073
22.8246
22.7425
22.6609
22.58
22.4996
22.4199
22.3408
22.2624
22.1847
22.1076
22.0314
21.9558
21.8811
21.8071
21.7339
21.6615
21.59
21.5193
21.4496
21.3807
21.3127
21.2456
21.1795
21.1144
21.0502
20.987
20.9249
20.8638
20.8037
20.7446
20.6867
20.6298
20.574
20.5193
20.4658
20.4134
20.3621
20.3121
20.2632
20.2155
20.169
20.1237
20.0796
20.0368
19.9953
19.9549
19.9159
19.8782
19.8417
19.8065
19.7727
19.7401
19.7089
19.679
19.6505
19.6233
19.5974
19.5729
19.5498
19.528
19.5077
19.4887
19.4711
19.4549
19.4401
19.4266
19.4146
19.404
19.3948
19.387
19.3807
19.3757
19.3722
19.37
19.3693
