25
24.9167
24.8334
24.7501
24.6669
24.5838
24.5008
24.4179
24.3352
24.2526
24.1702
24.0881
24.0061
23.9244
23.843
23.7619
23.6811
23.6006
23.5204
23.4407
23.3613
23.2824
23.2038
23.1258
23.0482
22.971
22.8944
22.8184
22.7429
22.6679
22.5936
22.5198
22.4467
22.3742
22.3023
22.2312
22.1607
22.091
22.022
21.9537
21.8862
21.8195
21.7536
21.6886
21.6243
21.5609
21.4984
21.4367
21.3759
21.3161
21.2572
21.1992
21.1422
21.0861
21.0311
20.977
20.9239
20.8719
20.8209
20.771
20.7221
20.6743
20.6276
20.582
20.5375
20.4942
20.4519
20.4108
20.3709
20.3321
20.2945
20.2581
20.2229
20.1889
20.1561
20.1245
20.0942
20.0651
20.0372
20.0106
19.9852
19.9611
19.9382
19.9167
19.8964
19.8774
19.8597
19.8432
19.8281
19.8143
19.8018
19.7906
19.7807
19.7721
19.7649
19.7589
19.7543
19.751
19.749
19.7483
