25
24.9376
24.8752
24.8128
24.7504
24.6882
24.626
24.5639
24.5019
24.44
24.3783
24.3167
24.2553
24.1941
24.1331
24.0723
24.0118
23.9515
23.8915
23.8317
23.7722
23.7131
23.6542
23.5957
23.5376
23.4798
23.4224
23.3654
23.3089
23.2527
23.197
23.1417
23.0869
23.0326
22.9788
22.9255
22.8727
22.8205
22.7688
22.7176
22.6671
22.6171
22.5677
22.5189
22.4708
22.4233
22.3764
22.3302
22.2847
22.2399
22.1957
22.1523
22.1096
22.0676
22.0263
21.9858
21.9461
21.9071
21.8689
21.8315
21.7949
21.759
21.7241
21.6899
21.6565
21.6241
21.5924
21.5616
21.5317
21.5027
21.4745
21.4472
21.4208
21.3953
21.3708
21.3471
21.3244
21.3026
21.2817
21.2617
21.2427
21.2246
21.2075
21.1914
21.1762
21.1619
21.1487
21.1364
21.125
21.1147
21.1053
21.0969
21.0895
21.0831
21.0776
21.0732
21.0697
21.0672
21.0658
21.0653
