25
24.9769
24.9537
24.9306
24.9075
24.8844
24.8613
24.8383
24.8153
24.7924
24.7695
24.7467
24.7239
24.7012
24.6786
24.6561
24.6336
24.6113
24.589
24.5668
24.5448
24.5229
24.501
24.4794
24.4578
24.4364
24.4151
24.394
24.373
24.3522
24.3315
24.311
24.2907
24.2706
24.2506
24.2309
24.2113
24.1919
24.1727
24.1538
24.135
24.1165
24.0982
24.0801
24.0623
24.0447
24.0273
24.0102
23.9933
23.9766
23.9603
23.9442
23.9283
23.9128
23.8975
23.8825
23.8677
23.8533
23.8391
23.8252
23.8117
23.7984
23.7854
23.7727
23.7604
23.7483
23.7366
23.7252
23.7141
23.7033
23.6929
23.6828
23.673
23.6635
23.6544
23.6456
23.6372
23.6291
23.6214
23.614
23.6069
23.6002
23.5939
23.5879
23.5823
23.577
23.5721
23.5675
23.5633
23.5595
23.556
23.5529
23.5501
23.5478
23.5457
23.5441
23.5428
23.5419
23.5413
23.5411
