25
24.9361
24.8722
24.8084
24.7446
24.6808
24.6172
24.5536
24.4902
24.4269
24.3637
24.3007
24.2378
24.1752
24.1128
24.0505
23.9886
23.9269
23.8654
23.8042
23.7434
23.6828
23.6226
23.5627
23.5032
23.4441
23.3854
23.327
23.2691
23.2117
23.1546
23.0981
23.042
22.9864
22.9313
22.8768
22.8227
22.7692
22.7163
22.664
22.6122
22.5611
22.5105
22.4606
22.4114
22.3627
22.3148
22.2675
22.2209
22.175
22.1298
22.0854
22.0416
21.9987
21.9564
21.915
21.8743
21.8344
21.7953
21.757
21.7195
21.6829
21.6471
21.6121
21.578
21.5447
21.5123
21.4808
21.4502
21.4205
21.3916
21.3637
21.3367
21.3106
21.2855
21.2613
21.238
21.2157
21.1943
21.1739
21.1544
21.1359
21.1184
21.1019
21.0863
21.0717
21.0582
21.0456
21.034
21.0234
21.0138
21.0052
20.9976
20.991
20.9855
20.9809
20.9774
20.9748
20.9733
20.9728
