25
24.9702
24.9404
24.9107
24.8809
24.8512
24.8215
24.7919
24.7623
24.7328
24.7034
24.674
24.6447
24.6155
24.5864
24.5574
24.5285
24.4997
24.4711
24.4426
24.4142
24.386
24.3579
24.33
24.3023
24.2747
24.2473
24.2201
24.1931
24.1663
24.1398
24.1134
24.0873
24.0613
24.0357
24.0102
23.985
23.9601
23.9354
23.911
23.8869
23.8631
23.8395
23.8162
23.7933
23.7706
23.7483
23.7262
23.7045
23.6831
23.662
23.6413
23.6209
23.6009
23.5812
23.5619
23.5429
23.5243
23.5061
23.4882
23.4708
23.4537
23.437
23.4207
23.4048
23.3893
23.3742
23.3595
23.3452
23.3314
23.3179
23.3049
23.2923
23.2802
23.2684
23.2572
23.2463
23.2359
23.2259
23.2164
23.2073
23.1987
23.1906
23.1828
23.1756
23.1688
23.1625
23.1566
23.1512
23.1463
23.1418
23.1378
23.1342
23.1312
23.1286
23.1265
23.1248
23.1236
23.1229
23.1227
