25
24.8288
24.6576
24.4865
24.3155
24.1447
23.9741
23.8038
23.6338
23.4641
23.2948
23.126
22.9576
22.7897
22.6224
22.4557
22.2896
22.1242
21.9595
21.7956
21.6325
21.4703
21.3089
21.1485
20.9891
20.8306
20.6732
20.5169
20.3618
20.2078
20.055
19.9034
19.7532
19.6042
19.4567
19.3105
19.1657
19.0224
18.8807
18.7404
18.6018
18.4647
18.3293
18.1956
18.0636
17.9334
17.8049
17.6782
17.5534
17.4305
17.3095
17.1904
17.0732
16.9581
16.845
16.7339
16.625
16.5181
16.4134
16.3108
16.2104
16.1123
16.0163
15.9227
15.8313
15.7422
15.6555
15.5711
15.4891
15.4095
15.3323
15.2575
15.1852
15.1153
15.048
14.9831
14.9208
14.861
14.8037
14.749
14.6969
14.6474
14.6005
14.5562
14.5146
14.4756
14.4392
14.4055
14.3744
14.3461
14.3204
14.2974
14.277
14.2594
14.2445
14.2323
14.2228
14.216
14.212
14.2106
