25
24.9394
24.8788
24.8183
24.7578
24.6973
24.637
24.5767
24.5165
24.4565
24.3966
24.3368
24.2773
24.2178
24.1586
24.0996
24.0409
23.9823
23.9241
23.8661
23.8084
23.7509
23.6938
23.6371
23.5806
23.5246
23.4689
23.4135
23.3586
23.3041
23.25
23.1964
23.1432
23.0905
23.0383
22.9865
22.9353
22.8846
22.8344
22.7848
22.7357
22.6872
22.6393
22.5919
22.5452
22.4991
22.4536
22.4088
22.3646
22.3211
22.2782
22.2361
22.1946
22.1539
22.1138
22.0745
22.0359
21.9981
21.961
21.9247
21.8892
21.8544
21.8204
21.7873
21.7549
21.7234
21.6927
21.6628
21.6338
21.6056
21.5782
21.5518
21.5261
21.5014
21.4776
21.4546
21.4325
21.4113
21.3911
21.3717
21.3533
21.3357
21.3191
21.3034
21.2887
21.2749
21.262
21.25
21.2391
21.229
21.2199
21.2118
21.2046
21.1983
21.193
21.1887
21.1854
21.183
21.1815
21.181
