25
24.9786
24.9571
24.9357
24.9143
24.8929
24.8715
24.8502
24.8289
24.8076
24.7864
24.7653
24.7442
24.7232
24.7022
24.6813
24.6605
24.6398
24.6192
24.5987
24.5782
24.5579
24.5377
24.5176
24.4976
24.4778
24.4581
24.4385
24.4191
24.3998
24.3806
24.3617
24.3428
24.3242
24.3057
24.2874
24.2692
24.2513
24.2335
24.216
24.1986
24.1814
24.1645
24.1477
24.1312
24.1149
24.0988
24.0829
24.0673
24.0518
24.0367
24.0218
24.0071
23.9927
23.9785
23.9646
23.9509
23.9375
23.9244
23.9116
23.899
23.8867
23.8747
23.8629
23.8515
23.8403
23.8294
23.8189
23.8086
23.7986
23.7889
23.7796
23.7705
23.7617
23.7533
23.7452
23.7374
23.7299
23.7227
23.7158
23.7093
23.7031
23.6972
23.6917
23.6864
23.6816
23.677
23.6728
23.6689
23.6653
23.6621
23.6592
23.6567
23.6545
23.6526
23.6511
23.6499
23.649
23.6485
23.6483
