25
24.5232
24.0467
23.5708
23.0956
22.6216
22.1489
21.6779
21.2088
20.7418
20.2773
19.8154
19.3565
18.9008
18.4484
17.9997
17.5549
17.1142
16.6778
16.2459
15.8187
15.3964
14.9793
14.5674
14.1609
13.76
13.3649
12.9757
12.5925
12.2154
11.8446
11.4802
11.1222
10.7708
10.4261
10.088
9.75672
9.43225
9.11465
8.80394
8.50016
8.20333
7.91345
7.63054
7.35458
7.08556
6.82347
6.56828
6.31995
6.07845
5.84374
5.61576
5.39445
5.17976
4.97161
4.76995
4.57468
4.38574
4.20304
4.0265
3.85603
3.69153
3.53292
3.38009
3.23295
3.09141
2.95536
2.82471
2.69934
2.57917
2.4641
2.35401
2.24883
2.14843
2.05274
1.96165
1.87507
1.79291
1.71509
1.6415
1.57208
1.50674
1.44539
1.38797
1.33441
1.28463
1.23857
1.19618
1.15739
1.12215
1.09041
1.06214
1.03729
1.01582
0.997706
0.982922
0.971445
0.96326
0.958353
0.956718
