25
24.9339
24.8679
24.8019
24.736
24.6701
24.6043
24.5386
24.473
24.4075
24.3422
24.2771
24.2121
24.1474
24.0828
24.0185
23.9544
23.8906
23.8271
23.7639
23.701
23.6384
23.5761
23.5143
23.4527
23.3916
23.3309
23.2706
23.2107
23.1513
23.0924
23.0339
22.9759
22.9185
22.8615
22.8051
22.7493
22.694
22.6393
22.5852
22.5317
22.4788
22.4265
22.375
22.324
22.2738
22.2242
22.1753
22.1271
22.0797
22.033
21.987
21.9418
21.8974
21.8537
21.8109
21.7688
21.7276
21.6872
21.6476
21.6088
21.571
21.5339
21.4978
21.4625
21.4281
21.3947
21.3621
21.3304
21.2997
21.2699
21.241
21.2131
21.1862
21.1602
21.1351
21.1111
21.088
21.0659
21.0448
21.0247
21.0055
20.9874
20.9703
20.9543
20.9392
20.9252
20.9121
20.9002
20.8892
20.8793
20.8704
20.8626
20.8558
20.85
20.8453
20.8416
20.839
20.8374
20.8369
