25
24.3806
23.7619
23.1443
22.5286
21.9153
21.305
20.6983
20.0957
19.4979
18.9053
18.3185
17.738
17.1643
16.5979
16.0392
15.4886
14.9466
14.4136
13.8898
13.3758
12.8716
12.3777
11.8943
11.4217
10.96
10.5094
10.07
9.64212
9.2257
8.82086
8.42765
8.0461
7.67622
7.31799
6.97136
6.63627
6.31266
6.00041
5.6994
5.40951
5.13058
4.86244
4.60492
4.35782
4.12094
3.89406
3.67696
3.46941
3.27116
3.08198
2.90161
2.72979
2.56628
2.41079
2.26308
2.12289
1.98994
1.86397
1.74473
1.63196
1.5254
1.42481
1.32992
1.24051
1.15632
1.07714
1.00273
0.932866
0.867339
0.805939
0.748463
0.694718
0.644514
0.597671
0.554017
0.513383
0.475613
0.440553
0.40806
0.377998
0.350235
0.324651
0.301129
0.279563
0.25985
0.241898
0.225619
0.210933
0.197766
0.186053
0.175732
0.16675
0.159061
0.152623
0.147402
0.14337
0.140506
0.138794
0.138224
