25
24.8674
24.7348
24.6023
24.4699
24.3377
24.2056
24.0737
23.942
23.8106
23.6795
23.5488
23.4184
23.2884
23.1588
23.0297
22.9011
22.773
22.6455
22.5185
22.3922
22.2666
22.1416
22.0174
21.8939
21.7712
21.6493
21.5283
21.4081
21.2888
21.1705
21.0531
20.9367
20.8214
20.7071
20.5938
20.4817
20.3707
20.2609
20.1523
20.0449
19.9388
19.8339
19.7303
19.6281
19.5272
19.4277
19.3295
19.2329
19.1376
19.0439
18.9516
18.8609
18.7717
18.6841
18.598
18.5136
18.4308
18.3497
18.2702
18.1925
18.1164
18.0421
17.9695
17.8987
17.8297
17.7625
17.6971
17.6336
17.5719
17.5121
17.4541
17.3981
17.344
17.2918
17.2415
17.1932
17.1469
17.1025
17.0602
17.0198
16.9814
16.9451
16.9108
16.8785
16.8483
16.8201
16.794
16.7699
16.7479
16.728
16.7102
16.6944
16.6808
16.6692
16.6598
16.6524
16.6471
16.644
16.6429
