25
24.6771
24.3542
24.0316
23.7092
23.3873
23.0658
22.7449
22.4246
22.1052
21.7866
21.4689
21.1523
20.8369
20.5227
20.2098
19.8983
19.5884
19.28
18.9734
18.6685
18.3654
18.0643
17.7653
17.4683
17.1735
16.881
16.5909
16.3032
16.018
15.7354
15.4554
15.1781
14.9037
14.6321
14.3635
14.0978
13.8352
13.5758
13.3195
13.0665
12.8168
12.5705
12.3276
12.0882
11.8523
11.62
11.3913
11.1663
10.945
10.7275
10.5139
10.304
10.0981
9.89614
9.69814
9.50415
9.31421
9.12836
8.94662
8.76902
8.59561
8.4264
8.26142
8.1007
7.94427
7.79215
7.64436
7.50092
7.36185
7.22718
7.09692
6.9711
6.84972
6.7328
6.62036
6.51241
6.40896
6.31004
6.21564
6.12579
6.04048
5.95974
5.88356
5.81196
5.74495
5.68253
5.62471
5.57149
5.52289
5.4789
5.43952
5.40477
5.37465
5.34916
5.3283
5.31207
5.30048
5.29352
5.2912
