25
24.8535
24.7071
24.5607
24.4144
24.2683
24.1224
23.9767
23.8312
23.6861
23.5413
23.3968
23.2528
23.1091
22.966
22.8234
22.6813
22.5398
22.3989
22.2587
22.1192
21.9804
21.8423
21.7051
21.5687
21.4331
21.2985
21.1648
21.032
20.9002
20.7695
20.6399
20.5113
20.3839
20.2576
20.1325
20.0087
19.8861
19.7648
19.6448
19.5262
19.4089
19.293
19.1786
19.0657
18.9542
18.8443
18.7359
18.6291
18.5239
18.4203
18.3184
18.2182
18.1197
18.0229
17.9279
17.8346
17.7431
17.6535
17.5658
17.4799
17.3958
17.3137
17.2336
17.1554
17.0792
17.0049
16.9327
16.8625
16.7944
16.7283
16.6643
16.6024
16.5426
16.485
16.4295
16.3761
16.3249
16.2759
16.2291
16.1845
16.1422
16.102
16.0641
16.0284
15.9951
15.9639
15.9351
15.9085
15.8842
15.8622
15.8425
15.8251
15.8101
15.7973
15.7868
15.7787
15.7729
15.7694
15.7683
