25
24.891
24.782
24.6731
24.5642
24.4555
24.3469
24.2384
24.1302
24.0221
23.9143
23.8068
23.6996
23.5927
23.4862
23.3801
23.2743
23.169
23.0642
22.9598
22.856
22.7527
22.6499
22.5478
22.4462
22.3454
22.2451
22.1456
22.0468
21.9487
21.8514
21.7549
21.6593
21.5644
21.4704
21.3773
21.2852
21.1939
21.1036
21.0143
20.926
20.8388
20.7525
20.6674
20.5833
20.5003
20.4185
20.3378
20.2584
20.1801
20.103
20.0271
19.9525
19.8792
19.8071
19.7364
19.667
19.5989
19.5322
19.4669
19.4029
19.3404
19.2793
19.2196
19.1614
19.1047
19.0494
18.9956
18.9434
18.8927
18.8435
18.7959
18.7498
18.7053
18.6624
18.621
18.5813
18.5432
18.5068
18.4719
18.4387
18.4072
18.3773
18.3491
18.3225
18.2977
18.2745
18.253
18.2332
18.2152
18.1988
18.1841
18.1712
18.16
18.1505
18.1427
18.1366
18.1323
18.1297
18.1289
