25
24.9473
24.8946
24.8419
24.7893
24.7367
24.6842
24.6318
24.5794
24.5272
24.4751
24.4231
24.3713
24.3196
24.2681
24.2168
24.1657
24.1147
24.064
24.0136
23.9634
23.9134
23.8638
23.8144
23.7653
23.7165
23.6681
23.6199
23.5722
23.5247
23.4777
23.4311
23.3848
23.3389
23.2935
23.2485
23.2039
23.1598
23.1161
23.073
23.0303
22.9881
22.9464
22.9052
22.8646
22.8245
22.7849
22.7459
22.7075
22.6696
22.6323
22.5957
22.5596
22.5241
22.4893
22.4551
22.4215
22.3886
22.3564
22.3248
22.2939
22.2636
22.2341
22.2052
22.1771
22.1497
22.1229
22.097
22.0717
22.0472
22.0234
22.0004
21.9781
21.9566
21.9358
21.9158
21.8966
21.8782
21.8606
21.8437
21.8277
21.8124
21.798
21.7843
21.7715
21.7595
21.7483
21.7379
21.7283
21.7196
21.7117
21.7046
21.6983
21.6929
21.6883
21.6846
21.6816
21.6795
21.6783
21.6779
