25
24.9792
24.9584
24.9376
24.9168
24.896
24.8753
24.8546
24.8339
24.8133
24.7927
24.7722
24.7517
24.7313
24.711
24.6907
24.6705
24.6504
24.6304
24.6105
24.5906
24.5709
24.5513
24.5318
24.5124
24.4932
24.474
24.455
24.4362
24.4174
24.3989
24.3804
24.3622
24.3441
24.3261
24.3083
24.2907
24.2733
24.2561
24.239
24.2222
24.2055
24.189
24.1728
24.1567
24.1409
24.1253
24.1099
24.0947
24.0797
24.065
24.0505
24.0363
24.0223
24.0085
23.995
23.9818
23.9688
23.9561
23.9436
23.9314
23.9194
23.9078
23.8964
23.8853
23.8744
23.8639
23.8536
23.8436
23.834
23.8246
23.8155
23.8067
23.7982
23.79
23.7821
23.7745
23.7672
23.7603
23.7536
23.7473
23.7413
23.7356
23.7302
23.7251
23.7203
23.7159
23.7118
23.708
23.7046
23.7015
23.6987
23.6962
23.6941
23.6922
23.6908
23.6896
23.6888
23.6883
23.6881
