25
24.9785
24.957
24.9355
24.914
24.8925
24.8711
24.8497
24.8283
24.807
24.7857
24.7645
24.7433
24.7223
24.7012
24.6803
24.6594
24.6386
24.6179
24.5973
24.5768
24.5564
24.5362
24.516
24.496
24.4761
24.4563
24.4366
24.4171
24.3978
24.3786
24.3595
24.3406
24.3219
24.3034
24.285
24.2668
24.2488
24.231
24.2134
24.1959
24.1787
24.1617
24.1449
24.1283
24.1119
24.0958
24.0798
24.0642
24.0487
24.0335
24.0185
24.0038
23.9893
23.9751
23.9611
23.9474
23.934
23.9208
23.9079
23.8953
23.883
23.8709
23.8591
23.8476
23.8364
23.8255
23.8149
23.8046
23.7946
23.7849
23.7755
23.7664
23.7576
23.7492
23.741
23.7332
23.7256
23.7184
23.7116
23.705
23.6988
23.6929
23.6873
23.6821
23.6772
23.6726
23.6684
23.6645
23.6609
23.6577
23.6548
23.6522
23.65
23.6481
23.6466
23.6454
23.6445
23.644
23.6439
