25
24.9495
24.899
24.8486
24.7982
24.7478
24.6975
24.6473
24.5972
24.5472
24.4973
24.4475
24.3978
24.3483
24.299
24.2498
24.2009
24.1521
24.1036
24.0552
24.0071
23.9593
23.9117
23.8644
23.8174
23.7707
23.7243
23.6782
23.6324
23.587
23.542
23.4973
23.453
23.4091
23.3655
23.3224
23.2798
23.2375
23.1957
23.1543
23.1134
23.073
23.0331
22.9937
22.9547
22.9163
22.8784
22.8411
22.8043
22.768
22.7323
22.6972
22.6626
22.6287
22.5953
22.5625
22.5304
22.4989
22.468
22.4377
22.4081
22.3792
22.3509
22.3232
22.2963
22.27
22.2444
22.2195
22.1953
22.1718
22.1491
22.127
22.1057
22.0851
22.0652
22.0461
22.0277
22.01
21.9931
21.977
21.9616
21.947
21.9332
21.9201
21.9078
21.8963
21.8856
21.8756
21.8665
21.8581
21.8505
21.8437
21.8377
21.8325
21.8281
21.8245
21.8217
21.8197
21.8185
21.8181
