25
24.6331
24.2663
23.8998
23.5337
23.1681
22.8031
22.4389
22.0757
21.7134
21.3523
20.9925
20.6341
20.2773
19.9221
19.5686
19.217
18.8675
18.52
18.1748
17.832
17.4915
17.1537
16.8185
16.486
16.1565
15.8298
15.5063
15.1859
14.8687
14.5549
14.2444
13.9375
13.6341
13.3344
13.0384
12.7462
12.4579
12.1735
11.8931
11.6167
11.3445
11.0764
10.8125
10.553
10.2977
10.0468
9.80028
9.55822
9.32063
9.08756
8.85903
8.63508
8.41573
8.201
7.99093
7.78552
7.58481
7.3888
7.19751
7.01096
6.82915
6.65209
6.4798
6.31228
6.14953
5.99156
5.83838
5.68997
5.54635
5.4075
5.27344
5.14416
5.01965
4.89991
4.78494
4.67473
4.56927
4.46856
4.3726
4.28137
4.19487
4.11309
4.03604
3.96369
3.89604
3.83309
3.77484
3.72126
3.67237
3.62815
3.5886
3.55371
3.52349
3.49791
3.477
3.46073
3.44911
3.44214
3.43982
