25
24.7695
24.5391
24.3088
24.0787
23.8488
23.6192
23.3899
23.1611
22.9327
22.7049
22.4777
22.2511
22.0252
21.8
21.5757
21.3523
21.1297
20.9082
20.6877
20.4684
20.2501
20.0331
19.8174
19.603
19.3899
19.1783
18.9682
18.7596
18.5526
18.3472
18.1436
17.9417
17.7415
17.5433
17.3469
17.1524
16.96
16.7696
16.5813
16.3952
16.2112
16.0294
15.85
15.6728
15.498
15.3256
15.1557
14.9883
14.8234
14.6611
14.5014
14.3443
14.19
14.0383
13.8895
13.7434
13.6002
13.4599
13.3225
13.1881
13.0566
12.9281
12.8027
12.6803
12.5611
12.4449
12.332
12.2222
12.1156
12.0123
11.9123
11.8155
11.7221
11.632
11.5452
11.4618
11.3819
11.3053
11.2322
11.1625
11.0963
11.0336
10.9744
10.9187
10.8666
10.8179
10.7729
10.7314
10.6935
10.6591
10.6284
10.6012
10.5777
10.5578
10.5415
10.5288
10.5197
10.5143
10.5125
