25
24.9774
24.9548
24.9322
24.9096
24.887
24.8645
24.842
24.8196
24.7972
24.7748
24.7525
24.7302
24.7081
24.686
24.664
24.642
24.6202
24.5984
24.5768
24.5552
24.5338
24.5125
24.4913
24.4702
24.4493
24.4285
24.4079
24.3874
24.367
24.3469
24.3268
24.307
24.2873
24.2678
24.2485
24.2294
24.2105
24.1917
24.1732
24.1549
24.1368
24.1189
24.1012
24.0838
24.0666
24.0496
24.0329
24.0164
24.0001
23.9842
23.9684
23.9529
23.9377
23.9228
23.9081
23.8937
23.8796
23.8658
23.8522
23.8389
23.826
23.8133
23.8009
23.7888
23.7771
23.7656
23.7545
23.7436
23.7331
23.7229
23.713
23.7034
23.6942
23.6853
23.6767
23.6685
23.6606
23.653
23.6458
23.6389
23.6324
23.6262
23.6203
23.6148
23.6097
23.6049
23.6004
23.5963
23.5925
23.5891
23.5861
23.5834
23.5811
23.5791
23.5775
23.5763
23.5754
23.5748
23.5746
