25
24.7395
24.479
24.2186
23.9585
23.6986
23.4391
23.18
22.9213
22.6632
22.4058
22.149
21.8929
21.6377
21.3833
21.1299
20.8775
20.6261
20.376
20.127
19.8793
19.6329
19.3879
19.1444
18.9024
18.662
18.4233
18.1862
17.951
17.7175
17.486
17.2564
17.0288
16.8032
16.5798
16.3586
16.1396
15.9228
15.7085
15.4965
15.287
15.0799
14.8754
14.6735
14.4743
14.2778
14.084
13.893
13.7048
13.5196
13.3372
13.1579
12.9815
12.8083
12.6381
12.471
12.3072
12.1466
11.9892
11.8351
11.6844
11.537
11.393
11.2525
11.1154
10.9819
10.8518
10.7254
10.6025
10.4832
10.3676
10.2557
10.1474
10.0429
9.94211
9.84511
9.75189
9.66249
9.57692
9.49521
9.41736
9.3434
9.27335
9.20721
9.14501
9.08676
9.03247
8.98215
8.93582
8.89348
8.85514
8.82082
8.79052
8.76424
8.742
8.7238
8.70963
8.69951
8.69344
8.69142
