25
24.9778
24.9555
24.9333
24.9111
24.8889
24.8667
24.8446
24.8225
24.8005
24.7785
24.7566
24.7347
24.7129
24.6911
24.6695
24.6479
24.6264
24.605
24.5837
24.5626
24.5415
24.5205
24.4997
24.479
24.4584
24.4379
24.4176
24.3975
24.3775
24.3576
24.3379
24.3184
24.299
24.2799
24.2609
24.2421
24.2235
24.205
24.1868
24.1688
24.151
24.1334
24.116
24.0989
24.0819
24.0653
24.0488
24.0326
24.0166
24.0009
23.9854
23.9702
23.9552
23.9405
23.9261
23.9119
23.898
23.8844
23.8711
23.858
23.8453
23.8328
23.8206
23.8088
23.7972
23.7859
23.7749
23.7643
23.7539
23.7439
23.7342
23.7248
23.7157
23.7069
23.6985
23.6904
23.6826
23.6752
23.6681
23.6613
23.6549
23.6488
23.643
23.6376
23.6325
23.6278
23.6234
23.6194
23.6157
23.6124
23.6094
23.6067
23.6044
23.6025
23.6009
23.5997
23.5988
23.5983
23.5981
