25
24.7465
24.4931
24.2398
23.9868
23.7339
23.4815
23.2294
22.9777
22.7266
22.4761
22.2263
21.9771
21.7288
21.4813
21.2347
20.9891
20.7445
20.501
20.2587
20.0177
19.7779
19.5395
19.3024
19.0669
18.8329
18.6005
18.3697
18.1407
17.9134
17.688
17.4644
17.2428
17.0232
16.8056
16.5901
16.3768
16.1658
15.9569
15.7505
15.5463
15.3446
15.1454
14.9487
14.7546
14.5631
14.3742
14.1881
14.0047
13.8241
13.6464
13.4715
13.2996
13.1307
12.9647
12.8019
12.6421
12.4855
12.332
12.1817
12.0347
11.8909
11.7505
11.6134
11.4797
11.3493
11.2225
11.0991
10.9792
10.8628
10.7499
10.6407
10.535
10.433
10.3347
10.24
10.149
10.0617
9.97816
9.89838
9.82237
9.75016
9.68175
9.61718
9.55644
9.49956
9.44654
9.3974
9.35215
9.3108
9.27336
9.23984
9.21025
9.18459
9.16286
9.14508
9.13125
9.12136
9.11543
9.11346
