25
24.9763
24.9526
24.929
24.9053
24.8817
24.8581
24.8345
24.811
24.7875
24.7641
24.7407
24.7174
24.6942
24.671
24.648
24.625
24.6021
24.5793
24.5567
24.5341
24.5116
24.4893
24.4671
24.4451
24.4231
24.4014
24.3797
24.3583
24.3369
24.3158
24.2948
24.274
24.2534
24.233
24.2128
24.1927
24.1729
24.1533
24.1339
24.1147
24.0957
24.077
24.0585
24.0402
24.0222
24.0044
23.9869
23.9696
23.9526
23.9358
23.9194
23.9032
23.8872
23.8716
23.8562
23.8411
23.8263
23.8118
23.7976
23.7837
23.7701
23.7569
23.7439
23.7312
23.7189
23.7069
23.6952
23.6839
23.6728
23.6622
23.6518
23.6418
23.6321
23.6228
23.6138
23.6052
23.5969
23.589
23.5814
23.5742
23.5673
23.5608
23.5547
23.5489
23.5435
23.5385
23.5338
23.5295
23.5256
23.5221
23.5189
23.5161
23.5136
23.5116
23.5099
23.5086
23.5076
23.507
23.5069
