25
24.704
24.4081
24.1124
23.8169
23.5217
23.227
22.9327
22.639
22.346
22.0537
21.7622
21.4716
21.182
20.8935
20.6061
20.3199
20.035
19.7515
19.4694
19.1888
18.9098
18.6325
18.357
18.0833
17.8114
17.5415
17.2737
17.008
16.7444
16.4831
16.224
15.9674
15.7132
15.4615
15.2123
14.9658
14.722
14.4809
14.2427
14.0073
13.7748
13.5453
13.3188
13.0955
12.8752
12.6582
12.4444
12.2339
12.0267
11.8229
11.6225
11.4257
11.2323
11.0425
10.8563
10.6737
10.4949
10.3197
10.1483
9.9807
9.81692
9.657
9.50098
9.34888
9.20073
9.05658
8.91643
8.78033
8.6483
8.52035
8.39653
8.27684
8.16132
8.04999
7.94286
7.83995
7.74129
7.6469
7.55678
7.47096
7.38944
7.31226
7.23941
7.17092
7.10679
7.04703
6.99166
6.94068
6.89411
6.85195
6.81421
6.78089
6.752
6.72755
6.70754
6.69198
6.68086
6.67418
6.67196
