25
24.8747
24.7494
24.6242
24.499
24.374
24.2492
24.1245
24.0001
23.8759
23.752
23.6284
23.5051
23.3823
23.2598
23.1378
23.0162
22.8952
22.7746
22.6547
22.5353
22.4165
22.2984
22.181
22.0643
21.9483
21.8331
21.7187
21.6051
21.4924
21.3805
21.2696
21.1596
21.0506
20.9426
20.8355
20.7296
20.6247
20.5209
20.4182
20.3167
20.2164
20.1173
20.0194
19.9227
19.8274
19.7333
19.6406
19.5492
19.4592
19.3706
19.2834
19.1976
19.1133
19.0305
18.9492
18.8694
18.7912
18.7145
18.6394
18.5659
18.494
18.4237
18.3551
18.2882
18.223
18.1595
18.0977
18.0376
17.9793
17.9228
17.868
17.8151
17.7639
17.7146
17.6671
17.6214
17.5776
17.5357
17.4957
17.4575
17.4212
17.3869
17.3545
17.3239
17.2954
17.2687
17.244
17.2213
17.2005
17.1817
17.1648
17.15
17.1371
17.1261
17.1172
17.1102
17.1053
17.1023
17.1013
