25
24.9624
24.9249
24.8873
24.8498
24.8123
24.7749
24.7375
24.7002
24.663
24.6258
24.5888
24.5518
24.515
24.4783
24.4417
24.4052
24.3689
24.3328
24.2968
24.261
24.2254
24.19
24.1548
24.1198
24.0851
24.0505
24.0162
23.9822
23.9484
23.9148
23.8816
23.8486
23.8159
23.7835
23.7514
23.7196
23.6882
23.6571
23.6263
23.5959
23.5658
23.5361
23.5067
23.4777
23.4492
23.421
23.3931
23.3657
23.3388
23.3122
23.286
23.2603
23.2351
23.2102
23.1858
23.1619
23.1385
23.1155
23.093
23.0709
23.0494
23.0283
23.0077
22.9877
22.9681
22.9491
22.9305
22.9125
22.8951
22.8781
22.8617
22.8458
22.8305
22.8157
22.8014
22.7877
22.7746
22.762
22.75
22.7386
22.7277
22.7174
22.7077
22.6985
22.69
22.682
22.6746
22.6678
22.6615
22.6559
22.6508
22.6464
22.6425
22.6392
22.6366
22.6345
22.633
22.6321
22.6318
