25
24.7616
24.5233
24.285
24.047
23.8092
23.5717
23.3346
23.0979
22.8617
22.6261
22.391
22.1567
21.923
21.6902
21.4582
21.2271
20.997
20.7679
20.5399
20.313
20.0873
19.8629
19.6398
19.4181
19.1978
18.979
18.7618
18.5461
18.3321
18.1198
17.9092
17.7005
17.4936
17.2886
17.0856
16.8847
16.6858
16.489
16.2944
16.102
15.9118
15.724
15.5385
15.3555
15.1749
14.9968
14.8212
14.6482
14.4778
14.3101
14.1452
13.9829
13.8235
13.6669
13.5131
13.3623
13.2144
13.0694
12.9275
12.7887
12.6529
12.5202
12.3907
12.2643
12.1412
12.0213
11.9047
11.7914
11.6814
11.5747
11.4714
11.3715
11.2751
11.182
11.0925
11.0064
10.9239
10.8449
10.7694
10.6975
10.6292
10.5645
10.5034
10.4459
10.3921
10.3419
10.2954
10.2526
10.2135
10.178
10.1463
10.1183
10.094
10.0734
10.0566
10.0435
10.0342
10.0285
10.0267
