25
24.4579
23.9163
23.3754
22.8358
22.2977
21.7617
21.2281
20.6973
20.1697
19.6456
19.1254
18.6094
18.0981
17.5918
17.0907
16.5952
16.1056
15.6222
15.1453
14.6751
14.2118
13.7558
13.3072
12.8663
12.4332
12.008
11.5911
11.1825
10.7823
10.3906
10.0076
9.63337
9.26793
8.91135
8.56368
8.22494
7.89513
7.57427
7.26233
6.95929
6.66511
6.37974
6.10311
5.83516
5.5758
5.32494
5.08248
4.8483
4.62228
4.40431
4.19425
3.99196
3.7973
3.61011
3.43025
3.25755
3.09185
2.93299
2.78081
2.63513
2.49578
2.3626
2.23541
2.11404
1.99832
1.88809
1.78317
1.68339
1.5886
1.49863
1.41332
1.33252
1.25607
1.18383
1.11564
1.05138
0.990891
0.934055
0.880741
0.830828
0.784197
0.740737
0.700342
0.66291
0.628346
0.596561
0.567469
0.540995
0.517065
0.495615
0.476583
0.459917
0.44557
0.433499
0.423671
0.416056
0.410633
0.407386
0.406304
