25
24.9695
24.939
24.9086
24.8781
24.8477
24.8174
24.787
24.7568
24.7265
24.6964
24.6663
24.6364
24.6065
24.5767
24.547
24.5174
24.488
24.4587
24.4295
24.4004
24.3716
24.3428
24.3143
24.2859
24.2577
24.2296
24.2018
24.1742
24.1468
24.1195
24.0926
24.0658
24.0393
24.013
23.987
23.9612
23.9357
23.9104
23.8855
23.8608
23.8364
23.8122
23.7884
23.7649
23.7417
23.7188
23.6963
23.6741
23.6522
23.6306
23.6094
23.5885
23.568
23.5479
23.5281
23.5087
23.4896
23.471
23.4527
23.4348
23.4174
23.4003
23.3836
23.3673
23.3514
23.336
23.3209
23.3063
23.2922
23.2784
23.2651
23.2522
23.2397
23.2277
23.2162
23.2051
23.1944
23.1842
23.1745
23.1652
23.1564
23.148
23.1401
23.1327
23.1258
23.1193
23.1133
23.1077
23.1027
23.0981
23.094
23.0904
23.0873
23.0846
23.0824
23.0807
23.0795
23.0788
23.0786
