25
24.7881
24.5762
24.3644
24.1528
23.9414
23.7303
23.5195
23.3091
23.0991
22.8896
22.6806
22.4722
22.2645
22.0575
21.8512
21.6456
21.441
21.2372
21.0344
20.8327
20.6319
20.4323
20.2338
20.0366
19.8406
19.6459
19.4525
19.2606
19.0701
18.8812
18.6937
18.5079
18.3237
18.1412
17.9605
17.7815
17.6043
17.4291
17.2557
17.0843
16.9149
16.7475
16.5822
16.4191
16.2581
16.0994
15.9428
15.7886
15.6367
15.4872
15.34
15.1953
15.0531
14.9134
14.7762
14.6416
14.5096
14.3803
14.2536
14.1296
14.0084
13.89
13.7743
13.6615
13.5515
13.4445
13.3403
13.239
13.1408
13.0455
12.9532
12.8639
12.7777
12.6946
12.6146
12.5376
12.4638
12.3932
12.3257
12.2615
12.2004
12.1425
12.0879
12.0365
11.9883
11.9435
11.9019
11.8636
11.8286
11.7969
11.7685
11.7435
11.7217
11.7033
11.6883
11.6766
11.6682
11.6632
11.6615
