25
24.9584
24.9167
24.8751
24.8335
24.792
24.7505
24.7091
24.6677
24.6265
24.5853
24.5442
24.5033
24.4624
24.4217
24.3812
24.3408
24.3006
24.2605
24.2206
24.181
24.1415
24.1023
24.0632
24.0245
23.9859
23.9476
23.9096
23.8719
23.8344
23.7972
23.7604
23.7238
23.6876
23.6517
23.6161
23.5809
23.5461
23.5116
23.4775
23.4437
23.4104
23.3775
23.3449
23.3128
23.2811
23.2499
23.219
23.1887
23.1588
23.1293
23.1003
23.0718
23.0438
23.0163
22.9893
22.9628
22.9368
22.9113
22.8863
22.8619
22.838
22.8147
22.7919
22.7696
22.748
22.7269
22.7063
22.6864
22.667
22.6482
22.63
22.6124
22.5954
22.579
22.5632
22.5481
22.5335
22.5196
22.5063
22.4936
22.4815
22.4701
22.4593
22.4492
22.4397
22.4308
22.4226
22.4151
22.4082
22.4019
22.3963
22.3914
22.3871
22.3835
22.3805
22.3782
22.3765
22.3755
22.3752
