25
24.2946
23.59
22.8873
22.1873
21.4909
20.7989
20.1122
19.4316
18.758
18.0921
17.4347
16.7864
16.148
15.5201
14.9034
14.2983
13.7055
13.1254
12.5584
12.005
11.4654
10.9401
10.4292
9.93299
9.45165
8.98529
8.53401
8.09785
7.67683
7.2709
6.88001
6.50404
6.14287
5.79634
5.46423
5.14634
4.8424
4.55216
4.27532
4.01158
3.76059
3.52203
3.29553
3.08074
2.87728
2.68478
2.50285
2.33109
2.16913
2.01658
1.87305
1.73814
1.61149
1.49272
1.38146
1.27735
1.18002
1.08914
1.00438
0.925388
0.851866
0.783504
0.720004
0.661084
0.606469
0.555898
0.50912
0.465896
0.425997
0.389206
0.355318
0.324136
0.295477
0.269165
0.245036
0.222935
0.202717
0.184246
0.167394
0.152042
0.138081
0.125406
0.113922
0.103543
0.0941861
0.0857776
0.0782494
0.0715397
0.0655927
0.060358
0.0557908
0.0518516
0.0485059
0.0457242
0.0434815
0.0417579
0.0405378
0.0398102
0.0395684
