25
24.6652
24.3304
23.9959
23.6617
23.3279
22.9947
22.662
22.3301
21.999
21.6689
21.3398
21.0118
20.685
20.3596
20.0356
19.7132
19.3923
19.0732
18.7559
18.4405
18.1271
17.8158
17.5066
17.1998
16.8952
16.5932
16.2936
15.9966
15.7023
15.4108
15.1221
14.8363
14.5535
14.2737
13.9971
13.7236
13.4534
13.1866
12.9231
12.6631
12.4065
12.1536
11.9042
11.6586
11.4166
11.1785
10.9441
10.7136
10.4871
10.2645
10.0459
9.83132
9.62084
9.41448
9.21227
9.01424
8.82044
8.63088
8.44559
8.26462
8.08797
7.91568
7.74777
7.58427
7.42519
7.27055
7.12037
6.97467
6.83347
6.69679
6.56463
6.43701
6.31394
6.19544
6.08151
5.97218
5.86743
5.7673
5.67177
5.58087
5.49459
5.41294
5.33594
5.26357
5.19586
5.1328
5.0744
5.02066
4.97158
4.92717
4.88742
4.85235
4.82195
4.79623
4.77518
4.75881
4.74711
4.74009
4.73775
