25
24.7838
24.5676
24.3515
24.1356
23.92
23.7046
23.4895
23.2748
23.0606
22.8468
22.6336
22.421
22.209
21.9978
21.7873
21.5776
21.3688
21.161
20.9541
20.7482
20.5434
20.3397
20.1373
19.936
19.7361
19.5374
19.3402
19.1444
18.9501
18.7573
18.5661
18.3765
18.1886
18.0025
17.8181
17.6355
17.4548
17.276
17.0992
16.9243
16.7515
16.5808
16.4122
16.2458
16.0816
15.9197
15.7601
15.6027
15.4478
15.2953
15.1452
14.9976
14.8526
14.7101
14.5702
14.4329
14.2983
14.1664
14.0372
13.9108
13.7872
13.6664
13.5485
13.4334
13.3213
13.2121
13.1059
13.0026
12.9024
12.8052
12.7111
12.6201
12.5322
12.4474
12.3658
12.2874
12.2122
12.1401
12.0713
12.0058
11.9435
11.8845
11.8288
11.7764
11.7273
11.6816
11.6392
11.6001
11.5644
11.5321
11.5032
11.4776
11.4555
11.4367
11.4214
11.4094
11.4009
11.3958
11.3941
