25
24.9669
24.9338
24.9007
24.8676
24.8346
24.8016
24.7686
24.7357
24.7029
24.6701
24.6375
24.6049
24.5724
24.5401
24.5078
24.4757
24.4437
24.4118
24.3801
24.3486
24.3172
24.286
24.2549
24.2241
24.1934
24.163
24.1328
24.1027
24.0729
24.0434
24.0141
23.985
23.9562
23.9276
23.8993
23.8713
23.8436
23.8162
23.789
23.7622
23.7357
23.7095
23.6836
23.6581
23.6329
23.608
23.5835
23.5594
23.5356
23.5121
23.4891
23.4664
23.4442
23.4223
23.4008
23.3797
23.359
23.3387
23.3189
23.2995
23.2805
23.2619
23.2438
23.2261
23.2088
23.192
23.1757
23.1598
23.1444
23.1295
23.115
23.101
23.0875
23.0745
23.0619
23.0498
23.0383
23.0272
23.0166
23.0065
22.9969
22.9878
22.9793
22.9712
22.9636
22.9566
22.9501
22.9441
22.9386
22.9336
22.9292
22.9252
22.9218
22.9189
22.9166
22.9147
22.9134
22.9126
22.9124
