25
24.9609
24.9218
24.8827
24.8437
24.8047
24.7657
24.7268
24.688
24.6493
24.6106
24.5721
24.5336
24.4953
24.4571
24.419
24.3811
24.3433
24.3057
24.2683
24.231
24.194
24.1571
24.1205
24.0841
24.0479
24.0119
23.9762
23.9408
23.9056
23.8707
23.8361
23.8018
23.7678
23.7341
23.7007
23.6676
23.6349
23.6025
23.5705
23.5388
23.5075
23.4766
23.4461
23.4159
23.3862
23.3568
23.3279
23.2994
23.2713
23.2436
23.2164
23.1897
23.1634
23.1375
23.1121
23.0873
23.0628
23.0389
23.0155
22.9925
22.9701
22.9482
22.9268
22.9059
22.8856
22.8658
22.8465
22.8277
22.8095
22.7919
22.7748
22.7583
22.7423
22.7269
22.7121
22.6979
22.6842
22.6711
22.6586
22.6467
22.6354
22.6247
22.6146
22.6051
22.5961
22.5878
22.5801
22.573
22.5665
22.5607
22.5554
22.5508
22.5467
22.5433
22.5405
22.5384
22.5368
22.5359
22.5356
