25
24.5466
24.0934
23.6407
23.1888
22.7377
22.2879
21.8394
21.3926
20.9477
20.5048
20.0643
19.6263
19.191
18.7587
18.3295
17.9037
17.4815
17.0629
16.6484
16.2379
15.8316
15.4299
15.0327
14.6403
14.2527
13.8703
13.493
13.1209
12.7543
12.3933
12.0378
11.6881
11.3442
11.0062
10.6742
10.3483
10.0284
9.71468
9.40717
9.1059
8.81091
8.52223
8.23986
7.96382
7.69413
7.43077
7.17375
6.92306
6.67867
6.44057
6.20873
5.98311
5.76369
5.55041
5.34324
5.14213
4.94702
4.75785
4.57458
4.39713
4.22544
4.05945
3.89908
3.74427
3.59495
3.45103
3.31245
3.17913
3.05099
2.92796
2.80996
2.69692
2.58876
2.4854
2.38677
2.2928
2.20342
2.11855
2.03813
1.96209
1.89037
1.8229
1.75963
1.70049
1.64544
1.59442
1.54738
1.50427
1.46506
1.4297
1.39816
1.37041
1.34642
1.32616
1.30962
1.29676
1.28759
1.2821
1.28026
