25
24.9698
24.9396
24.9095
24.8793
24.8492
24.8192
24.7891
24.7592
24.7293
24.6994
24.6696
24.64
24.6104
24.5809
24.5515
24.5222
24.4931
24.464
24.4351
24.4064
24.3778
24.3493
24.3211
24.2929
24.265
24.2373
24.2097
24.1824
24.1552
24.1283
24.1015
24.0751
24.0488
24.0228
23.997
23.9715
23.9462
23.9212
23.8965
23.872
23.8479
23.824
23.8004
23.7772
23.7542
23.7315
23.7092
23.6872
23.6655
23.6442
23.6232
23.6025
23.5822
23.5623
23.5427
23.5235
23.5046
23.4861
23.468
23.4503
23.433
23.4161
23.3996
23.3835
23.3678
23.3525
23.3376
23.3231
23.3091
23.2955
23.2823
23.2695
23.2572
23.2453
23.2339
23.2229
23.2123
23.2022
23.1926
23.1834
23.1746
23.1664
23.1586
23.1512
23.1443
23.1379
23.132
23.1265
23.1215
23.117
23.1129
23.1093
23.1062
23.1036
23.1014
23.0997
23.0985
23.0978
23.0976
