25
24.94
24.88
24.8201
24.7602
24.7003
24.6406
24.5809
24.5213
24.4619
24.4026
24.3434
24.2844
24.2256
24.167
24.1086
24.0504
23.9924
23.9347
23.8773
23.8202
23.7633
23.7068
23.6506
23.5947
23.5392
23.484
23.4293
23.3749
23.3209
23.2674
23.2143
23.1616
23.1094
23.0577
23.0065
22.9558
22.9056
22.8559
22.8067
22.7581
22.7101
22.6627
22.6158
22.5695
22.5239
22.4789
22.4345
22.3907
22.3476
22.3052
22.2635
22.2224
22.1821
22.1424
22.1035
22.0653
22.0278
21.9911
21.9552
21.92
21.8856
21.8519
21.8191
21.7871
21.7558
21.7254
21.6959
21.6671
21.6392
21.6121
21.5859
21.5606
21.5361
21.5125
21.4897
21.4679
21.4469
21.4268
21.4077
21.3894
21.372
21.3556
21.3401
21.3254
21.3118
21.299
21.2872
21.2763
21.2664
21.2573
21.2493
21.2422
21.236
21.2308
21.2265
21.2231
21.2208
21.2193
21.2189
