25
24.8906
24.7813
24.672
24.5628
24.4536
24.3447
24.2359
24.1273
24.0189
23.9107
23.8029
23.6953
23.5881
23.4812
23.3747
23.2686
23.1629
23.0577
22.953
22.8488
22.7452
22.6421
22.5396
22.4378
22.3365
22.236
22.1361
22.037
21.9386
21.841
21.7442
21.6482
21.553
21.4587
21.3653
21.2728
21.1813
21.0907
21.0011
20.9125
20.8249
20.7384
20.653
20.5686
20.4854
20.4033
20.3224
20.2426
20.164
20.0867
20.0106
19.9357
19.8621
19.7899
19.7189
19.6492
19.581
19.514
19.4485
19.3843
19.3216
19.2603
19.2004
19.142
19.0851
19.0296
18.9757
18.9233
18.8724
18.823
18.7752
18.729
18.6844
18.6413
18.5998
18.56
18.5218
18.4852
18.4502
18.4169
18.3853
18.3553
18.327
18.3003
18.2754
18.2522
18.2306
18.2108
18.1926
18.1762
18.1615
18.1485
18.1372
18.1277
18.1199
18.1138
18.1095
18.1069
18.106
