25
24.8592
24.7185
24.5779
24.4373
24.2969
24.1567
24.0167
23.8769
23.7374
23.5982
23.4594
23.321
23.183
23.0454
22.9084
22.7718
22.6359
22.5005
22.3658
22.2317
22.0983
21.9657
21.8338
21.7027
21.5724
21.443
21.3145
21.1869
21.0603
20.9347
20.8101
20.6866
20.5641
20.4428
20.3226
20.2036
20.0858
19.9692
19.8539
19.7399
19.6272
19.5159
19.4059
19.2974
19.1903
19.0846
18.9805
18.8779
18.7768
18.6772
18.5793
18.483
18.3883
18.2953
18.204
18.1143
18.0265
17.9403
17.856
17.7734
17.6927
17.6138
17.5368
17.4616
17.3884
17.317
17.2476
17.1802
17.1147
17.0512
16.9897
16.9302
16.8728
16.8174
16.764
16.7127
16.6636
16.6165
16.5715
16.5286
16.4879
16.4493
16.4129
16.3786
16.3466
16.3166
16.2889
16.2634
16.24
16.2189
16.2
16.1833
16.1688
16.1565
16.1465
16.1387
16.1331
16.1297
16.1286
