25
24.9518
24.9036
24.8555
24.8074
24.7593
24.7113
24.6633
24.6155
24.5677
24.5201
24.4726
24.4252
24.3779
24.3308
24.2839
24.2372
24.1906
24.1443
24.0981
24.0522
24.0066
23.9611
23.916
23.8711
23.8265
23.7822
23.7382
23.6945
23.6512
23.6082
23.5655
23.5232
23.4813
23.4397
23.3986
23.3578
23.3175
23.2776
23.2381
23.1991
23.1605
23.1224
23.0847
23.0476
23.0109
22.9747
22.9391
22.9039
22.8693
22.8352
22.8017
22.7687
22.7363
22.7045
22.6732
22.6425
22.6124
22.5829
22.554
22.5258
22.4981
22.4711
22.4447
22.419
22.3939
22.3695
22.3457
22.3226
22.3002
22.2785
22.2574
22.2371
22.2174
22.1984
22.1801
22.1626
22.1457
22.1296
22.1142
22.0995
22.0856
22.0724
22.0599
22.0482
22.0372
22.027
22.0175
22.0087
22.0007
21.9935
21.987
21.9813
21.9763
21.9721
21.9687
21.966
21.9641
21.963
21.9626
