25
24.9191
24.8383
24.7575
24.6767
24.5961
24.5155
24.435
24.3547
24.2746
24.1946
24.1149
24.0354
23.9561
23.877
23.7983
23.7199
23.6417
23.564
23.4866
23.4095
23.3329
23.2567
23.1809
23.1056
23.0307
22.9564
22.8826
22.8093
22.7365
22.6644
22.5928
22.5218
22.4514
22.3817
22.3127
22.2443
22.1766
22.1096
22.0434
21.9779
21.9131
21.8492
21.786
21.7236
21.6621
21.6014
21.5415
21.4826
21.4245
21.3673
21.311
21.2557
21.2013
21.1478
21.0954
21.0439
20.9934
20.9439
20.8954
20.848
20.8016
20.7563
20.712
20.6688
20.6267
20.5858
20.5459
20.5071
20.4695
20.433
20.3977
20.3635
20.3305
20.2986
20.268
20.2385
20.2103
20.1832
20.1574
20.1327
20.1093
20.0872
20.0662
20.0465
20.0281
20.0109
19.995
19.9803
19.9669
19.9547
19.9439
19.9343
19.9259
19.9189
19.9131
19.9086
19.9054
19.9035
19.9029
