25
24.907
24.8141
24.7212
24.6284
24.5356
24.443
24.3506
24.2582
24.1661
24.0742
23.9825
23.8911
23.8
23.7091
23.6186
23.5284
23.4386
23.3492
23.2602
23.1717
23.0836
22.996
22.9089
22.8223
22.7362
22.6508
22.5659
22.4816
22.398
22.3151
22.2328
22.1512
22.0703
21.9901
21.9108
21.8322
21.7543
21.6774
21.6012
21.5259
21.4515
21.3779
21.3053
21.2336
21.1629
21.0931
21.0243
20.9565
20.8898
20.824
20.7593
20.6957
20.6332
20.5717
20.5114
20.4522
20.3942
20.3373
20.2816
20.2271
20.1737
20.1216
20.0707
20.0211
19.9727
19.9256
19.8798
19.8352
19.7919
19.75
19.7094
19.6701
19.6321
19.5955
19.5603
19.5264
19.494
19.4628
19.4331
19.4048
19.3779
19.3524
19.3284
19.3058
19.2846
19.2648
19.2465
19.2296
19.2142
19.2002
19.1877
19.1767
19.1671
19.159
19.1524
19.1472
19.1435
19.1413
19.1406
