25
24.8959
24.7919
24.6879
24.584
24.4802
24.3765
24.273
24.1696
24.0665
23.9636
23.861
23.7587
23.6566
23.5549
23.4536
23.3527
23.2521
23.152
23.0524
22.9533
22.8547
22.7566
22.6591
22.5622
22.4659
22.3702
22.2752
22.1809
22.0873
21.9944
21.9023
21.8109
21.7204
21.6307
21.5418
21.4538
21.3667
21.2805
21.1953
21.111
21.0277
20.9453
20.864
20.7838
20.7046
20.6265
20.5495
20.4736
20.3989
20.3253
20.2528
20.1816
20.1116
20.0429
19.9753
19.9091
19.8441
19.7804
19.718
19.657
19.5973
19.539
19.482
19.4264
19.3723
19.3195
19.2682
19.2183
19.1699
19.123
19.0775
19.0335
18.991
18.9501
18.9106
18.8727
18.8363
18.8015
18.7683
18.7366
18.7065
18.6779
18.651
18.6257
18.6019
18.5798
18.5593
18.5404
18.5232
18.5075
18.4935
18.4812
18.4705
18.4614
18.454
18.4482
18.4441
18.4416
18.4408
