25
24.6492
24.2986
23.9482
23.5981
23.2485
22.8995
22.5512
22.2037
21.8571
21.5116
21.1672
20.824
20.4822
20.1419
19.8032
19.4662
19.131
18.7977
18.4664
18.1372
17.8102
17.4855
17.1632
16.8434
16.5262
16.2117
15.9
15.5911
15.2851
14.9822
14.6823
14.3857
14.0923
13.8022
13.5155
13.2324
12.9527
12.6767
12.4043
12.1357
11.8709
11.6099
11.3528
11.0997
10.8505
10.6055
10.3645
10.1277
9.89504
9.66663
9.44247
9.22262
9.0071
8.79594
8.58917
8.38683
8.18893
7.99551
7.80659
7.62218
7.44231
7.26699
7.09625
6.9301
6.76855
6.61161
6.4593
6.31163
6.16861
6.03024
5.89654
5.7675
5.64315
5.52347
5.40847
5.29817
5.19255
5.09163
4.9954
4.90387
4.81704
4.73491
4.65747
4.58473
4.51669
4.45334
4.3947
4.34074
4.29149
4.24693
4.20706
4.17188
4.1414
4.11561
4.0945
4.07809
4.06637
4.05933
4.05699
