25
24.9655
24.9311
24.8966
24.8622
24.8278
24.7935
24.7592
24.725
24.6908
24.6567
24.6228
24.5889
24.5551
24.5214
24.4878
24.4544
24.4211
24.3879
24.355
24.3221
24.2895
24.257
24.2247
24.1926
24.1607
24.129
24.0975
24.0663
24.0353
24.0045
23.974
23.9438
23.9138
23.8841
23.8546
23.8255
23.7966
23.7681
23.7399
23.7119
23.6843
23.6571
23.6302
23.6036
23.5773
23.5515
23.526
23.5008
23.4761
23.4517
23.4277
23.4041
23.3809
23.3582
23.3358
23.3139
23.2923
23.2712
23.2506
23.2304
23.2106
23.1913
23.1724
23.154
23.1361
23.1186
23.1016
23.0851
23.069
23.0535
23.0384
23.0239
23.0098
22.9962
22.9832
22.9706
22.9586
22.947
22.936
22.9255
22.9155
22.9061
22.8972
22.8888
22.8809
22.8736
22.8668
22.8606
22.8548
22.8497
22.845
22.8409
22.8374
22.8344
22.8319
22.83
22.8286
22.8278
22.8275
