25
24.9523
24.9046
24.8569
24.8093
24.7617
24.7141
24.6667
24.6193
24.572
24.5248
24.4778
24.4309
24.3841
24.3375
24.291
24.2447
24.1986
24.1527
24.1071
24.0616
24.0164
23.9714
23.9267
23.8823
23.8381
23.7943
23.7507
23.7075
23.6645
23.622
23.5797
23.5378
23.4963
23.4552
23.4145
23.3741
23.3342
23.2947
23.2556
23.2169
23.1787
23.141
23.1037
23.0669
23.0306
22.9948
22.9595
22.9247
22.8904
22.8567
22.8235
22.7908
22.7587
22.7272
22.6962
22.6659
22.6361
22.6069
22.5783
22.5503
22.5229
22.4962
22.4701
22.4446
22.4197
22.3956
22.372
22.3492
22.327
22.3054
22.2846
22.2644
22.2449
22.2262
22.2081
22.1907
22.174
22.1581
22.1428
22.1283
22.1145
22.1014
22.089
22.0774
22.0665
22.0564
22.047
22.0383
22.0304
22.0233
22.0169
22.0112
22.0063
22.0021
21.9987
21.9961
21.9942
21.993
21.9927
