25
24.5748
24.1498
23.7252
23.3011
22.8779
22.4556
22.0345
21.6148
21.1966
20.7801
20.3656
19.9531
19.543
19.1353
18.7302
18.3279
17.9286
17.5324
17.1395
16.75
16.3641
15.982
15.6037
15.2294
14.8592
14.4934
14.1319
13.7749
13.4225
13.0748
12.7319
12.394
12.061
11.7331
11.4104
11.0929
10.7806
10.4738
10.1723
9.8763
9.58579
9.30083
9.02145
8.74766
8.47951
8.21701
7.96017
7.70901
7.46353
7.22373
6.98961
6.76116
6.53838
6.32124
6.10973
5.90383
5.70352
5.50876
5.31954
5.1358
4.95753
4.78468
4.61721
4.45508
4.29825
4.14668
4.00032
3.85911
3.72303
3.59201
3.46601
3.34498
3.22887
3.11763
3.01121
2.90957
2.81266
2.72042
2.63282
2.54981
2.47135
2.39738
2.32788
2.2628
2.2021
2.14576
2.09373
2.04598
2.00248
1.96322
1.92815
1.89726
1.87054
1.84795
1.82949
1.81515
1.80491
1.79877
1.79672
