25
24.9646
24.9292
24.8938
24.8585
24.8232
24.7879
24.7527
24.7176
24.6825
24.6475
24.6126
24.5778
24.5431
24.5085
24.474
24.4397
24.4055
24.3715
24.3376
24.3039
24.2703
24.237
24.2038
24.1709
24.1381
24.1056
24.0733
24.0412
24.0093
23.9777
23.9464
23.9153
23.8846
23.854
23.8238
23.7939
23.7643
23.7349
23.706
23.6773
23.6489
23.621
23.5933
23.566
23.5391
23.5125
23.4863
23.4605
23.4351
23.4101
23.3854
23.3612
23.3374
23.314
23.291
23.2685
23.2464
23.2247
23.2035
23.1828
23.1625
23.1426
23.1232
23.1043
23.0859
23.068
23.0505
23.0336
23.0171
23.0011
22.9857
22.9707
22.9563
22.9423
22.9289
22.916
22.9036
22.8918
22.8805
22.8697
22.8595
22.8498
22.8406
22.832
22.8239
22.8164
22.8094
22.803
22.7971
22.7918
22.7871
22.7828
22.7792
22.7761
22.7736
22.7716
22.7702
22.7694
22.7691
