25
24.6206
24.2413
23.8624
23.4838
23.1059
22.7286
22.3522
21.9767
21.6024
21.2294
20.8577
20.4876
20.1192
19.7525
19.3878
19.0251
18.6646
18.3064
17.9507
17.5975
17.2469
16.8991
16.5542
16.2123
15.8735
15.5379
15.2056
14.8767
14.5513
14.2295
13.9113
13.5969
13.2864
12.9797
12.6771
12.3786
12.0841
11.7939
11.5079
11.2263
10.949
10.6762
10.4079
10.1441
9.88485
9.63023
9.38027
9.13499
8.89443
8.65861
8.42758
8.20134
7.97992
7.76333
7.55161
7.34475
7.14276
6.94567
6.75347
6.56617
6.38378
6.20629
6.03371
5.86604
5.70326
5.54538
5.39239
5.24428
5.10104
4.96268
4.82916
4.7005
4.57666
4.45765
4.34344
4.23403
4.12941
4.02955
3.93445
3.84409
3.75846
3.67755
3.60133
3.52981
3.46297
3.40079
3.34327
3.29039
3.24214
3.19852
3.15952
3.12512
3.09532
3.07012
3.04951
3.03348
3.02203
3.01517
3.01288
