25
24.9596
24.9192
24.8788
24.8384
24.7981
24.7578
24.7176
24.6775
24.6374
24.5975
24.5576
24.5179
24.4782
24.4387
24.3994
24.3602
24.3211
24.2823
24.2436
24.2051
24.1668
24.1287
24.0908
24.0532
24.0158
23.9786
23.9417
23.9051
23.8687
23.8326
23.7969
23.7614
23.7262
23.6914
23.6569
23.6227
23.5889
23.5554
23.5223
23.4895
23.4572
23.4252
23.3936
23.3625
23.3317
23.3014
23.2715
23.242
23.2129
23.1844
23.1562
23.1286
23.1014
23.0747
23.0485
23.0227
22.9975
22.9727
22.9485
22.9248
22.9016
22.879
22.8569
22.8353
22.8142
22.7937
22.7738
22.7544
22.7356
22.7174
22.6997
22.6827
22.6662
22.6502
22.6349
22.6202
22.6061
22.5925
22.5796
22.5673
22.5556
22.5445
22.5341
22.5242
22.515
22.5064
22.4985
22.4911
22.4844
22.4784
22.4729
22.4681
22.464
22.4604
22.4576
22.4553
22.4537
22.4528
22.4524
