25
24.9812
24.9623
24.9435
24.9247
24.9059
24.8871
24.8684
24.8497
24.831
24.8124
24.7938
24.7752
24.7568
24.7384
24.72
24.7017
24.6835
24.6654
24.6474
24.6294
24.6116
24.5938
24.5762
24.5586
24.5412
24.5239
24.5067
24.4896
24.4726
24.4558
24.4391
24.4226
24.4062
24.39
24.3739
24.3579
24.3422
24.3266
24.3111
24.2959
24.2808
24.2659
24.2512
24.2366
24.2223
24.2082
24.1942
24.1805
24.1669
24.1536
24.1405
24.1276
24.1149
24.1025
24.0903
24.0783
24.0665
24.055
24.0437
24.0326
24.0218
24.0113
24.0009
23.9909
23.9811
23.9715
23.9622
23.9532
23.9444
23.9359
23.9277
23.9197
23.9121
23.9046
23.8975
23.8906
23.884
23.8777
23.8717
23.866
23.8605
23.8554
23.8505
23.8459
23.8416
23.8376
23.8339
23.8305
23.8273
23.8245
23.822
23.8197
23.8178
23.8162
23.8148
23.8138
23.813
23.8126
23.8124
