25
24.7909
24.5818
24.3729
24.1641
23.9555
23.7472
23.5392
23.3316
23.1244
22.9176
22.7114
22.5058
22.3008
22.0965
21.893
21.6902
21.4883
21.2872
21.0871
20.888
20.6899
20.4929
20.2971
20.1024
19.909
19.7169
19.5261
19.3367
19.1488
18.9623
18.7773
18.594
18.4122
18.2321
18.0537
17.8771
17.7023
17.5293
17.3582
17.1891
17.0219
16.8568
16.6937
16.5326
16.3738
16.2171
16.0626
15.9104
15.7605
15.6129
15.4677
15.3249
15.1845
15.0466
14.9112
14.7784
14.6481
14.5205
14.3954
14.2731
14.1535
14.0366
13.9224
13.8111
13.7025
13.5968
13.494
13.3941
13.2971
13.203
13.1119
13.0238
12.9387
12.8567
12.7777
12.7018
12.6289
12.5592
12.4926
12.4291
12.3688
12.3117
12.2578
12.2071
12.1596
12.1153
12.0742
12.0364
12.0019
11.9706
11.9426
11.9178
11.8964
11.8782
11.8634
11.8518
11.8435
11.8386
11.8369
