25
24.8827
24.7655
24.6483
24.5312
24.4142
24.2974
24.1807
24.0643
23.9481
23.8321
23.7165
23.6011
23.4861
23.3716
23.2574
23.1436
23.0303
22.9175
22.8053
22.6936
22.5824
22.4719
22.362
22.2528
22.1443
22.0365
21.9294
21.8231
21.7176
21.613
21.5092
21.4062
21.3042
21.2031
21.103
21.0038
20.9057
20.8085
20.7125
20.6175
20.5236
20.4308
20.3392
20.2488
20.1596
20.0715
19.9848
19.8992
19.815
19.7321
19.6505
19.5702
19.4913
19.4138
19.3377
19.2631
19.1898
19.1181
19.0478
18.979
18.9118
18.846
18.7818
18.7192
18.6582
18.5987
18.5409
18.4847
18.4301
18.3772
18.326
18.2764
18.2286
18.1824
18.1379
18.0952
18.0542
18.015
17.9775
17.9418
17.9079
17.8757
17.8454
17.8168
17.7901
17.7652
17.7421
17.7208
17.7013
17.6837
17.668
17.654
17.642
17.6317
17.6234
17.6169
17.6122
17.6094
17.6085
