25
24.9696
24.9392
24.9089
24.8785
24.8482
24.818
24.7877
24.7576
24.7275
24.6974
24.6675
24.6376
24.6078
24.5781
24.5485
24.519
24.4897
24.4605
24.4314
24.4024
24.3736
24.345
24.3165
24.2882
24.2601
24.2322
24.2044
24.1769
24.1496
24.1225
24.0956
24.0689
24.0425
24.0163
23.9903
23.9646
23.9392
23.914
23.8891
23.8645
23.8402
23.8162
23.7924
23.769
23.7459
23.7231
23.7006
23.6784
23.6566
23.6351
23.614
23.5932
23.5728
23.5527
23.533
23.5136
23.4946
23.4761
23.4578
23.44
23.4226
23.4056
23.3889
23.3727
23.3569
23.3415
23.3265
23.3119
23.2978
23.2841
23.2708
23.258
23.2456
23.2336
23.2221
23.211
23.2004
23.1902
23.1805
23.1713
23.1625
23.1542
23.1463
23.1389
23.132
23.1255
23.1195
23.114
23.109
23.1044
23.1003
23.0967
23.0936
23.0909
23.0888
23.0871
23.0859
23.0852
23.0849
