25
24.9303
24.8607
24.7911
24.7216
24.6521
24.5827
24.5134
24.4442
24.3752
24.3064
24.2377
24.1692
24.1009
24.0328
23.965
23.8974
23.8302
23.7632
23.6965
23.6301
23.5641
23.4985
23.4332
23.3684
23.3039
23.2399
23.1763
23.1132
23.0505
22.9883
22.9267
22.8655
22.805
22.7449
22.6854
22.6265
22.5682
22.5106
22.4535
22.3971
22.3413
22.2862
22.2318
22.1781
22.1251
22.0728
22.0213
21.9705
21.9205
21.8712
21.8227
21.7751
21.7282
21.6822
21.637
21.5926
21.5491
21.5065
21.4648
21.4239
21.384
21.3449
21.3068
21.2696
21.2334
21.1981
21.1637
21.1303
21.0979
21.0665
21.0361
21.0066
20.9782
20.9508
20.9244
20.899
20.8747
20.8514
20.8291
20.8079
20.7877
20.7686
20.7506
20.7337
20.7178
20.703
20.6892
20.6766
20.665
20.6546
20.6452
20.637
20.6298
20.6237
20.6187
20.6149
20.6121
20.6105
20.6099
