25
24.8188
24.6377
24.4566
24.2757
24.095
23.9145
23.7343
23.5543
23.3748
23.1957
23.017
22.8388
22.6612
22.4841
22.3077
22.132
21.957
21.7828
21.6093
21.4368
21.2651
21.0944
20.9246
20.7559
20.5883
20.4217
20.2564
20.0922
19.9292
19.7676
19.6072
19.4483
19.2907
19.1345
18.9799
18.8267
18.6751
18.5251
18.3768
18.2301
18.0851
17.9418
17.8004
17.6607
17.5229
17.387
17.253
17.121
16.9909
16.8629
16.7369
16.613
16.4912
16.3715
16.254
16.1387
16.0257
15.9149
15.8064
15.7002
15.5964
15.4949
15.3958
15.2992
15.2049
15.1132
15.0239
14.9372
14.853
14.7713
14.6922
14.6157
14.5418
14.4706
14.402
14.336
14.2728
14.2122
14.1544
14.0993
14.0469
13.9973
13.9505
13.9064
13.8651
13.8266
13.791
13.7582
13.7281
13.701
13.6766
13.6551
13.6365
13.6207
13.6078
13.5978
13.5906
13.5863
13.5849
