25
24.9755
24.951
24.9266
24.9021
24.8777
24.8533
24.8289
24.8046
24.7803
24.7561
24.732
24.7079
24.6839
24.6599
24.6361
24.6123
24.5887
24.5651
24.5417
24.5184
24.4952
24.4721
24.4491
24.4263
24.4037
24.3812
24.3588
24.3366
24.3146
24.2927
24.271
24.2495
24.2282
24.2071
24.1862
24.1655
24.145
24.1247
24.1047
24.0848
24.0652
24.0459
24.0267
24.0078
23.9892
23.9708
23.9527
23.9349
23.9173
23.8999
23.8829
23.8661
23.8497
23.8335
23.8176
23.802
23.7867
23.7717
23.7571
23.7427
23.7286
23.7149
23.7015
23.6884
23.6757
23.6633
23.6512
23.6395
23.6281
23.617
23.6063
23.596
23.586
23.5763
23.567
23.5581
23.5496
23.5414
23.5335
23.5261
23.519
23.5123
23.506
23.5
23.4944
23.4892
23.4844
23.4799
23.4759
23.4722
23.4689
23.466
23.4635
23.4613
23.4596
23.4582
23.4573
23.4567
23.4565
