25
24.8057
24.6114
24.4173
24.2233
24.0294
23.8359
23.6426
23.4497
23.2571
23.065
22.8734
22.6823
22.4919
22.302
22.1128
21.9244
21.7367
21.5499
21.3639
21.1789
20.9948
20.8117
20.6297
20.4488
20.269
20.0905
19.9131
19.7371
19.5624
19.389
19.2171
19.0467
18.8777
18.7103
18.5445
18.3803
18.2177
18.0569
17.8979
17.7406
17.5852
17.4316
17.28
17.1302
16.9825
16.8368
16.6932
16.5516
16.4122
16.275
16.1399
16.0071
15.8765
15.7483
15.6223
15.4988
15.3776
15.2589
15.1426
15.0288
14.9175
14.8087
14.7025
14.599
14.498
14.3996
14.304
14.211
14.1208
14.0332
13.9485
13.8665
13.7873
13.711
13.6375
13.5668
13.499
13.4341
13.3722
13.3131
13.257
13.2039
13.1537
13.1064
13.0622
13.021
12.9828
12.9476
12.9155
12.8863
12.8603
12.8372
12.8173
12.8004
12.7865
12.7758
12.7681
12.7635
12.7619
