25
24.8755
24.751
24.6266
24.5023
24.3782
24.2541
24.1303
24.0067
23.8833
23.7602
23.6374
23.515
23.393
23.2713
23.1501
23.0293
22.9091
22.7894
22.6702
22.5516
22.4336
22.3163
22.1997
22.0837
21.9685
21.8541
21.7404
21.6276
21.5156
21.4045
21.2943
21.185
21.0767
20.9694
20.8631
20.7578
20.6536
20.5505
20.4485
20.3477
20.248
20.1496
20.0523
19.9563
19.8616
19.7682
19.676
19.5853
19.4959
19.4078
19.3212
19.236
19.1523
19.07
18.9892
18.91
18.8322
18.756
18.6814
18.6084
18.537
18.4672
18.3991
18.3326
18.2678
18.2047
18.1433
18.0837
18.0258
17.9696
17.9152
17.8626
17.8118
17.7628
17.7156
17.6702
17.6267
17.5851
17.5453
17.5074
17.4714
17.4372
17.405
17.3747
17.3463
17.3199
17.2953
17.2727
17.2521
17.2334
17.2167
17.2019
17.1891
17.1782
17.1693
17.1624
17.1575
17.1545
17.1535
