25
24.9807
24.9613
24.942
24.9227
24.9034
24.8841
24.8648
24.8456
24.8264
24.8073
24.7882
24.7692
24.7502
24.7313
24.7125
24.6937
24.675
24.6564
24.6379
24.6195
24.6011
24.5829
24.5648
24.5467
24.5288
24.5111
24.4934
24.4759
24.4585
24.4412
24.4241
24.4071
24.3902
24.3736
24.357
24.3407
24.3245
24.3085
24.2926
24.2769
24.2614
24.2461
24.231
24.2161
24.2014
24.1869
24.1725
24.1584
24.1445
24.1309
24.1174
24.1041
24.0911
24.0783
24.0658
24.0535
24.0414
24.0295
24.018
24.0066
23.9955
23.9847
23.9741
23.9637
23.9537
23.9439
23.9343
23.925
23.916
23.9073
23.8989
23.8907
23.8828
23.8752
23.8678
23.8608
23.854
23.8475
23.8414
23.8355
23.8299
23.8246
23.8196
23.8149
23.8104
23.8063
23.8025
23.799
23.7958
23.7929
23.7903
23.788
23.786
23.7843
23.7829
23.7819
23.7811
23.7806
23.7805
