25
24.972
24.9441
24.9161
24.8882
24.8603
24.8325
24.8046
24.7769
24.7492
24.7215
24.6939
24.6664
24.639
24.6117
24.5844
24.5573
24.5303
24.5034
24.4766
24.45
24.4235
24.3971
24.3709
24.3449
24.319
24.2933
24.2678
24.2424
24.2173
24.1923
24.1676
24.143
24.1187
24.0946
24.0707
24.0471
24.0237
24.0005
23.9776
23.9549
23.9325
23.9104
23.8886
23.867
23.8457
23.8247
23.804
23.7837
23.7636
23.7438
23.7243
23.7052
23.6864
23.6679
23.6498
23.632
23.6145
23.5974
23.5806
23.5642
23.5482
23.5325
23.5172
23.5023
23.4877
23.4735
23.4597
23.4463
23.4333
23.4207
23.4085
23.3967
23.3853
23.3742
23.3636
23.3535
23.3437
23.3343
23.3254
23.3169
23.3088
23.3011
23.2939
23.2871
23.2807
23.2747
23.2692
23.2642
23.2595
23.2553
23.2516
23.2482
23.2454
23.2429
23.2409
23.2394
23.2383
23.2376
23.2374
