25
24.6783
24.3568
24.0354
23.7143
23.3936
23.0733
22.7537
22.4347
22.1165
21.7991
21.4827
21.1673
20.8531
20.5401
20.2284
19.9181
19.6093
19.3021
18.9966
18.6928
18.3909
18.0909
17.7929
17.497
17.2033
16.9119
16.6228
16.336
16.0518
15.7702
15.4911
15.2148
14.9413
14.6706
14.4028
14.138
13.8763
13.6177
13.3622
13.11
12.861
12.6155
12.3733
12.1345
11.8993
11.6677
11.4396
11.2153
10.9946
10.7777
10.5646
10.3553
10.1499
9.94842
9.7509
9.55738
9.3679
9.18247
9.00115
8.82396
8.65093
8.48208
8.31746
8.15708
8.00097
7.84915
7.70165
7.55849
7.41969
7.28527
7.15525
7.02965
6.90848
6.79177
6.67952
6.57175
6.46848
6.36971
6.27546
6.18575
6.10057
6.01995
5.94389
5.8724
5.80548
5.74315
5.68541
5.63227
5.58373
5.5398
5.50048
5.46577
5.43569
5.41023
5.3894
5.37319
5.36161
5.35467
5.35235
