25
24.844
24.688
24.5321
24.3763
24.2207
24.0653
23.9101
23.7551
23.6005
23.4463
23.2924
23.139
22.986
22.8336
22.6816
22.5303
22.3796
22.2296
22.0802
21.9316
21.7838
21.6367
21.4906
21.3453
21.2009
21.0575
20.915
20.7736
20.6333
20.4941
20.356
20.2191
20.0833
19.9488
19.8156
19.6837
19.5532
19.424
19.2962
19.1698
19.0449
18.9215
18.7997
18.6794
18.5607
18.4436
18.3282
18.2144
18.1024
17.9921
17.8835
17.7768
17.6718
17.5688
17.4675
17.3682
17.2708
17.1754
17.0819
16.9904
16.9009
16.8135
16.7281
16.6449
16.5637
16.4846
16.4077
16.3329
16.2604
16.19
16.1218
16.0559
15.9923
15.9309
15.8717
15.8149
15.7604
15.7082
15.6584
15.6109
15.5658
15.523
15.4827
15.4447
15.4091
15.376
15.3452
15.3169
15.2911
15.2676
15.2467
15.2282
15.2121
15.1985
15.1874
15.1787
15.1725
15.1688
15.1676
