25
24.9748
24.9495
24.9243
24.8991
24.874
24.8488
24.8237
24.7987
24.7737
24.7487
24.7238
24.699
24.6743
24.6496
24.6251
24.6006
24.5762
24.552
24.5278
24.5038
24.4799
24.4561
24.4324
24.4089
24.3856
24.3624
24.3394
24.3165
24.2938
24.2713
24.2489
24.2268
24.2048
24.1831
24.1615
24.1402
24.1191
24.0982
24.0775
24.0571
24.0369
24.0169
23.9972
23.9778
23.9586
23.9396
23.921
23.9026
23.8844
23.8666
23.849
23.8318
23.8148
23.7981
23.7818
23.7657
23.7499
23.7345
23.7194
23.7046
23.6901
23.676
23.6621
23.6487
23.6355
23.6227
23.6103
23.5982
23.5865
23.5751
23.5641
23.5534
23.5431
23.5332
23.5236
23.5144
23.5056
23.4972
23.4891
23.4814
23.4741
23.4672
23.4607
23.4545
23.4488
23.4434
23.4384
23.4338
23.4297
23.4259
23.4225
23.4195
23.4169
23.4147
23.4129
23.4115
23.4105
23.4099
23.4097
