25
24.9703
24.9406
24.911
24.8813
24.8517
24.8221
24.7926
24.7631
24.7337
24.7044
24.6751
24.6459
24.6168
24.5878
24.5589
24.5301
24.5014
24.4728
24.4444
24.4162
24.388
24.36
24.3322
24.3046
24.2771
24.2498
24.2227
24.1958
24.1691
24.1426
24.1163
24.0903
24.0644
24.0389
24.0135
23.9884
23.9636
23.939
23.9147
23.8906
23.8668
23.8434
23.8202
23.7973
23.7747
23.7524
23.7304
23.7088
23.6875
23.6665
23.6458
23.6255
23.6055
23.5859
23.5666
23.5477
23.5292
23.511
23.4933
23.4758
23.4588
23.4422
23.4259
23.4101
23.3946
23.3796
23.3649
23.3507
23.3369
23.3235
23.3105
23.298
23.2859
23.2742
23.2629
23.2521
23.2417
23.2318
23.2223
23.2133
23.2047
23.1965
23.1889
23.1816
23.1749
23.1686
23.1627
23.1573
23.1524
23.1479
23.1439
23.1404
23.1374
23.1348
23.1327
23.131
23.1298
23.1291
23.1289
