25
24.7083
24.4167
24.1252
23.834
23.5431
23.2526
22.9626
22.6731
22.3843
22.0962
21.8089
21.5225
21.237
20.9526
20.6693
20.3871
20.1063
19.8267
19.5486
19.272
18.9969
18.7235
18.4517
18.1818
17.9137
17.6475
17.3833
17.1211
16.8611
16.6033
16.3478
16.0945
15.8437
15.5953
15.3494
15.1061
14.8654
14.6274
14.3922
14.1598
13.9303
13.7036
13.48
13.2594
13.0419
12.8275
12.6162
12.4083
12.2036
12.0022
11.8042
11.6096
11.4185
11.2309
11.0468
10.8663
10.6894
10.5163
10.3468
10.181
10.019
9.86083
9.70648
9.55601
9.40944
9.2668
9.12812
8.99343
8.86276
8.73613
8.61356
8.49509
8.38073
8.2705
8.16443
8.06254
7.96485
7.87137
7.78213
7.69713
7.6164
7.53995
7.46779
7.39994
7.33641
7.27722
7.22236
7.17186
7.12572
7.08395
7.04655
7.01354
6.98492
6.96069
6.94087
6.92544
6.91442
6.90781
6.9056
