25
24.8687
24.7375
24.6063
24.4752
24.3442
24.2135
24.0829
23.9525
23.8224
23.6926
23.5631
23.434
23.3053
23.177
23.0492
22.9219
22.7951
22.6688
22.5431
22.4181
22.2937
22.1699
22.0469
21.9247
21.8032
21.6825
21.5626
21.4437
21.3256
21.2084
21.0922
20.977
20.8628
20.7496
20.6375
20.5265
20.4166
20.3079
20.2003
20.094
19.9889
19.8851
19.7825
19.6813
19.5814
19.4829
19.3857
19.29
19.1957
19.1029
19.0115
18.9217
18.8334
18.7466
18.6614
18.5779
18.4959
18.4156
18.3369
18.2599
18.1846
18.111
18.0392
17.9691
17.9007
17.8342
17.7695
17.7066
17.6455
17.5862
17.5289
17.4734
17.4198
17.3681
17.3184
17.2706
17.2247
17.1808
17.1388
17.0988
17.0609
17.0249
16.9909
16.9589
16.929
16.9011
16.8752
16.8514
16.8296
16.8099
16.7923
16.7767
16.7632
16.7517
16.7424
16.7351
16.7299
16.7268
16.7257
