25
24.9639
24.9278
24.8917
24.8557
24.8196
24.7837
24.7478
24.7119
24.6761
24.6404
24.6048
24.5693
24.5339
24.4986
24.4635
24.4284
24.3936
24.3588
24.3243
24.2899
24.2557
24.2216
24.1878
24.1542
24.1208
24.0876
24.0546
24.0219
23.9894
23.9572
23.9252
23.8935
23.8621
23.831
23.8002
23.7696
23.7394
23.7095
23.6799
23.6507
23.6218
23.5932
23.565
23.5372
23.5097
23.4826
23.4559
23.4295
23.4036
23.3781
23.353
23.3282
23.304
23.2801
23.2567
23.2337
23.2111
23.189
23.1674
23.1462
23.1255
23.1053
23.0855
23.0662
23.0474
23.0291
23.0113
22.994
22.9772
22.9609
22.9452
22.9299
22.9152
22.9009
22.8873
22.8741
22.8615
22.8494
22.8379
22.8269
22.8164
22.8065
22.7972
22.7884
22.7802
22.7725
22.7654
22.7588
22.7528
22.7474
22.7425
22.7383
22.7345
22.7314
22.7288
22.7268
22.7254
22.7245
22.7242
