25
24.9564
24.9128
24.8692
24.8256
24.7821
24.7386
24.6952
24.6519
24.6087
24.5656
24.5225
24.4796
24.4369
24.3942
24.3518
24.3094
24.2673
24.2253
24.1836
24.142
24.1007
24.0596
24.0187
23.9781
23.9377
23.8976
23.8578
23.8182
23.779
23.7401
23.7014
23.6631
23.6252
23.5876
23.5503
23.5134
23.4769
23.4408
23.4051
23.3697
23.3348
23.3003
23.2662
23.2326
23.1994
23.1666
23.1344
23.1025
23.0712
23.0404
23.01
22.9802
22.9508
22.922
22.8937
22.8659
22.8387
22.812
22.7858
22.7602
22.7352
22.7108
22.6869
22.6636
22.6409
22.6188
22.5972
22.5763
22.556
22.5364
22.5173
22.4989
22.4811
22.4639
22.4473
22.4315
22.4162
22.4016
22.3877
22.3744
22.3618
22.3498
22.3385
22.3279
22.3179
22.3087
22.3001
22.2922
22.2849
22.2784
22.2725
22.2673
22.2628
22.259
22.2559
22.2535
22.2518
22.2507
22.2504
