25
24.9579
24.9159
24.8739
24.8319
24.7899
24.748
24.7062
24.6644
24.6227
24.5811
24.5396
24.4983
24.457
24.4159
24.375
24.3342
24.2936
24.2531
24.2128
24.1728
24.1329
24.0933
24.0539
24.0147
23.9758
23.9371
23.8987
23.8606
23.8228
23.7852
23.748
23.7111
23.6745
23.6382
23.6023
23.5667
23.5315
23.4967
23.4622
23.4282
23.3945
23.3612
23.3284
23.2959
23.2639
23.2324
23.2012
23.1706
23.1403
23.1106
23.0813
23.0526
23.0243
22.9965
22.9692
22.9424
22.9161
22.8904
22.8652
22.8405
22.8164
22.7928
22.7698
22.7473
22.7254
22.7041
22.6834
22.6632
22.6436
22.6247
22.6063
22.5885
22.5713
22.5548
22.5388
22.5235
22.5088
22.4947
22.4813
22.4685
22.4563
22.4448
22.4339
22.4237
22.4141
22.4051
22.3968
22.3892
22.3822
22.3759
22.3703
22.3653
22.3609
22.3573
22.3543
22.3519
22.3503
22.3493
22.3489
