25
24.6821
24.3642
24.0466
23.7292
23.4123
23.0957
22.7798
22.4645
22.1499
21.8362
21.5234
21.2116
20.901
20.5915
20.2833
19.9765
19.6712
19.3674
19.0653
18.7648
18.4662
18.1695
17.8747
17.582
17.2914
17.0031
16.717
16.4333
16.152
15.8732
15.597
15.3235
15.0526
14.7846
14.5195
14.2572
13.998
13.7418
13.4887
13.2388
12.9922
12.7488
12.5087
12.2721
12.0389
11.8093
11.5832
11.3606
11.1418
10.9266
10.7152
10.5076
10.3038
10.1038
9.90779
9.7157
9.52759
9.34349
9.16345
8.98748
8.81562
8.64791
8.48436
8.32502
8.1699
8.01903
7.87244
7.73014
7.59216
7.45853
7.32925
7.20436
7.08386
6.96778
6.85613
6.74893
6.64619
6.54793
6.45416
6.36488
6.28013
6.19989
6.12419
6.05303
5.98642
5.92438
5.8669
5.81399
5.76567
5.72193
5.68278
5.64823
5.61827
5.59292
5.57218
5.55604
5.54451
5.53759
5.53529
