25
24.8928
24.7856
24.6784
24.5714
24.4644
24.3576
24.2509
24.1445
24.0382
23.9322
23.8265
23.721
23.6159
23.5111
23.4067
23.3027
23.1991
23.096
22.9934
22.8912
22.7896
22.6886
22.5881
22.4883
22.389
22.2905
22.1926
22.0954
21.9989
21.9033
21.8083
21.7142
21.6209
21.5285
21.437
21.3463
21.2565
21.1677
21.0799
20.9931
20.9072
20.8224
20.7387
20.656
20.5744
20.4939
20.4146
20.3364
20.2594
20.1835
20.1089
20.0356
19.9634
19.8926
19.823
19.7547
19.6878
19.6222
19.5579
19.495
19.4335
19.3734
19.3147
19.2575
19.2017
19.1473
19.0945
19.0431
18.9932
18.9448
18.8979
18.8526
18.8089
18.7667
18.726
18.687
18.6495
18.6136
18.5793
18.5467
18.5157
18.4863
18.4585
18.4324
18.408
18.3852
18.364
18.3446
18.3268
18.3107
18.2963
18.2836
18.2725
18.2632
18.2555
18.2496
18.2453
18.2428
18.2419
