25
24.9098
24.8196
24.7294
24.6393
24.5493
24.4594
24.3697
24.2801
24.1907
24.1014
24.0125
23.9237
23.8353
23.7471
23.6592
23.5717
23.4846
23.3978
23.3114
23.2255
23.14
23.0549
22.9704
22.8863
22.8028
22.7199
22.6375
22.5557
22.4746
22.3941
22.3142
22.235
22.1565
22.0787
22.0017
21.9254
21.8498
21.7751
21.7012
21.6281
21.5559
21.4845
21.414
21.3445
21.2758
21.2081
21.1413
21.0755
21.0107
20.9469
20.8841
20.8224
20.7617
20.702
20.6435
20.586
20.5297
20.4745
20.4204
20.3675
20.3157
20.2652
20.2158
20.1676
20.1206
20.0749
20.0304
19.9872
19.9452
19.9045
19.865
19.8269
19.7901
19.7546
19.7204
19.6875
19.656
19.6258
19.5969
19.5695
19.5434
19.5186
19.4953
19.4733
19.4527
19.4335
19.4158
19.3994
19.3844
19.3709
19.3587
19.348
19.3387
19.3309
19.3244
19.3194
19.3159
19.3137
19.313
