25
24.5614
24.1229
23.6849
23.2476
22.8111
22.3757
21.9415
21.5089
21.0779
20.6488
20.2219
19.7972
19.375
18.9555
18.5389
18.1253
17.715
17.308
16.9047
16.5051
16.1094
15.7177
15.3303
14.9472
14.5686
14.1946
13.8254
13.461
13.1016
12.7474
12.3983
12.0545
11.716
11.383
11.0556
10.7338
10.4176
10.1072
9.80252
9.50369
9.21072
8.92366
8.64251
8.36732
8.09809
7.83484
7.57756
7.32628
7.08096
6.84162
6.60823
6.38078
6.15925
5.9436
5.73381
5.52985
5.33167
5.13924
4.95252
4.77145
4.59599
4.42609
4.26169
4.10274
3.94919
3.80097
3.65803
3.52031
3.38774
3.26026
3.13782
3.02035
2.90779
2.80008
2.69715
2.59896
2.50543
2.41651
2.33215
2.25229
2.17687
2.10584
2.03916
1.97677
1.91864
1.86471
1.81494
1.7693
1.72776
1.69027
1.65681
1.62735
1.60187
1.58034
1.56276
1.54909
1.53934
1.5335
1.53155
