25
24.8743
24.7486
24.6229
24.4974
24.3719
24.2467
24.1216
23.9967
23.8721
23.7478
23.6238
23.5002
23.3769
23.254
23.1316
23.0096
22.8882
22.7672
22.6469
22.5271
22.4079
22.2895
22.1716
22.0545
21.9382
21.8226
21.7078
21.5938
21.4807
21.3685
21.2572
21.1468
21.0375
20.9291
20.8217
20.7154
20.6101
20.506
20.403
20.3012
20.2005
20.1011
20.0028
19.9059
19.8102
19.7158
19.6228
19.5311
19.4408
19.3519
19.2644
19.1783
19.0938
19.0107
18.9291
18.849
18.7705
18.6936
18.6182
18.5445
18.4724
18.4019
18.3331
18.2659
18.2005
18.1368
18.0747
18.0145
17.956
17.8993
17.8443
17.7912
17.7399
17.6904
17.6427
17.5969
17.553
17.5109
17.4707
17.4324
17.3961
17.3616
17.329
17.2984
17.2698
17.243
17.2183
17.1954
17.1746
17.1557
17.1388
17.1239
17.1109
17.1
17.091
17.084
17.079
17.076
17.0751
