25
24.9064
24.8129
24.7193
24.6259
24.5325
24.4393
24.3462
24.2533
24.1606
24.068
23.9757
23.8837
23.792
23.7005
23.6094
23.5186
23.4282
23.3382
23.2486
23.1595
23.0708
22.9826
22.8949
22.8078
22.7212
22.6351
22.5497
22.4649
22.3807
22.2972
22.2143
22.1322
22.0508
21.9701
21.8902
21.8111
21.7327
21.6552
21.5786
21.5028
21.4278
21.3538
21.2807
21.2086
21.1373
21.0671
20.9979
20.9296
20.8624
20.7962
20.7311
20.6671
20.6041
20.5423
20.4815
20.422
20.3635
20.3063
20.2502
20.1953
20.1416
20.0891
20.0379
19.988
19.9392
19.8918
19.8457
19.8008
19.7573
19.715
19.6741
19.6346
19.5964
19.5596
19.5241
19.49
19.4573
19.426
19.3961
19.3676
19.3405
19.3148
19.2906
19.2678
19.2465
19.2266
19.2082
19.1912
19.1757
19.1616
19.149
19.1379
19.1283
19.1201
19.1134
19.1083
19.1045
19.1023
19.1016
