25
24.9659
24.9318
24.8977
24.8636
24.8295
24.7955
24.7616
24.7277
24.6939
24.6601
24.6265
24.5929
24.5595
24.5261
24.4929
24.4598
24.4268
24.394
24.3613
24.3288
24.2965
24.2643
24.2324
24.2006
24.169
24.1376
24.1065
24.0755
24.0448
24.0144
23.9842
23.9542
23.9245
23.8951
23.866
23.8371
23.8086
23.7803
23.7523
23.7247
23.6974
23.6704
23.6437
23.6174
23.5914
23.5658
23.5406
23.5157
23.4912
23.467
23.4433
23.4199
23.397
23.3744
23.3523
23.3306
23.3093
23.2884
23.2679
23.2479
23.2283
23.2092
23.1905
23.1723
23.1545
23.1372
23.1204
23.1041
23.0882
23.0728
23.0579
23.0434
23.0295
23.0161
23.0031
22.9907
22.9788
22.9674
22.9565
22.9461
22.9362
22.9268
22.918
22.9097
22.9019
22.8947
22.8879
22.8817
22.8761
22.871
22.8664
22.8623
22.8588
22.8558
22.8534
22.8515
22.8501
22.8493
22.8491
