25
24.8858
24.7716
24.6575
24.5435
24.4296
24.3158
24.2022
24.0888
23.9756
23.8627
23.7501
23.6378
23.5258
23.4142
23.303
23.1922
23.0819
22.9721
22.8628
22.754
22.6458
22.5382
22.4312
22.3248
22.2191
22.1141
22.0099
21.9064
21.8036
21.7017
21.6006
21.5004
21.401
21.3026
21.2051
21.1085
21.0129
20.9183
20.8248
20.7323
20.6409
20.5505
20.4613
20.3733
20.2864
20.2006
20.1161
20.0329
19.9508
19.8701
19.7906
19.7125
19.6357
19.5602
19.4861
19.4134
19.3421
19.2722
19.2037
19.1368
19.0713
19.0072
18.9447
18.8838
18.8243
18.7664
18.7101
18.6554
18.6023
18.5507
18.5008
18.4526
18.406
18.361
18.3177
18.2761
18.2362
18.198
18.1615
18.1267
18.0937
18.0624
18.0328
18.005
17.979
17.9547
17.9322
17.9115
17.8925
17.8754
17.86
17.8465
17.8347
17.8248
17.8166
17.8103
17.8057
17.803
17.8021
