25
24.9815
24.9631
24.9446
24.9262
24.9077
24.8893
24.871
24.8526
24.8343
24.8161
24.7978
24.7797
24.7616
24.7435
24.7255
24.7076
24.6898
24.672
24.6543
24.6367
24.6192
24.6018
24.5845
24.5673
24.5502
24.5333
24.5164
24.4996
24.483
24.4665
24.4502
24.434
24.4179
24.402
24.3862
24.3706
24.3551
24.3398
24.3247
24.3098
24.295
24.2804
24.2659
24.2517
24.2376
24.2238
24.2101
24.1966
24.1834
24.1703
24.1575
24.1448
24.1324
24.1202
24.1082
24.0964
24.0849
24.0736
24.0625
24.0517
24.0411
24.0308
24.0206
24.0108
24.0012
23.9918
23.9827
23.9738
23.9652
23.9569
23.9488
23.941
23.9335
23.9262
23.9192
23.9125
23.906
23.8999
23.894
23.8883
23.883
23.8779
23.8731
23.8687
23.8644
23.8605
23.8569
23.8535
23.8505
23.8477
23.8452
23.843
23.8411
23.8395
23.8382
23.8372
23.8364
23.836
23.8358
