25
24.7664
24.5328
24.2994
24.0661
23.8331
23.6004
23.3681
23.1361
22.9047
22.6737
22.4434
22.2137
21.9848
21.7566
21.5292
21.3028
21.0772
20.8527
20.6293
20.4069
20.1858
19.9658
19.7472
19.5299
19.3139
19.0995
18.8865
18.6751
18.4654
18.2573
18.0509
17.8462
17.6434
17.4425
17.2435
17.0465
16.8515
16.6586
16.4678
16.2791
16.0927
15.9086
15.7267
15.5472
15.3701
15.1955
15.0233
14.8537
14.6866
14.5222
14.3604
14.2013
14.0449
13.8913
13.7405
13.5925
13.4475
13.3053
13.1661
13.0299
12.8967
12.7666
12.6395
12.5156
12.3948
12.2772
12.1628
12.0516
11.9436
11.839
11.7377
11.6397
11.545
11.4537
11.3659
11.2814
11.2004
11.1229
11.0488
10.9783
10.9113
10.8478
10.7878
10.7314
10.6786
10.6293
10.5837
10.5417
10.5033
10.4685
10.4374
10.4099
10.386
10.3659
10.3493
10.3365
10.3273
10.3218
10.32
