25
24.7403
24.4808
24.2213
23.9621
23.7031
23.4445
23.1863
22.9285
22.6713
22.4147
22.1588
21.9036
21.6492
21.3957
21.1432
20.8916
20.6412
20.3918
20.1437
19.8968
19.6513
19.4071
19.1645
18.9233
18.6837
18.4457
18.2095
17.975
17.7424
17.5116
17.2827
17.0559
16.8311
16.6084
16.3879
16.1696
15.9536
15.74
15.5287
15.3198
15.1135
14.9096
14.7084
14.5098
14.3139
14.1207
13.9304
13.7428
13.5581
13.3764
13.1976
13.0218
12.8491
12.6794
12.5129
12.3496
12.1894
12.0326
11.879
11.7287
11.5818
11.4382
11.2981
11.1615
11.0283
10.8987
10.7726
10.6501
10.5312
10.4159
10.3043
10.1964
10.0922
9.99173
9.89501
9.80207
9.71294
9.62762
9.54615
9.46853
9.39479
9.32494
9.259
9.19699
9.1389
9.08477
9.0346
8.9884
8.94619
8.90797
8.87374
8.84353
8.81733
8.79515
8.777
8.76288
8.75279
8.74674
8.74472
