25
24.9331
24.8661
24.7993
24.7324
24.6657
24.599
24.5324
24.4659
24.3996
24.3334
24.2674
24.2016
24.136
24.0706
24.0054
23.9405
23.8758
23.8114
23.7474
23.6836
23.6202
23.5571
23.4944
23.4321
23.3701
23.3086
23.2475
23.1868
23.1266
23.0669
23.0076
22.9489
22.8906
22.8329
22.7758
22.7192
22.6632
22.6077
22.5529
22.4987
22.4451
22.3922
22.3399
22.2883
22.2373
22.1871
22.1376
22.0888
22.0407
21.9933
21.9468
21.901
21.8559
21.8117
21.7683
21.7257
21.6839
21.6429
21.6028
21.5635
21.5251
21.4876
21.451
21.4152
21.3804
21.3465
21.3135
21.2814
21.2503
21.2201
21.1908
21.1625
21.1352
21.1088
21.0835
21.0591
21.0357
21.0133
20.9919
20.9715
20.9522
20.9338
20.9165
20.9002
20.8849
20.8707
20.8575
20.8454
20.8343
20.8242
20.8152
20.8073
20.8004
20.7946
20.7898
20.7861
20.7834
20.7818
20.7813
