25
24.9369
24.8739
24.8109
24.7479
24.6851
24.6222
24.5595
24.4969
24.4344
24.3721
24.3099
24.2479
24.1861
24.1245
24.0631
24.0019
23.941
23.8804
23.82
23.7599
23.7002
23.6408
23.5817
23.523
23.4646
23.4067
23.3491
23.2919
23.2352
23.179
23.1231
23.0678
23.0129
22.9586
22.9047
22.8514
22.7987
22.7464
22.6948
22.6437
22.5932
22.5434
22.4941
22.4455
22.3975
22.3502
22.3035
22.2576
22.2123
22.1677
22.1238
22.0807
22.0382
21.9966
21.9557
21.9155
21.8761
21.8376
21.7998
21.7628
21.7266
21.6913
21.6568
21.6231
21.5903
21.5583
21.5272
21.497
21.4677
21.4392
21.4117
21.385
21.3593
21.3345
21.3106
21.2876
21.2656
21.2445
21.2243
21.2051
21.1869
21.1696
21.1533
21.1379
21.1235
21.1101
21.0977
21.0863
21.0758
21.0663
21.0579
21.0504
21.0439
21.0384
21.0339
21.0304
21.0279
21.0264
21.0259
