25
24.9083
24.8165
24.7249
24.6333
24.5418
24.4504
24.3591
24.268
24.1771
24.0864
23.9959
23.9057
23.8158
23.7261
23.6368
23.5478
23.4592
23.371
23.2832
23.1958
23.1088
23.0224
22.9364
22.851
22.7661
22.6818
22.598
22.5149
22.4323
22.3505
22.2693
22.1887
22.1089
22.0298
21.9515
21.8739
21.7971
21.7212
21.646
21.5717
21.4983
21.4257
21.354
21.2833
21.2135
21.1446
21.0768
21.0099
20.944
20.8791
20.8153
20.7525
20.6908
20.6301
20.5706
20.5122
20.4549
20.3988
20.3438
20.29
20.2374
20.186
20.1357
20.0868
20.039
19.9925
19.9473
19.9033
19.8606
19.8192
19.7791
19.7404
19.7029
19.6668
19.632
19.5986
19.5666
19.5359
19.5065
19.4786
19.4521
19.4269
19.4032
19.3808
19.3599
19.3404
19.3223
19.3057
19.2905
19.2767
19.2644
19.2535
19.244
19.236
19.2295
19.2244
19.2208
19.2186
19.2178
