25
24.512
24.0244
23.5373
23.0511
22.5661
22.0825
21.6008
21.121
20.6436
20.1687
19.6968
19.2279
18.7625
18.3007
17.8428
17.3891
16.9397
16.4949
16.055
15.62
15.1904
14.7661
14.3474
13.9346
13.5277
13.1268
12.7323
12.3441
11.9625
11.5875
11.2192
10.8577
10.5032
10.1557
9.81527
9.48195
9.1558
8.83687
8.52517
8.22074
7.92358
7.6337
7.35108
7.07572
6.8076
6.54668
6.29292
6.04629
5.80673
5.57418
5.34859
5.12988
4.91798
4.7128
4.51428
4.32231
4.13681
3.95767
3.78481
3.61812
3.45749
3.30282
3.154
3.01092
2.87347
2.74154
2.61501
2.49378
2.37772
2.26674
2.16072
2.05955
1.96312
1.87132
1.78406
1.70122
1.6227
1.54842
1.47827
1.41216
1.35
1.29172
1.23722
1.18643
1.13927
1.09568
1.05558
1.01893
0.985654
0.955709
0.929046
0.905621
0.885397
0.86834
0.854423
0.843623
0.835921
0.831305
0.829767
