25
24.8102
24.6204
24.4307
24.2412
24.0518
23.8627
23.6739
23.4854
23.2973
23.1096
22.9224
22.7358
22.5497
22.3642
22.1794
21.9953
21.8119
21.6294
21.4477
21.2669
21.087
20.9082
20.7304
20.5536
20.378
20.2035
20.0303
19.8583
19.6876
19.5182
19.3503
19.1837
19.0186
18.8551
18.693
18.5326
18.3738
18.2167
18.0613
17.9076
17.7558
17.6057
17.4575
17.3112
17.1669
17.0245
16.8842
16.7459
16.6096
16.4755
16.3436
16.2138
16.0862
15.9609
15.8378
15.7171
15.5987
15.4827
15.369
15.2578
15.1491
15.0428
14.939
14.8378
14.7391
14.643
14.5496
14.4587
14.3705
14.285
14.2022
14.122
14.0447
13.9701
13.8982
13.8292
13.7629
13.6995
13.6389
13.5812
13.5264
13.4745
13.4254
13.3793
13.336
13.2958
13.2584
13.224
13.1926
13.1642
13.1387
13.1162
13.0967
13.0801
13.0666
13.0561
13.0486
13.0441
13.0426
