25
24.5497
24.0996
23.6499
23.201
22.753
22.3061
21.8606
21.4168
20.9747
20.5347
20.097
19.6618
19.2292
18.7996
18.373
17.9497
17.5299
17.1138
16.7015
16.2933
15.8892
15.4895
15.0943
14.7038
14.3181
13.9374
13.5617
13.1913
12.8261
12.4664
12.1123
11.7637
11.4209
11.0839
10.7528
10.4277
10.1085
9.79542
9.48845
9.18763
8.89301
8.6046
8.32242
8.0465
7.77685
7.51345
7.25632
7.00544
6.7608
6.52238
6.29016
6.0641
5.84418
5.63035
5.42258
5.22081
5.02501
4.83511
4.65106
4.4728
4.30028
4.13342
3.97216
3.81644
3.66619
3.52133
3.3818
3.24751
3.11841
2.99441
2.87545
2.76145
2.65233
2.54803
2.44848
2.3536
2.26332
2.17758
2.09631
2.01945
1.94694
1.8787
1.8147
1.75487
1.69915
1.64751
1.59988
1.55623
1.51652
1.48071
1.44876
1.42065
1.39634
1.37581
1.35904
1.34601
1.33672
1.33115
1.32929
