25
24.9768
24.9536
24.9304
24.9072
24.884
24.8609
24.8378
24.8147
24.7917
24.7687
24.7458
24.723
24.7002
24.6775
24.6549
24.6324
24.61
24.5876
24.5654
24.5433
24.5213
24.4994
24.4776
24.456
24.4345
24.4132
24.392
24.3709
24.35
24.3293
24.3087
24.2884
24.2681
24.2481
24.2283
24.2087
24.1892
24.17
24.151
24.1322
24.1136
24.0952
24.0771
24.0591
24.0415
24.024
24.0069
23.9899
23.9732
23.9568
23.9407
23.9248
23.9092
23.8938
23.8787
23.864
23.8495
23.8352
23.8213
23.8077
23.7944
23.7814
23.7687
23.7563
23.7442
23.7324
23.7209
23.7098
23.699
23.6885
23.6784
23.6686
23.6591
23.6499
23.6411
23.6327
23.6246
23.6168
23.6094
23.6023
23.5956
23.5892
23.5832
23.5776
23.5723
23.5673
23.5627
23.5585
23.5547
23.5512
23.5481
23.5453
23.5429
23.5409
23.5392
23.538
23.537
23.5365
23.5363
