25
24.6665
24.3332
24
23.6672
23.3348
23.0028
22.6715
22.341
22.0112
21.6824
21.3546
21.0279
20.7025
20.3783
20.0556
19.7344
19.4148
19.0969
18.7808
18.4666
18.1544
17.8443
17.5363
17.2305
16.9271
16.6261
16.3276
16.0317
15.7384
15.4479
15.1602
14.8754
14.5935
14.3147
14.0389
13.7663
13.497
13.231
12.9683
12.7091
12.4533
12.2011
11.9524
11.7074
11.4662
11.2286
10.9949
10.765
10.5391
10.317
10.099
9.8849
9.67492
9.46903
9.26727
9.06967
8.87627
8.68711
8.5022
8.32157
8.14526
7.97329
7.80569
7.64247
7.48366
7.32927
7.17934
7.03387
6.89288
6.75639
6.62442
6.49697
6.37407
6.25572
6.14194
6.03273
5.92811
5.82808
5.73266
5.64185
5.55566
5.4741
5.39717
5.32487
5.25722
5.19422
5.13587
5.08217
5.03313
4.98875
4.94904
4.91399
4.88362
4.85791
4.83688
4.82052
4.80883
4.80182
4.79948
