25
24.965
24.9299
24.8949
24.8599
24.825
24.79
24.7552
24.7204
24.6857
24.651
24.6164
24.582
24.5476
24.5134
24.4793
24.4453
24.4114
24.3777
24.3442
24.3108
24.2776
24.2445
24.2117
24.1791
24.1466
24.1144
24.0824
24.0507
24.0191
23.9879
23.9568
23.9261
23.8956
23.8654
23.8355
23.8058
23.7765
23.7475
23.7188
23.6904
23.6623
23.6346
23.6072
23.5802
23.5535
23.5272
23.5013
23.4758
23.4506
23.4258
23.4014
23.3774
23.3539
23.3307
23.308
23.2856
23.2638
23.2423
23.2213
23.2008
23.1807
23.161
23.1418
23.1231
23.1049
23.0871
23.0698
23.053
23.0367
23.0209
23.0056
22.9908
22.9765
22.9627
22.9494
22.9367
22.9244
22.9127
22.9015
22.8908
22.8807
22.8711
22.862
22.8535
22.8455
22.838
22.8311
22.8248
22.8189
22.8137
22.809
22.8048
22.8012
22.7981
22.7956
22.7937
22.7923
22.7915
22.7912
