25
24.6567
24.3135
23.9705
23.6279
23.2857
22.944
22.603
22.2628
21.9235
21.5851
21.2478
20.9118
20.577
20.2437
19.9118
19.5816
19.2531
18.9264
18.6016
18.2788
17.9581
17.6396
17.3235
17.0097
16.6983
16.3896
16.0834
15.7801
15.4795
15.1818
14.8871
14.5954
14.3069
14.0215
13.7395
13.4607
13.1854
12.9136
12.6453
12.3805
12.1195
11.8621
11.6085
11.3587
11.1128
10.8709
10.6328
10.3988
10.1689
9.94305
9.72135
9.50382
9.2905
9.08143
8.87664
8.67616
8.48001
8.28824
8.10086
7.91789
7.73937
7.56531
7.39574
7.23066
7.07011
6.91409
6.76263
6.61573
6.4734
6.33567
6.20255
6.07403
5.95014
5.83087
5.71624
5.60626
5.50093
5.40025
5.30423
5.21288
5.1262
5.04419
4.96686
4.8942
4.82622
4.76293
4.70432
4.65039
4.60115
4.5566
4.51674
4.48156
4.45108
4.42528
4.40417
4.38776
4.37603
4.369
4.36665
