25
24.8344
24.6688
24.5033
24.3379
24.1727
24.0077
23.8429
23.6784
23.5143
23.3505
23.1872
23.0243
22.8619
22.7001
22.5388
22.3782
22.2182
22.0589
21.9003
21.7426
21.5856
21.4296
21.2744
21.1201
20.9669
20.8146
20.6634
20.5133
20.3643
20.2165
20.0699
19.9246
19.7805
19.6377
19.4963
19.3563
19.2177
19.0806
18.9449
18.8108
18.6782
18.5472
18.4179
18.2902
18.1642
18.0399
17.9173
17.7966
17.6777
17.5606
17.4454
17.3321
17.2207
17.1113
17.0038
16.8984
16.795
16.6937
16.5945
16.4974
16.4024
16.3096
16.219
16.1306
16.0444
15.9605
15.8788
15.7995
15.7225
15.6478
15.5754
15.5055
15.4379
15.3727
15.31
15.2497
15.1918
15.1364
15.0835
15.0331
14.9852
14.9398
14.897
14.8567
14.8189
14.7838
14.7511
14.7211
14.6936
14.6688
14.6465
14.6269
14.6098
14.5954
14.5836
14.5744
14.5678
14.5639
14.5626
