25
24.9499
24.8997
24.8496
24.7995
24.7495
24.6995
24.6497
24.5999
24.5502
24.5006
24.4511
24.4018
24.3526
24.3036
24.2548
24.2062
24.1577
24.1095
24.0615
24.0137
23.9662
23.9189
23.8719
23.8252
23.7788
23.7327
23.6869
23.6415
23.5964
23.5516
23.5072
23.4632
23.4196
23.3764
23.3335
23.2911
23.2492
23.2076
23.1665
23.1259
23.0858
23.0461
23.0069
22.9683
22.9301
22.8925
22.8554
22.8188
22.7828
22.7473
22.7124
22.6781
22.6443
22.6112
22.5787
22.5467
22.5154
22.4847
22.4547
22.4253
22.3965
22.3684
22.3409
22.3142
22.2881
22.2626
22.2379
22.2139
22.1905
22.1679
22.146
22.1248
22.1043
22.0846
22.0656
22.0473
22.0298
22.013
21.997
21.9817
21.9672
21.9535
21.9405
21.9283
21.9168
21.9062
21.8963
21.8872
21.8789
21.8713
21.8646
21.8587
21.8535
21.8491
21.8455
21.8428
21.8408
21.8396
21.8392
