25
24.9726
24.9452
24.9178
24.8904
24.8631
24.8358
24.8085
24.7813
24.7541
24.727
24.7
24.673
24.6461
24.6193
24.5926
24.566
24.5396
24.5132
24.487
24.4608
24.4349
24.409
24.3833
24.3578
24.3324
24.3072
24.2822
24.2574
24.2327
24.2082
24.184
24.1599
24.1361
24.1124
24.089
24.0658
24.0429
24.0202
23.9977
23.9755
23.9536
23.9319
23.9105
23.8893
23.8685
23.8479
23.8276
23.8076
23.7879
23.7686
23.7495
23.7307
23.7123
23.6942
23.6764
23.6589
23.6418
23.625
23.6086
23.5925
23.5768
23.5614
23.5464
23.5318
23.5175
23.5036
23.4901
23.477
23.4642
23.4518
23.4399
23.4283
23.4171
23.4063
23.3959
23.3859
23.3763
23.3672
23.3584
23.3501
23.3421
23.3346
23.3275
23.3208
23.3146
23.3088
23.3034
23.2984
23.2938
23.2897
23.286
23.2828
23.28
23.2776
23.2756
23.2741
23.273
23.2723
23.2721
