25
24.9461
24.8921
24.8382
24.7843
24.7305
24.6768
24.6231
24.5696
24.5161
24.4628
24.4096
24.3565
24.3036
24.2509
24.1984
24.146
24.0939
24.0421
23.9904
23.939
23.8879
23.8371
23.7865
23.7363
23.6863
23.6368
23.5875
23.5386
23.4901
23.4419
23.3942
23.3468
23.2999
23.2534
23.2073
23.1617
23.1166
23.0719
23.0277
22.984
22.9408
22.8981
22.856
22.8144
22.7733
22.7328
22.6929
22.6536
22.6148
22.5767
22.5392
22.5022
22.4659
22.4303
22.3953
22.3609
22.3273
22.2942
22.2619
22.2303
22.1993
22.1691
22.1396
22.1108
22.0827
22.0553
22.0287
22.0029
21.9778
21.9534
21.9299
21.9071
21.885
21.8638
21.8434
21.8237
21.8048
21.7868
21.7696
21.7531
21.7375
21.7227
21.7088
21.6956
21.6833
21.6719
21.6612
21.6514
21.6425
21.6344
21.6271
21.6207
21.6152
21.6105
21.6066
21.6036
21.6015
21.6002
21.5998
