25
24.8408
24.6817
24.5227
24.3638
24.205
24.0464
23.8881
23.7301
23.5724
23.415
23.258
23.1015
22.9455
22.79
22.635
22.4806
22.3269
22.1738
22.0215
21.8699
21.719
21.5691
21.4199
21.2717
21.1244
20.9781
20.8328
20.6886
20.5454
20.4034
20.2625
20.1229
19.9844
19.8472
19.7113
19.5768
19.4436
19.3118
19.1814
19.0525
18.9251
18.7992
18.6749
18.5522
18.4311
18.3117
18.1939
18.0779
17.9636
17.8511
17.7404
17.6315
17.5244
17.4193
17.316
17.2147
17.1154
17.018
16.9227
16.8293
16.7381
16.6489
16.5618
16.4768
16.394
16.3134
16.2349
16.1587
16.0846
16.0128
15.9433
15.8761
15.8111
15.7485
15.6882
15.6302
15.5746
15.5214
15.4706
15.4221
15.3761
15.3325
15.2913
15.2526
15.2163
15.1825
15.1511
15.1223
15.0959
15.072
15.0506
15.0317
15.0153
15.0015
14.9901
14.9813
14.975
14.9712
14.9699
