25
24.9253
24.8507
24.776
24.7015
24.627
24.5526
24.4783
24.4041
24.3301
24.2563
24.1826
24.1092
24.036
23.963
23.8903
23.8179
23.7457
23.6739
23.6024
23.5313
23.4605
23.3901
23.3202
23.2506
23.1815
23.1128
23.0447
22.977
22.9098
22.8432
22.777
22.7115
22.6465
22.5822
22.5184
22.4552
22.3927
22.3309
22.2697
22.2092
22.1494
22.0904
22.032
21.9744
21.9176
21.8616
21.8063
21.7518
21.6982
21.6454
21.5934
21.5423
21.4921
21.4427
21.3943
21.3467
21.3001
21.2544
21.2096
21.1658
21.123
21.0811
21.0403
21.0004
20.9615
20.9237
20.8868
20.8511
20.8163
20.7826
20.75
20.7184
20.6879
20.6585
20.6302
20.603
20.5769
20.5519
20.5281
20.5053
20.4837
20.4633
20.4439
20.4257
20.4087
20.3928
20.3781
20.3646
20.3522
20.341
20.3309
20.3221
20.3144
20.3079
20.3025
20.2984
20.2954
20.2937
20.2931
