25
24.9268
24.8536
24.7804
24.7074
24.6343
24.5614
24.4886
24.4159
24.3433
24.271
24.1988
24.1268
24.055
23.9835
23.9122
23.8412
23.7705
23.7
23.63
23.5602
23.4909
23.4219
23.3533
23.2851
23.2173
23.15
23.0832
23.0169
22.951
22.8857
22.8209
22.7566
22.6929
22.6298
22.5673
22.5054
22.4441
22.3835
22.3235
22.2642
22.2056
22.1477
22.0905
22.0341
21.9784
21.9234
21.8693
21.8159
21.7633
21.7115
21.6606
21.6105
21.5612
21.5129
21.4654
21.4187
21.373
21.3282
21.2844
21.2414
21.1994
21.1584
21.1183
21.0792
21.0411
21.004
20.9679
20.9328
20.8988
20.8658
20.8338
20.8028
20.7729
20.7441
20.7164
20.6897
20.6641
20.6396
20.6162
20.5939
20.5728
20.5527
20.5337
20.5159
20.4992
20.4837
20.4692
20.456
20.4438
20.4328
20.423
20.4143
20.4067
20.4004
20.3951
20.3911
20.3882
20.3864
20.3859
