25
24.915
24.83
24.7451
24.6602
24.5754
24.4908
24.4062
24.3218
24.2376
24.1535
24.0697
23.9861
23.9028
23.8197
23.737
23.6545
23.5724
23.4907
23.4093
23.3284
23.2478
23.1677
23.0881
23.0089
22.9302
22.8521
22.7745
22.6975
22.621
22.5452
22.4699
22.3953
22.3214
22.2481
22.1755
22.1036
22.0325
21.9621
21.8925
21.8236
21.7556
21.6884
21.622
21.5564
21.4917
21.4279
21.365
21.3031
21.242
21.1819
21.1228
21.0646
21.0074
20.9512
20.8961
20.842
20.7889
20.7369
20.686
20.6361
20.5873
20.5397
20.4932
20.4478
20.4036
20.3605
20.3186
20.2778
20.2383
20.1999
20.1628
20.1269
20.0922
20.0587
20.0265
19.9955
19.9658
19.9374
19.9102
19.8843
19.8597
19.8364
19.8144
19.7937
19.7744
19.7563
19.7395
19.7241
19.71
19.6973
19.6858
19.6757
19.667
19.6596
19.6535
19.6488
19.6454
19.6434
19.6427
