25
24.8602
24.7204
24.5807
24.441
24.3016
24.1623
24.0232
23.8843
23.7458
23.6075
23.4696
23.3321
23.195
23.0584
22.9222
22.7866
22.6515
22.517
22.3832
22.25
22.1175
21.9857
21.8547
21.7245
21.5951
21.4666
21.3389
21.2122
21.0864
20.9616
20.8378
20.7151
20.5935
20.4729
20.3535
20.2353
20.1183
20.0025
19.8879
19.7747
19.6628
19.5522
19.4429
19.3351
19.2287
19.1238
19.0203
18.9184
18.8179
18.7191
18.6218
18.5261
18.432
18.3396
18.2489
18.1599
18.0726
17.987
17.9032
17.8212
17.741
17.6627
17.5862
17.5115
17.4387
17.3679
17.2989
17.2319
17.1669
17.1038
17.0427
16.9836
16.9265
16.8715
16.8185
16.7676
16.7187
16.6719
16.6272
16.5847
16.5442
16.5059
16.4697
16.4357
16.4038
16.3741
16.3465
16.3211
16.298
16.277
16.2582
16.2416
16.2272
16.215
16.205
16.1973
16.1917
16.1884
16.1873
