25
24.917
24.8339
24.7509
24.668
24.5852
24.5025
24.4198
24.3374
24.2551
24.173
24.0911
24.0094
23.928
23.8468
23.766
23.6854
23.6052
23.5253
23.4458
23.3667
23.288
23.2098
23.132
23.0546
22.9778
22.9014
22.8256
22.7503
22.6756
22.6015
22.528
22.4551
22.3829
22.3113
22.2404
22.1701
22.1006
22.0319
21.9638
21.8966
21.8301
21.7644
21.6995
21.6355
21.5723
21.51
21.4485
21.3879
21.3283
21.2696
21.2118
21.155
21.0991
21.0442
20.9903
20.9374
20.8856
20.8348
20.785
20.7363
20.6887
20.6421
20.5967
20.5523
20.5091
20.467
20.426
20.3862
20.3476
20.3101
20.2738
20.2388
20.2049
20.1722
20.1407
20.1104
20.0814
20.0536
20.0271
20.0018
19.9778
19.955
19.9335
19.9133
19.8943
19.8767
19.8603
19.8453
19.8315
19.819
19.8079
19.798
19.7894
19.7822
19.7763
19.7717
19.7684
19.7664
19.7657
