25
24.9223
24.8446
24.7669
24.6893
24.6118
24.5344
24.4571
24.3799
24.3029
24.2261
24.1494
24.073
23.9968
23.9209
23.8452
23.7698
23.6948
23.62
23.5456
23.4716
23.398
23.3247
23.2519
23.1795
23.1076
23.0362
22.9652
22.8948
22.8249
22.7555
22.6867
22.6185
22.5509
22.4839
22.4176
22.3519
22.2868
22.2225
22.1588
22.0958
22.0336
21.9722
21.9115
21.8515
21.7924
21.7341
21.6766
21.6199
21.5641
21.5091
21.455
21.4019
21.3496
21.2982
21.2478
21.1983
21.1498
21.1022
21.0557
21.0101
20.9655
20.9219
20.8794
20.8379
20.7975
20.7581
20.7198
20.6825
20.6463
20.6113
20.5773
20.5445
20.5128
20.4822
20.4527
20.4244
20.3972
20.3712
20.3464
20.3227
20.3003
20.279
20.2588
20.2399
20.2222
20.2057
20.1904
20.1763
20.1634
20.1517
20.1413
20.132
20.124
20.1173
20.1117
20.1074
20.1043
20.1025
20.1018
