25
24.8414
24.6828
24.5243
24.3659
24.2076
24.0496
23.8918
23.7343
23.5771
23.4203
23.2638
23.1078
22.9523
22.7973
22.6428
22.489
22.3357
22.1832
22.0313
21.8802
21.7299
21.5804
21.4318
21.2841
21.1373
20.9915
20.8467
20.7029
20.5602
20.4186
20.2782
20.139
20.001
19.8643
19.7288
19.5947
19.462
19.3306
19.2007
19.0722
18.9452
18.8198
18.6959
18.5736
18.4529
18.3339
18.2165
18.1009
17.9869
17.8748
17.7644
17.6559
17.5492
17.4444
17.3415
17.2405
17.1415
17.0445
16.9494
16.8564
16.7654
16.6765
16.5897
16.5051
16.4225
16.3421
16.2639
16.1879
16.1142
16.0426
15.9733
15.9063
15.8416
15.7791
15.719
15.6613
15.6059
15.5528
15.5021
15.4538
15.408
15.3645
15.3235
15.2849
15.2487
15.215
15.1837
15.155
15.1287
15.1049
15.0835
15.0647
15.0484
15.0346
15.0233
15.0145
15.0082
15.0044
15.0031
