25
24.6477
24.2955
23.9436
23.592
23.2409
22.8904
22.5405
22.1915
21.8434
21.4964
21.1505
20.8059
20.4627
20.121
19.7809
19.4425
19.1059
18.7712
18.4386
18.108
17.7798
17.4538
17.1303
16.8093
16.4909
16.1752
15.8623
15.5522
15.2452
14.9412
14.6403
14.3426
14.0483
13.7572
13.4697
13.1856
12.9051
12.6282
12.355
12.0856
11.8201
11.5583
11.3006
11.0468
10.797
10.5513
10.3098
10.0724
9.83926
9.61034
9.38572
9.16542
8.94948
8.73792
8.53078
8.32809
8.12987
7.93615
7.74694
7.56227
7.38215
7.20662
7.03567
6.86933
6.70761
6.55052
6.39807
6.25027
6.10714
5.96867
5.83488
5.70577
5.58135
5.46162
5.34658
5.23623
5.13059
5.02964
4.9334
4.84186
4.75502
4.67288
4.59544
4.52271
4.45467
4.39133
4.3327
4.27876
4.22951
4.18496
4.1451
4.10994
4.07946
4.05368
4.03258
4.01618
4.00446
3.99743
3.99508
