25
24.8247
24.6495
24.4744
24.2994
24.1246
23.95
23.7757
23.6016
23.428
23.2547
23.0818
22.9095
22.7377
22.5664
22.3958
22.2258
22.0565
21.888
21.7202
21.5533
21.3872
21.2221
21.0579
20.8947
20.7325
20.5714
20.4114
20.2526
20.095
19.9386
19.7835
19.6297
19.4773
19.3262
19.1766
19.0285
18.8818
18.7367
18.5932
18.4513
18.311
18.1725
18.0356
17.9005
17.7672
17.6357
17.5061
17.3783
17.2525
17.1286
17.0067
16.8869
16.769
16.6533
16.5396
16.4281
16.3187
16.2115
16.1066
16.0038
15.9034
15.8052
15.7093
15.6158
15.5247
15.4359
15.3495
15.2656
15.1841
15.1051
15.0286
14.9546
14.8831
14.8141
14.7478
14.684
14.6228
14.5642
14.5082
14.4549
14.4042
14.3562
14.3109
14.2683
14.2283
14.1911
14.1566
14.1248
14.0958
14.0695
14.046
14.0252
14.0072
13.9919
13.9794
13.9697
13.9627
13.9586
13.9572
