25
24.98
24.96
24.94
24.92
24.9001
24.8802
24.8603
24.8404
24.8206
24.8008
24.7811
24.7614
24.7418
24.7223
24.7028
24.6834
24.6641
24.6448
24.6257
24.6066
24.5877
24.5688
24.5501
24.5315
24.5129
24.4946
24.4763
24.4582
24.4402
24.4223
24.4046
24.3871
24.3697
24.3524
24.3353
24.3184
24.3017
24.2851
24.2687
24.2525
24.2365
24.2207
24.2051
24.1897
24.1744
24.1594
24.1446
24.13
24.1157
24.1015
24.0876
24.0739
24.0605
24.0472
24.0343
24.0215
24.009
23.9968
23.9848
23.9731
23.9616
23.9504
23.9395
23.9288
23.9184
23.9082
23.8984
23.8888
23.8795
23.8704
23.8617
23.8533
23.8451
23.8372
23.8296
23.8223
23.8154
23.8087
23.8023
23.7962
23.7904
23.7849
23.7797
23.7749
23.7703
23.7661
23.7621
23.7585
23.7552
23.7522
23.7495
23.7471
23.745
23.7433
23.7419
23.7408
23.74
23.7395
23.7393
