25
24.3642
23.7291
23.0953
22.4635
21.8343
21.2084
20.5863
19.9687
19.3562
18.7494
18.1489
17.5551
16.9687
16.3901
15.8198
15.2583
14.706
14.1633
13.6306
13.1082
12.5965
12.0957
11.6062
11.1281
10.6617
10.207
9.7644
9.33386
8.9155
8.50939
8.11557
7.73403
7.36477
7.00774
6.66288
6.33011
6.00931
5.70037
5.40312
5.11741
4.84306
4.57987
4.32763
4.08612
3.85511
3.63434
3.42356
3.22253
3.03095
2.84858
2.67512
2.51029
2.35382
2.20541
2.06479
1.93166
1.80576
1.68678
1.57447
1.46854
1.36872
1.27475
1.18636
1.10331
1.02535
0.952219
0.8837
0.819559
0.759575
0.703534
0.651231
0.602467
0.557051
0.514802
0.475543
0.439109
0.40534
0.374085
0.345201
0.318552
0.29401
0.271454
0.250771
0.231856
0.21461
0.19894
0.184764
0.172001
0.160583
0.150443
0.141524
0.133775
0.12715
0.12161
0.117121
0.113658
0.111199
0.10973
0.109241
