25
24.899
24.798
24.6971
24.5962
24.4955
24.3948
24.2944
24.1941
24.094
23.9941
23.8945
23.7952
23.6961
23.5974
23.4991
23.4011
23.3036
23.2064
23.1097
23.0135
22.9178
22.8226
22.728
22.6339
22.5404
22.4476
22.3554
22.2638
22.173
22.0828
21.9934
21.9047
21.8169
21.7298
21.6435
21.5581
21.4736
21.39
21.3072
21.2254
21.1445
21.0646
20.9857
20.9079
20.831
20.7552
20.6804
20.6068
20.5342
20.4628
20.3925
20.3234
20.2555
20.1887
20.1232
20.0589
19.9958
19.934
19.8735
19.8142
19.7563
19.6997
19.6444
19.5904
19.5379
19.4867
19.4369
19.3885
19.3415
19.2959
19.2518
19.2091
19.1678
19.1281
19.0898
19.053
19.0177
18.9839
18.9516
18.9209
18.8916
18.864
18.8378
18.8132
18.7902
18.7687
18.7488
18.7305
18.7137
18.6986
18.685
18.673
18.6626
18.6538
18.6466
18.641
18.637
18.6346
18.6338
