25
24.6243
24.2487
23.8734
23.4985
23.1242
22.7506
22.3777
22.0059
21.6351
21.2656
20.8974
20.5308
20.1657
19.8024
19.441
19.0816
18.7243
18.3693
18.0166
17.6664
17.3188
16.974
16.6319
16.2927
15.9566
15.6236
15.2939
14.9674
14.6444
14.3249
14.009
13.6967
13.3883
13.0836
12.7829
12.4862
12.1935
11.9049
11.6205
11.3404
11.0645
10.7931
10.526
10.2633
10.0052
9.7516
9.50258
9.25818
9.01842
8.78333
8.55296
8.32731
8.10642
7.89031
7.67899
7.47247
7.27078
7.07393
6.88192
6.69476
6.51245
6.33501
6.16243
5.99472
5.83187
5.67389
5.52076
5.37249
5.22906
5.09048
4.95673
4.82781
4.70371
4.58441
4.46992
4.36021
4.25527
4.1551
4.05969
3.96902
3.88308
3.80186
3.72535
3.65354
3.58641
3.52397
3.46619
3.41307
3.3646
3.32077
3.28158
3.24702
3.21707
3.19174
3.17103
3.15492
3.14341
3.13651
3.13421
