25
24.8734
24.7469
24.6204
24.494
24.3678
24.2417
24.1157
23.9901
23.8646
23.7395
23.6147
23.4902
23.3661
23.2424
23.1191
22.9964
22.8741
22.7524
22.6312
22.5106
22.3907
22.2714
22.1528
22.0349
21.9178
21.8014
21.6859
21.5711
21.4573
21.3443
21.2323
21.1212
21.0111
20.902
20.7939
20.6868
20.5809
20.4761
20.3724
20.2699
20.1685
20.0684
19.9696
19.8719
19.7756
19.6806
19.587
19.4947
19.4038
19.3143
19.2262
19.1396
19.0544
18.9708
18.8887
18.8081
18.729
18.6516
18.5757
18.5015
18.4289
18.3579
18.2887
18.2211
18.1552
18.0911
18.0286
17.968
17.9091
17.852
17.7967
17.7432
17.6915
17.6417
17.5937
17.5476
17.5034
17.461
17.4206
17.382
17.3454
17.3107
17.278
17.2472
17.2183
17.1914
17.1664
17.1435
17.1225
17.1035
17.0865
17.0714
17.0584
17.0474
17.0383
17.0313
17.0263
17.0233
17.0223
