25
24.9437
24.8874
24.8311
24.7748
24.7187
24.6625
24.6065
24.5506
24.4948
24.4391
24.3835
24.3281
24.2729
24.2179
24.163
24.1084
24.054
23.9998
23.9459
23.8922
23.8389
23.7858
23.733
23.6806
23.6284
23.5767
23.5252
23.4742
23.4235
23.3732
23.3234
23.274
23.2249
23.1764
23.1283
23.0807
23.0335
22.9869
22.9407
22.8951
22.85
22.8055
22.7615
22.718
22.6752
22.6329
22.5912
22.5502
22.5097
22.4699
22.4307
22.3921
22.3542
22.317
22.2805
22.2446
22.2094
22.175
22.1412
22.1082
22.0759
22.0443
22.0135
21.9834
21.9541
21.9255
21.8977
21.8708
21.8445
21.8191
21.7945
21.7707
21.7477
21.7255
21.7042
21.6837
21.664
21.6452
21.6272
21.61
21.5937
21.5783
21.5637
21.55
21.5371
21.5252
21.5141
21.5038
21.4945
21.486
21.4785
21.4718
21.466
21.4611
21.457
21.4539
21.4517
21.4503
21.4499
