25
24.913
24.826
24.7391
24.6522
24.5655
24.4788
24.3923
24.3059
24.2197
24.1337
24.0479
23.9623
23.877
23.792
23.7073
23.6229
23.5389
23.4552
23.3719
23.2891
23.2066
23.1246
23.0431
22.9621
22.8816
22.8016
22.7222
22.6434
22.5651
22.4875
22.4105
22.3341
22.2584
22.1834
22.1091
22.0356
21.9628
21.8907
21.8195
21.749
21.6793
21.6105
21.5426
21.4755
21.4093
21.344
21.2796
21.2162
21.1537
21.0922
21.0316
20.9721
20.9136
20.8561
20.7997
20.7443
20.6899
20.6367
20.5846
20.5335
20.4836
20.4349
20.3873
20.3408
20.2955
20.2514
20.2085
20.1668
20.1264
20.0871
20.0491
20.0123
19.9768
19.9426
19.9096
19.8779
19.8475
19.8184
19.7906
19.7641
19.7389
19.7151
19.6926
19.6714
19.6516
19.6331
19.6159
19.6001
19.5857
19.5726
19.5609
19.5506
19.5417
19.5341
19.5279
19.523
19.5196
19.5175
19.5168
