25
24.9569
24.9139
24.8709
24.8279
24.785
24.7421
24.6993
24.6565
24.6138
24.5713
24.5288
24.4865
24.4443
24.4022
24.3603
24.3185
24.277
24.2356
24.1943
24.1533
24.1125
24.072
24.0316
23.9915
23.9517
23.9121
23.8728
23.8338
23.7951
23.7567
23.7186
23.6808
23.6433
23.6062
23.5694
23.533
23.497
23.4614
23.4261
23.3912
23.3568
23.3227
23.2891
23.2559
23.2231
23.1908
23.159
23.1276
23.0966
23.0662
23.0362
23.0068
22.9778
22.9494
22.9214
22.894
22.8672
22.8408
22.815
22.7898
22.7651
22.7409
22.7174
22.6944
22.672
22.6502
22.6289
22.6083
22.5883
22.5688
22.55
22.5318
22.5143
22.4973
22.481
22.4653
22.4503
22.4359
22.4221
22.409
22.3965
22.3847
22.3736
22.3631
22.3533
22.3442
22.3357
22.3279
22.3207
22.3143
22.3085
22.3034
22.2989
22.2952
22.2921
22.2897
22.288
22.287
22.2866
