25
24.9215
24.843
24.7646
24.6862
24.6079
24.5297
24.4517
24.3737
24.2959
24.2183
24.1409
24.0637
23.9868
23.9101
23.8337
23.7575
23.6817
23.6062
23.5311
23.4563
23.3819
23.308
23.2344
23.1613
23.0887
23.0165
22.9449
22.8737
22.8031
22.7331
22.6636
22.5947
22.5264
22.4588
22.3917
22.3254
22.2597
22.1947
22.1304
22.0668
22.004
21.9419
21.8806
21.82
21.7603
21.7014
21.6433
21.5861
21.5297
21.4742
21.4196
21.3659
21.3131
21.2612
21.2103
21.1603
21.1113
21.0632
21.0162
20.9702
20.9251
20.8811
20.8382
20.7963
20.7554
20.7156
20.6769
20.6393
20.6028
20.5674
20.5331
20.4999
20.4679
20.437
20.4072
20.3786
20.3512
20.3249
20.2998
20.2759
20.2532
20.2317
20.2114
20.1923
20.1744
20.1577
20.1422
20.128
20.115
20.1032
20.0926
20.0833
20.0752
20.0684
20.0628
20.0584
20.0553
20.0535
20.0528
