25
24.9612
24.9223
24.8835
24.8447
24.806
24.7673
24.7287
24.6901
24.6516
24.6132
24.5749
24.5367
24.4986
24.4607
24.4228
24.3852
24.3476
24.3103
24.2731
24.2361
24.1993
24.1627
24.1263
24.0901
24.0542
24.0185
23.983
23.9478
23.9129
23.8782
23.8438
23.8097
23.7759
23.7425
23.7093
23.6764
23.6439
23.6118
23.58
23.5485
23.5174
23.4867
23.4563
23.4264
23.3968
23.3677
23.3389
23.3106
23.2827
23.2552
23.2282
23.2016
23.1755
23.1498
23.1246
23.0999
23.0757
23.0519
23.0286
23.0058
22.9835
22.9618
22.9405
22.9198
22.8996
22.8799
22.8607
22.8421
22.824
22.8065
22.7895
22.7731
22.7573
22.742
22.7272
22.7131
22.6995
22.6865
22.6741
22.6623
22.6511
22.6404
22.6304
22.6209
22.612
22.6038
22.5961
22.5891
22.5826
22.5768
22.5716
22.567
22.563
22.5596
22.5568
22.5547
22.5531
22.5522
22.5519
