25
24.8063
24.6127
24.4192
24.2258
24.0327
23.8398
23.6471
23.4548
23.2629
23.0715
22.8805
22.6901
22.5002
22.311
22.1224
21.9346
21.7476
21.5614
21.376
21.1916
21.0081
20.8256
20.6442
20.4639
20.2847
20.1068
19.93
19.7546
19.5805
19.4077
19.2363
19.0664
18.898
18.7312
18.5659
18.4023
18.2403
18.08
17.9215
17.7647
17.6098
17.4567
17.3056
17.1564
17.0091
16.8639
16.7207
16.5797
16.4407
16.3039
16.1693
16.0369
15.9068
15.779
15.6534
15.5303
15.4095
15.2912
15.1753
15.0618
14.9509
14.8425
14.7367
14.6334
14.5328
14.4348
14.3394
14.2467
14.1568
14.0696
13.9851
13.9034
13.8245
13.7484
13.6751
13.6047
13.5371
13.4724
13.4107
13.3518
13.2959
13.2429
13.1929
13.1458
13.1017
13.0606
13.0226
12.9875
12.9554
12.9264
12.9004
12.8775
12.8576
12.8407
12.827
12.8162
12.8086
12.804
12.8024
