25
24.9549
24.9098
24.8648
24.8197
24.7747
24.7298
24.685
24.6402
24.5955
24.5509
24.5064
24.4621
24.4179
24.3738
24.3299
24.2861
24.2426
24.1992
24.156
24.1131
24.0703
24.0278
23.9856
23.9436
23.9019
23.8604
23.8192
23.7784
23.7378
23.6975
23.6576
23.618
23.5788
23.5399
23.5014
23.4633
23.4255
23.3882
23.3513
23.3147
23.2786
23.243
23.2077
23.1729
23.1386
23.1048
23.0714
23.0385
23.0061
22.9742
22.9429
22.912
22.8817
22.8519
22.8226
22.7939
22.7657
22.7381
22.7111
22.6847
22.6588
22.6335
22.6088
22.5847
22.5613
22.5384
22.5162
22.4946
22.4736
22.4532
22.4335
22.4145
22.3961
22.3783
22.3612
22.3448
22.329
22.3139
22.2995
22.2858
22.2727
22.2604
22.2487
22.2377
22.2274
22.2179
22.209
22.2008
22.1933
22.1865
22.1805
22.1751
22.1705
22.1666
22.1633
22.1608
22.159
22.158
22.1576
