25
24.9791
24.9582
24.9374
24.9165
24.8957
24.8749
24.8541
24.8334
24.8127
24.792
24.7714
24.7509
24.7304
24.71
24.6897
24.6694
24.6493
24.6292
24.6092
24.5893
24.5695
24.5498
24.5303
24.5108
24.4915
24.4723
24.4532
24.4343
24.4155
24.3969
24.3784
24.36
24.3419
24.3239
24.306
24.2884
24.2709
24.2536
24.2365
24.2196
24.2029
24.1864
24.17
24.1539
24.138
24.1224
24.1069
24.0917
24.0767
24.0619
24.0474
24.0331
24.019
24.0052
23.9917
23.9784
23.9654
23.9526
23.9401
23.9278
23.9158
23.9041
23.8927
23.8816
23.8707
23.8601
23.8498
23.8398
23.8301
23.8207
23.8115
23.8027
23.7942
23.786
23.778
23.7704
23.7631
23.7561
23.7495
23.7431
23.7371
23.7313
23.7259
23.7209
23.7161
23.7117
23.7075
23.7038
23.7003
23.6972
23.6943
23.6919
23.6897
23.6879
23.6864
23.6852
23.6844
23.6839
23.6838
