25
24.981
24.9619
24.9429
24.9239
24.9049
24.886
24.8671
24.8482
24.8293
24.8105
24.7917
24.773
24.7543
24.7357
24.7172
24.6988
24.6804
24.6621
24.6439
24.6257
24.6077
24.5898
24.5719
24.5542
24.5366
24.5191
24.5017
24.4845
24.4674
24.4504
24.4335
24.4168
24.4003
24.3839
24.3676
24.3515
24.3356
24.3198
24.3042
24.2888
24.2736
24.2585
24.2437
24.229
24.2145
24.2002
24.1862
24.1723
24.1586
24.1452
24.1319
24.1189
24.1061
24.0935
24.0812
24.069
24.0572
24.0455
24.0341
24.023
24.012
24.0014
23.991
23.9808
23.9709
23.9612
23.9519
23.9427
23.9339
23.9253
23.917
23.9089
23.9012
23.8937
23.8865
23.8795
23.8729
23.8665
23.8604
23.8546
23.8491
23.8439
23.839
23.8344
23.83
23.826
23.8222
23.8188
23.8156
23.8128
23.8102
23.8079
23.806
23.8043
23.803
23.8019
23.8011
23.8007
23.8005
