25
24.9388
24.8776
24.8165
24.7554
24.6943
24.6334
24.5725
24.5117
24.4511
24.3906
24.3302
24.27
24.21
24.1502
24.0906
24.0313
23.9722
23.9133
23.8547
23.7964
23.7384
23.6808
23.6234
23.5664
23.5098
23.4535
23.3977
23.3422
23.2872
23.2325
23.1784
23.1247
23.0714
23.0187
22.9664
22.9147
22.8634
22.8128
22.7626
22.7131
22.6641
22.6157
22.5678
22.5207
22.4741
22.4282
22.3829
22.3382
22.2943
22.251
22.2084
22.1666
22.1254
22.0849
22.0452
22.0063
21.9681
21.9306
21.8939
21.858
21.8229
21.7886
21.7551
21.7225
21.6906
21.6596
21.6294
21.6001
21.5716
21.544
21.5173
21.4914
21.4664
21.4423
21.4191
21.3968
21.3754
21.355
21.3354
21.3168
21.2991
21.2823
21.2665
21.2516
21.2376
21.2246
21.2125
21.2014
21.1913
21.1821
21.1739
21.1666
21.1603
21.155
21.1506
21.1472
21.1448
21.1433
21.1428
