25
24.7991
24.5983
24.3975
24.1969
23.9965
23.7964
23.5966
23.3971
23.198
22.9994
22.8013
22.6038
22.4068
22.2106
22.015
21.8201
21.6261
21.433
21.2407
21.0494
20.8591
20.6698
20.4816
20.2946
20.1088
19.9242
19.7409
19.5589
19.3783
19.1991
19.0213
18.8451
18.6705
18.4974
18.326
18.1563
17.9883
17.822
17.6576
17.495
17.3344
17.1756
17.0189
16.8641
16.7114
16.5608
16.4124
16.2661
16.122
15.9801
15.8405
15.7032
15.5683
15.4357
15.3056
15.1779
15.0527
14.93
14.8098
14.6922
14.5771
14.4648
14.355
14.248
14.1436
14.042
13.9431
13.8471
13.7538
13.6633
13.5758
13.491
13.4092
13.3303
13.2544
13.1814
13.1113
13.0443
12.9802
12.9192
12.8612
12.8063
12.7544
12.7057
12.66
12.6174
12.5779
12.5415
12.5083
12.4782
12.4513
12.4275
12.4069
12.3894
12.3751
12.364
12.3561
12.3513
12.3497
