25
24.7216
24.4432
24.165
23.887
23.6094
23.332
23.0552
22.7788
22.5031
22.228
21.9537
21.6802
21.4076
21.1359
20.8653
20.5958
20.3274
20.0603
19.7946
19.5302
19.2673
19.0059
18.7461
18.4879
18.2315
17.9769
17.7242
17.4733
17.2245
16.9777
16.7331
16.4906
16.2504
16.0124
15.7769
15.5437
15.313
15.0849
14.8594
14.6365
14.4163
14.1989
13.9842
13.7725
13.5636
13.3578
13.1549
12.9551
12.7584
12.5648
12.3745
12.1874
12.0036
11.8231
11.646
11.4723
11.302
11.1352
10.972
10.8123
10.6563
10.5038
10.3551
10.21
10.0686
9.93108
9.7973
9.66734
9.54124
9.41901
9.30068
9.18629
9.07585
8.96938
8.86691
8.76846
8.67405
8.58371
8.49744
8.41526
8.33721
8.26328
8.19349
8.12786
8.06641
8.00914
7.95606
7.9072
7.86255
7.82212
7.78593
7.75398
7.72627
7.70282
7.68363
7.6687
7.65803
7.65163
7.64949
