25
24.9459
24.8918
24.8377
24.7836
24.7296
24.6757
24.6219
24.5681
24.5145
24.461
24.4076
24.3544
24.3013
24.2484
24.1957
24.1432
24.0909
24.0389
23.9871
23.9355
23.8842
23.8332
23.7825
23.7321
23.682
23.6322
23.5828
23.5337
23.4851
23.4368
23.3888
23.3413
23.2942
23.2476
23.2014
23.1556
23.1103
23.0655
23.0211
22.9773
22.934
22.8911
22.8489
22.8071
22.7659
22.7253
22.6853
22.6458
22.6069
22.5686
22.531
22.4939
22.4575
22.4218
22.3866
22.3522
22.3184
22.2852
22.2528
22.2211
22.19
22.1597
22.1301
22.1012
22.073
22.0455
22.0189
21.9929
21.9677
21.9433
21.9197
21.8968
21.8747
21.8534
21.8329
21.8131
21.7942
21.7761
21.7588
21.7423
21.7267
21.7118
21.6978
21.6847
21.6723
21.6608
21.6501
21.6403
21.6313
21.6232
21.6159
21.6095
21.6039
21.5992
21.5954
21.5924
21.5902
21.5889
21.5885
