25
24.9422
24.8843
24.8265
24.7688
24.7111
24.6535
24.5959
24.5385
24.4812
24.424
24.3669
24.3101
24.2534
24.1968
24.1405
24.0844
24.0285
23.9729
23.9175
23.8624
23.8076
23.7531
23.6989
23.6451
23.5915
23.5384
23.4856
23.4331
23.3811
23.3295
23.2783
23.2275
23.1772
23.1273
23.0779
23.029
22.9806
22.9327
22.8853
22.8385
22.7922
22.7464
22.7013
22.6566
22.6126
22.5692
22.5264
22.4842
22.4427
22.4018
22.3616
22.322
22.2831
22.2448
22.2073
22.1705
22.1344
22.099
22.0643
22.0304
21.9972
21.9648
21.9331
21.9022
21.8721
21.8428
21.8143
21.7866
21.7597
21.7336
21.7083
21.6838
21.6602
21.6375
21.6155
21.5945
21.5743
21.5549
21.5364
21.5188
21.5021
21.4862
21.4712
21.4572
21.444
21.4317
21.4203
21.4098
21.4002
21.3915
21.3837
21.3769
21.3709
21.3659
21.3617
21.3585
21.3562
21.3549
21.3544
