25
24.8924
24.7849
24.6774
24.5699
24.4626
24.3555
24.2485
24.1416
24.035
23.9287
23.8226
23.7168
23.6113
23.5062
23.4014
23.2971
23.1932
23.0897
22.9867
22.8842
22.7823
22.6809
22.5801
22.4799
22.3804
22.2815
22.1832
22.0857
21.989
21.893
21.7977
21.7033
21.6097
21.517
21.4251
21.3341
21.2441
21.155
21.0669
20.9797
20.8936
20.8085
20.7245
20.6415
20.5597
20.4789
20.3993
20.3209
20.2436
20.1675
20.0927
20.0191
19.9467
19.8756
19.8058
19.7373
19.6701
19.6043
19.5398
19.4767
19.415
19.3547
19.2958
19.2384
19.1824
19.1279
19.0748
19.0233
18.9732
18.9247
18.8777
18.8322
18.7883
18.7459
18.7052
18.666
18.6284
18.5924
18.558
18.5252
18.4941
18.4646
18.4368
18.4106
18.3861
18.3632
18.342
18.3225
18.3046
18.2885
18.274
18.2612
18.2502
18.2408
18.2331
18.2271
18.2229
18.2203
18.2195
