25
24.5641
24.1285
23.6933
23.2587
22.8249
22.3922
21.9608
21.5308
21.1025
20.676
20.2516
19.8295
19.4098
18.9927
18.5785
18.1673
17.7592
17.3545
16.9533
16.5557
16.162
15.7723
15.3868
15.0055
14.6286
14.2563
13.8886
13.5258
13.1678
12.8149
12.467
12.1244
11.787
11.4551
11.1286
10.8076
10.4922
10.1825
9.87842
9.58012
9.28762
9.00094
8.72011
8.44516
8.1761
7.91295
7.65571
7.40439
7.15899
6.9195
6.68591
6.45819
6.23634
6.02033
5.81013
5.60572
5.40704
5.21408
5.02678
4.84511
4.66901
4.49845
4.33336
4.17371
4.01943
3.87047
3.72677
3.58828
3.45494
3.32669
3.20347
3.08522
2.97188
2.8634
2.75972
2.66077
2.56651
2.47687
2.39181
2.31126
2.23519
2.16353
2.09623
2.03327
1.97458
1.92013
1.86987
1.82378
1.78181
1.74394
1.71014
1.68037
1.65462
1.63287
1.6151
1.60129
1.59143
1.58552
1.58355
