25
24.9507
24.9014
24.8521
24.8028
24.7536
24.7045
24.6554
24.6064
24.5576
24.5088
24.4602
24.4117
24.3633
24.3151
24.2671
24.2192
24.1716
24.1241
24.0769
24.0299
23.9832
23.9367
23.8905
23.8446
23.7989
23.7536
23.7086
23.6638
23.6195
23.5755
23.5318
23.4885
23.4456
23.4031
23.361
23.3192
23.278
23.2371
23.1967
23.1568
23.1173
23.0783
23.0397
23.0017
22.9642
22.9271
22.8906
22.8547
22.8192
22.7844
22.75
22.7163
22.6831
22.6505
22.6185
22.5871
22.5563
22.5261
22.4966
22.4676
22.4393
22.4117
22.3847
22.3584
22.3327
22.3077
22.2834
22.2597
22.2368
22.2145
22.193
22.1721
22.152
22.1326
22.1139
22.0959
22.0787
22.0622
22.0464
22.0314
22.0171
22.0036
21.9908
21.9788
21.9676
21.9571
21.9474
21.9384
21.9302
21.9228
21.9162
21.9103
21.9053
21.901
21.8974
21.8947
21.8928
21.8916
21.8912
