25
24.7703
24.5406
24.3111
24.0818
23.8526
23.6238
23.3954
23.1673
22.9397
22.7126
22.4861
22.2603
22.0352
21.8108
21.5872
21.3645
21.1427
20.922
20.7022
20.4836
20.2661
20.0498
19.8348
19.6211
19.4087
19.1978
18.9884
18.7805
18.5742
18.3695
18.1665
17.9653
17.7658
17.5682
17.3725
17.1787
16.9869
16.7971
16.6094
16.4239
16.2405
16.0594
15.8805
15.7039
15.5297
15.3579
15.1885
15.0216
14.8573
14.6955
14.5363
14.3798
14.2259
14.0748
13.9264
13.7809
13.6381
13.4983
13.3613
13.2273
13.0962
12.9681
12.8431
12.7211
12.6023
12.4865
12.3739
12.2645
12.1583
12.0553
11.9556
11.8591
11.766
11.6761
11.5897
11.5066
11.4268
11.3505
11.2776
11.2082
11.1422
11.0797
11.0207
10.9652
10.9132
10.8647
10.8198
10.7784
10.7406
10.7064
10.6758
10.6487
10.6252
10.6054
10.5891
10.5765
10.5674
10.562
10.5602
