25
24.9508
24.9017
24.8526
24.8035
24.7544
24.7055
24.6566
24.6078
24.559
24.5104
24.4619
24.4136
24.3654
24.3174
24.2695
24.2218
24.1743
24.127
24.08
24.0332
23.9866
23.9402
23.8942
23.8484
23.8029
23.7577
23.7128
23.6683
23.6241
23.5802
23.5367
23.4935
23.4507
23.4084
23.3664
23.3248
23.2837
23.243
23.2027
23.1629
23.1235
23.0846
23.0462
23.0083
22.9709
22.934
22.8976
22.8618
22.8265
22.7917
22.7575
22.7239
22.6908
22.6583
22.6264
22.5951
22.5644
22.5343
22.5049
22.476
22.4478
22.4203
22.3934
22.3671
22.3415
22.3166
22.2924
22.2688
22.2459
22.2238
22.2023
22.1815
22.1614
22.1421
22.1234
22.1055
22.0883
22.0719
22.0562
22.0412
22.027
22.0135
22.0008
21.9888
21.9776
21.9672
21.9575
21.9486
21.9404
21.933
21.9264
21.9206
21.9155
21.9112
21.9077
21.905
21.903
21.9019
21.9015
