25
24.3958
23.7922
23.1897
22.5889
21.9904
21.3946
20.8022
20.2136
19.6294
19.0501
18.4762
17.9081
17.3463
16.7914
16.2436
15.7034
15.1712
14.6474
14.1323
13.6262
13.1294
12.6423
12.165
11.6978
11.2408
10.7944
10.3586
9.93353
9.51937
9.11617
8.72401
8.34293
7.97294
7.61405
7.26624
6.92947
6.60368
6.2888
5.98472
5.69135
5.40856
5.13619
4.87412
4.62215
4.38013
4.14786
3.92514
3.71177
3.50753
3.3122
3.12555
2.94737
2.77739
2.6154
2.46115
2.31439
2.17488
2.04238
1.91665
1.79744
1.68451
1.57763
1.47656
1.38106
1.29092
1.20591
1.12582
1.05041
0.979502
0.912878
0.850345
0.791713
0.736798
0.685423
0.637416
0.592614
0.550858
0.511999
0.475892
0.442402
0.411398
0.382756
0.356363
0.332108
0.309889
0.289611
0.271187
0.254533
0.239576
0.226248
0.214487
0.204237
0.195452
0.188088
0.182111
0.177493
0.17421
0.172246
0.171593
