25
24.6314
24.2629
23.8947
23.5268
23.1595
22.7929
22.427
22.0621
21.6981
21.3354
20.974
20.614
20.2555
19.8987
19.5437
19.1906
18.8395
18.4906
18.1439
17.7996
17.4578
17.1185
16.782
16.4482
16.1174
15.7895
15.4647
15.1431
14.8248
14.5098
14.1983
13.8903
13.5859
13.2852
12.9883
12.6952
12.406
12.1207
11.8395
11.5624
11.2894
11.0207
10.7562
10.496
10.2401
9.98865
9.74163
9.49908
9.26104
9.02755
8.79863
8.57432
8.35464
8.13961
7.92926
7.72361
7.52267
7.32647
7.13501
6.9483
6.76637
6.58921
6.41683
6.24924
6.08644
5.92844
5.77523
5.62682
5.48321
5.34439
5.21036
5.08112
4.95667
4.83699
4.72208
4.61194
4.50656
4.40594
4.31006
4.21892
4.13251
4.05082
3.97385
3.90159
3.83403
3.77116
3.71299
3.65949
3.61067
3.56651
3.52702
3.49219
3.46201
3.43648
3.41559
3.39935
3.38776
3.3808
3.37848
