25
24.8713
24.7426
24.614
24.4855
24.3572
24.229
24.1009
23.9732
23.8456
23.7184
23.5915
23.4649
23.3387
23.213
23.0877
22.9628
22.8385
22.7148
22.5916
22.469
22.347
22.2257
22.1052
21.9853
21.8662
21.7479
21.6304
21.5138
21.398
21.2832
21.1692
21.0563
20.9443
20.8334
20.7235
20.6147
20.507
20.4004
20.295
20.1907
20.0877
19.9859
19.8854
19.7861
19.6882
19.5916
19.4964
19.4026
19.3101
19.2191
19.1296
19.0415
18.955
18.8699
18.7864
18.7045
18.6241
18.5454
18.4682
18.3928
18.319
18.2468
18.1764
18.1077
18.0407
17.9755
17.912
17.8503
17.7905
17.7324
17.6762
17.6218
17.5692
17.5186
17.4698
17.4229
17.378
17.3349
17.2938
17.2546
17.2174
17.1821
17.1488
17.1174
17.0881
17.0607
17.0354
17.012
16.9907
16.9714
16.9541
16.9388
16.9255
16.9143
16.9051
16.898
16.8929
16.8898
16.8888
