25
24.7964
24.5929
24.3894
24.1861
23.9831
23.7802
23.5777
23.3756
23.1738
22.9726
22.7718
22.5716
22.372
22.1731
21.9749
21.7774
21.5808
21.3851
21.1902
20.9963
20.8035
20.6117
20.421
20.2314
20.0431
19.856
19.6703
19.4858
19.3028
19.1212
18.9411
18.7626
18.5856
18.4102
18.2365
18.0645
17.8942
17.7258
17.5592
17.3944
17.2316
17.0708
16.9119
16.7551
16.6004
16.4478
16.2974
16.1491
16.0031
15.8594
15.7179
15.5788
15.4421
15.3078
15.1759
15.0465
14.9196
14.7953
14.6735
14.5543
14.4378
14.3239
14.2127
14.1043
13.9985
13.8956
13.7954
13.6981
13.6036
13.5119
13.4232
13.3374
13.2545
13.1745
13.0976
13.0236
12.9526
12.8847
12.8198
12.758
12.6993
12.6436
12.5911
12.5416
12.4953
12.4522
12.4122
12.3754
12.3417
12.3112
12.2839
12.2598
12.2389
12.2212
12.2068
12.1955
12.1874
12.1826
12.181
