25
24.9739
24.9478
24.9218
24.8957
24.8697
24.8437
24.8178
24.7919
24.766
24.7403
24.7145
24.6889
24.6633
24.6378
24.6124
24.5871
24.5619
24.5368
24.5119
24.487
24.4623
24.4377
24.4133
24.389
24.3649
24.3409
24.3171
24.2934
24.27
24.2467
24.2236
24.2007
24.178
24.1555
24.1333
24.1112
24.0894
24.0678
24.0464
24.0253
24.0044
23.9838
23.9634
23.9433
23.9234
23.9039
23.8846
23.8655
23.8468
23.8284
23.8102
23.7924
23.7748
23.7576
23.7406
23.724
23.7078
23.6918
23.6762
23.6609
23.6459
23.6313
23.617
23.6031
23.5895
23.5763
23.5634
23.5509
23.5388
23.527
23.5156
23.5046
23.4939
23.4837
23.4738
23.4643
23.4552
23.4464
23.4381
23.4302
23.4226
23.4155
23.4087
23.4024
23.3964
23.3909
23.3857
23.381
23.3767
23.3728
23.3693
23.3662
23.3635
23.3612
23.3593
23.3579
23.3569
23.3562
23.356
