25
24.9641
24.9283
24.8924
24.8566
24.8208
24.7851
24.7494
24.7138
24.6783
24.6428
24.6074
24.5722
24.537
24.5019
24.467
24.4322
24.3976
24.3631
24.3288
24.2946
24.2606
24.2268
24.1932
24.1598
24.1266
24.0936
24.0609
24.0284
23.9961
23.9641
23.9323
23.9009
23.8696
23.8387
23.8081
23.7778
23.7477
23.718
23.6887
23.6596
23.6309
23.6025
23.5745
23.5468
23.5196
23.4926
23.4661
23.4399
23.4142
23.3888
23.3638
23.3393
23.3152
23.2915
23.2682
23.2454
23.223
23.201
23.1795
23.1585
23.1379
23.1178
23.0982
23.079
23.0604
23.0422
23.0245
23.0073
22.9906
22.9744
22.9587
22.9436
22.9289
22.9148
22.9012
22.8882
22.8756
22.8636
22.8522
22.8412
22.8309
22.821
22.8118
22.803
22.7948
22.7872
22.7801
22.7736
22.7677
22.7623
22.7575
22.7532
22.7495
22.7464
22.7438
22.7419
22.7404
22.7396
22.7393
