25
24.9205
24.8409
24.7615
24.682
24.6027
24.5235
24.4443
24.3654
24.2865
24.2079
24.1295
24.0512
23.9733
23.8955
23.8181
23.7409
23.6641
23.5876
23.5115
23.4357
23.3603
23.2854
23.2108
23.1368
23.0632
22.99
22.9174
22.8453
22.7738
22.7028
22.6324
22.5626
22.4934
22.4248
22.3569
22.2896
22.2231
22.1572
22.092
22.0276
21.9639
21.901
21.8389
21.7775
21.717
21.6573
21.5985
21.5405
21.4833
21.4271
21.3717
21.3173
21.2638
21.2112
21.1596
21.109
21.0593
21.0106
20.963
20.9163
20.8707
20.8261
20.7826
20.7401
20.6987
20.6584
20.6192
20.581
20.544
20.5081
20.4734
20.4398
20.4073
20.376
20.3459
20.3169
20.2891
20.2625
20.237
20.2128
20.1898
20.168
20.1474
20.1281
20.1099
20.093
20.0773
20.0629
20.0497
20.0378
20.0271
20.0176
20.0094
20.0025
19.9968
19.9924
19.9893
19.9874
19.9867
