25
24.9471
24.8942
24.8414
24.7886
24.7358
24.6832
24.6306
24.578
24.5256
24.4734
24.4212
24.3692
24.3173
24.2657
24.2142
24.1629
24.1118
24.0609
24.0103
23.9599
23.9098
23.86
23.8104
23.7612
23.7122
23.6636
23.6153
23.5674
23.5198
23.4726
23.4258
23.3794
23.3334
23.2878
23.2427
23.1979
23.1537
23.1099
23.0666
23.0237
22.9814
22.9396
22.8983
22.8575
22.8172
22.7775
22.7384
22.6998
22.6619
22.6245
22.5877
22.5515
22.5159
22.481
22.4466
22.413
22.3799
22.3476
22.3159
22.2849
22.2545
22.2249
22.196
22.1677
22.1402
22.1134
22.0873
22.062
22.0374
22.0135
21.9904
21.968
21.9464
21.9256
21.9056
21.8863
21.8678
21.8501
21.8332
21.8171
21.8018
21.7873
21.7737
21.7608
21.7487
21.7375
21.7271
21.7175
21.7087
21.7007
21.6936
21.6874
21.6819
21.6773
21.6735
21.6706
21.6685
21.6672
21.6668
