25
24.9287
24.8574
24.7862
24.715
24.6439
24.5729
24.502
24.4312
24.3605
24.2901
24.2198
24.1496
24.0797
24.0101
23.9407
23.8715
23.8027
23.7341
23.6659
23.5979
23.5304
23.4632
23.3964
23.33
23.264
23.1985
23.1334
23.0688
23.0047
22.9411
22.878
22.8154
22.7534
22.6919
22.631
22.5708
22.5111
22.452
22.3936
22.3359
22.2788
22.2224
22.1668
22.1118
22.0575
22.004
21.9513
21.8993
21.8481
21.7977
21.7481
21.6993
21.6513
21.6042
21.558
21.5126
21.4681
21.4244
21.3817
21.3399
21.299
21.259
21.22
21.182
21.1449
21.1087
21.0736
21.0394
21.0062
20.9741
20.9429
20.9128
20.8837
20.8556
20.8286
20.8026
20.7777
20.7539
20.7311
20.7094
20.6887
20.6692
20.6507
20.6334
20.6171
20.602
20.5879
20.575
20.5632
20.5525
20.5429
20.5344
20.5271
20.5209
20.5158
20.5118
20.509
20.5073
20.5067
