25
24.8792
24.7584
24.6376
24.517
24.3965
24.2761
24.1559
24.0359
23.9162
23.7967
23.6775
23.5587
23.4403
23.3222
23.2045
23.0873
22.9706
22.8544
22.7387
22.6236
22.5091
22.3953
22.2821
22.1695
22.0577
21.9466
21.8363
21.7268
21.6181
21.5103
21.4033
21.2973
21.1922
21.088
20.9848
20.8827
20.7815
20.6815
20.5825
20.4846
20.3879
20.2923
20.1979
20.1047
20.0128
19.9221
19.8327
19.7446
19.6578
19.5724
19.4883
19.4056
19.3243
19.2445
19.1661
19.0891
19.0137
18.9398
18.8674
18.7965
18.7272
18.6595
18.5933
18.5288
18.4659
18.4047
18.3451
18.2872
18.231
18.1765
18.1237
18.0726
18.0233
17.9757
17.9299
17.8859
17.8437
17.8033
17.7646
17.7278
17.6929
17.6598
17.6285
17.5991
17.5715
17.5458
17.522
17.5001
17.4801
17.4619
17.4457
17.4313
17.4189
17.4084
17.3997
17.393
17.3882
17.3854
17.3844
