25
24.9737
24.9473
24.921
24.8947
24.8684
24.8422
24.816
24.7898
24.7637
24.7377
24.7117
24.6858
24.6599
24.6342
24.6085
24.583
24.5575
24.5322
24.507
24.4819
24.4569
24.4321
24.4074
24.3829
24.3585
24.3343
24.3102
24.2864
24.2627
24.2392
24.2158
24.1927
24.1698
24.1471
24.1246
24.1023
24.0803
24.0584
24.0369
24.0155
23.9944
23.9736
23.953
23.9327
23.9127
23.8929
23.8734
23.8542
23.8353
23.8166
23.7983
23.7803
23.7626
23.7451
23.728
23.7113
23.6948
23.6787
23.6629
23.6475
23.6324
23.6176
23.6032
23.5891
23.5754
23.562
23.549
23.5364
23.5242
23.5123
23.5008
23.4896
23.4789
23.4685
23.4585
23.4489
23.4397
23.4309
23.4225
23.4145
23.4068
23.3996
23.3928
23.3864
23.3804
23.3748
23.3696
23.3648
23.3604
23.3565
23.3529
23.3498
23.3471
23.3448
23.3429
23.3415
23.3404
23.3398
23.3396
