25
24.8931
24.7863
24.6795
24.5728
24.4662
24.3597
24.2534
24.1473
24.0414
23.9357
23.8304
23.7253
23.6205
23.516
23.412
23.3083
23.2051
23.1023
23
22.8982
22.797
22.6962
22.5961
22.4966
22.3977
22.2994
22.2019
22.105
22.0089
21.9135
21.8189
21.7251
21.6321
21.54
21.4488
21.3584
21.269
21.1804
21.0929
21.0063
20.9208
20.8363
20.7528
20.6704
20.589
20.5088
20.4298
20.3518
20.2751
20.1995
20.1251
20.052
19.9801
19.9095
19.8402
19.7721
19.7054
19.64
19.5759
19.5133
19.452
19.3921
19.3336
19.2765
19.2209
19.1667
19.114
19.0628
19.0131
18.9649
18.9182
18.873
18.8294
18.7873
18.7468
18.7079
18.6705
18.6348
18.6006
18.5681
18.5372
18.5079
18.4802
18.4542
18.4298
18.4071
18.386
18.3666
18.3489
18.3329
18.3185
18.3058
18.2948
18.2855
18.2779
18.2719
18.2677
18.2652
18.2643
