25
24.7957
24.5915
24.3874
24.1834
23.9797
23.7762
23.573
23.3701
23.1677
22.9658
22.7643
22.5635
22.3632
22.1636
21.9648
21.7667
21.5694
21.373
21.1775
20.983
20.7894
20.597
20.4057
20.2155
20.0266
19.8389
19.6525
19.4674
19.2838
19.1016
18.9209
18.7417
18.5642
18.3882
18.2139
18.0413
17.8705
17.7015
17.5344
17.3691
17.2057
17.0444
16.885
16.7277
16.5724
16.4193
16.2684
16.1196
15.9731
15.8289
15.687
15.5474
15.4103
15.2755
15.1432
15.0134
14.8861
14.7613
14.6392
14.5196
14.4027
14.2884
14.1769
14.068
13.962
13.8587
13.7582
13.6605
13.5657
13.4738
13.3847
13.2986
13.2155
13.1352
13.058
12.9838
12.9126
12.8445
12.7794
12.7174
12.6584
12.6026
12.5499
12.5003
12.4538
12.4106
12.3704
12.3335
12.2997
12.2691
12.2417
12.2176
12.1966
12.1788
12.1643
12.153
12.1449
12.1401
12.1385
