25
24.7656
24.5313
24.297
24.063
23.8292
23.5957
23.3625
23.1298
22.8976
22.6659
22.4348
22.2043
21.9746
21.7456
21.5175
21.2903
21.064
20.8387
20.6145
20.3914
20.1695
19.9488
19.7294
19.5114
19.2948
19.0796
18.8659
18.6538
18.4434
18.2346
18.0275
17.8222
17.6187
17.4171
17.2175
17.0198
16.8241
16.6306
16.4391
16.2499
16.0628
15.8781
15.6956
15.5155
15.3379
15.1627
14.9899
14.8197
14.6521
14.4871
14.3248
14.1652
14.0083
13.8542
13.7029
13.5545
13.4089
13.2663
13.1267
12.99
12.8564
12.7259
12.5984
12.4741
12.3529
12.2349
12.1201
12.0086
11.9003
11.7953
11.6936
11.5953
11.5004
11.4088
11.3207
11.236
11.1547
11.0769
11.0026
10.9319
10.8646
10.8009
10.7408
10.6842
10.6312
10.5818
10.536
10.4939
10.4554
10.4205
10.3892
10.3617
10.3378
10.3175
10.3009
10.288
10.2788
10.2733
10.2715
