25
24.952
24.9039
24.856
24.808
24.7601
24.7122
24.6645
24.6168
24.5692
24.5217
24.4743
24.4271
24.38
24.333
24.2863
24.2397
24.1933
24.1471
24.1011
24.0554
24.0098
23.9646
23.9196
23.8748
23.8304
23.7862
23.7424
23.6989
23.6556
23.6128
23.5703
23.5281
23.4863
23.4449
23.4039
23.3633
23.3231
23.2833
23.244
23.205
23.1666
23.1286
23.0911
23.054
23.0175
22.9814
22.9459
22.9109
22.8764
22.8424
22.809
22.7761
22.7438
22.7121
22.6809
22.6503
22.6203
22.5909
22.5621
22.534
22.5064
22.4795
22.4532
22.4276
22.4026
22.3782
22.3545
22.3315
22.3092
22.2875
22.2665
22.2462
22.2266
22.2077
22.1895
22.172
22.1552
22.1391
22.1238
22.1092
22.0953
22.0821
22.0697
22.058
22.047
22.0368
22.0273
22.0186
22.0107
22.0034
21.997
21.9913
21.9863
21.9822
21.9787
21.9761
21.9742
21.973
21.9726
