25
24.8884
24.7769
24.6654
24.554
24.4427
24.3315
24.2205
24.1097
23.9991
23.8888
23.7788
23.6691
23.5597
23.4506
23.342
23.2338
23.126
23.0187
22.9119
22.8056
22.6998
22.5947
22.4901
22.3862
22.283
22.1804
22.0785
21.9774
21.877
21.7774
21.6787
21.5807
21.4837
21.3875
21.2922
21.1979
21.1045
21.0121
20.9207
20.8303
20.741
20.6527
20.5655
20.4795
20.3946
20.3108
20.2283
20.1469
20.0668
19.9879
19.9102
19.8339
19.7588
19.6851
19.6127
19.5416
19.472
19.4037
19.3368
19.2714
19.2074
19.1448
19.0838
19.0242
18.9661
18.9096
18.8545
18.8011
18.7492
18.6988
18.6501
18.6029
18.5574
18.5134
18.4711
18.4305
18.3915
18.3542
18.3185
18.2845
18.2523
18.2217
18.1928
18.1656
18.1402
18.1165
18.0945
18.0742
18.0557
18.039
18.024
18.0107
17.9992
17.9895
17.9815
17.9754
17.9709
17.9683
17.9674
