25
24.9662
24.9324
24.8987
24.8649
24.8312
24.7976
24.764
24.7304
24.6969
24.6635
24.6302
24.597
24.5638
24.5308
24.4979
24.4651
24.4325
24.4
24.3677
24.3355
24.3035
24.2716
24.24
24.2085
24.1772
24.1462
24.1153
24.0847
24.0543
24.0241
23.9942
23.9646
23.9352
23.9061
23.8772
23.8486
23.8204
23.7924
23.7647
23.7373
23.7103
23.6836
23.6572
23.6311
23.6054
23.58
23.555
23.5304
23.5061
23.4822
23.4587
23.4356
23.4129
23.3905
23.3686
23.3471
23.326
23.3053
23.2851
23.2653
23.2459
23.2269
23.2084
23.1904
23.1728
23.1557
23.139
23.1228
23.1071
23.0919
23.0771
23.0628
23.049
23.0357
23.0229
23.0106
22.9988
22.9875
22.9767
22.9664
22.9566
22.9474
22.9386
22.9304
22.9227
22.9155
22.9089
22.9027
22.8971
22.892
22.8875
22.8835
22.88
22.8771
22.8747
22.8728
22.8714
22.8706
22.8704
