25
24.9346
24.8692
24.8039
24.7386
24.6733
24.6082
24.5431
24.4782
24.4134
24.3487
24.2842
24.2199
24.1558
24.0919
24.0282
23.9648
23.9016
23.8387
23.7761
23.7138
23.6519
23.5902
23.529
23.4681
23.4075
23.3474
23.2877
23.2284
23.1696
23.1113
23.0534
22.996
22.9391
22.8827
22.8269
22.7716
22.7168
22.6627
22.6091
22.5561
22.5038
22.452
22.401
22.3505
22.3008
22.2517
22.2033
22.1556
22.1086
22.0624
22.0169
21.9721
21.9281
21.8849
21.8425
21.8008
21.76
21.72
21.6808
21.6424
21.6049
21.5683
21.5325
21.4976
21.4635
21.4304
21.3981
21.3668
21.3364
21.3068
21.2783
21.2506
21.2239
21.1982
21.1734
21.1496
21.1267
21.1048
21.0839
21.064
21.0451
21.0272
21.0103
20.9943
20.9794
20.9655
20.9526
20.9408
20.9299
20.9201
20.9113
20.9035
20.8968
20.8911
20.8864
20.8828
20.8802
20.8787
20.8781
