25
24.9003
24.8007
24.7011
24.6016
24.5021
24.4028
24.3037
24.2047
24.1059
24.0074
23.9091
23.8111
23.7133
23.6159
23.5189
23.4222
23.3259
23.2301
23.1347
23.0397
22.9453
22.8513
22.7579
22.6651
22.5729
22.4812
22.3902
22.2999
22.2102
22.1213
22.033
21.9456
21.8588
21.7729
21.6878
21.6035
21.5201
21.4376
21.3559
21.2752
21.1954
21.1165
21.0387
20.9618
20.886
20.8112
20.7374
20.6647
20.5931
20.5226
20.4533
20.3851
20.318
20.2522
20.1875
20.124
20.0618
20.0008
19.9411
19.8826
19.8254
19.7695
19.715
19.6618
19.6099
19.5594
19.5102
19.4624
19.4161
19.3711
19.3275
19.2854
19.2447
19.2055
19.1677
19.1314
19.0966
19.0632
19.0314
19.001
18.9722
18.9449
18.9191
18.8948
18.8721
18.8509
18.8312
18.8131
18.7966
18.7817
18.7683
18.7564
18.7462
18.7375
18.7304
18.7248
18.7209
18.7185
18.7177
