25
24.9335
24.867
24.8006
24.7342
24.6679
24.6016
24.5355
24.4695
24.4036
24.3378
24.2723
24.2069
24.1417
24.0767
24.012
23.9475
23.8833
23.8193
23.7557
23.6923
23.6293
23.5667
23.5044
23.4424
23.3809
23.3198
23.2591
23.1988
23.139
23.0797
23.0208
22.9624
22.9046
22.8473
22.7905
22.7343
22.6786
22.6236
22.5691
22.5152
22.462
22.4094
22.3575
22.3062
22.2556
22.2057
22.1565
22.108
22.0603
22.0132
21.967
21.9215
21.8767
21.8328
21.7897
21.7473
21.7058
21.6651
21.6253
21.5863
21.5481
21.5109
21.4745
21.439
21.4044
21.3707
21.3379
21.306
21.2751
21.2451
21.216
21.1879
21.1608
21.1346
21.1094
21.0852
21.0619
21.0397
21.0184
20.9982
20.9789
20.9607
20.9435
20.9273
20.9122
20.898
20.8849
20.8729
20.8618
20.8518
20.8429
20.835
20.8282
20.8224
20.8176
20.8139
20.8113
20.8097
20.8092
