25
24.9786
24.9573
24.9359
24.9146
24.8932
24.8719
24.8507
24.8295
24.8083
24.7871
24.7661
24.745
24.7241
24.7032
24.6824
24.6617
24.641
24.6205
24.6
24.5796
24.5594
24.5392
24.5192
24.4993
24.4795
24.4599
24.4404
24.421
24.4018
24.3827
24.3638
24.345
24.3264
24.308
24.2897
24.2717
24.2538
24.2361
24.2186
24.2012
24.1841
24.1672
24.1505
24.1341
24.1178
24.1017
24.0859
24.0703
24.055
24.0399
24.025
24.0104
23.996
23.9819
23.968
23.9544
23.941
23.928
23.9152
23.9026
23.8904
23.8784
23.8667
23.8553
23.8441
23.8333
23.8228
23.8125
23.8026
23.7929
23.7836
23.7746
23.7658
23.7574
23.7493
23.7415
23.7341
23.7269
23.7201
23.7136
23.7074
23.7015
23.696
23.6908
23.6859
23.6814
23.6772
23.6733
23.6697
23.6665
23.6637
23.6611
23.6589
23.6571
23.6555
23.6543
23.6535
23.653
23.6528
