25
24.8276
24.6553
24.4831
24.3109
24.139
23.9673
23.7958
23.6247
23.4539
23.2834
23.1135
22.944
22.775
22.6065
22.4387
22.2715
22.105
21.9393
21.7743
21.6101
21.4468
21.2843
21.1228
20.9623
20.8028
20.6444
20.4871
20.3309
20.1758
20.022
19.8695
19.7182
19.5683
19.4197
19.2725
19.1268
18.9826
18.8399
18.6987
18.5591
18.4212
18.2849
18.1503
18.0174
17.8863
17.757
17.6295
17.5038
17.3801
17.2582
17.1383
17.0204
16.9045
16.7907
16.6789
16.5692
16.4616
16.3562
16.2529
16.1519
16.0531
15.9565
15.8622
15.7702
15.6806
15.5933
15.5083
15.4258
15.3456
15.2679
15.1926
15.1198
15.0495
14.9817
14.9164
14.8537
14.7935
14.7358
14.6808
14.6284
14.5785
14.5313
14.4867
14.4448
14.4055
14.3689
14.335
14.3037
14.2751
14.2493
14.2261
14.2057
14.1879
14.1729
14.1606
14.1511
14.1443
14.1402
14.1388
