25
24.7104
24.4209
24.1315
23.8424
23.5536
23.2652
22.9773
22.6899
22.4032
22.1171
21.8319
21.5475
21.2641
20.9817
20.7003
20.4202
20.1413
19.8637
19.5876
19.3129
19.0397
18.7682
18.4983
18.2302
17.964
17.6996
17.4372
17.1768
16.9186
16.6625
16.4087
16.1571
15.9079
15.6612
15.4169
15.1752
14.9361
14.6996
14.4659
14.235
14.0069
13.7817
13.5595
13.3402
13.1241
12.911
12.7011
12.4943
12.2909
12.0907
11.8939
11.7005
11.5105
11.3239
11.1409
10.9615
10.7856
10.6134
10.4449
10.2801
10.119
9.96166
9.80817
9.65852
9.51274
9.37087
9.23294
9.09896
8.96898
8.84301
8.72109
8.60323
8.48945
8.37979
8.27427
8.17289
8.07569
7.98268
7.89388
7.80931
7.72897
7.6529
7.5811
7.51358
7.45036
7.39145
7.33686
7.2866
7.24068
7.19911
7.16189
7.12904
7.10055
7.07644
7.05671
7.04135
7.03039
7.0238
7.02161
