25
24.8796
24.7592
24.6388
24.5186
24.3985
24.2785
24.1587
24.0391
23.9198
23.8007
23.6819
23.5635
23.4454
23.3277
23.2105
23.0937
22.9773
22.8615
22.7462
22.6315
22.5174
22.4039
22.2911
22.1789
22.0675
21.9568
21.8468
21.7377
21.6293
21.5219
21.4152
21.3095
21.2048
21.101
20.9981
20.8963
20.7955
20.6958
20.5971
20.4996
20.4032
20.3079
20.2138
20.121
20.0293
19.9389
19.8498
19.762
19.6755
19.5904
19.5066
19.4241
19.3431
19.2635
19.1854
19.1087
19.0335
18.9598
18.8877
18.817
18.748
18.6805
18.6146
18.5502
18.4876
18.4265
18.3671
18.3094
18.2534
18.1991
18.1464
18.0955
18.0464
17.999
17.9533
17.9095
17.8674
17.8271
17.7886
17.7519
17.7171
17.6841
17.6529
17.6236
17.5961
17.5705
17.5468
17.525
17.505
17.4869
17.4707
17.4564
17.444
17.4335
17.4249
17.4182
17.4135
17.4106
17.4096
