25
24.8903
24.7805
24.6709
24.5613
24.4518
24.3425
24.2333
24.1244
24.0156
23.9071
23.7989
23.691
23.5834
23.4761
23.3693
23.2628
23.1568
23.0513
22.9462
22.8417
22.7377
22.6343
22.5314
22.4292
22.3277
22.2268
22.1266
22.0271
21.9284
21.8305
21.7333
21.637
21.5415
21.4469
21.3532
21.2604
21.1686
21.0777
20.9878
20.8989
20.811
20.7242
20.6385
20.5539
20.4704
20.388
20.3068
20.2268
20.148
20.0704
19.994
19.9189
19.8451
19.7725
19.7013
19.6315
19.5629
19.4958
19.43
19.3657
19.3027
19.2412
19.1811
19.1225
19.0654
19.0098
18.9557
18.9031
18.852
18.8025
18.7545
18.7082
18.6634
18.6202
18.5786
18.5386
18.5002
18.4635
18.4285
18.395
18.3633
18.3332
18.3048
18.2781
18.2531
18.2297
18.2081
18.1882
18.17
18.1535
18.1388
18.1257
18.1144
18.1049
18.097
18.0909
18.0866
18.084
18.0831
