25
24.9783
24.9565
24.9348
24.9131
24.8915
24.8698
24.8482
24.8266
24.8051
24.7836
24.7622
24.7408
24.7195
24.6982
24.6771
24.656
24.635
24.6141
24.5933
24.5726
24.552
24.5315
24.5112
24.4909
24.4708
24.4508
24.431
24.4113
24.3918
24.3724
24.3531
24.334
24.3151
24.2964
24.2779
24.2595
24.2413
24.2233
24.2055
24.1879
24.1705
24.1533
24.1363
24.1196
24.103
24.0867
24.0706
24.0548
24.0392
24.0238
24.0087
23.9938
23.9792
23.9648
23.9507
23.9369
23.9233
23.91
23.897
23.8843
23.8718
23.8596
23.8477
23.8361
23.8248
23.8138
23.8031
23.7927
23.7825
23.7727
23.7632
23.7541
23.7452
23.7366
23.7284
23.7205
23.7129
23.7056
23.6987
23.6921
23.6858
23.6798
23.6742
23.6689
23.6639
23.6593
23.655
23.6511
23.6475
23.6442
23.6413
23.6387
23.6365
23.6346
23.633
23.6318
23.631
23.6305
23.6303
