25
24.4682
23.9368
23.4061
22.8766
22.3486
21.8226
21.2988
20.7776
20.2594
19.7446
19.2334
18.7263
18.2236
17.7256
17.2325
16.7448
16.2626
15.7863
15.3161
14.8523
14.3951
13.9448
13.5016
13.0656
12.637
12.2161
11.803
11.3978
11.0007
10.6117
10.231
9.85868
9.4948
9.13942
8.79258
8.45433
8.12467
7.80363
7.49119
7.18734
6.89206
6.60529
6.32699
6.05711
5.79557
5.54229
5.29719
5.06017
4.83112
4.60993
4.39649
4.19066
3.99233
3.80135
3.61759
3.4409
3.27113
3.10813
2.95174
2.80183
2.65821
2.52074
2.38926
2.26361
2.14362
2.02914
1.92002
1.81608
1.71719
1.62318
1.53391
1.44922
1.36897
1.29302
1.22123
1.15347
1.0896
1.02951
0.973052
0.920127
0.870617
0.824414
0.781416
0.741524
0.704646
0.670695
0.639591
0.611256
0.585622
0.562624
0.542204
0.52431
0.508896
0.495921
0.485352
0.477161
0.471325
0.46783
0.466666
