25
24.9815
24.9629
24.9444
24.9259
24.9074
24.889
24.8705
24.8521
24.8338
24.8154
24.7972
24.7789
24.7608
24.7427
24.7246
24.7067
24.6887
24.6709
24.6532
24.6355
24.618
24.6005
24.5831
24.5659
24.5487
24.5317
24.5148
24.498
24.4813
24.4648
24.4484
24.4321
24.416
24.4
24.3842
24.3685
24.353
24.3377
24.3225
24.3075
24.2926
24.278
24.2635
24.2492
24.2351
24.2212
24.2075
24.194
24.1807
24.1675
24.1547
24.142
24.1295
24.1173
24.1052
24.0934
24.0819
24.0705
24.0594
24.0485
24.0379
24.0275
24.0174
24.0075
23.9978
23.9885
23.9793
23.9704
23.9618
23.9534
23.9454
23.9375
23.93
23.9227
23.9156
23.9089
23.9024
23.8962
23.8903
23.8846
23.8793
23.8742
23.8694
23.8649
23.8607
23.8567
23.8531
23.8497
23.8466
23.8439
23.8414
23.8392
23.8373
23.8356
23.8343
23.8333
23.8326
23.8321
23.832
