25
24.7771
24.5543
24.3317
24.1092
23.8869
23.6649
23.4432
23.2219
23.0011
22.7808
22.5611
22.342
22.1235
21.9058
21.6889
21.4728
21.2576
21.0434
20.8302
20.618
20.407
20.1971
19.9885
19.7811
19.5751
19.3704
19.1672
18.9654
18.7652
18.5665
18.3695
18.1742
17.9806
17.7888
17.5988
17.4107
17.2246
17.0404
16.8582
16.6781
16.5001
16.3242
16.1505
15.9791
15.81
15.6432
15.4787
15.3167
15.1571
15
14.8455
14.6935
14.5441
14.3973
14.2532
14.1119
13.9732
13.8374
13.7044
13.5742
13.4469
13.3225
13.2011
13.0826
12.9672
12.8547
12.7453
12.6391
12.5359
12.4358
12.3389
12.2452
12.1547
12.0675
11.9835
11.9027
11.8252
11.7511
11.6803
11.6128
11.5487
11.488
11.4306
11.3767
11.3262
11.2791
11.2354
11.1952
11.1585
11.1252
11.0954
11.0691
11.0463
11.027
11.0112
10.9989
10.9902
10.9849
10.9831
