25
24.9804
24.9608
24.9412
24.9216
24.9021
24.8825
24.863
24.8436
24.8241
24.8047
24.7854
24.7661
24.7469
24.7277
24.7086
24.6896
24.6707
24.6518
24.6331
24.6144
24.5958
24.5773
24.559
24.5407
24.5225
24.5045
24.4866
24.4689
24.4512
24.4337
24.4164
24.3991
24.3821
24.3652
24.3484
24.3319
24.3155
24.2992
24.2832
24.2673
24.2516
24.2361
24.2208
24.2056
24.1907
24.176
24.1615
24.1472
24.1331
24.1192
24.1056
24.0922
24.079
24.066
24.0533
24.0408
24.0286
24.0166
24.0048
23.9933
23.9821
23.9711
23.9604
23.9499
23.9397
23.9297
23.9201
23.9107
23.9016
23.8927
23.8841
23.8759
23.8679
23.8601
23.8527
23.8456
23.8387
23.8322
23.8259
23.8199
23.8142
23.8089
23.8038
23.799
23.7945
23.7904
23.7865
23.783
23.7797
23.7768
23.7741
23.7718
23.7698
23.7681
23.7667
23.7656
23.7648
23.7643
23.7642
