25
24.9246
24.8492
24.7738
24.6985
24.6232
24.5481
24.4731
24.3982
24.3234
24.2489
24.1745
24.1003
24.0263
23.9526
23.8792
23.806
23.7332
23.6606
23.5884
23.5166
23.4451
23.374
23.3034
23.2331
23.1633
23.094
23.0251
22.9567
22.8889
22.8216
22.7548
22.6886
22.623
22.558
22.4936
22.4298
22.3666
22.3042
22.2424
22.1813
22.1209
22.0613
22.0023
21.9442
21.8868
21.8302
21.7743
21.7193
21.6652
21.6118
21.5593
21.5077
21.457
21.4071
21.3582
21.3102
21.2631
21.2169
21.1717
21.1275
21.0842
21.0419
21.0007
20.9604
20.9211
20.8829
20.8457
20.8095
20.7745
20.7404
20.7075
20.6756
20.6448
20.6151
20.5865
20.559
20.5327
20.5074
20.4833
20.4604
20.4385
20.4179
20.3983
20.38
20.3628
20.3467
20.3319
20.3182
20.3057
20.2944
20.2842
20.2753
20.2675
20.2609
20.2555
20.2514
20.2484
20.2466
20.246
