25
24.9734
24.9468
24.9202
24.8936
24.8671
24.8406
24.8141
24.7877
24.7613
24.735
24.7088
24.6826
24.6565
24.6305
24.6046
24.5788
24.5531
24.5275
24.5021
24.4767
24.4515
24.4264
24.4015
24.3767
24.3521
24.3276
24.3033
24.2792
24.2553
24.2315
24.208
24.1846
24.1615
24.1385
24.1158
24.0933
24.0711
24.049
24.0272
24.0057
23.9844
23.9633
23.9425
23.922
23.9018
23.8818
23.8621
23.8427
23.8236
23.8048
23.7863
23.7681
23.7502
23.7326
23.7153
23.6984
23.6818
23.6655
23.6495
23.6339
23.6187
23.6038
23.5892
23.575
23.5611
23.5476
23.5345
23.5218
23.5094
23.4974
23.4858
23.4745
23.4637
23.4532
23.4431
23.4334
23.4241
23.4152
23.4067
23.3986
23.3909
23.3836
23.3767
23.3702
23.3642
23.3585
23.3533
23.3484
23.344
23.34
23.3365
23.3333
23.3306
23.3282
23.3263
23.3249
23.3238
23.3232
23.323
