25
24.8835
24.767
24.6506
24.5343
24.4181
24.302
24.1861
24.0705
23.955
23.8398
23.725
23.6104
23.4962
23.3823
23.2689
23.1559
23.0434
22.9313
22.8198
22.7088
22.5984
22.4886
22.3795
22.271
22.1632
22.0561
21.9497
21.8441
21.7394
21.6354
21.5323
21.43
21.3287
21.2282
21.1287
21.0302
20.9327
20.8363
20.7408
20.6465
20.5532
20.4611
20.3701
20.2802
20.1916
20.1041
20.0179
19.933
19.8493
19.7669
19.6859
19.6061
19.5278
19.4508
19.3752
19.301
19.2283
19.157
19.0872
19.0189
18.952
18.8867
18.823
18.7608
18.7001
18.6411
18.5836
18.5278
18.4736
18.421
18.3701
18.3209
18.2733
18.2275
18.1833
18.1409
18.1002
18.0612
18.024
17.9885
17.9548
17.9229
17.8927
17.8643
17.8378
17.813
17.7901
17.7689
17.7496
17.7321
17.7164
17.7026
17.6906
17.6805
17.6722
17.6657
17.6611
17.6583
17.6574
