25
24.97
24.94
24.9101
24.8801
24.8502
24.8204
24.7905
24.7608
24.731
24.7014
24.6718
24.6423
24.613
24.5837
24.5545
24.5254
24.4964
24.4676
24.4389
24.4103
24.3819
24.3536
24.3255
24.2976
24.2699
24.2423
24.2149
24.1878
24.1608
24.134
24.1075
24.0812
24.0551
24.0292
24.0036
23.9783
23.9532
23.9284
23.9038
23.8795
23.8555
23.8318
23.8084
23.7852
23.7624
23.7399
23.7177
23.6959
23.6743
23.6531
23.6323
23.6117
23.5916
23.5718
23.5523
23.5332
23.5145
23.4961
23.4782
23.4606
23.4434
23.4266
23.4102
23.3942
23.3786
23.3634
23.3486
23.3342
23.3203
23.3067
23.2936
23.281
23.2687
23.2569
23.2455
23.2346
23.2241
23.2141
23.2045
23.1954
23.1867
23.1785
23.1707
23.1634
23.1566
23.1502
23.1443
23.1389
23.1339
23.1294
23.1254
23.1218
23.1187
23.1161
23.114
23.1123
23.1111
23.1104
23.1102
