25
24.935
24.8701
24.8052
24.7403
24.6755
24.6108
24.5462
24.4817
24.4173
24.353
24.289
24.2251
24.1614
24.0979
24.0347
23.9717
23.9089
23.8464
23.7842
23.7224
23.6608
23.5996
23.5387
23.4782
23.4181
23.3584
23.299
23.2402
23.1817
23.1238
23.0662
23.0092
22.9527
22.8967
22.8412
22.7863
22.7319
22.6781
22.6249
22.5723
22.5203
22.4689
22.4181
22.3681
22.3186
22.2699
22.2218
22.1744
22.1277
22.0818
22.0366
21.9922
21.9484
21.9055
21.8634
21.822
21.7814
21.7417
21.7028
21.6646
21.6274
21.591
21.5554
21.5207
21.4869
21.454
21.4219
21.3908
21.3606
21.3313
21.3029
21.2754
21.2489
21.2233
21.1987
21.1751
21.1523
21.1306
21.1099
21.0901
21.0713
21.0535
21.0366
21.0208
21.006
20.9922
20.9794
20.9676
20.9568
20.9471
20.9384
20.9306
20.924
20.9183
20.9137
20.9101
20.9075
20.9059
20.9054
