25
24.9142
24.8283
24.7425
24.6568
24.5712
24.4857
24.4003
24.315
24.23
24.1451
24.0604
23.976
23.8918
23.8079
23.7243
23.6411
23.5581
23.4756
23.3934
23.3116
23.2303
23.1494
23.0689
22.989
22.9095
22.8306
22.7522
22.6744
22.5972
22.5206
22.4446
22.3693
22.2946
22.2206
22.1473
22.0747
22.0028
21.9317
21.8614
21.7919
21.7231
21.6552
21.5882
21.522
21.4566
21.3922
21.3287
21.2661
21.2044
21.1437
21.084
21.0252
20.9675
20.9107
20.855
20.8004
20.7468
20.6942
20.6428
20.5924
20.5432
20.4951
20.4481
20.4022
20.3576
20.3141
20.2717
20.2306
20.1906
20.1519
20.1144
20.0781
20.0431
20.0093
19.9767
19.9455
19.9155
19.8867
19.8593
19.8332
19.8083
19.7848
19.7626
19.7417
19.7221
19.7038
19.6869
19.6713
19.6571
19.6442
19.6327
19.6225
19.6136
19.6062
19.6
19.5953
19.5919
19.5898
19.5891
