25
24.9589
24.9178
24.8768
24.8357
24.7947
24.7538
24.7129
24.6721
24.6314
24.5907
24.5502
24.5098
24.4695
24.4294
24.3893
24.3495
24.3098
24.2703
24.2309
24.1918
24.1528
24.1141
24.0756
24.0373
23.9993
23.9615
23.924
23.8868
23.8498
23.8131
23.7767
23.7407
23.7049
23.6695
23.6344
23.5996
23.5652
23.5312
23.4975
23.4643
23.4314
23.3989
23.3667
23.3351
23.3038
23.2729
23.2425
23.2126
23.183
23.154
23.1254
23.0973
23.0696
23.0425
23.0158
22.9896
22.964
22.9388
22.9142
22.8901
22.8665
22.8435
22.821
22.7991
22.7777
22.7568
22.7366
22.7169
22.6977
22.6792
22.6613
22.6439
22.6271
22.6109
22.5954
22.5804
22.566
22.5523
22.5391
22.5266
22.5147
22.5035
22.4928
22.4828
22.4735
22.4647
22.4566
22.4492
22.4423
22.4362
22.4307
22.4258
22.4215
22.418
22.415
22.4127
22.4111
22.4101
22.4098
