25
24.7491
24.4983
24.2476
23.9971
23.7469
23.497
23.2475
22.9984
22.7498
22.5019
22.2546
22.008
21.7621
21.5172
21.2731
21.03
20.7879
20.5469
20.307
20.0684
19.831
19.595
19.3604
19.1272
18.8955
18.6655
18.437
18.2103
17.9853
17.7621
17.5407
17.3213
17.1039
16.8884
16.6751
16.4639
16.2549
16.0482
15.8437
15.6416
15.4418
15.2445
15.0498
14.8575
14.6678
14.4808
14.2965
14.1149
13.936
13.76
13.5868
13.4165
13.2492
13.0849
12.9235
12.7653
12.6101
12.4581
12.3092
12.1636
12.0212
11.882
11.7462
11.6138
11.4846
11.359
11.2367
11.1179
11.0026
10.8908
10.7825
10.6779
10.5768
10.4793
10.3855
10.2953
10.2088
10.1261
10.047
9.97168
9.90012
9.83234
9.76834
9.70816
9.65178
9.59924
9.55055
9.50571
9.46473
9.42763
9.39441
9.36508
9.33965
9.31812
9.30049
9.28678
9.27699
9.27111
9.26915
