25
24.9355
24.8709
24.8065
24.742
24.6777
24.6134
24.5492
24.4851
24.4211
24.3573
24.2937
24.2302
24.1669
24.1039
24.041
23.9785
23.9161
23.8541
23.7923
23.7308
23.6697
23.6088
23.5484
23.4883
23.4285
23.3692
23.3103
23.2518
23.1938
23.1362
23.079
23.0224
22.9662
22.9106
22.8555
22.8009
22.7469
22.6935
22.6406
22.5883
22.5367
22.4856
22.4352
22.3855
22.3364
22.2879
22.2402
22.1931
22.1467
22.1011
22.0562
22.012
21.9686
21.926
21.8841
21.843
21.8027
21.7632
21.7246
21.6867
21.6497
21.6135
21.5782
21.5437
21.5102
21.4774
21.4456
21.4147
21.3847
21.3555
21.3273
21.3001
21.2737
21.2483
21.2239
21.2004
21.1778
21.1562
21.1356
21.1159
21.0973
21.0796
21.0629
21.0472
21.0324
21.0187
21.006
20.9943
20.9836
20.9739
20.9652
20.9576
20.9509
20.9453
20.9407
20.9371
20.9345
20.933
20.9325
