25
24.9431
24.8862
24.8294
24.7726
24.7158
24.6592
24.6026
24.5461
24.4897
24.4335
24.3774
24.3214
24.2656
24.2101
24.1547
24.0995
24.0445
23.9898
23.9354
23.8812
23.8273
23.7736
23.7203
23.6674
23.6147
23.5624
23.5105
23.4589
23.4077
23.357
23.3066
23.2567
23.2072
23.1581
23.1096
23.0615
23.0139
22.9667
22.9201
22.8741
22.8285
22.7835
22.7391
22.6952
22.6519
22.6092
22.5671
22.5256
22.4848
22.4446
22.405
22.366
22.3278
22.2902
22.2533
22.217
22.1815
22.1467
22.1126
22.0792
22.0466
22.0147
21.9836
21.9532
21.9236
21.8948
21.8667
21.8394
21.813
21.7873
21.7624
21.7384
21.7152
21.6928
21.6712
21.6505
21.6306
21.6116
21.5934
21.5761
21.5596
21.544
21.5293
21.5155
21.5025
21.4904
21.4792
21.4689
21.4594
21.4509
21.4432
21.4365
21.4306
21.4257
21.4216
21.4184
21.4162
21.4148
21.4144
