25
24.9806
24.9612
24.9418
24.9224
24.903
24.8837
24.8644
24.8451
24.8259
24.8067
24.7875
24.7684
24.7494
24.7304
24.7115
24.6927
24.6739
24.6553
24.6367
24.6182
24.5998
24.5815
24.5633
24.5452
24.5273
24.5094
24.4917
24.4741
24.4567
24.4393
24.4221
24.4051
24.3882
24.3715
24.3549
24.3385
24.3222
24.3062
24.2903
24.2745
24.259
24.2436
24.2285
24.2135
24.1987
24.1842
24.1698
24.1556
24.1417
24.128
24.1145
24.1012
24.0881
24.0753
24.0627
24.0503
24.0382
24.0263
24.0147
24.0033
23.9922
23.9813
23.9707
23.9603
23.9502
23.9404
23.9308
23.9215
23.9124
23.9037
23.8952
23.887
23.8791
23.8714
23.8641
23.857
23.8502
23.8437
23.8375
23.8316
23.826
23.8207
23.8156
23.8109
23.8065
23.8024
23.7985
23.795
23.7918
23.7889
23.7863
23.784
23.782
23.7803
23.7789
23.7778
23.777
23.7766
23.7764
