25
24.9581
24.9162
24.8743
24.8324
24.7906
24.7488
24.7071
24.6655
24.624
24.5825
24.5412
24.4999
24.4588
24.4179
24.3771
24.3364
24.2959
24.2556
24.2155
24.1755
24.1358
24.0963
24.057
24.018
23.9792
23.9406
23.9024
23.8644
23.8267
23.7892
23.7521
23.7153
23.6789
23.6427
23.6069
23.5715
23.5364
23.5017
23.4673
23.4334
23.3998
23.3667
23.3339
23.3016
23.2697
23.2382
23.2072
23.1766
23.1465
23.1169
23.0877
23.059
23.0308
23.0031
22.9759
22.9492
22.923
22.8974
22.8723
22.8477
22.8236
22.8001
22.7772
22.7548
22.733
22.7117
22.691
22.671
22.6515
22.6325
22.6142
22.5965
22.5794
22.5629
22.547
22.5317
22.5171
22.503
22.4896
22.4769
22.4648
22.4533
22.4424
22.4322
22.4226
22.4137
22.4055
22.3979
22.3909
22.3846
22.379
22.374
22.3697
22.366
22.363
22.3607
22.3591
22.3581
22.3577
