25
24.9608
24.9215
24.8823
24.8432
24.804
24.765
24.7259
24.687
24.6481
24.6093
24.5706
24.5321
24.4936
24.4553
24.4171
24.379
24.3411
24.3034
24.2658
24.2285
24.1913
24.1543
24.1176
24.081
24.0447
24.0087
23.9728
23.9373
23.902
23.867
23.8323
23.7978
23.7637
23.7299
23.6964
23.6632
23.6304
23.5979
23.5657
23.534
23.5026
23.4715
23.4409
23.4106
23.3808
23.3513
23.3223
23.2937
23.2655
23.2378
23.2105
23.1836
23.1573
23.1313
23.1059
23.0809
23.0564
23.0324
23.0089
22.9859
22.9634
22.9414
22.9199
22.899
22.8785
22.8587
22.8393
22.8205
22.8023
22.7846
22.7674
22.7508
22.7348
22.7194
22.7045
22.6902
22.6765
22.6634
22.6508
22.6389
22.6276
22.6168
22.6066
22.5971
22.5881
22.5798
22.5721
22.565
22.5585
22.5526
22.5473
22.5426
22.5386
22.5352
22.5324
22.5302
22.5286
22.5277
22.5274
