25
24.6974
24.3949
24.0925
23.7904
23.4886
23.1873
22.8865
22.5863
22.2867
21.9879
21.69
21.393
21.097
20.8021
20.5084
20.216
19.9249
19.6352
19.347
19.0604
18.7754
18.4922
18.2108
17.9312
17.6537
17.3781
17.1047
16.8334
16.5644
16.2977
16.0334
15.7716
15.5122
15.2555
15.0014
14.75
14.5014
14.2556
14.0127
13.7728
13.5359
13.302
13.0713
12.8438
12.6195
12.3984
12.1807
11.9664
11.7555
11.5481
11.3442
11.1439
10.9472
10.7541
10.5648
10.3791
10.1973
10.0192
9.845
9.67467
9.50825
9.34578
9.18728
9.03279
8.88235
8.73597
8.59368
8.45551
8.32149
8.19164
8.06599
7.94455
7.82735
7.7144
7.60574
7.50137
7.40132
7.3056
7.21423
7.12722
7.04459
6.96636
6.89252
6.8231
6.75811
6.69756
6.64145
6.5898
6.54262
6.4999
6.46167
6.42792
6.39865
6.37389
6.35362
6.33785
6.32658
6.31982
6.31757
