25
24.8625
24.725
24.5876
24.4502
24.3131
24.176
24.0392
23.9027
23.7664
23.6304
23.4948
23.3595
23.2247
23.0903
22.9564
22.823
22.6902
22.5579
22.4263
22.2953
22.1649
22.0353
21.9065
21.7784
21.6511
21.5247
21.3992
21.2745
21.1508
21.0281
20.9063
20.7856
20.666
20.5474
20.43
20.3137
20.1986
20.0847
19.9721
19.8607
19.7506
19.6418
19.5344
19.4283
19.3237
19.2205
19.1187
19.0184
18.9197
18.8224
18.7267
18.6326
18.5401
18.4492
18.36
18.2725
18.1866
18.1024
18.02
17.9394
17.8605
17.7834
17.7081
17.6347
17.5631
17.4934
17.4256
17.3597
17.2957
17.2337
17.1736
17.1155
17.0594
17.0052
16.9531
16.903
16.855
16.809
16.765
16.7231
16.6834
16.6457
16.6101
16.5766
16.5452
16.516
16.4889
16.4639
16.4411
16.4205
16.402
16.3857
16.3715
16.3595
16.3497
16.3421
16.3366
16.3334
16.3323
