25
19.2112
14.5764
11.0598
8.39159
6.36709
4.83101
3.66551
2.7812
2.11022
1.60112
1.21485
0.921762
0.699384
0.530655
0.402633
0.305496
0.231794
0.175873
0.133443
0.101249
0.0768227
0.058289
0.0442266
0.0335568
0.0254611
0.0193185
0.0146579
0.0111216
0.00843847
0.00640266
0.004858
0.00368599
0.00279673
0.00212201
0.00161007
0.00122163
0.000926911
0.000703291
0.00053362
0.000404882
0.000307203
0.000233089
0.000176856
0.000134189
0.000101815
7.72519e-05
5.86146e-05
4.44736e-05
3.37442e-05
2.56033e-05
1.94264e-05
1.47397e-05
1.11837e-05
8.48562e-06
6.43843e-06
4.88514e-06
3.70658e-06
2.81236e-06
2.13387e-06
1.61906e-06
1.22846e-06
9.3209e-07
7.0722e-07
5.36601e-07
4.07144e-07
3.08919e-07
2.34391e-07
1.77844e-07
1.34938e-07
1.02384e-07
7.76835e-08
5.89421e-08
4.47221e-08
3.39328e-08
2.57464e-08
1.9535e-08
1.48222e-08
1.12463e-08
8.53316e-09
6.47458e-09
4.91267e-09
3.7276e-09
2.82848e-09
2.14633e-09
1.62882e-09
1.23627e-09
9.38539e-10
7.12808e-10
5.41756e-10
4.12262e-10
3.14393e-10
2.40641e-10
1.85348e-10
1.44273e-10
1.14265e-10
9.30224e-11
7.89155e-11
7.08622e-11
6.82446e-11
