25
24.8089
24.6179
24.4269
24.2361
24.0455
23.8551
23.665
23.4753
23.2859
23.097
22.9085
22.7206
22.5333
22.3466
22.1605
21.9752
21.7906
21.6069
21.424
21.242
21.0609
20.8809
20.7018
20.5239
20.3471
20.1715
19.9971
19.8239
19.6521
19.4816
19.3125
19.1449
18.9787
18.8141
18.651
18.4895
18.3296
18.1714
18.015
17.8603
17.7074
17.5564
17.4072
17.26
17.1147
16.9714
16.8301
16.6908
16.5537
16.4187
16.2859
16.1552
16.0268
15.9006
15.7768
15.6552
15.5361
15.4193
15.3049
15.1929
15.0835
14.9765
14.872
14.7701
14.6708
14.5741
14.48
14.3885
14.2997
14.2136
14.1303
14.0496
13.9717
13.8966
13.8243
13.7548
13.6881
13.6243
13.5634
13.5053
13.4501
13.3978
13.3484
13.302
13.2585
13.2179
13.1803
13.1457
13.1141
13.0854
13.0598
13.0371
13.0175
13.0009
12.9873
12.9767
12.9691
12.9646
12.9631
