25
24.8588
24.7176
24.5765
24.4354
24.2946
24.1539
24.0134
23.8732
23.7332
23.5936
23.4543
23.3154
23.1769
23.0389
22.9014
22.7644
22.628
22.4922
22.357
22.2225
22.0887
21.9556
21.8232
21.6917
21.561
21.4312
21.3023
21.1743
21.0472
20.9212
20.7962
20.6722
20.5494
20.4276
20.307
20.1876
20.0694
19.9525
19.8368
19.7224
19.6093
19.4976
19.3873
19.2784
19.171
19.065
18.9605
18.8575
18.7561
18.6562
18.558
18.4613
18.3663
18.273
18.1814
18.0915
18.0033
17.9169
17.8322
17.7494
17.6684
17.5893
17.512
17.4366
17.3631
17.2915
17.2219
17.1542
17.0885
17.0248
16.9631
16.9034
16.8458
16.7902
16.7366
16.6852
16.6359
16.5886
16.5435
16.5005
16.4596
16.4209
16.3844
16.35
16.3178
16.2878
16.26
16.2343
16.2109
16.1897
16.1707
16.154
16.1394
16.1271
16.117
16.1092
16.1036
16.1002
16.0991
