25
24.9664
24.9329
24.8993
24.8658
24.8323
24.7989
24.7655
24.7322
24.6989
24.6657
24.6326
24.5996
24.5667
24.5339
24.5012
24.4687
24.4363
24.404
24.3719
24.3399
24.3081
24.2764
24.245
24.2137
24.1827
24.1518
24.1212
24.0908
24.0606
24.0306
24.0009
23.9714
23.9422
23.9133
23.8846
23.8563
23.8282
23.8004
23.7729
23.7457
23.7188
23.6923
23.666
23.6402
23.6146
23.5894
23.5646
23.5401
23.516
23.4923
23.4689
23.4459
23.4234
23.4012
23.3794
23.358
23.3371
23.3165
23.2964
23.2767
23.2575
23.2387
23.2203
23.2024
23.1849
23.1679
23.1513
23.1353
23.1196
23.1045
23.0898
23.0756
23.0619
23.0487
23.036
23.0238
23.012
23.0008
22.9901
22.9799
22.9702
22.961
22.9523
22.9441
22.9364
22.9293
22.9227
22.9166
22.911
22.906
22.9015
22.8975
22.894
22.8911
22.8887
22.8869
22.8855
22.8847
22.8845
