25
24.7358
24.4717
24.2077
23.944
23.6805
23.4173
23.1546
22.8924
22.6307
22.3697
22.1093
21.8497
21.5909
21.333
21.0761
20.8202
20.5654
20.3118
20.0594
19.8083
19.5585
19.3102
19.0634
18.8181
18.5744
18.3324
18.0921
17.8537
17.6171
17.3824
17.1497
16.9191
16.6905
16.4641
16.24
16.018
15.7985
15.5812
15.3665
15.1542
14.9444
14.7373
14.5327
14.3309
14.1318
13.9355
13.7421
13.5515
13.3639
13.1792
12.9976
12.819
12.6435
12.4712
12.302
12.1361
11.9735
11.8142
11.6582
11.5056
11.3564
11.2106
11.0683
10.9296
10.7944
10.6628
10.5348
10.4104
10.2897
10.1727
10.0594
9.94984
9.84407
9.74209
9.64392
9.5496
9.45914
9.37255
9.28987
9.2111
9.13627
9.06539
8.99848
8.93555
8.87662
8.82169
8.77078
8.72391
8.68108
8.6423
8.60758
8.57692
8.55034
8.52784
8.50942
8.4951
8.48486
8.47872
8.47667
