25
23.3121
21.6382
19.9919
18.3859
16.8316
15.3393
13.9171
12.5718
11.3081
10.1292
9.03649
8.02999
7.1084
6.26937
5.50963
4.82525
4.2118
3.66451
3.17844
2.74858
2.36999
2.03785
1.74756
1.49473
1.27528
1.08542
0.921685
0.780887
0.660163
0.556934
0.468897
0.394004
0.330448
0.276637
0.23118
0.192862
0.16063
0.133569
0.110895
0.0919321
0.0761004
0.0629061
0.0519282
0.042809
0.0352457
0.0289823
0.0238029
0.019526
0.0159991
0.0130947
0.0107058
0.0087435
0.00713351
0.00581415
0.00473418
0.00385115
0.00312992
0.00254146
0.00206183
0.00167127
0.00135357
0.00109536
0.000885698
0.000715612
0.000577748
0.000466098
0.000375752
0.000302703
0.000243687
0.000196043
0.00015761
0.00012663
0.000101675
8.15867e-05
6.5428e-05
5.24386e-05
4.20037e-05
3.36264e-05
2.69051e-05
2.1516e-05
1.71976e-05
1.37395e-05
1.09719e-05
8.75857e-06
6.98968e-06
5.57716e-06
4.45028e-06
3.55236e-06
2.83802e-06
2.27098e-06
1.82235e-06
1.46915e-06
1.19322e-06
9.80334e-07
8.19478e-07
7.02303e-07
6.22714e-07
5.76563e-07
5.61443e-07
