25
24.6261
24.2523
23.8788
23.5057
23.1332
22.7613
22.3903
22.0202
21.6512
21.2834
20.9169
20.552
20.1886
19.8269
19.4672
19.1094
18.7536
18.4002
18.049
17.7003
17.3542
17.0107
16.67
16.3323
15.9975
15.6658
15.3373
15.0121
14.6902
14.3719
14.0571
13.7459
13.4384
13.1348
12.835
12.5392
12.2474
11.9596
11.676
11.3966
11.1215
10.8507
10.5842
10.3222
10.0646
9.81156
9.56303
9.31907
9.07973
8.84503
8.615
8.38967
8.16907
7.95321
7.74211
7.53579
7.33427
7.13755
6.94566
6.75859
6.57636
6.39896
6.22641
6.05871
5.89585
5.73783
5.58466
5.43633
5.29284
5.15417
5.02033
4.89131
4.7671
4.64768
4.53306
4.42322
4.31816
4.21785
4.1223
4.0315
3.94542
3.86407
3.78743
3.71549
3.64824
3.58567
3.52778
3.47456
3.42599
3.38207
3.34279
3.30815
3.27814
3.25276
3.23199
3.21585
3.20432
3.1974
3.19509
