25
24.9493
24.8987
24.8481
24.7975
24.747
24.6965
24.6462
24.5959
24.5457
24.4956
24.4456
24.3958
24.3462
24.2967
24.2474
24.1982
24.1493
24.1006
24.0521
24.0038
23.9559
23.9081
23.8607
23.8135
23.7666
23.7201
23.6738
23.6279
23.5823
23.5371
23.4923
23.4478
23.4038
23.3601
23.3169
23.274
23.2316
23.1897
23.1482
23.1072
23.0666
23.0266
22.987
22.9479
22.9094
22.8714
22.8339
22.797
22.7606
22.7248
22.6895
22.6549
22.6208
22.5873
22.5544
22.5222
22.4906
22.4596
22.4292
22.3995
22.3705
22.3421
22.3143
22.2873
22.2609
22.2353
22.2103
22.186
22.1624
22.1396
22.1175
22.096
22.0754
22.0554
22.0362
22.0178
22.0001
21.9831
21.9669
21.9515
21.9369
21.923
21.9099
21.8975
21.886
21.8752
21.8652
21.8561
21.8477
21.84
21.8332
21.8272
21.822
21.8176
21.814
21.8112
21.8092
21.808
21.8076
