25
24.9451
24.8903
24.8355
24.7807
24.726
24.6714
24.6168
24.5624
24.508
24.4538
24.3997
24.3457
24.292
24.2384
24.185
24.1318
24.0788
24.026
23.9735
23.9213
23.8693
23.8176
23.7662
23.7151
23.6644
23.6139
23.5639
23.5142
23.4648
23.4159
23.3673
23.3192
23.2715
23.2242
23.1773
23.131
23.085
23.0396
22.9947
22.9503
22.9063
22.863
22.8201
22.7778
22.7361
22.6949
22.6543
22.6143
22.5749
22.5361
22.498
22.4604
22.4235
22.3873
22.3517
22.3168
22.2825
22.249
22.2161
22.1839
22.1525
22.1217
22.0917
22.0624
22.0339
22.0061
21.979
21.9527
21.9272
21.9025
21.8785
21.8553
21.8329
21.8113
21.7905
21.7706
21.7514
21.733
21.7155
21.6988
21.6829
21.6679
21.6537
21.6404
21.6278
21.6162
21.6054
21.5954
21.5863
21.5781
21.5707
21.5642
21.5586
21.5538
21.5499
21.5468
21.5446
21.5433
21.5429
