25
24.8403
24.6807
24.5211
24.3616
24.2024
24.0433
23.8844
23.7259
23.5676
23.4097
23.2522
23.0952
22.9386
22.7826
22.6271
22.4722
22.318
22.1644
22.0116
21.8594
21.7081
21.5576
21.408
21.2593
21.1115
20.9648
20.819
20.6743
20.5306
20.3881
20.2468
20.1066
19.9677
19.8301
19.6937
19.5587
19.4251
19.2929
19.1621
19.0327
18.9049
18.7786
18.6539
18.5308
18.4093
18.2895
18.1713
18.0549
17.9402
17.8273
17.7162
17.607
17.4996
17.3941
17.2905
17.1888
17.0892
16.9915
16.8958
16.8022
16.7106
16.6211
16.5337
16.4485
16.3654
16.2845
16.2058
16.1293
16.055
15.983
15.9132
15.8458
15.7806
15.7178
15.6573
15.5991
15.5433
15.4899
15.4389
15.3903
15.3441
15.3004
15.259
15.2202
15.1838
15.1498
15.1184
15.0894
15.063
15.039
15.0175
14.9986
14.9821
14.9682
14.9568
14.948
14.9417
14.9379
14.9366
