25
24.9715
24.943
24.9144
24.886
24.8575
24.8291
24.8007
24.7724
24.7441
24.7159
24.6878
24.6597
24.6317
24.6039
24.5761
24.5484
24.5209
24.4934
24.4661
24.4389
24.4119
24.385
24.3583
24.3317
24.3053
24.2791
24.2531
24.2272
24.2015
24.1761
24.1508
24.1258
24.101
24.0764
24.052
24.0279
24.004
23.9804
23.957
23.9339
23.9111
23.8885
23.8662
23.8442
23.8225
23.8011
23.78
23.7592
23.7387
23.7185
23.6987
23.6792
23.66
23.6411
23.6226
23.6044
23.5866
23.5692
23.5521
23.5353
23.519
23.503
23.4874
23.4721
23.4573
23.4428
23.4288
23.4151
23.4018
23.3889
23.3765
23.3644
23.3528
23.3415
23.3307
23.3203
23.3104
23.3008
23.2917
23.283
23.2748
23.267
23.2596
23.2526
23.2461
23.2401
23.2344
23.2293
23.2245
23.2202
23.2164
23.213
23.2101
23.2076
23.2056
23.204
23.2028
23.2022
23.2019
