25
24.3059
23.6127
22.9213
22.2323
21.5468
20.8656
20.1893
19.519
18.8552
18.1988
17.5504
16.9109
16.2807
15.6606
15.0511
14.4528
13.8663
13.2918
12.73
12.1812
11.6457
11.1238
10.6159
10.1221
9.64264
9.17762
8.72717
8.29133
7.87015
7.4636
7.07164
6.69418
6.33113
5.98233
5.64761
5.32678
5.01961
4.72586
4.44526
4.17754
3.92237
3.67947
3.44848
3.22908
3.02091
2.82361
2.63684
2.46021
2.29335
2.13591
1.98751
1.84778
1.71635
1.59286
1.47696
1.36829
1.26652
1.17129
1.08229
0.999191
0.921684
0.849467
0.782247
0.719744
0.661685
0.60781
0.557869
0.511622
0.46884
0.429305
0.392808
0.359153
0.328152
0.299627
0.273411
0.249346
0.227283
0.207082
0.188612
0.17175
0.156382
0.142402
0.12971
0.118216
0.107834
0.0984861
0.0901022
0.0826172
0.0759721
0.0701141
0.0649959
0.0605759
0.0568175
0.0536895
0.0511656
0.0492244
0.0478497
0.0470295
0.0467568
