25
24.9233
24.8466
24.77
24.6934
24.6169
24.5405
24.4643
24.3881
24.3121
24.2363
24.1607
24.0852
24.0101
23.9351
23.8604
23.7861
23.712
23.6382
23.5648
23.4918
23.4191
23.3468
23.275
23.2035
23.1326
23.0621
22.9921
22.9226
22.8536
22.7851
22.7172
22.6499
22.5832
22.5171
22.4516
22.3868
22.3226
22.2591
22.1963
22.1341
22.0727
22.0121
21.9522
21.893
21.8347
21.7771
21.7204
21.6645
21.6094
21.5551
21.5018
21.4493
21.3977
21.347
21.2973
21.2484
21.2006
21.1536
21.1077
21.0627
21.0187
20.9757
20.9337
20.8928
20.8529
20.814
20.7762
20.7394
20.7038
20.6692
20.6356
20.6032
20.5719
20.5417
20.5127
20.4847
20.4579
20.4323
20.4078
20.3844
20.3622
20.3412
20.3214
20.3027
20.2852
20.2689
20.2538
20.2399
20.2271
20.2156
20.2053
20.1962
20.1883
20.1816
20.1762
20.1719
20.1689
20.167
20.1664
