25
24.8435
24.687
24.5305
24.3742
24.2181
24.0621
23.9064
23.751
23.5959
23.4411
23.2867
23.1328
22.9793
22.8263
22.6739
22.5221
22.3709
22.2204
22.0705
21.9214
21.7731
21.6256
21.4789
21.3331
21.1883
21.0444
20.9015
20.7596
20.6188
20.4791
20.3405
20.2032
20.067
19.932
19.7984
19.666
19.535
19.4054
19.2772
19.1504
19.0251
18.9013
18.7791
18.6584
18.5393
18.4218
18.306
18.1918
18.0794
17.9688
17.8599
17.7528
17.6475
17.5441
17.4425
17.3429
17.2451
17.1494
17.0556
16.9638
16.874
16.7863
16.7006
16.6171
16.5356
16.4563
16.3791
16.3041
16.2313
16.1607
16.0923
16.0262
15.9623
15.9007
15.8414
15.7844
15.7297
15.6774
15.6273
15.5797
15.5344
15.4915
15.451
15.4129
15.3772
15.344
15.3131
15.2847
15.2588
15.2353
15.2143
15.1957
15.1796
15.1659
15.1548
15.1461
15.1399
15.1362
15.1349
