25
24.5196
24.0394
23.5599
23.0811
22.6035
22.1273
21.6528
21.1802
20.7098
20.2419
19.7768
19.3146
18.8557
18.4003
17.9486
17.5008
17.0573
16.6181
16.1836
15.7539
15.3292
14.9097
14.4956
14.087
13.6841
13.2871
12.8961
12.5113
12.1327
11.7605
11.3948
11.0357
10.6832
10.3375
9.99865
9.66666
9.3416
9.02353
8.71246
8.40843
8.11146
7.82154
7.53868
7.26288
6.99412
6.73237
6.4776
6.22979
5.98889
5.75484
5.5276
5.30711
5.09329
4.88608
4.6854
4.49118
4.30333
4.12176
3.94639
3.77712
3.61385
3.4565
3.30495
3.15911
3.01888
2.88415
2.75482
2.63078
2.51194
2.39818
2.2894
2.1855
2.08639
1.99195
1.9021
1.81672
1.73574
1.65906
1.58659
1.51824
1.45392
1.39357
1.3371
1.28443
1.2355
1.19024
1.14859
1.1105
1.07589
1.04474
1.01699
0.9926
0.971536
0.953765
0.939263
0.928006
0.919977
0.915165
0.913562
