25
24.138
23.2778
22.4208
21.5688
20.7234
19.8861
19.0585
18.242
17.4381
16.648
15.873
15.1143
14.3728
13.6497
12.9458
12.2618
11.5985
10.9563
10.3358
9.7374
9.1613
8.6077
8.07668
7.56823
7.08228
6.61864
6.17708
5.75727
5.35884
4.98135
4.62432
4.28721
3.96944
3.67041
3.38947
3.12597
2.87923
2.64855
2.43323
2.23257
2.04586
1.87241
1.71152
1.56251
1.42471
1.29747
1.18016
1.07215
0.97286
0.881712
0.798157
0.721673
0.651757
0.587934
0.529753
0.476787
0.428632
0.38491
0.345265
0.309363
0.276892
0.247561
0.221101
0.19726
0.175805
0.156521
0.139209
0.123685
0.109783
0.0973465
0.0862345
0.0763174
0.067477
0.0596055
0.0526048
0.0463859
0.040868
0.0359779
0.0316496
0.0278235
0.0244459
0.0214686
0.0188483
0.0165463
0.0145281
0.0127627
0.0112229
0.00988456
0.00872627
0.00772938
0.00687763
0.00615695
0.00555534
0.00506267
0.0046706
0.00437244
0.00416306
0.00403886
0.0039977
