25
24.6168
24.2338
23.8511
23.4687
23.087
22.706
22.3259
21.9468
21.5689
21.1922
20.817
20.4433
20.0714
19.7013
19.3332
18.9672
18.6034
18.242
17.8831
17.5268
17.1732
16.8225
16.4747
16.1299
15.7884
15.4501
15.1153
14.7839
14.456
14.1319
13.8115
13.4949
13.1823
12.8737
12.5691
12.2687
11.9726
11.6807
11.3932
11.1101
10.8314
10.5573
10.2877
10.0228
9.76246
9.50686
9.25599
9.00988
8.76856
8.53206
8.30041
8.07363
7.85174
7.63474
7.42267
7.21552
7.01331
6.81604
6.62372
6.43636
6.25394
6.07647
5.90396
5.73638
5.57375
5.41604
5.26326
5.11538
4.97241
4.83433
4.70112
4.57277
4.44927
4.3306
4.21676
4.10771
4.00346
3.90397
3.80924
3.71925
3.63398
3.55342
3.47756
3.40638
3.33986
3.27799
3.22076
3.16815
3.12017
3.07678
3.03799
3.00378
2.97416
2.9491
2.9286
2.91267
2.90129
2.89446
2.89219
