25
24.9582
24.9164
24.8747
24.833
24.7913
24.7497
24.7081
24.6666
24.6252
24.5839
24.5427
24.5016
24.4606
24.4198
24.3791
24.3386
24.2982
24.2581
24.2181
24.1783
24.1387
24.0993
24.0601
24.0212
23.9826
23.9441
23.906
23.8681
23.8305
23.7932
23.7563
23.7196
23.6832
23.6472
23.6115
23.5762
23.5412
23.5066
23.4724
23.4386
23.4051
23.3721
23.3394
23.3072
23.2754
23.244
23.2131
23.1827
23.1526
23.1231
23.094
23.0654
23.0373
23.0097
22.9826
22.956
22.9299
22.9043
22.8793
22.8548
22.8308
22.8074
22.7845
22.7622
22.7405
22.7193
22.6987
22.6787
22.6592
22.6404
22.6221
22.6045
22.5874
22.571
22.5551
22.5399
22.5253
22.5113
22.498
22.4852
22.4732
22.4617
22.4509
22.4407
22.4312
22.4223
22.4141
22.4065
22.3996
22.3933
22.3877
22.3827
22.3784
22.3748
22.3718
22.3695
22.3678
22.3668
22.3665
