25
24.9241
24.8482
24.7723
24.6965
24.6207
24.5451
24.4696
24.3942
24.3189
24.2439
24.169
24.0943
24.0199
23.9457
23.8717
23.7981
23.7247
23.6517
23.579
23.5067
23.4348
23.3632
23.2921
23.2213
23.1511
23.0813
23.012
22.9431
22.8748
22.8071
22.7399
22.6732
22.6072
22.5417
22.4769
22.4127
22.3491
22.2862
22.224
22.1625
22.1017
22.0417
21.9824
21.9238
21.866
21.8091
21.7529
21.6975
21.643
21.5893
21.5364
21.4845
21.4334
21.3832
21.334
21.2856
21.2382
21.1917
21.1462
21.1017
21.0581
21.0156
20.974
20.9335
20.894
20.8555
20.818
20.7816
20.7463
20.7121
20.6789
20.6468
20.6158
20.5859
20.5571
20.5295
20.5029
20.4775
20.4533
20.4301
20.4082
20.3874
20.3677
20.3492
20.3319
20.3158
20.3008
20.287
20.2744
20.263
20.2528
20.2438
20.236
20.2294
20.2239
20.2197
20.2167
20.2149
20.2143
