25
24.82
24.6401
24.4602
24.2805
24.101
23.9217
23.7426
23.5639
23.3856
23.2076
23.0301
22.8531
22.6767
22.5008
22.3256
22.151
21.9772
21.8041
21.6318
21.4604
21.2899
21.1203
20.9516
20.784
20.6175
20.4521
20.2878
20.1247
19.9628
19.8023
19.643
19.485
19.3285
19.1734
19.0197
18.8676
18.717
18.568
18.4206
18.2749
18.1309
17.9886
17.8481
17.7093
17.5724
17.4374
17.3043
17.1731
17.0439
16.9167
16.7916
16.6685
16.5475
16.4286
16.3119
16.1974
16.0851
15.975
15.8672
15.7618
15.6586
15.5578
15.4594
15.3633
15.2697
15.1786
15.0899
15.0037
14.9201
14.8389
14.7604
14.6844
14.611
14.5402
14.472
14.4065
14.3437
14.2835
14.2261
14.1713
14.1193
14.07
14.0235
13.9797
13.9387
13.9005
13.8651
13.8325
13.8026
13.7757
13.7515
13.7301
13.7116
13.696
13.6831
13.6732
13.666
13.6617
13.6603
