25
24.5917
24.1837
23.7759
23.3687
22.9622
22.5566
22.152
21.7486
21.3465
20.9461
20.5473
20.1504
19.7555
19.3629
18.9725
18.5847
18.1995
17.8171
17.4377
17.0613
16.6882
16.3184
15.952
15.5893
15.2303
14.8751
14.5239
14.1768
13.8338
13.4951
13.1607
12.8308
12.5054
12.1847
11.8686
11.5574
11.2509
10.9494
10.6528
10.3612
10.0747
9.7933
9.51705
9.24599
8.98016
8.71957
8.46426
8.21425
7.96954
7.73017
7.49613
7.26743
7.04408
6.82607
6.6134
6.40606
6.20405
6.00735
5.81595
5.62983
5.44897
5.27335
5.10295
4.93773
4.77768
4.62277
4.47297
4.32824
4.18855
4.05388
3.92418
3.79943
3.6796
3.56463
3.45452
3.34921
3.24867
3.15288
3.06179
2.97538
2.89361
2.81646
2.74388
2.67587
2.61237
2.55338
2.49886
2.4488
2.40316
2.36193
2.3251
2.29263
2.26453
2.24077
2.22135
2.20625
2.19547
2.18901
2.18685
