25
24.9552
24.9104
24.8656
24.8209
24.7762
24.7316
24.687
24.6426
24.5982
24.5539
24.5097
24.4656
24.4217
24.3779
24.3343
24.2909
24.2476
24.2045
24.1616
24.1189
24.0765
24.0343
23.9923
23.9506
23.9091
23.8679
23.827
23.7864
23.7461
23.7062
23.6665
23.6272
23.5882
23.5496
23.5113
23.4735
23.436
23.3989
23.3622
23.3259
23.29
23.2546
23.2196
23.185
23.1509
23.1173
23.0842
23.0515
23.0193
22.9876
22.9565
22.9258
22.8957
22.8661
22.837
22.8085
22.7805
22.7531
22.7262
22.7
22.6743
22.6492
22.6246
22.6007
22.5774
22.5547
22.5326
22.5111
22.4903
22.4701
22.4505
22.4316
22.4133
22.3957
22.3787
22.3624
22.3467
22.3317
22.3174
22.3037
22.2908
22.2785
22.2669
22.256
22.2458
22.2363
22.2274
22.2193
22.2119
22.2052
22.1991
22.1938
22.1892
22.1853
22.1821
22.1796
22.1778
22.1768
22.1764
