25
24.8004
24.6009
24.4015
24.2023
24.0032
23.8044
23.6059
23.4078
23.21
23.0127
22.8159
22.6197
22.4241
22.2291
22.0348
21.8413
21.6486
21.4567
21.2657
21.0756
20.8866
20.6986
20.5117
20.3259
20.1413
19.9579
19.7758
19.595
19.4156
19.2376
19.061
18.886
18.7125
18.5406
18.3703
18.2017
18.0348
17.8696
17.7063
17.5448
17.3852
17.2275
17.0718
16.9181
16.7664
16.6168
16.4693
16.3239
16.1808
16.0399
15.9012
15.7648
15.6308
15.4991
15.3698
15.2429
15.1185
14.9966
14.8772
14.7604
14.6461
14.5345
14.4254
14.3191
14.2154
14.1145
14.0163
13.9208
13.8282
13.7383
13.6513
13.5671
13.4859
13.4075
13.332
13.2595
13.1899
13.1233
13.0597
12.999
12.9414
12.8869
12.8353
12.7869
12.7415
12.6992
12.6599
12.6238
12.5908
12.5609
12.5342
12.5105
12.49
12.4727
12.4585
12.4474
12.4395
12.4348
12.4332
