25
24.9537
24.9074
24.8611
24.8149
24.7687
24.7225
24.6765
24.6305
24.5846
24.5388
24.4931
24.4476
24.4022
24.3569
24.3119
24.2669
24.2222
24.1777
24.1333
24.0892
24.0453
24.0017
23.9583
23.9152
23.8723
23.8297
23.7875
23.7455
23.7038
23.6625
23.6215
23.5809
23.5406
23.5006
23.4611
23.4219
23.3832
23.3448
23.3069
23.2694
23.2323
23.1957
23.1595
23.1238
23.0886
23.0538
23.0195
22.9858
22.9525
22.9197
22.8875
22.8558
22.8247
22.7941
22.764
22.7345
22.7056
22.6773
22.6495
22.6224
22.5958
22.5698
22.5445
22.5198
22.4957
22.4722
22.4494
22.4272
22.4056
22.3847
22.3645
22.3449
22.326
22.3078
22.2902
22.2734
22.2572
22.2417
22.2269
22.2128
22.1994
22.1867
22.1747
22.1634
22.1529
22.143
22.1339
22.1255
22.1178
22.1109
22.1046
22.0991
22.0944
22.0903
22.087
22.0844
22.0826
22.0815
22.0811
