25
24.941
24.882
24.823
24.7641
24.7053
24.6465
24.5878
24.5292
24.4707
24.4124
24.3542
24.2962
24.2383
24.1807
24.1232
24.066
24.009
23.9523
23.8958
23.8396
23.7837
23.7281
23.6728
23.6178
23.5632
23.509
23.4551
23.4016
23.3486
23.2959
23.2437
23.1919
23.1405
23.0897
23.0393
22.9894
22.94
22.8912
22.8428
22.795
22.7478
22.7011
22.655
22.6095
22.5646
22.5203
22.4767
22.4337
22.3913
22.3495
22.3085
22.2681
22.2284
22.1894
22.1511
22.1136
22.0767
22.0406
22.0053
21.9707
21.9368
21.9037
21.8714
21.8399
21.8092
21.7793
21.7502
21.7219
21.6945
21.6679
21.6421
21.6172
21.5931
21.5698
21.5475
21.526
21.5054
21.4856
21.4668
21.4488
21.4317
21.4155
21.4003
21.3859
21.3725
21.3599
21.3483
21.3376
21.3278
21.3189
21.311
21.304
21.2979
21.2928
21.2886
21.2853
21.283
21.2815
21.2811
