25
24.447
23.8945
23.3428
22.7924
22.2438
21.6973
21.1533
20.6123
20.0746
19.5407
19.011
18.4858
17.9654
17.4504
16.9409
16.4373
15.9399
15.4491
14.9652
14.4883
14.0188
13.5569
13.1028
12.6568
12.219
11.7897
11.3689
10.9568
10.5536
10.1594
9.77419
9.39815
9.03132
8.67373
8.32543
7.98643
7.65673
7.33632
7.02517
6.72325
6.4305
6.14686
5.87226
5.60659
5.34978
5.10171
4.86226
4.6313
4.40871
4.19434
3.98805
3.78967
3.59906
3.41604
3.24044
3.0721
2.91084
2.75647
2.60883
2.46772
2.33296
2.20438
2.08178
1.96498
1.85381
1.74809
1.64763
1.55225
1.46179
1.37608
1.29495
1.21822
1.14576
1.07739
1.01296
0.952339
0.895374
0.84193
0.791875
0.745083
0.701432
0.660808
0.6231
0.588205
0.556024
0.526466
0.499445
0.474881
0.452701
0.432836
0.415227
0.399819
0.386563
0.375417
0.366346
0.359322
0.35432
0.351326
0.350328
