25
24.6796
24.3593
24.0391
23.7193
23.3999
23.0809
22.7625
22.4447
22.1277
21.8116
21.4964
21.1822
20.8692
20.5573
20.2468
19.9377
19.6301
19.324
19.0196
18.717
18.4162
18.1173
17.8204
17.5256
17.2329
16.9425
16.6544
16.3687
16.0854
15.8047
15.5267
15.2513
14.9787
14.7089
14.442
14.178
13.9171
13.6593
13.4046
13.1532
12.905
12.6602
12.4187
12.1807
11.9461
11.7151
11.4877
11.264
11.0439
10.8276
10.615
10.4063
10.2014
10.0005
9.80343
9.61039
9.42135
9.23637
9.05547
8.87868
8.70603
8.53756
8.3733
8.21326
8.05747
7.90597
7.75876
7.61589
7.47736
7.34319
7.21342
7.08805
6.9671
6.85059
6.73854
6.63095
6.52785
6.42925
6.33516
6.24559
6.16055
6.08005
6.00411
5.93272
5.8659
5.80367
5.74601
5.69294
5.64447
5.6006
5.56134
5.52668
5.49664
5.47122
5.45041
5.43423
5.42267
5.41573
5.41342
