25
24.855
24.71
24.5651
24.4202
24.2756
24.1311
23.9868
23.8428
23.6991
23.5557
23.4127
23.2701
23.1279
22.9862
22.8449
22.7043
22.5642
22.4247
22.2859
22.1477
22.0103
21.8736
21.7377
21.6027
21.4685
21.3352
21.2028
21.0713
20.9409
20.8114
20.6831
20.5558
20.4296
20.3046
20.1807
20.0581
19.9368
19.8166
19.6979
19.5804
19.4643
19.3496
19.2363
19.1245
19.0141
18.9053
18.798
18.6922
18.5881
18.4855
18.3846
18.2854
18.1878
18.092
17.9979
17.9056
17.815
17.7263
17.6394
17.5543
17.4712
17.3899
17.3105
17.2331
17.1576
17.0841
17.0126
16.9431
16.8757
16.8102
16.7469
16.6856
16.6264
16.5693
16.5143
16.4615
16.4108
16.3623
16.316
16.2718
16.2299
16.1901
16.1526
16.1173
16.0842
16.0534
16.0248
15.9985
15.9745
15.9527
15.9332
15.916
15.9011
15.8884
15.8781
15.87
15.8643
15.8608
15.8597
