25
24.7018
24.4037
24.1058
23.8082
23.5108
23.2139
22.9175
22.6216
22.3265
22.032
21.7384
21.4457
21.154
20.8634
20.5739
20.2857
19.9987
19.7132
19.4291
19.1465
18.8656
18.5863
18.3088
18.0332
17.7594
17.4877
17.218
16.9504
16.6851
16.422
16.1612
15.9028
15.6469
15.3935
15.1428
14.8946
14.6492
14.4066
14.1668
13.9299
13.6959
13.465
13.2371
13.0124
12.7908
12.5724
12.3573
12.1455
11.9371
11.7321
11.5306
11.3325
11.138
10.9472
10.7599
10.5763
10.3964
10.2203
10.048
9.87944
9.71477
9.554
9.39714
9.24424
9.09532
8.95041
8.80955
8.67275
8.54004
8.41146
8.28701
8.16674
8.05065
7.93877
7.83112
7.72772
7.62858
7.53374
7.44319
7.35697
7.27508
7.19753
7.12435
7.05554
6.99112
6.93109
6.87547
6.82426
6.77748
6.73513
6.69722
6.66375
6.63474
6.61018
6.59008
6.57445
6.56328
6.55657
6.55434
