25
24.8888
24.7776
24.6665
24.5554
24.4445
24.3337
24.2231
24.1127
24.0025
23.8925
23.7828
23.6735
23.5644
23.4558
23.3475
23.2396
23.1322
23.0252
22.9188
22.8128
22.7075
22.6027
22.4985
22.3949
22.292
22.1897
22.0882
21.9874
21.8874
21.7881
21.6897
21.5921
21.4953
21.3995
21.3045
21.2105
21.1174
21.0253
20.9342
20.8441
20.7551
20.6671
20.5802
20.4945
20.4099
20.3264
20.2441
20.163
20.0831
20.0045
19.9271
19.851
19.7762
19.7027
19.6305
19.5597
19.4903
19.4222
19.3556
19.2904
19.2266
19.1642
19.1034
19.044
18.9861
18.9297
18.8749
18.8216
18.7699
18.7197
18.6711
18.6241
18.5787
18.5349
18.4928
18.4523
18.4134
18.3762
18.3406
18.3068
18.2746
18.2441
18.2153
18.1883
18.1629
18.1393
18.1174
18.0972
18.0787
18.062
18.0471
18.0339
18.0224
18.0127
18.0048
17.9986
17.9942
17.9916
17.9907
