25
24.6538
24.3076
23.9617
23.6162
23.271
22.9265
22.5826
22.2395
21.8973
21.5561
21.216
20.8772
20.5397
20.2036
19.869
19.5361
19.2049
18.8756
18.5483
18.2229
17.8998
17.5788
17.2602
16.9441
16.6304
16.3194
16.011
15.7054
15.4027
15.103
14.8062
14.5126
14.2221
13.9349
13.651
13.3705
13.0934
12.8199
12.55
12.2837
12.0211
11.7623
11.5073
11.2562
11.009
10.7657
10.5265
10.2914
10.0603
9.83346
9.61076
9.39228
9.17806
8.96813
8.76253
8.56128
8.36441
8.17196
7.98393
7.80037
7.62128
7.44669
7.27662
7.11109
6.95011
6.7937
6.64187
6.49463
6.352
6.21399
6.0806
5.95185
5.82774
5.70829
5.59349
5.48335
5.37788
5.27708
5.18096
5.08951
5.00275
4.92066
4.84327
4.77056
4.70254
4.63921
4.58057
4.52662
4.47736
4.43279
4.39291
4.35772
4.32723
4.30143
4.28032
4.2639
4.25217
4.24513
4.24279
