25
24.8921
24.7842
24.6763
24.5685
24.4609
24.3533
24.246
24.1388
24.0318
23.9251
23.8187
23.7125
23.6067
23.5012
23.3961
23.2914
23.1871
23.0833
22.98
22.8772
22.7749
22.6732
22.5721
22.4715
22.3716
22.2724
22.1739
22.0761
21.979
21.8826
21.7871
21.6923
21.5984
21.5054
21.4132
21.322
21.2316
21.1422
21.0538
20.9664
20.88
20.7946
20.7103
20.627
20.5449
20.4639
20.384
20.3053
20.2278
20.1515
20.0764
20.0025
19.9299
19.8586
19.7885
19.7198
19.6524
19.5864
19.5217
19.4584
19.3965
19.336
19.2769
19.2192
19.1631
19.1084
19.0551
19.0034
18.9532
18.9045
18.8573
18.8117
18.7676
18.7251
18.6842
18.6449
18.6072
18.5711
18.5366
18.5037
18.4725
18.4429
18.415
18.3887
18.3641
18.3411
18.3199
18.3003
18.2824
18.2662
18.2517
18.2388
18.2277
18.2183
18.2106
18.2046
18.2003
18.1978
18.1969
