25
24.949
24.898
24.8471
24.7962
24.7453
24.6945
24.6438
24.5932
24.5426
24.4922
24.4419
24.3918
24.3418
24.292
24.2423
24.1929
24.1436
24.0946
24.0458
23.9972
23.9489
23.9008
23.8531
23.8056
23.7584
23.7115
23.665
23.6188
23.5729
23.5274
23.4823
23.4375
23.3931
23.3492
23.3057
23.2625
23.2199
23.1776
23.1359
23.0946
23.0537
23.0134
22.9736
22.9343
22.8955
22.8572
22.8195
22.7823
22.7457
22.7096
22.6741
22.6392
22.6049
22.5712
22.5382
22.5057
22.4739
22.4427
22.4121
22.3822
22.3529
22.3244
22.2965
22.2692
22.2427
22.2168
22.1917
22.1673
22.1435
22.1205
22.0983
22.0767
22.0559
22.0358
22.0165
21.9979
21.9801
21.963
21.9468
21.9312
21.9165
21.9025
21.8893
21.8769
21.8653
21.8544
21.8444
21.8351
21.8267
21.819
21.8121
21.8061
21.8008
21.7964
21.7928
21.7899
21.7879
21.7867
21.7863
