25
24.643
24.2861
23.9295
23.5732
23.2174
22.8622
22.5078
22.1542
21.8015
21.45
21.0996
20.7505
20.4029
20.0568
19.7124
19.3697
19.0289
18.6901
18.3534
18.0189
17.6866
17.3568
17.0295
16.7047
16.3827
16.0634
15.747
15.4336
15.1233
14.816
14.512
14.2113
13.9139
13.62
13.3297
13.0429
12.7598
12.4804
12.2048
11.9331
11.6653
11.4014
11.1416
10.8858
10.6342
10.3867
10.1435
9.90447
9.66977
9.43941
9.21341
8.99182
8.77466
8.56196
8.35376
8.15008
7.95093
7.75635
7.56635
7.38095
7.20017
7.02402
6.85252
6.68568
6.52351
6.36602
6.21322
6.06512
5.92171
5.78301
5.64903
5.51975
5.3952
5.27536
5.16024
5.04984
4.94417
4.84321
4.74697
4.65544
4.56863
4.48653
4.40914
4.33646
4.26849
4.20521
4.14664
4.09277
4.04359
3.9991
3.9593
3.92419
3.89376
3.86802
3.84696
3.83058
3.81889
3.81187
3.80953
