25
24.9042
24.8085
24.7127
24.6171
24.5216
24.4261
24.3309
24.2358
24.1408
24.0461
23.9517
23.8575
23.7636
23.67
23.5767
23.4838
23.3913
23.2992
23.2075
23.1162
23.0255
22.9352
22.8455
22.7563
22.6676
22.5796
22.4921
22.4053
22.3191
22.2337
22.1489
22.0648
21.9815
21.8989
21.8171
21.7361
21.656
21.5766
21.4982
21.4206
21.3439
21.2681
21.1933
21.1195
21.0466
20.9747
20.9038
20.834
20.7652
20.6974
20.6308
20.5652
20.5008
20.4375
20.3754
20.3144
20.2546
20.1959
20.1385
20.0824
20.0274
19.9737
19.9213
19.8702
19.8203
19.7718
19.7245
19.6786
19.6341
19.5908
19.549
19.5085
19.4694
19.4317
19.3954
19.3605
19.327
19.295
19.2644
19.2352
19.2075
19.1812
19.1564
19.1331
19.1113
19.0909
19.0721
19.0547
19.0388
19.0244
19.0115
19.0002
18.9903
18.9819
18.9751
18.9698
18.966
18.9637
18.963
