25
24.9055
24.811
24.7165
24.6222
24.5279
24.4337
24.3397
24.2458
24.1522
24.0587
23.9655
23.8725
23.7799
23.6875
23.5955
23.5038
23.4125
23.3216
23.2311
23.1411
23.0515
22.9624
22.8739
22.7858
22.6984
22.6115
22.5252
22.4395
22.3545
22.2701
22.1865
22.1035
22.0213
21.9398
21.8591
21.7792
21.7
21.6218
21.5443
21.4678
21.3921
21.3173
21.2435
21.1706
21.0987
21.0278
20.9578
20.8889
20.821
20.7542
20.6884
20.6237
20.5601
20.4977
20.4363
20.3761
20.3171
20.2593
20.2026
20.1472
20.093
20.04
19.9883
19.9378
19.8886
19.8407
19.7941
19.7488
19.7048
19.6622
19.6209
19.5809
19.5423
19.5051
19.4693
19.4349
19.4018
19.3702
19.34
19.3112
19.2839
19.258
19.2335
19.2105
19.1889
19.1688
19.1502
19.1331
19.1174
19.1032
19.0905
19.0793
19.0695
19.0613
19.0546
19.0493
19.0456
19.0433
19.0426
