25
24.9365
24.8731
24.8096
24.7463
24.683
24.6197
24.5566
24.4936
24.4307
24.3679
24.3053
24.2429
24.1807
24.1186
24.0568
23.9953
23.934
23.8729
23.8121
23.7517
23.6915
23.6317
23.5723
23.5131
23.4544
23.396
23.3381
23.2806
23.2235
23.1668
23.1106
23.0549
22.9997
22.945
22.8908
22.8371
22.784
22.7314
22.6794
22.628
22.5772
22.527
22.4774
22.4285
22.3802
22.3325
22.2856
22.2393
22.1937
22.1488
22.1047
22.0612
22.0185
21.9766
21.9354
21.895
21.8553
21.8165
21.7785
21.7412
21.7048
21.6692
21.6345
21.6006
21.5676
21.5354
21.5041
21.4737
21.4442
21.4155
21.3878
21.361
21.335
21.3101
21.286
21.2629
21.2407
21.2195
21.1992
21.1798
21.1615
21.1441
21.1277
21.1122
21.0977
21.0842
21.0717
21.0602
21.0497
21.0401
21.0316
21.0241
21.0175
21.012
21.0075
21.004
21.0014
20.9999
20.9994
