25
24.6279
24.2559
23.8842
23.5129
23.1421
22.772
22.4027
22.0343
21.667
21.3009
20.9362
20.5729
20.2112
19.8511
19.493
19.1368
18.7826
18.4307
18.081
17.7338
17.3891
17.0471
16.7078
16.3713
16.0379
15.7075
15.3802
15.0562
14.7355
14.4183
14.1046
13.7945
13.4881
13.1854
12.8866
12.5917
12.3007
12.0138
11.731
11.4524
11.178
10.9078
10.642
10.3806
10.1236
9.87105
9.62301
9.37952
9.1406
8.90629
8.67662
8.45162
8.23131
8.01572
7.80486
7.59875
7.39741
7.20085
7.00908
6.82212
6.63997
6.46264
6.29013
6.12245
5.9596
5.80157
5.64838
5.50001
5.35646
5.21772
5.08381
4.9547
4.83039
4.71087
4.59614
4.48619
4.381
4.28058
4.18491
4.09398
4.00778
3.9263
3.84954
3.77748
3.71012
3.64745
3.58945
3.53613
3.48747
3.44346
3.40411
3.3694
3.33933
3.31389
3.29308
3.2769
3.26535
3.25842
3.25611
