25
24.9475
24.8949
24.8424
24.79
24.7376
24.6853
24.633
24.5808
24.5288
24.4768
24.425
24.3734
24.3219
24.2705
24.2194
24.1684
24.1177
24.0671
24.0169
23.9668
23.917
23.8675
23.8183
23.7694
23.7208
23.6725
23.6245
23.5769
23.5296
23.4828
23.4362
23.3901
23.3444
23.2991
23.2543
23.2099
23.1659
23.1224
23.0794
23.0368
22.9947
22.9532
22.9122
22.8716
22.8317
22.7922
22.7534
22.7151
22.6773
22.6402
22.6036
22.5677
22.5323
22.4976
22.4635
22.4301
22.3973
22.3651
22.3336
22.3028
22.2727
22.2433
22.2145
22.1864
22.1591
22.1325
22.1066
22.0814
22.0569
22.0332
22.0103
21.9881
21.9666
21.946
21.9261
21.9069
21.8886
21.871
21.8542
21.8382
21.823
21.8086
21.795
21.7822
21.7702
21.7591
21.7487
21.7392
21.7305
21.7226
21.7155
21.7093
21.7039
21.6993
21.6955
21.6926
21.6905
21.6893
21.6889
