25
24.4826
23.9655
23.4491
22.9338
22.4199
21.9077
21.3977
20.89
20.3851
19.8833
19.385
18.8903
18.3997
17.9134
17.4317
16.9549
16.4833
16.0171
15.5566
15.102
14.6535
14.2114
13.7759
13.3471
12.9253
12.5106
12.1032
11.7031
11.3106
10.9258
10.5487
10.1795
9.81818
9.46487
9.11962
8.78247
8.45345
8.13257
7.81985
7.51528
7.21886
6.93054
6.65031
6.37812
6.11392
5.85763
5.60921
5.36856
5.1356
4.91023
4.69237
4.4819
4.27872
4.0827
3.89373
3.71168
3.53642
3.36782
3.20574
3.05005
2.90061
2.75727
2.61989
2.48833
2.36244
2.24209
2.12712
2.0174
1.91278
1.81312
1.71828
1.62813
1.54254
1.46137
1.38449
1.31178
1.24311
1.17838
1.11746
1.06024
1.00662
0.956493
0.909767
0.866349
0.826149
0.789087
0.755086
0.724073
0.695981
0.670752
0.648327
0.628659
0.611703
0.597421
0.585779
0.576753
0.57032
0.566466
0.565183
