25
24.948
24.896
24.844
24.7921
24.7402
24.6884
24.6366
24.585
24.5334
24.482
24.4307
24.3796
24.3286
24.2777
24.2271
24.1767
24.1264
24.0764
24.0266
23.9771
23.9278
23.8787
23.83
23.7816
23.7334
23.6856
23.6381
23.591
23.5442
23.4978
23.4517
23.4061
23.3608
23.316
23.2716
23.2276
23.1841
23.141
23.0984
23.0563
23.0146
22.9735
22.9328
22.8927
22.8531
22.8141
22.7756
22.7377
22.7003
22.6636
22.6274
22.5918
22.5568
22.5224
22.4887
22.4555
22.4231
22.3912
22.3601
22.3295
22.2997
22.2706
22.2421
22.2143
22.1872
22.1609
22.1352
22.1103
22.0861
22.0626
22.0399
22.0179
21.9967
21.9762
21.9565
21.9376
21.9194
21.902
21.8854
21.8695
21.8545
21.8402
21.8267
21.8141
21.8022
21.7912
21.7809
21.7715
21.7628
21.755
21.748
21.7419
21.7365
21.732
21.7283
21.7254
21.7233
21.7221
21.7217
