25
24.5847
24.1696
23.7549
23.3407
22.9273
22.5147
22.1033
21.6931
21.2844
20.8773
20.4719
20.0686
19.6674
19.2684
18.872
18.4781
18.0871
17.6989
17.3139
16.932
16.5535
16.1786
15.8072
15.4397
15.076
14.7163
14.3608
14.0094
13.6625
13.32
12.982
12.6487
12.32
11.9962
11.6773
11.3633
11.0544
10.7505
10.4518
10.1583
9.86997
9.58697
9.30929
9.03697
8.77004
8.50853
8.25245
8.00182
7.75665
7.51696
7.28275
7.05401
6.83075
6.61296
6.40062
6.19374
5.99229
5.79625
5.60561
5.42034
5.24041
5.0658
4.89648
4.73241
4.57356
4.4199
4.27139
4.128
3.98968
3.8564
3.72812
3.6048
3.4864
3.37287
3.26418
3.16029
3.06116
2.96675
2.87702
2.79193
2.71145
2.63554
2.56416
2.49729
2.43489
2.37694
2.32339
2.27423
2.22944
2.18898
2.15284
2.12099
2.09343
2.07013
2.05109
2.03629
2.02572
2.01939
2.01727
