25
24.9615
24.9231
24.8847
24.8463
24.8079
24.7696
24.7313
24.6932
24.655
24.617
24.5791
24.5413
24.5036
24.466
24.4286
24.3913
24.3541
24.3171
24.2803
24.2437
24.2072
24.171
24.135
24.0991
24.0636
24.0282
23.9931
23.9582
23.9236
23.8893
23.8553
23.8215
23.7881
23.7549
23.7221
23.6896
23.6574
23.6255
23.594
23.5629
23.5321
23.5017
23.4716
23.442
23.4127
23.3838
23.3554
23.3273
23.2997
23.2725
23.2458
23.2194
23.1936
23.1682
23.1432
23.1187
23.0947
23.0712
23.0481
23.0256
23.0035
22.982
22.9609
22.9404
22.9204
22.9009
22.8819
22.8635
22.8456
22.8282
22.8114
22.7952
22.7795
22.7643
22.7498
22.7358
22.7223
22.7094
22.6972
22.6854
22.6743
22.6638
22.6538
22.6445
22.6357
22.6275
22.6199
22.613
22.6066
22.6008
22.5956
22.5911
22.5871
22.5838
22.581
22.5789
22.5774
22.5764
22.5761
