25
24.9813
24.9626
24.9439
24.9252
24.9065
24.8879
24.8692
24.8507
24.8321
24.8136
24.7951
24.7767
24.7584
24.7401
24.7219
24.7037
24.6856
24.6676
24.6497
24.6319
24.6142
24.5965
24.579
24.5615
24.5442
24.527
24.5099
24.493
24.4761
24.4594
24.4429
24.4264
24.4101
24.394
24.378
24.3622
24.3465
24.331
24.3157
24.3005
24.2856
24.2707
24.2561
24.2417
24.2274
24.2134
24.1995
24.1859
24.1725
24.1592
24.1462
24.1334
24.1208
24.1084
24.0963
24.0844
24.0727
24.0612
24.05
24.039
24.0283
24.0178
24.0076
23.9976
23.9878
23.9783
23.9691
23.9601
23.9514
23.943
23.9348
23.9269
23.9192
23.9119
23.9048
23.898
23.8914
23.8852
23.8792
23.8735
23.8681
23.8629
23.8581
23.8535
23.8493
23.8453
23.8416
23.8382
23.8351
23.8323
23.8298
23.8275
23.8256
23.824
23.8227
23.8216
23.8209
23.8204
23.8203
