25
24.6869
24.374
24.0612
23.7487
23.4365
23.1248
22.8137
22.5031
22.1933
21.8844
21.5763
21.2692
20.9632
20.6583
20.3547
20.0525
19.7516
19.4523
19.1546
18.8585
18.5642
18.2717
17.9812
17.6926
17.4061
17.1218
16.8397
16.5599
16.2824
16.0075
15.735
15.4651
15.1979
14.9334
14.6717
14.4128
14.1569
13.9039
13.654
13.4072
13.1635
12.9231
12.6859
12.4521
12.2217
11.9946
11.7711
11.5511
11.3347
11.1219
10.9128
10.7073
10.5057
10.3078
10.1138
9.92366
9.73743
9.55515
9.37684
9.20256
9.03232
8.86617
8.70412
8.54621
8.39247
8.24293
8.0976
7.95651
7.81969
7.68715
7.55893
7.43504
7.31549
7.20032
7.08953
6.98314
6.88117
6.78364
6.69055
6.60192
6.51776
6.43809
6.36291
6.29225
6.22609
6.16446
6.10737
6.05481
6.00681
5.96335
5.92446
5.89013
5.86036
5.83517
5.81456
5.79853
5.78707
5.7802
5.7779
