25
24.5
24.0004
23.5014
23.0033
22.5065
22.0113
21.518
21.0269
20.5382
20.0524
19.5696
19.0902
18.6144
18.1426
17.6749
17.2117
16.7532
16.2996
15.8511
15.4081
14.9706
14.5389
14.1132
13.6937
13.2806
12.8739
12.4739
12.0807
11.6944
11.3152
10.9431
10.5782
10.2207
9.87056
9.5279
9.19276
8.86518
8.54518
8.2328
7.92804
7.63091
7.3414
7.05949
6.78515
6.51835
6.25906
6.00722
5.76277
5.52565
5.29579
5.07311
4.85752
4.64895
4.44729
4.25245
4.06433
3.88281
3.70778
3.53914
3.37677
3.22054
3.07035
2.92605
2.78754
2.65469
2.52736
2.40545
2.28882
2.17734
2.0709
1.96937
1.87264
1.78057
1.69306
1.60999
1.53125
1.45672
1.38631
1.31991
1.25741
1.19873
1.14376
1.09243
1.04465
1.00033
0.959404
0.921801
0.887454
0.856301
0.828286
0.80336
0.781474
0.76259
0.746671
0.733688
0.723615
0.716434
0.712131
0.710697
