25
24.9275
24.8551
24.7826
24.7103
24.638
24.5657
24.4936
24.4217
24.3498
24.2782
24.2067
24.1354
24.0644
23.9935
23.9229
23.8526
23.7826
23.7129
23.6435
23.5745
23.5058
23.4375
23.3696
23.3021
23.235
23.1684
23.1022
23.0365
22.9713
22.9066
22.8425
22.7788
22.7158
22.6533
22.5914
22.5301
22.4694
22.4094
22.35
22.2913
22.2333
22.176
22.1194
22.0635
22.0083
21.9539
21.9003
21.8474
21.7954
21.7441
21.6937
21.6441
21.5953
21.5474
21.5004
21.4542
21.409
21.3646
21.3212
21.2787
21.2371
21.1965
21.1568
21.1181
21.0804
21.0436
21.0079
20.9731
20.9394
20.9067
20.875
20.8444
20.8148
20.7863
20.7588
20.7324
20.7071
20.6828
20.6597
20.6376
20.6166
20.5967
20.578
20.5603
20.5438
20.5284
20.5141
20.501
20.4889
20.4781
20.4683
20.4597
20.4522
20.4459
20.4408
20.4367
20.4339
20.4321
20.4316
