25
24.9648
24.9297
24.8946
24.8594
24.8244
24.7893
24.7544
24.7195
24.6846
24.6498
24.6152
24.5806
24.5461
24.5118
24.4775
24.4434
24.4095
24.3756
24.342
24.3085
24.2752
24.242
24.2091
24.1763
24.1438
24.1115
24.0794
24.0475
24.0159
23.9845
23.9534
23.9225
23.8919
23.8616
23.8316
23.8019
23.7724
23.7433
23.7145
23.686
23.6579
23.6301
23.6026
23.5755
23.5487
23.5223
23.4963
23.4707
23.4454
23.4206
23.3961
23.372
23.3484
23.3252
23.3023
23.28
23.258
23.2365
23.2154
23.1948
23.1746
23.1549
23.1357
23.1169
23.0986
23.0808
23.0634
23.0466
23.0302
23.0144
22.999
22.9841
22.9698
22.9559
22.9426
22.9298
22.9175
22.9057
22.8945
22.8838
22.8736
22.864
22.8549
22.8463
22.8383
22.8308
22.8239
22.8175
22.8117
22.8064
22.8017
22.7975
22.7939
22.7908
22.7883
22.7864
22.785
22.7841
22.7839
