25
24.9592
24.9184
24.8776
24.8368
24.7961
24.7554
24.7148
24.6743
24.6338
24.5935
24.5532
24.513
24.473
24.4331
24.3934
24.3538
24.3143
24.2751
24.236
24.1971
24.1584
24.12
24.0817
24.0437
24.0059
23.9684
23.9311
23.8941
23.8574
23.821
23.7848
23.749
23.7135
23.6783
23.6434
23.6089
23.5747
23.5409
23.5075
23.4744
23.4417
23.4094
23.3776
23.3461
23.315
23.2844
23.2542
23.2244
23.1951
23.1662
23.1378
23.1099
23.0824
23.0554
23.0289
23.0029
22.9774
22.9525
22.928
22.9041
22.8806
22.8578
22.8354
22.8136
22.7924
22.7717
22.7515
22.732
22.713
22.6946
22.6767
22.6595
22.6428
22.6267
22.6113
22.5964
22.5821
22.5685
22.5554
22.543
22.5312
22.52
22.5094
22.4995
22.4902
22.4815
22.4734
22.466
22.4593
22.4531
22.4476
22.4428
22.4386
22.435
22.4321
22.4299
22.4282
22.4273
22.4269
