25
24.7794
24.5588
24.3384
24.1181
23.898
23.6782
23.4588
23.2398
23.0211
22.8031
22.5855
22.3686
22.1523
21.9368
21.7221
21.5081
21.2951
21.083
20.8719
20.6619
20.453
20.2452
20.0386
19.8333
19.6293
19.4267
19.2255
19.0257
18.8275
18.6308
18.4358
18.2424
18.0507
17.8608
17.6727
17.4865
17.3021
17.1197
16.9394
16.761
16.5848
16.4106
16.2387
16.069
15.9015
15.7363
15.5735
15.413
15.255
15.0995
14.9464
14.7959
14.6479
14.5026
14.3599
14.22
14.0827
13.9482
13.8164
13.6875
13.5615
13.4383
13.318
13.2007
13.0864
12.975
12.8667
12.7614
12.6593
12.5602
12.4642
12.3714
12.2818
12.1954
12.1122
12.0322
11.9555
11.882
11.8119
11.7451
11.6816
11.6214
11.5646
11.5112
11.4612
11.4145
11.3713
11.3315
11.2951
11.2622
11.2327
11.2066
11.184
11.1649
11.1493
11.1371
11.1284
11.1232
11.1214
