25
24.9567
24.9133
24.87
24.8268
24.7835
24.7404
24.6973
24.6542
24.6113
24.5684
24.5257
24.4831
24.4406
24.3982
24.356
24.314
24.2721
24.2305
24.189
24.1477
24.1066
24.0658
24.0252
23.9848
23.9447
23.9049
23.8653
23.826
23.7871
23.7484
23.71
23.672
23.6343
23.5969
23.5599
23.5233
23.487
23.4511
23.4156
23.3805
23.3458
23.3115
23.2777
23.2443
23.2113
23.1788
23.1467
23.1151
23.084
23.0533
23.0232
22.9935
22.9644
22.9357
22.9076
22.88
22.853
22.8264
22.8005
22.775
22.7502
22.7259
22.7022
22.679
22.6565
22.6345
22.6131
22.5924
22.5722
22.5527
22.5337
22.5154
22.4977
22.4807
22.4642
22.4484
22.4333
22.4188
22.4049
22.3918
22.3792
22.3673
22.3561
22.3456
22.3357
22.3265
22.3179
22.3101
22.3029
22.2964
22.2905
22.2854
22.2809
22.2772
22.2741
22.2717
22.2699
22.2689
22.2686
