25
24.8398
24.6796
24.5195
24.3595
24.1997
24.0401
23.8807
23.7216
23.5628
23.4044
23.2464
23.0889
22.9318
22.7752
22.6192
22.4638
22.3091
22.155
22.0016
21.849
21.6972
21.5462
21.3961
21.2469
21.0986
20.9513
20.8051
20.6599
20.5158
20.3728
20.231
20.0904
19.951
19.8129
19.6761
19.5406
19.4065
19.2739
19.1426
19.0129
18.8846
18.7579
18.6328
18.5093
18.3874
18.2671
18.1486
18.0318
17.9167
17.8035
17.692
17.5824
17.4747
17.3688
17.2649
17.1629
17.0629
16.9648
16.8689
16.7749
16.683
16.5933
16.5056
16.4201
16.3367
16.2555
16.1765
16.0998
16.0253
15.953
15.883
15.8153
15.75
15.6869
15.6262
15.5679
15.5119
15.4583
15.4071
15.3584
15.312
15.2681
15.2267
15.1877
15.1512
15.1171
15.0856
15.0565
15.0299
15.0059
14.9844
14.9653
14.9489
14.9349
14.9235
14.9146
14.9082
14.9044
14.9031
