25
24.9418
24.8836
24.8254
24.7672
24.7092
24.6512
24.5932
24.5354
24.4777
24.4202
24.3627
24.3055
24.2484
24.1915
24.1348
24.0783
24.0221
23.9661
23.9103
23.8549
23.7997
23.7448
23.6903
23.636
23.5822
23.5286
23.4755
23.4227
23.3703
23.3184
23.2668
23.2157
23.1651
23.1149
23.0651
23.0159
22.9672
22.919
22.8713
22.8241
22.7775
22.7314
22.6859
22.641
22.5967
22.553
22.51
22.4675
22.4257
22.3845
22.344
22.3041
22.265
22.2265
22.1887
22.1516
22.1153
22.0796
22.0448
22.0106
21.9772
21.9446
21.9127
21.8816
21.8513
21.8218
21.7931
21.7652
21.7381
21.7118
21.6864
21.6618
21.638
21.6151
21.593
21.5718
21.5514
21.532
21.5134
21.4956
21.4788
21.4628
21.4477
21.4336
21.4203
21.4079
21.3964
21.3859
21.3762
21.3675
21.3596
21.3527
21.3467
21.3417
21.3375
21.3343
21.332
21.3306
21.3301
