25
24.9736
24.9471
24.9207
24.8943
24.868
24.8416
24.8154
24.7891
24.7629
24.7368
24.7107
24.6847
24.6588
24.633
24.6072
24.5816
24.5561
24.5307
24.5053
24.4802
24.4551
24.4302
24.4055
24.3808
24.3564
24.3321
24.3079
24.284
24.2602
24.2366
24.2132
24.19
24.167
24.1442
24.1217
24.0993
24.0772
24.0553
24.0337
24.0123
23.9911
23.9702
23.9495
23.9292
23.909
23.8892
23.8696
23.8504
23.8314
23.8127
23.7943
23.7762
23.7584
23.741
23.7238
23.707
23.6905
23.6743
23.6585
23.643
23.6278
23.613
23.5985
23.5844
23.5707
23.5573
23.5442
23.5316
23.5193
23.5073
23.4958
23.4846
23.4738
23.4634
23.4534
23.4438
23.4345
23.4257
23.4172
23.4092
23.4015
23.3943
23.3875
23.381
23.375
23.3694
23.3642
23.3594
23.355
23.351
23.3475
23.3443
23.3416
23.3393
23.3374
23.336
23.3349
23.3343
23.3341
