25
24.8616
24.7231
24.5848
24.4466
24.3085
24.1706
24.0328
23.8954
23.7582
23.6213
23.4848
23.3486
23.2129
23.0776
22.9428
22.8085
22.6748
22.5416
22.4091
22.2773
22.1461
22.0156
21.8859
21.7569
21.6288
21.5016
21.3752
21.2497
21.1252
21.0016
20.8791
20.7576
20.6371
20.5178
20.3996
20.2825
20.1666
20.052
19.9386
19.8265
19.7156
19.6061
19.498
19.3912
19.2859
19.182
19.0796
18.9786
18.8792
18.7813
18.685
18.5902
18.4971
18.4056
18.3158
18.2277
18.1412
18.0565
17.9735
17.8924
17.813
17.7354
17.6596
17.5857
17.5136
17.4435
17.3752
17.3089
17.2444
17.182
17.1215
17.063
17.0065
16.952
16.8995
16.8491
16.8007
16.7544
16.7102
16.668
16.628
16.59
16.5542
16.5205
16.4889
16.4595
16.4322
16.4071
16.3842
16.3634
16.3448
16.3283
16.3141
16.302
16.2921
16.2844
16.279
16.2757
16.2746
