25
24.8892
24.7783
24.6676
24.5569
24.4463
24.3359
24.2257
24.1156
24.0058
23.8962
23.7869
23.6779
23.5692
23.4609
23.353
23.2454
23.1384
23.0318
22.9257
22.8201
22.7151
22.6106
22.5067
22.4035
22.3009
22.199
22.0979
21.9974
21.8977
21.7988
21.7006
21.6034
21.5069
21.4114
21.3167
21.223
21.1302
21.0384
20.9476
20.8579
20.7691
20.6815
20.5949
20.5094
20.4251
20.3419
20.2598
20.179
20.0994
20.021
19.9439
19.8681
19.7935
19.7202
19.6483
19.5777
19.5085
19.4407
19.3743
19.3093
19.2457
19.1836
19.1229
19.0637
19.006
18.9499
18.8952
18.8421
18.7905
18.7405
18.6921
18.6452
18.6
18.5563
18.5143
18.4739
18.4352
18.3981
18.3627
18.329
18.2969
18.2665
18.2378
18.2108
18.1856
18.162
18.1402
18.12
18.1017
18.085
18.0701
18.057
18.0455
18.0359
18.028
18.0218
18.0174
18.0148
18.0139
