25
24.7542
24.5085
24.2629
24.0174
23.7723
23.5274
23.283
23.0389
22.7954
22.5525
22.3102
22.0685
21.8277
21.5876
21.3485
21.1102
20.873
20.6369
20.4018
20.168
19.9354
19.7041
19.4741
19.2456
19.0186
18.7931
18.5692
18.3469
18.1264
17.9076
17.6907
17.4756
17.2624
17.0513
16.8421
16.6351
16.4302
16.2275
16.027
15.8288
15.633
15.4395
15.2485
15.06
14.874
14.6906
14.5098
14.3316
14.1562
13.9836
13.8137
13.6467
13.4826
13.3213
13.1631
13.0078
12.8556
12.7064
12.5604
12.4174
12.2777
12.1412
12.0079
11.8779
11.7512
11.6279
11.5079
11.3913
11.2781
11.1684
11.0621
10.9594
10.8602
10.7645
10.6724
10.5839
10.499
10.4177
10.3401
10.2661
10.1959
10.1293
10.0665
10.0074
9.95206
9.90047
9.85265
9.80862
9.76839
9.73196
9.69934
9.67054
9.64557
9.62442
9.60712
9.59366
9.58404
9.57827
9.57634
