25
24.9424
24.8847
24.8271
24.7695
24.712
24.6546
24.5973
24.54
24.4829
24.4259
24.369
24.3123
24.2558
24.1995
24.1434
24.0874
24.0318
23.9763
23.9211
23.8662
23.8116
23.7573
23.7032
23.6496
23.5962
23.5432
23.4906
23.4383
23.3865
23.335
23.284
23.2334
23.1832
23.1335
23.0843
23.0356
22.9873
22.9396
22.8923
22.8457
22.7995
22.7539
22.7089
22.6644
22.6205
22.5773
22.5346
22.4926
22.4512
22.4104
22.3703
22.3308
22.2921
22.254
22.2166
22.1798
22.1439
22.1086
22.074
22.0402
22.0071
21.9748
21.9433
21.9125
21.8825
21.8533
21.8248
21.7972
21.7704
21.7444
21.7192
21.6948
21.6713
21.6486
21.6267
21.6057
21.5856
21.5663
21.5479
21.5303
21.5137
21.4979
21.4829
21.4689
21.4557
21.4435
21.4321
21.4217
21.4121
21.4035
21.3957
21.3889
21.3829
21.3779
21.3738
21.3706
21.3683
21.3669
21.3665
