25
24.8751
24.7502
24.6254
24.5007
24.3761
24.2517
24.1274
24.0034
23.8796
23.7561
23.6329
23.5101
23.3876
23.2656
23.1439
23.0228
22.9021
22.782
22.6624
22.5435
22.4251
22.3074
22.1903
22.074
21.9584
21.8436
21.7296
21.6164
21.504
21.3925
21.282
21.1723
21.0637
20.956
20.8493
20.7437
20.6392
20.5357
20.4334
20.3322
20.2323
20.1335
20.0359
19.9396
19.8445
19.7508
19.6584
19.5673
19.4776
19.3892
19.3023
19.2168
19.1328
19.0503
18.9692
18.8897
18.8117
18.7353
18.6604
18.5872
18.5155
18.4455
18.3772
18.3105
18.2455
18.1822
18.1206
18.0607
18.0026
17.9462
17.8917
17.8389
17.7879
17.7387
17.6914
17.6459
17.6022
17.5604
17.5205
17.4825
17.4463
17.4121
17.3798
17.3494
17.3209
17.2943
17.2697
17.2471
17.2264
17.2076
17.1908
17.176
17.1631
17.1522
17.1433
17.1364
17.1314
17.1285
17.1275
