25
24.9236
24.8471
24.7708
24.6945
24.6182
24.5421
24.466
24.3901
24.3144
24.2388
24.1634
24.0883
24.0133
23.9386
23.8642
23.7901
23.7162
23.6427
23.5696
23.4968
23.4243
23.3523
23.2807
23.2095
23.1388
23.0685
22.9987
22.9294
22.8607
22.7925
22.7248
22.6577
22.5912
22.5253
22.4601
22.3954
22.3315
22.2682
22.2055
22.1436
22.0824
22.022
21.9623
21.9033
21.8452
21.7878
21.7312
21.6755
21.6206
21.5666
21.5134
21.4611
21.4096
21.3591
21.3095
21.2609
21.2131
21.1664
21.1206
21.0757
21.0319
20.9891
20.9472
20.9064
20.8666
20.8279
20.7902
20.7536
20.718
20.6835
20.6501
20.6178
20.5866
20.5565
20.5275
20.4997
20.473
20.4474
20.423
20.3997
20.3776
20.3566
20.3369
20.3182
20.3008
20.2846
20.2695
20.2556
20.243
20.2315
20.2212
20.2121
20.2043
20.1976
20.1921
20.1879
20.1849
20.1831
20.1824
