25
24.836
24.6721
24.5082
24.3445
24.1809
24.0175
23.8544
23.6915
23.529
23.3669
23.2052
23.0439
22.8831
22.7229
22.5632
22.4042
22.2458
22.0881
21.9311
21.7749
21.6195
21.465
21.3113
21.1586
21.0069
20.8561
20.7064
20.5578
20.4103
20.264
20.1188
19.9749
19.8322
19.6909
19.5509
19.4122
19.275
19.1392
19.0049
18.8721
18.7409
18.6112
18.4831
18.3567
18.2319
18.1089
17.9875
17.868
17.7502
17.6343
17.5202
17.408
17.2978
17.1894
17.083
16.9787
16.8763
16.776
16.6777
16.5816
16.4876
16.3957
16.306
16.2184
16.1331
16.05
15.9692
15.8906
15.8144
15.7404
15.6688
15.5995
15.5326
15.4681
15.4059
15.3462
15.289
15.2341
15.1817
15.1318
15.0844
15.0395
14.997
14.9571
14.9198
14.8849
14.8526
14.8229
14.7957
14.7711
14.7491
14.7296
14.7127
14.6984
14.6867
14.6776
14.6711
14.6672
14.6659
