25
24.9762
24.9525
24.9287
24.905
24.8813
24.8576
24.834
24.8104
24.7868
24.7633
24.7399
24.7165
24.6932
24.67
24.6468
24.6238
24.6008
24.5779
24.5552
24.5325
24.51
24.4876
24.4653
24.4432
24.4212
24.3994
24.3777
24.3561
24.3347
24.3135
24.2925
24.2716
24.2509
24.2305
24.2102
24.1901
24.1702
24.1505
24.131
24.1118
24.0927
24.0739
24.0554
24.037
24.019
24.0011
23.9835
23.9662
23.9491
23.9323
23.9158
23.8995
23.8835
23.8678
23.8524
23.8373
23.8224
23.8079
23.7936
23.7797
23.766
23.7527
23.7397
23.727
23.7147
23.7026
23.6909
23.6795
23.6684
23.6577
23.6473
23.6373
23.6276
23.6182
23.6092
23.6006
23.5922
23.5843
23.5767
23.5695
23.5626
23.5561
23.5499
23.5441
23.5387
23.5337
23.529
23.5247
23.5207
23.5171
23.5139
23.5111
23.5087
23.5066
23.5049
23.5036
23.5027
23.5021
23.5019
