25
24.9719
24.9439
24.9159
24.8878
24.8598
24.8319
24.804
24.7761
24.7483
24.7206
24.6929
24.6653
24.6378
24.6104
24.5831
24.5559
24.5287
24.5018
24.4749
24.4482
24.4216
24.3951
24.3689
24.3427
24.3168
24.291
24.2653
24.2399
24.2147
24.1896
24.1648
24.1402
24.1158
24.0916
24.0676
24.0439
24.0204
23.9972
23.9742
23.9515
23.929
23.9068
23.8849
23.8632
23.8419
23.8208
23.8001
23.7796
23.7595
23.7396
23.7201
23.7009
23.682
23.6635
23.6453
23.6274
23.6099
23.5927
23.5759
23.5594
23.5433
23.5276
23.5123
23.4973
23.4827
23.4685
23.4546
23.4412
23.4281
23.4155
23.4032
23.3913
23.3799
23.3688
23.3582
23.348
23.3382
23.3288
23.3198
23.3113
23.3032
23.2955
23.2882
23.2814
23.275
23.269
23.2635
23.2584
23.2537
23.2495
23.2458
23.2424
23.2395
23.2371
23.2351
23.2335
23.2324
23.2317
23.2315
