25
24.9684
24.9368
24.9052
24.8736
24.8421
24.8106
24.7791
24.7477
24.7164
24.6851
24.6539
24.6228
24.5918
24.5609
24.5302
24.4995
24.469
24.4385
24.4083
24.3782
24.3482
24.3184
24.2888
24.2593
24.2301
24.201
24.1721
24.1435
24.115
24.0868
24.0588
24.0311
24.0036
23.9763
23.9493
23.9226
23.8961
23.8699
23.844
23.8184
23.7931
23.7681
23.7434
23.719
23.6949
23.6712
23.6478
23.6248
23.602
23.5797
23.5577
23.536
23.5148
23.4939
23.4734
23.4532
23.4335
23.4141
23.3952
23.3767
23.3585
23.3408
23.3235
23.3066
23.2901
23.2741
23.2585
23.2434
23.2287
23.2144
23.2006
23.1872
23.1743
23.1619
23.1499
23.1384
23.1273
23.1167
23.1066
23.097
23.0878
23.0792
23.071
23.0633
23.0561
23.0494
23.0431
23.0374
23.0322
23.0274
23.0232
23.0194
23.0161
23.0134
23.0111
23.0094
23.0081
23.0074
23.0071
