25
24.831
24.6621
24.4933
24.3246
24.156
23.9877
23.8196
23.6518
23.4844
23.3173
23.1507
22.9845
22.8189
22.6538
22.4893
22.3254
22.1622
21.9997
21.8379
21.677
21.5169
21.3577
21.1994
21.042
20.8857
20.7304
20.5761
20.423
20.271
20.1203
19.9707
19.8224
19.6754
19.5298
19.3856
19.2427
19.1013
18.9614
18.823
18.6862
18.551
18.4174
18.2854
18.1552
18.0266
17.8998
17.7748
17.6517
17.5304
17.4109
17.2934
17.1778
17.0642
16.9526
16.843
16.7354
16.63
16.5266
16.4254
16.3263
16.2295
16.1348
16.0424
15.9522
15.8643
15.7787
15.6954
15.6145
15.5359
15.4597
15.3859
15.3146
15.2456
15.1792
15.1152
15.0536
14.9946
14.9381
14.8842
14.8327
14.7839
14.7376
14.6939
14.6528
14.6143
14.5784
14.5451
14.5145
14.4865
14.4611
14.4384
14.4184
14.401
14.3863
14.3742
14.3648
14.3582
14.3541
14.3528
