25
24.9278
24.8555
24.7833
24.7112
24.6392
24.5672
24.4953
24.4236
24.352
24.2806
24.2093
24.1383
24.0675
23.9969
23.9265
23.8564
23.7867
23.7172
23.648
23.5792
23.5108
23.4427
23.375
23.3077
23.2409
23.1744
23.1085
23.043
22.978
22.9136
22.8496
22.7862
22.7233
22.6611
22.5994
22.5383
22.4778
22.418
22.3588
22.3003
22.2425
22.1853
22.1289
22.0732
22.0182
21.964
21.9105
21.8579
21.806
21.7549
21.7046
21.6552
21.6066
21.5588
21.512
21.466
21.4209
21.3767
21.3334
21.291
21.2495
21.2091
21.1695
21.1309
21.0933
21.0567
21.0211
20.9865
20.9529
20.9203
20.8887
20.8582
20.8287
20.8002
20.7729
20.7465
20.7213
20.6971
20.674
20.652
20.6311
20.6113
20.5926
20.575
20.5586
20.5432
20.529
20.5159
20.5039
20.493
20.4833
20.4747
20.4673
20.461
20.4559
20.4519
20.449
20.4473
20.4467
