25
24.807
24.614
24.4211
24.2284
24.0359
23.8436
23.6516
23.46
23.2687
23.0779
22.8875
22.6977
22.5085
22.3199
22.132
21.9448
21.7584
21.5728
21.3881
21.2042
21.0214
20.8395
20.6587
20.479
20.3004
20.123
19.9469
19.772
19.5985
19.4263
19.2555
19.0862
18.9183
18.752
18.5873
18.4242
18.2627
18.103
17.945
17.7887
17.6343
17.4818
17.3311
17.1824
17.0356
16.8909
16.7482
16.6076
16.4691
16.3327
16.1986
16.0666
15.9369
15.8095
15.6844
15.5617
15.4413
15.3234
15.2078
15.0948
14.9842
14.8762
14.7707
14.6678
14.5675
14.4698
14.3747
14.2824
14.1927
14.1058
14.0216
13.9401
13.8615
13.7856
13.7126
13.6424
13.5751
13.5106
13.449
13.3904
13.3346
13.2818
13.2319
13.185
13.1411
13.1002
13.0622
13.0272
12.9953
12.9664
12.9405
12.9176
12.8978
12.881
12.8672
12.8565
12.8489
12.8443
12.8428
