25
24.6187
24.2376
23.8568
23.4763
23.0965
22.7174
22.3391
21.9619
21.5858
21.2109
20.8375
20.4656
20.0954
19.7271
19.3607
18.9963
18.6342
18.2744
17.9171
17.5623
17.2103
16.861
16.5147
16.1714
15.8312
15.4943
15.1607
14.8305
14.5039
14.1809
13.8617
13.5462
13.2346
12.927
12.6234
12.3239
12.0286
11.7376
11.4508
11.1685
10.8905
10.617
10.3481
10.0837
9.82392
9.5688
9.31838
9.07268
8.83173
8.59557
8.36422
8.1377
7.91604
7.69925
7.48734
7.28032
7.07822
6.88103
6.68876
6.50142
6.31901
6.14152
5.96897
5.80133
5.63862
5.48081
5.32792
5.17992
5.0368
4.89857
4.7652
4.63668
4.51301
4.39416
4.28012
4.17089
4.06644
3.96676
3.87184
3.78166
3.6962
3.61546
3.53941
3.46805
3.40137
3.33934
3.28196
3.22921
3.18109
3.13758
3.09868
3.06438
3.03466
3.00953
2.98897
2.97299
2.96158
2.95473
2.95245
