25
24.7971
24.5942
24.3915
24.1888
23.9864
23.7843
23.5825
23.381
23.1799
22.9793
22.7792
22.5797
22.3808
22.1825
21.985
21.7882
21.5922
21.3971
21.2029
21.0097
20.8174
20.6263
20.4362
20.2473
20.0596
19.8732
19.688
19.5042
19.3218
19.1408
18.9613
18.7833
18.6069
18.4321
18.259
18.0875
17.9179
17.75
17.5839
17.4197
17.2575
17.0971
16.9388
16.7825
16.6283
16.4762
16.3263
16.1785
16.033
15.8897
15.7487
15.6101
15.4738
15.3399
15.2085
15.0795
14.9531
14.8291
14.7077
14.589
14.4728
14.3593
14.2485
14.1404
14.035
13.9324
13.8325
13.7355
13.6413
13.55
13.4615
13.376
13.2933
13.2137
13.137
13.0632
12.9925
12.9248
12.8601
12.7985
12.7399
12.6845
12.6321
12.5828
12.5367
12.4937
12.4538
12.4171
12.3836
12.3532
12.326
12.3019
12.2811
12.2635
12.2491
12.2378
12.2298
12.225
12.2234
