25
24.9487
24.8974
24.8461
24.7948
24.7436
24.6925
24.6414
24.5905
24.5396
24.4888
24.4382
24.3878
24.3374
24.2873
24.2373
24.1875
24.1379
24.0886
24.0394
23.9905
23.9419
23.8935
23.8454
23.7976
23.7501
23.7029
23.6561
23.6096
23.5634
23.5176
23.4722
23.4271
23.3824
23.3382
23.2944
23.251
23.208
23.1655
23.1235
23.0819
23.0408
23.0002
22.9601
22.9205
22.8815
22.8429
22.805
22.7675
22.7307
22.6944
22.6586
22.6235
22.589
22.5551
22.5218
22.4891
22.457
22.4256
22.3949
22.3648
22.3353
22.3065
22.2785
22.251
22.2243
22.1983
22.173
22.1484
22.1245
22.1014
22.0789
22.0572
22.0363
22.0161
21.9966
21.9779
21.96
21.9428
21.9264
21.9108
21.8959
21.8819
21.8686
21.8561
21.8444
21.8335
21.8234
21.814
21.8055
21.7978
21.7909
21.7848
21.7795
21.7751
21.7714
21.7686
21.7665
21.7653
21.7649
