25
24.9541
24.9083
24.8625
24.8167
24.771
24.7253
24.6797
24.6342
24.5887
24.5434
24.4982
24.4531
24.4081
24.3633
24.3187
24.2742
24.2299
24.1858
24.1419
24.0982
24.0548
24.0116
23.9686
23.9259
23.8835
23.8413
23.7995
23.7579
23.7167
23.6758
23.6352
23.5949
23.555
23.5155
23.4763
23.4376
23.3992
23.3612
23.3237
23.2865
23.2498
23.2136
23.1777
23.1424
23.1075
23.0731
23.0391
23.0057
22.9728
22.9404
22.9084
22.8771
22.8462
22.8159
22.7862
22.757
22.7284
22.7003
22.6728
22.6459
22.6196
22.5939
22.5688
22.5443
22.5205
22.4972
22.4746
22.4526
22.4313
22.4106
22.3906
22.3712
22.3525
22.3344
22.3171
22.3004
22.2843
22.269
22.2543
22.2404
22.2271
22.2146
22.2027
22.1915
22.1811
22.1713
22.1623
22.154
22.1464
22.1395
22.1333
22.1279
22.1231
22.1191
22.1159
22.1133
22.1115
22.1104
22.1101
