25
24.9586
24.9173
24.8759
24.8346
24.7934
24.7521
24.711
24.6699
24.6289
24.588
24.5472
24.5065
24.466
24.4256
24.3853
24.3451
24.3052
24.2654
24.2258
24.1864
24.1472
24.1082
24.0694
24.0309
23.9926
23.9546
23.9168
23.8793
23.8421
23.8052
23.7686
23.7323
23.6963
23.6606
23.6253
23.5903
23.5557
23.5214
23.4875
23.454
23.4209
23.3882
23.3559
23.324
23.2925
23.2614
23.2308
23.2007
23.1709
23.1417
23.1129
23.0846
23.0568
23.0294
23.0026
22.9762
22.9504
22.9251
22.9003
22.876
22.8523
22.8291
22.8065
22.7844
22.7629
22.7419
22.7215
22.7017
22.6824
22.6638
22.6457
22.6282
22.6113
22.595
22.5793
22.5643
22.5498
22.536
22.5228
22.5102
22.4982
22.4868
22.4761
22.4661
22.4566
22.4478
22.4397
22.4322
22.4253
22.4191
22.4135
22.4086
22.4044
22.4008
22.3978
22.3955
22.3939
22.3929
22.3926
