25
24.9497
24.8994
24.8491
24.7989
24.7487
24.6985
24.6485
24.5985
24.5487
24.4989
24.4493
24.3998
24.3505
24.3013
24.2523
24.2035
24.1549
24.1065
24.0584
24.0104
23.9628
23.9153
23.8682
23.8213
23.7748
23.7285
23.6826
23.637
23.5917
23.5468
23.5023
23.4581
23.4143
23.371
23.328
23.2854
23.2433
23.2017
23.1604
23.1197
23.0794
23.0396
23.0003
22.9615
22.9232
22.8855
22.8482
22.8115
22.7754
22.7398
22.7048
22.6704
22.6365
22.6033
22.5706
22.5386
22.5072
22.4764
22.4462
22.4167
22.3878
22.3596
22.3321
22.3052
22.2791
22.2535
22.2287
22.2046
22.1812
22.1585
22.1365
22.1153
22.0947
22.0749
22.0558
22.0375
22.0199
22.0031
21.987
21.9717
21.9571
21.9433
21.9303
21.9181
21.9066
21.8959
21.886
21.8768
21.8685
21.8609
21.8542
21.8482
21.843
21.8386
21.8351
21.8323
21.8303
21.8291
21.8287
