25
24.9225
24.8451
24.7677
24.6904
24.6131
24.5359
24.4589
24.382
24.3052
24.2286
24.1523
24.0761
24.0001
23.9245
23.849
23.7739
23.6991
23.6246
23.5505
23.4767
23.4033
23.3303
23.2577
23.1856
23.1139
23.0427
22.972
22.9018
22.8321
22.763
22.6944
22.6264
22.559
22.4923
22.4261
22.3606
22.2958
22.2317
22.1682
22.1055
22.0435
21.9822
21.9217
21.862
21.803
21.7449
21.6876
21.6311
21.5755
21.5207
21.4668
21.4138
21.3617
21.3105
21.2602
21.2109
21.1625
21.1152
21.0687
21.0233
20.9789
20.9355
20.8931
20.8517
20.8114
20.7721
20.7339
20.6968
20.6608
20.6258
20.592
20.5592
20.5276
20.4971
20.4678
20.4396
20.4125
20.3866
20.3618
20.3382
20.3158
20.2946
20.2745
20.2557
20.238
20.2216
20.2063
20.1922
20.1794
20.1678
20.1574
20.1482
20.1402
20.1334
20.1279
20.1236
20.1205
20.1187
20.1181
