25
24.9667
24.9333
24.9
24.8667
24.8335
24.8002
24.7671
24.734
24.7009
24.668
24.6351
24.6023
24.5696
24.537
24.5045
24.4722
24.44
24.4079
24.376
24.3442
24.3127
24.2812
24.25
24.2189
24.1881
24.1574
24.127
24.0968
24.0668
24.037
24.0075
23.9782
23.9492
23.9205
23.892
23.8638
23.8359
23.8083
23.781
23.754
23.7273
23.7009
23.6749
23.6492
23.6238
23.5988
23.5741
23.5498
23.5258
23.5022
23.479
23.4562
23.4338
23.4118
23.3901
23.3689
23.3481
23.3277
23.3077
23.2881
23.269
23.2503
23.2321
23.2143
23.1969
23.18
23.1636
23.1476
23.1321
23.117
23.1025
23.0884
23.0748
23.0616
23.049
23.0368
23.0252
23.014
23.0034
22.9932
22.9836
22.9744
22.9658
22.9577
22.9501
22.943
22.9364
22.9304
22.9249
22.9198
22.9154
22.9114
22.908
22.9051
22.9027
22.9008
22.8995
22.8987
22.8985
