25
24.9058
24.8116
24.7175
24.6234
24.5294
24.4356
24.3419
24.2483
24.155
24.0618
23.9689
23.8763
23.7839
23.6919
23.6001
23.5088
23.4178
23.3272
23.237
23.1472
23.058
22.9692
22.8809
22.7932
22.706
22.6194
22.5334
22.448
22.3633
22.2792
22.1958
22.1131
22.0311
21.9499
21.8695
21.7898
21.711
21.633
21.5558
21.4795
21.4041
21.3295
21.256
21.1833
21.1116
21.0409
20.9712
20.9025
20.8348
20.7682
20.7027
20.6382
20.5748
20.5126
20.4514
20.3915
20.3326
20.275
20.2185
20.1633
20.1092
20.0564
20.0049
19.9546
19.9055
19.8578
19.8113
19.7662
19.7224
19.6798
19.6387
19.5989
19.5604
19.5233
19.4876
19.4533
19.4204
19.3889
19.3588
19.3301
19.3028
19.277
19.2526
19.2297
19.2082
19.1882
19.1696
19.1525
19.1369
19.1227
19.1101
19.0989
19.0892
19.081
19.0742
19.069
19.0653
19.063
19.0623
