25
24.9212
24.8425
24.7638
24.6852
24.6066
24.5282
24.4498
24.3716
24.2936
24.2157
24.1381
24.0606
23.9834
23.9065
23.8298
23.7534
23.6773
23.6016
23.5262
23.4512
23.3766
23.3023
23.2286
23.1552
23.0823
23.0099
22.938
22.8667
22.7958
22.7255
22.6558
22.5867
22.5182
22.4503
22.3831
22.3165
22.2506
22.1853
22.1208
22.057
21.994
21.9317
21.8702
21.8095
21.7495
21.6904
21.6321
21.5747
21.5182
21.4625
21.4077
21.3538
21.3008
21.2488
21.1977
21.1475
21.0983
21.0502
21.003
20.9568
20.9116
20.8675
20.8244
20.7823
20.7413
20.7014
20.6626
20.6248
20.5882
20.5526
20.5182
20.485
20.4528
20.4218
20.392
20.3633
20.3357
20.3094
20.2842
20.2602
20.2375
20.2159
20.1955
20.1763
20.1584
20.1416
20.1261
20.1118
20.0987
20.0869
20.0763
20.067
20.0589
20.052
20.0464
20.042
20.0389
20.037
20.0364
