25
24.9294
24.8589
24.7883
24.7178
24.6474
24.5771
24.5069
24.4368
24.3669
24.2971
24.2275
24.1581
24.0889
24.0199
23.9512
23.8827
23.8145
23.7466
23.6791
23.6118
23.545
23.4784
23.4123
23.3466
23.2812
23.2164
23.1519
23.0879
23.0245
22.9615
22.899
22.837
22.7756
22.7148
22.6545
22.5948
22.5357
22.4773
22.4195
22.3623
22.3058
22.25
22.1948
22.1404
22.0867
22.0337
21.9815
21.93
21.8793
21.8294
21.7803
21.732
21.6845
21.6379
21.5921
21.5471
21.503
21.4598
21.4175
21.3761
21.3357
21.2961
21.2575
21.2198
21.183
21.1473
21.1125
21.0786
21.0458
21.0139
20.9831
20.9533
20.9245
20.8967
20.8699
20.8442
20.8195
20.7959
20.7734
20.7519
20.7314
20.7121
20.6938
20.6766
20.6605
20.6455
20.6316
20.6188
20.6071
20.5965
20.587
20.5787
20.5714
20.5652
20.5602
20.5563
20.5535
20.5518
20.5512
