25
24.007
23.0166
22.0314
21.0538
20.0863
19.1313
18.1911
17.2679
16.3635
15.48
14.619
13.782
12.9705
12.1856
11.4283
10.6995
9.99977
9.3296
8.68927
8.07892
7.49851
6.94785
6.42663
5.9344
5.47059
5.03454
4.6255
4.24262
3.88501
3.55171
3.24173
2.95402
2.68754
2.44122
2.21399
2.00478
1.81254
1.63622
1.47483
1.32736
1.19287
1.07043
0.959166
0.858234
0.766834
0.684207
0.609636
0.542448
0.482011
0.427734
0.379067
0.335499
0.296554
0.261796
0.230821
0.203257
0.178765
0.157034
0.137779
0.120742
0.105688
0.0924043
0.0806982
0.0703959
0.0613407
0.0533917
0.0464227
0.0403202
0.0349832
0.0303211
0.0262535
0.0227087
0.0196231
0.0169403
0.0146103
0.0125892
0.0108378
0.00932198
0.0080115
0.00687987
0.00590386
0.00506313
0.0043399
0.00371867
0.00318592
0.00272991
0.00234048
0.00200883
0.00172738
0.00148963
0.00129002
0.00112385
0.000987172
0.000876699
0.000789768
0.000724266
0.000678594
0.000651632
0.000642718
