25
24.9787
24.9574
24.9361
24.9148
24.8936
24.8724
24.8512
24.83
24.8089
24.7878
24.7668
24.7459
24.725
24.7042
24.6834
24.6628
24.6422
24.6217
24.6013
24.581
24.5608
24.5408
24.5208
24.501
24.4812
24.4617
24.4422
24.4229
24.4037
24.3847
24.3659
24.3472
24.3286
24.3103
24.2921
24.2741
24.2562
24.2386
24.2211
24.2039
24.1868
24.17
24.1533
24.1369
24.1207
24.1047
24.089
24.0734
24.0581
24.0431
24.0282
24.0137
23.9993
23.9852
23.9714
23.9579
23.9446
23.9315
23.9188
23.9063
23.894
23.8821
23.8704
23.8591
23.848
23.8372
23.8267
23.8165
23.8065
23.7969
23.7876
23.7786
23.7699
23.7615
23.7535
23.7457
23.7383
23.7311
23.7243
23.7178
23.7117
23.7058
23.7003
23.6951
23.6903
23.6857
23.6816
23.6777
23.6742
23.671
23.6681
23.6656
23.6634
23.6615
23.66
23.6588
23.658
23.6575
23.6573
