25
24.8545
24.709
24.5636
24.4183
24.2732
24.1282
23.9835
23.839
23.6948
23.5509
23.4074
23.2643
23.1217
22.9795
22.8378
22.6966
22.5561
22.4161
22.2769
22.1383
22.0004
21.8632
21.7269
21.5914
21.4567
21.323
21.1901
21.0583
20.9274
20.7975
20.6687
20.541
20.4144
20.289
20.1647
20.0417
19.9199
19.7994
19.6802
19.5624
19.4459
19.3308
19.2171
19.1049
18.9942
18.885
18.7774
18.6713
18.5668
18.4639
18.3626
18.2631
18.1652
18.069
17.9746
17.882
17.7912
17.7021
17.6149
17.5296
17.4461
17.3646
17.285
17.2073
17.1316
17.0578
16.9861
16.9163
16.8486
16.783
16.7194
16.6579
16.5986
16.5413
16.4861
16.4331
16.3823
16.3336
16.2871
16.2428
16.2007
16.1609
16.1232
16.0878
16.0546
16.0237
15.995
15.9686
15.9445
15.9226
15.9031
15.8858
15.8708
15.8582
15.8478
15.8397
15.8339
15.8305
15.8293
