25
24.9597
24.9194
24.8792
24.839
24.7988
24.7586
24.7186
24.6786
24.6386
24.5988
24.5591
24.5195
24.48
24.4406
24.4014
24.3623
24.3234
24.2846
24.2461
24.2077
24.1695
24.1316
24.0938
24.0563
24.019
23.982
23.9452
23.9087
23.8725
23.8365
23.8008
23.7655
23.7304
23.6957
23.6613
23.6272
23.5935
23.5602
23.5272
23.4945
23.4623
23.4304
23.3989
23.3679
23.3372
23.307
23.2772
23.2478
23.2189
23.1904
23.1623
23.1348
23.1077
23.0811
23.0549
23.0293
23.0041
22.9795
22.9553
22.9317
22.9086
22.886
22.864
22.8424
22.8215
22.8011
22.7812
22.7619
22.7431
22.725
22.7074
22.6903
22.6739
22.658
22.6428
22.6281
22.614
22.6005
22.5876
22.5754
22.5637
22.5527
22.5423
22.5324
22.5233
22.5147
22.5068
22.4994
22.4928
22.4867
22.4813
22.4765
22.4724
22.4689
22.466
22.4637
22.4622
22.4612
22.4609
