25
24.768
24.536
24.3041
24.0724
23.841
23.6098
23.379
23.1487
22.9188
22.6894
22.4606
22.2325
22.005
21.7784
21.5526
21.3276
21.1036
20.8806
20.6586
20.4378
20.2181
19.9996
19.7824
19.5665
19.3521
19.139
18.9275
18.7175
18.5091
18.3024
18.0974
17.8941
17.6927
17.4931
17.2954
17.0997
16.906
16.7143
16.5247
16.3374
16.1522
15.9692
15.7886
15.6102
15.4343
15.2608
15.0897
14.9212
14.7552
14.5919
14.4311
14.273
14.1177
13.9651
13.8152
13.6683
13.5241
13.3829
13.2446
13.1093
12.9769
12.8476
12.7214
12.5982
12.4782
12.3613
12.2476
12.1372
12.0299
11.9259
11.8253
11.7279
11.6338
11.5431
11.4558
11.3719
11.2914
11.2144
11.1408
11.0707
11.0041
10.941
10.8814
10.8254
10.7729
10.7239
10.6786
10.6368
10.5987
10.5641
10.5332
10.5059
10.4822
10.4621
10.4457
10.4329
10.4238
10.4183
10.4165
