25
24.9788
24.9575
24.9363
24.9151
24.8939
24.8728
24.8517
24.8306
24.8095
24.7886
24.7676
24.7467
24.7259
24.7052
24.6845
24.6639
24.6434
24.623
24.6026
24.5824
24.5623
24.5423
24.5224
24.5026
24.483
24.4634
24.4441
24.4248
24.4057
24.3868
24.368
24.3493
24.3309
24.3126
24.2944
24.2765
24.2587
24.2411
24.2237
24.2065
24.1895
24.1727
24.1562
24.1398
24.1236
24.1077
24.092
24.0765
24.0612
24.0462
24.0315
24.0169
24.0026
23.9886
23.9748
23.9613
23.9481
23.9351
23.9223
23.9099
23.8977
23.8858
23.8742
23.8628
23.8518
23.841
23.8306
23.8204
23.8105
23.8009
23.7916
23.7827
23.774
23.7656
23.7576
23.7499
23.7424
23.7353
23.7286
23.7221
23.7159
23.7101
23.7046
23.6995
23.6946
23.6901
23.6859
23.6821
23.6785
23.6754
23.6725
23.67
23.6678
23.6659
23.6644
23.6632
23.6624
23.6619
23.6617
