25
24.7859
24.5719
24.358
24.1443
23.9308
23.7175
23.5046
23.292
23.0799
22.8683
22.6572
22.4468
22.2369
22.0278
21.8194
21.6118
21.4051
21.1993
20.9945
20.7907
20.5879
20.3863
20.1858
19.9866
19.7886
19.5919
19.3967
19.2028
19.0104
18.8196
18.6303
18.4426
18.2565
18.0722
17.8896
17.7089
17.53
17.3529
17.1778
17.0047
16.8336
16.6646
16.4977
16.3329
16.1703
16.01
15.8519
15.6962
15.5427
15.3917
15.2431
15.097
14.9533
14.8122
14.6737
14.5378
14.4045
14.2739
14.146
14.0208
13.8984
13.7787
13.662
13.548
13.437
13.3288
13.2237
13.1214
13.0222
12.9259
12.8328
12.7426
12.6556
12.5716
12.4908
12.4131
12.3386
12.2673
12.1992
12.1343
12.0726
12.0141
11.959
11.9071
11.8585
11.8132
11.7712
11.7325
11.6972
11.6651
11.6365
11.6112
11.5893
11.5707
11.5555
11.5437
11.5352
11.5301
11.5284
