25
24.661
24.3221
23.9834
23.645
23.3071
22.9697
22.6329
22.2969
21.9618
21.6276
21.2944
20.9625
20.6318
20.3024
19.9746
19.6483
19.3236
19.0008
18.6798
18.3607
18.0437
17.7288
17.4162
17.1059
16.798
16.4926
16.1898
15.8897
15.5922
15.2976
15.006
14.7172
14.4316
14.1491
13.8697
13.5936
13.3209
13.0515
12.7856
12.5233
12.2645
12.0093
11.7578
11.5101
11.2662
11.0261
10.7899
10.5576
10.3294
10.1051
9.88494
9.66887
9.45695
9.24921
9.04568
8.8464
8.6514
8.4607
8.27434
8.09234
7.91472
7.74152
7.57274
7.40842
7.24856
7.0932
6.94235
6.79601
6.65422
6.51697
6.3843
6.25619
6.13268
6.01376
5.89945
5.78976
5.68469
5.58425
5.48845
5.3973
5.31079
5.22893
5.15174
5.07921
5.01134
4.94814
4.88961
4.83576
4.78658
4.74209
4.70227
4.66713
4.63668
4.61091
4.58982
4.57342
4.56171
4.55468
4.55233
