25
24.8643
24.7286
24.593
24.4575
24.3221
24.1869
24.0519
23.9172
23.7827
23.6485
23.5146
23.3812
23.2481
23.1155
22.9834
22.8517
22.7206
22.5901
22.4602
22.3309
22.2023
22.0744
21.9473
21.8209
21.6953
21.5705
21.4466
21.3236
21.2016
21.0805
20.9603
20.8412
20.7231
20.6062
20.4903
20.3755
20.2619
20.1495
20.0384
19.9285
19.8198
19.7125
19.6065
19.5018
19.3986
19.2967
19.1963
19.0973
18.9998
18.9039
18.8095
18.7166
18.6253
18.5356
18.4476
18.3612
18.2764
18.1934
18.1121
18.0325
17.9546
17.8786
17.8043
17.7318
17.6612
17.5924
17.5255
17.4605
17.3973
17.3361
17.2768
17.2195
17.1641
17.1106
17.0592
17.0098
16.9624
16.917
16.8736
16.8323
16.793
16.7558
16.7207
16.6876
16.6567
16.6279
16.6011
16.5765
16.554
16.5336
16.5154
16.4993
16.4853
16.4735
16.4638
16.4562
16.4509
16.4476
16.4466
