25
24.6881
24.3764
24.0648
23.7534
23.4425
23.1319
22.822
22.5126
22.204
21.8962
21.5893
21.2833
20.9785
20.6747
20.3723
20.0711
19.7714
19.4732
19.1765
18.8815
18.5883
18.2969
18.0074
17.7198
17.4343
17.151
16.8699
16.591
16.3145
16.0405
15.7689
15.5
15.2336
14.97
14.7091
14.4511
14.196
13.9439
13.6947
13.4487
13.2058
12.9661
12.7297
12.4965
12.2668
12.0404
11.8175
11.5981
11.3823
11.1701
10.9616
10.7567
10.5556
10.3583
10.1648
9.97511
9.78935
9.60753
9.42967
9.25582
9.08599
8.92024
8.75857
8.60103
8.44765
8.29844
8.15343
8.01266
7.87613
7.74389
7.61594
7.4923
7.37301
7.25807
7.1475
7.04133
6.93956
6.84221
6.7493
6.66084
6.57684
6.49732
6.42228
6.35175
6.28571
6.22419
6.1672
6.11474
6.06682
6.02344
5.98461
5.95034
5.92063
5.89548
5.8749
5.85889
5.84746
5.8406
5.83831
