25
24.9714
24.9428
24.9142
24.8856
24.857
24.8285
24.8
24.7716
24.7433
24.715
24.6867
24.6586
24.6305
24.6026
24.5747
24.5469
24.5193
24.4917
24.4643
24.4371
24.41
24.383
24.3562
24.3295
24.303
24.2767
24.2506
24.2246
24.1989
24.1733
24.148
24.1229
24.098
24.0733
24.0489
24.0247
24.0007
23.977
23.9536
23.9304
23.9075
23.8848
23.8625
23.8404
23.8186
23.7971
23.7759
23.7551
23.7345
23.7143
23.6944
23.6748
23.6555
23.6366
23.618
23.5998
23.5819
23.5644
23.5473
23.5305
23.5141
23.498
23.4823
23.4671
23.4522
23.4377
23.4235
23.4098
23.3965
23.3836
23.3711
23.359
23.3473
23.336
23.3252
23.3148
23.3048
23.2952
23.286
23.2773
23.269
23.2612
23.2538
23.2468
23.2403
23.2342
23.2286
23.2234
23.2186
23.2143
23.2105
23.2071
23.2041
23.2016
23.1996
23.198
23.1969
23.1962
23.196
