25
24.9231
24.8461
24.7692
24.6924
24.6157
24.539
24.4625
24.3861
24.3098
24.2338
24.1579
24.0822
24.0068
23.9316
23.8567
23.782
23.7077
23.6337
23.56
23.4868
23.4138
23.3413
23.2692
23.1976
23.1264
23.0556
22.9854
22.9157
22.8464
22.7778
22.7097
22.6421
22.5752
22.5089
22.4432
22.3781
22.3137
22.25
22.1869
22.1246
22.063
22.0022
21.9421
21.8827
21.8242
21.7664
21.7095
21.6534
21.5981
21.5437
21.4902
21.4375
21.3857
21.3349
21.285
21.236
21.1879
21.1408
21.0947
21.0496
21.0055
20.9623
20.9202
20.8791
20.8391
20.8001
20.7622
20.7253
20.6895
20.6548
20.6211
20.5886
20.5572
20.5269
20.4978
20.4697
20.4428
20.4171
20.3925
20.3691
20.3468
20.3257
20.3058
20.2871
20.2695
20.2532
20.238
20.224
20.2113
20.1997
20.1894
20.1802
20.1723
20.1656
20.1601
20.1559
20.1528
20.151
20.1504
