25
24.8804
24.7608
24.6412
24.5218
24.4024
24.2833
24.1643
24.0455
23.9269
23.8086
23.6906
23.573
23.4557
23.3388
23.2223
23.1063
22.9907
22.8757
22.7611
22.6472
22.5338
22.4211
22.309
22.1976
22.0869
21.9769
21.8677
21.7592
21.6516
21.5449
21.439
21.334
21.2299
21.1268
21.0246
20.9234
20.8233
20.7242
20.6262
20.5293
20.4336
20.3389
20.2455
20.1532
20.0622
19.9724
19.8839
19.7967
19.7107
19.6261
19.5429
19.461
19.3806
19.3015
19.2239
19.1477
19.073
18.9998
18.9281
18.8579
18.7893
18.7223
18.6568
18.5929
18.5306
18.47
18.411
18.3537
18.298
18.2441
18.1918
18.1412
18.0924
18.0453
18
17.9564
17.9146
17.8745
17.8363
17.7999
17.7653
17.7325
17.7015
17.6724
17.6451
17.6197
17.5961
17.5744
17.5546
17.5366
17.5205
17.5063
17.494
17.4836
17.475
17.4684
17.4636
17.4608
17.4598
