25
24.6845
24.3691
24.0539
23.739
23.4245
23.1104
22.7968
22.4839
22.1718
21.8605
21.55
21.2406
20.9323
20.6252
20.3193
20.0148
19.7117
19.4102
19.1102
18.812
18.5156
18.221
17.9283
17.6377
17.3492
17.0628
16.7787
16.497
16.2176
15.9408
15.6664
15.3947
15.1257
14.8595
14.596
14.3355
14.0779
13.8233
13.5718
13.3235
13.0783
12.8364
12.5978
12.3626
12.1308
11.9024
11.6776
11.4564
11.2387
11.0247
10.8145
10.6079
10.4052
10.2063
10.0112
9.82012
9.63295
9.44975
9.27057
9.09543
8.92438
8.75744
8.59464
8.436
8.28157
8.13135
7.98538
7.84368
7.70627
7.57318
7.44442
7.32002
7.19999
7.08436
6.97313
6.86633
6.76397
6.66606
6.57262
6.48366
6.3992
6.31924
6.2438
6.17288
6.10649
6.04465
5.98736
5.93462
5.88645
5.84285
5.80383
5.76938
5.73952
5.71425
5.69357
5.67748
5.66599
5.65909
5.65679
