25
24.9113
24.8225
24.7339
24.6452
24.5567
24.4683
24.38
24.2919
24.204
24.1162
24.0287
23.9414
23.8544
23.7677
23.6813
23.5952
23.5095
23.4241
23.3392
23.2547
23.1706
23.0869
23.0038
22.9211
22.839
22.7574
22.6764
22.596
22.5161
22.4369
22.3584
22.2805
22.2033
22.1268
22.051
21.976
21.9017
21.8282
21.7555
21.6836
21.6126
21.5424
21.473
21.4046
21.3371
21.2705
21.2048
21.1401
21.0763
21.0136
20.9518
20.8911
20.8314
20.7728
20.7152
20.6587
20.6033
20.549
20.4958
20.4437
20.3928
20.3431
20.2945
20.2471
20.2009
20.1559
20.1122
20.0697
20.0284
19.9883
19.9495
19.912
19.8758
19.8409
19.8072
19.7749
19.7439
19.7142
19.6858
19.6588
19.6331
19.6088
19.5858
19.5642
19.544
19.5251
19.5077
19.4915
19.4768
19.4635
19.4516
19.441
19.4319
19.4242
19.4178
19.4129
19.4094
19.4073
19.4066
