25
24.9178
24.8356
24.7534
24.6713
24.5893
24.5074
24.4256
24.3439
24.2625
24.1812
24.1001
24.0192
23.9386
23.8583
23.7782
23.6984
23.619
23.5399
23.4612
23.3829
23.305
23.2275
23.1505
23.0739
22.9978
22.9222
22.8471
22.7726
22.6987
22.6253
22.5525
22.4803
22.4088
22.3379
22.2677
22.1982
22.1294
22.0613
21.9939
21.9273
21.8615
21.7964
21.7322
21.6688
21.6062
21.5445
21.4837
21.4237
21.3647
21.3065
21.2493
21.193
21.1377
21.0834
21.03
20.9777
20.9264
20.876
20.8268
20.7785
20.7314
20.6853
20.6403
20.5964
20.5536
20.5119
20.4714
20.4319
20.3937
20.3566
20.3207
20.2859
20.2524
20.22
20.1888
20.1589
20.1301
20.1026
20.0763
20.0513
20.0275
20.005
19.9837
19.9637
19.9449
19.9274
19.9112
19.8963
19.8827
19.8703
19.8593
19.8495
19.8411
19.8339
19.828
19.8235
19.8202
19.8182
19.8176
