25
24.7648
24.5297
24.2947
24.0598
23.8252
23.5909
23.357
23.1235
22.8905
22.658
22.4261
22.1949
21.9644
21.7346
21.5057
21.2777
21.0507
20.8247
20.5997
20.3758
20.1532
19.9318
19.7117
19.4929
19.2755
19.0596
18.8453
18.6324
18.4213
18.2118
18.004
17.798
17.5939
17.3916
17.1913
16.993
16.7967
16.6025
16.4104
16.2205
16.0329
15.8475
15.6644
15.4838
15.3055
15.1297
14.9564
14.7857
14.6175
14.452
14.2891
14.129
13.9716
13.817
13.6652
13.5163
13.3703
13.2272
13.0871
12.95
12.816
12.685
12.5571
12.4324
12.3108
12.1925
12.0773
11.9654
11.8568
11.7515
11.6495
11.5509
11.4556
11.3638
11.2753
11.1904
11.1088
11.0308
10.9563
10.8853
10.8178
10.7539
10.6936
10.6368
10.5837
10.5341
10.4882
10.4459
10.4073
10.3723
10.341
10.3133
10.2893
10.269
10.2524
10.2394
10.2302
10.2247
10.2228
