25
24.8704
24.7409
24.6115
24.4821
24.3529
24.2238
24.095
23.9663
23.8379
23.7099
23.5821
23.4547
23.3277
23.2011
23.0749
22.9493
22.8241
22.6995
22.5755
22.4521
22.3294
22.2073
22.0859
21.9652
21.8453
21.7262
21.608
21.4906
21.374
21.2584
21.1437
21.03
20.9173
20.8056
20.695
20.5855
20.477
20.3698
20.2636
20.1587
20.055
19.9525
19.8513
19.7514
19.6528
19.5556
19.4598
19.3653
19.2722
19.1806
19.0905
19.0018
18.9147
18.8291
18.745
18.6625
18.5817
18.5024
18.4247
18.3488
18.2745
18.2018
18.1309
18.0618
17.9943
17.9287
17.8648
17.8027
17.7424
17.684
17.6274
17.5726
17.5198
17.4688
17.4197
17.3725
17.3272
17.2839
17.2425
17.203
17.1655
17.13
17.0965
17.065
17.0354
17.0079
16.9824
16.9589
16.9374
16.9179
16.9005
16.8851
16.8718
16.8605
16.8513
16.8441
16.8389
16.8358
16.8348
