25
24.7608
24.5216
24.2826
24.0438
23.8052
23.5669
23.329
23.0915
22.8545
22.618
22.3822
22.147
21.9126
21.679
21.4462
21.2143
20.9834
20.7535
20.5248
20.2971
20.0707
19.8455
19.6217
19.3992
19.1782
18.9587
18.7407
18.5243
18.3096
18.0966
17.8853
17.6759
17.4683
17.2627
17.059
16.8573
16.6578
16.4603
16.2651
16.072
15.8813
15.6928
15.5068
15.3231
15.1419
14.9632
14.7871
14.6135
14.4426
14.2744
14.1088
13.9461
13.7861
13.629
13.4747
13.3234
13.175
13.0296
12.8873
12.748
12.6118
12.4787
12.3487
12.222
12.0985
11.9782
11.8612
11.7475
11.6371
11.5301
11.4265
11.3263
11.2295
11.1362
11.0464
10.9601
10.8773
10.798
10.7223
10.6502
10.5816
10.5167
10.4554
10.3978
10.3438
10.2935
10.2468
10.2039
10.1646
10.1291
10.0973
10.0692
10.0448
10.0242
10.0073
9.99414
9.98476
9.97913
9.97725
