25
24.0921
23.1862
22.2842
21.388
20.4995
19.6205
18.7529
17.8982
17.0581
16.2341
15.4276
14.6399
13.8721
13.1254
12.4007
11.6988
11.0203
10.3659
9.73593
9.13075
8.55056
7.99542
7.46531
6.9601
6.47956
6.02337
5.59113
5.18236
4.79652
4.433
4.09115
3.77026
3.4696
3.18841
2.92588
2.68122
2.45361
2.24222
2.04624
1.86484
1.69724
1.54262
1.40023
1.2693
1.14911
1.03895
0.938139
0.846031
0.762002
0.685458
0.615837
0.552606
0.495263
0.443334
0.396375
0.35397
0.315731
0.281295
0.250327
0.222515
0.19757
0.175226
0.155237
0.137378
0.121442
0.10724
0.0945995
0.0833614
0.0733827
0.0645327
0.0566931
0.0497566
0.0436264
0.0382151
0.0334438
0.0292418
0.0255454
0.0222976
0.0194474
0.0169493
0.0147627
0.0128512
0.0111828
0.00972906
0.00846464
0.0073673
0.00641746
0.00559791
0.00489362
0.00429151
0.00378029
0.00335023
0.00299311
0.00270202
0.00247129
0.00229639
0.00217388
0.00210133
0.00207731
