25
24.8501
24.7002
24.5504
24.4007
24.2511
24.1018
23.9526
23.8038
23.6552
23.507
23.3591
23.2117
23.0647
22.9182
22.7722
22.6268
22.482
22.3378
22.1943
22.0515
21.9094
21.7681
21.6276
21.488
21.3493
21.2115
21.0746
20.9387
20.8039
20.6701
20.5374
20.4058
20.2753
20.1461
20.0181
19.8913
19.7659
19.6417
19.5189
19.3975
19.2775
19.1589
19.0418
18.9262
18.8121
18.6996
18.5887
18.4794
18.3717
18.2657
18.1614
18.0588
17.958
17.8589
17.7616
17.6662
17.5726
17.4809
17.391
17.3031
17.2171
17.1331
17.0511
16.971
16.893
16.817
16.7431
16.6713
16.6015
16.5339
16.4684
16.4051
16.3439
16.2849
16.2281
16.1735
16.1211
16.0709
16.023
15.9774
15.934
15.8929
15.8541
15.8176
15.7835
15.7516
15.7221
15.6949
15.67
15.6475
15.6273
15.6096
15.5941
15.5811
15.5704
15.562
15.5561
15.5525
15.5513
