25
24.8095
24.6191
24.4288
24.2386
24.0487
23.8589
23.6695
23.4803
23.2916
23.1033
22.9155
22.7282
22.5415
22.3554
22.1699
21.9852
21.8013
21.6181
21.4358
21.2544
21.074
20.8945
20.7161
20.5388
20.3626
20.1875
20.0137
19.8411
19.6699
19.5
19.3314
19.1643
18.9987
18.8346
18.672
18.5111
18.3518
18.1941
18.0382
17.884
17.7316
17.5811
17.4324
17.2857
17.1408
16.998
16.8572
16.7184
16.5817
16.4472
16.3148
16.1846
16.0566
15.9308
15.8074
15.6862
15.5674
15.451
15.337
15.2254
15.1163
15.0097
14.9056
14.804
14.705
14.6086
14.5148
14.4237
14.3352
14.2494
14.1663
14.0859
14.0083
13.9334
13.8613
13.7921
13.7256
13.662
13.6012
13.5433
13.4883
13.4362
13.387
13.3407
13.2973
13.2569
13.2194
13.1849
13.1534
13.1249
13.0993
13.0767
13.0571
13.0406
13.027
13.0165
13.0089
13.0044
13.0029
