25
24.7845
24.569
24.3537
24.1385
23.9236
23.7089
23.4945
23.2806
23.067
22.854
22.6415
22.4296
22.2184
22.0078
21.798
21.5891
21.381
21.1738
20.9676
20.7624
20.5583
20.3553
20.1535
19.9529
19.7536
19.5557
19.3591
19.1639
18.9703
18.7781
18.5876
18.3986
18.2114
18.0258
17.842
17.6601
17.4799
17.3017
17.1255
16.9512
16.779
16.6088
16.4408
16.275
16.1113
15.9499
15.7908
15.634
15.4796
15.3275
15.178
15.0309
14.8863
14.7442
14.6048
14.468
14.3338
14.2023
14.0736
13.9476
13.8244
13.704
13.5864
13.4717
13.36
13.2511
13.1452
13.0423
12.9425
12.8456
12.7518
12.6611
12.5735
12.489
12.4076
12.3294
12.2544
12.1827
12.1141
12.0488
11.9867
11.9279
11.8723
11.8201
11.7712
11.7256
11.6833
11.6444
11.6088
11.5766
11.5478
11.5223
11.5002
11.4815
11.4662
11.4543
11.4458
11.4407
11.439
