25
24.5337
24.0676
23.602
23.1373
22.6735
22.211
21.7501
21.2909
20.8338
20.3789
19.9266
19.4769
19.0303
18.5869
18.1469
17.7105
17.278
16.8495
16.4252
16.0054
15.5903
15.1799
14.7744
14.3741
13.9791
13.5895
13.2055
12.8271
12.4546
12.088
11.7275
11.373
11.0248
10.6829
10.3474
10.0183
9.69567
9.37961
9.07014
8.76729
8.47108
8.18153
7.89866
7.62246
7.35294
7.09008
6.83386
6.58427
6.34128
6.10485
5.87494
5.65151
5.43451
5.22388
5.01956
4.8215
4.62962
4.44385
4.26412
4.09036
3.92249
3.76041
3.60406
3.45335
3.30818
3.16848
3.03414
2.90509
2.78124
2.66249
2.54876
2.43995
2.33599
2.23677
2.14222
2.05225
1.96679
1.88574
1.80903
1.73658
1.66832
1.60418
1.5441
1.48799
1.43581
1.38749
1.34298
1.30223
1.26518
1.2318
1.20205
1.17588
1.15326
1.13418
1.11859
1.10649
1.09786
1.09268
1.09096
