25
24.9614
24.9228
24.8843
24.8458
24.8073
24.7688
24.7305
24.6921
24.6539
24.6158
24.5777
24.5398
24.5019
24.4642
24.4267
24.3892
24.352
24.3148
24.2779
24.2412
24.2046
24.1682
24.1321
24.0961
24.0604
24.025
23.9897
23.9548
23.9201
23.8856
23.8515
23.8176
23.784
23.7508
23.7178
23.6852
23.6529
23.621
23.5893
23.5581
23.5272
23.4967
23.4665
23.4368
23.4074
23.3785
23.3499
23.3218
23.2941
23.2668
23.2399
23.2135
23.1876
23.1621
23.137
23.1125
23.0884
23.0648
23.0416
23.019
22.9969
22.9753
22.9541
22.9335
22.9135
22.8939
22.8749
22.8564
22.8384
22.821
22.8042
22.7878
22.7721
22.7569
22.7423
22.7282
22.7147
22.7018
22.6895
22.6778
22.6666
22.656
22.646
22.6366
22.6278
22.6196
22.612
22.605
22.5986
22.5928
22.5876
22.5831
22.5791
22.5757
22.573
22.5708
22.5693
22.5684
22.5681
