25
24.8917
24.7834
24.6752
24.5671
24.4591
24.3512
24.2434
24.1359
24.0286
23.9215
23.8147
23.7082
23.602
23.4962
23.3908
23.2857
23.1811
23.077
22.9733
22.8701
22.7675
22.6655
22.564
22.4631
22.3629
22.2634
22.1645
22.0663
21.9689
21.8723
21.7764
21.6814
21.5871
21.4938
21.4013
21.3097
21.2191
21.1294
21.0407
20.953
20.8663
20.7806
20.696
20.6125
20.5301
20.4488
20.3687
20.2897
20.2119
20.1354
20.06
19.9859
19.913
19.8415
19.7712
19.7023
19.6346
19.5684
19.5035
19.4399
19.3778
19.3171
19.2579
19.2
19.1437
19.0888
19.0354
18.9835
18.9331
18.8842
18.8369
18.7911
18.7469
18.7043
18.6632
18.6238
18.5859
18.5497
18.5151
18.4821
18.4508
18.4211
18.3931
18.3667
18.342
18.319
18.2977
18.278
18.26
18.2438
18.2292
18.2164
18.2052
18.1958
18.1881
18.182
18.1777
18.1752
18.1743
