25
24.9764
24.9528
24.9292
24.9056
24.8821
24.8585
24.8351
24.8116
24.7882
24.7649
24.7416
24.7184
24.6952
24.6721
24.6491
24.6262
24.6034
24.5807
24.5581
24.5356
24.5133
24.491
24.4689
24.4469
24.425
24.4033
24.3818
24.3604
24.3391
24.3181
24.2972
24.2764
24.2559
24.2355
24.2154
24.1954
24.1757
24.1561
24.1368
24.1176
24.0987
24.0801
24.0616
24.0434
24.0254
24.0077
23.9902
23.973
23.9561
23.9394
23.9229
23.9068
23.8909
23.8753
23.86
23.8449
23.8302
23.8158
23.8016
23.7878
23.7742
23.761
23.7481
23.7354
23.7232
23.7112
23.6995
23.6882
23.6772
23.6666
23.6563
23.6463
23.6367
23.6274
23.6184
23.6098
23.6016
23.5937
23.5861
23.5789
23.5721
23.5656
23.5595
23.5538
23.5484
23.5434
23.5387
23.5344
23.5305
23.527
23.5238
23.521
23.5185
23.5165
23.5148
23.5135
23.5126
23.512
23.5118
