25
24.9772
24.9543
24.9315
24.9087
24.8859
24.8632
24.8404
24.8178
24.7951
24.7725
24.75
24.7276
24.7052
24.6828
24.6606
24.6384
24.6164
24.5944
24.5725
24.5508
24.5291
24.5076
24.4862
24.4649
24.4438
24.4228
24.402
24.3813
24.3607
24.3403
24.3201
24.3001
24.2802
24.2605
24.241
24.2217
24.2026
24.1836
24.1649
24.1464
24.1282
24.1101
24.0922
24.0746
24.0572
24.0401
24.0232
24.0065
23.9901
23.974
23.9581
23.9425
23.9271
23.912
23.8972
23.8826
23.8684
23.8544
23.8407
23.8273
23.8142
23.8014
23.7889
23.7767
23.7648
23.7533
23.742
23.731
23.7204
23.7101
23.7001
23.6905
23.6812
23.6722
23.6635
23.6552
23.6472
23.6396
23.6323
23.6253
23.6187
23.6124
23.6065
23.601
23.5958
23.5909
23.5864
23.5823
23.5785
23.575
23.572
23.5693
23.5669
23.5649
23.5633
23.562
23.5611
23.5606
23.5604
