25
24.9469
24.8939
24.8409
24.7879
24.735
24.6821
24.6293
24.5766
24.5241
24.4716
24.4193
24.3671
24.3151
24.2632
24.2116
24.1601
24.1088
24.0578
24.007
23.9565
23.9062
23.8562
23.8065
23.7571
23.708
23.6592
23.6107
23.5627
23.5149
23.4676
23.4206
23.374
23.3279
23.2821
23.2368
23.192
23.1475
23.1036
23.0601
23.0172
22.9747
22.9327
22.8913
22.8504
22.81
22.7702
22.7309
22.6922
22.6541
22.6166
22.5796
22.5433
22.5076
22.4726
22.4381
22.4044
22.3712
22.3388
22.307
22.2758
22.2454
22.2157
22.1866
22.1583
22.1307
22.1038
22.0776
22.0522
22.0275
22.0036
21.9804
21.958
21.9363
21.9154
21.8953
21.876
21.8574
21.8397
21.8227
21.8066
21.7912
21.7767
21.7629
21.75
21.7379
21.7266
21.7162
21.7065
21.6977
21.6898
21.6826
21.6763
21.6709
21.6663
21.6625
21.6595
21.6574
21.6562
21.6557
