25
24.9733
24.9466
24.9199
24.8933
24.8667
24.8401
24.8135
24.787
24.7605
24.7341
24.7078
24.6816
24.6554
24.6293
24.6033
24.5774
24.5516
24.526
24.5004
24.475
24.4497
24.4245
24.3995
24.3746
24.3499
24.3254
24.301
24.2768
24.2528
24.229
24.2054
24.1819
24.1587
24.1357
24.1129
24.0903
24.068
24.0459
24.024
24.0024
23.981
23.9599
23.939
23.9184
23.8981
23.8781
23.8583
23.8389
23.8197
23.8008
23.7822
23.764
23.746
23.7284
23.7111
23.6941
23.6774
23.661
23.645
23.6294
23.6141
23.5991
23.5845
23.5702
23.5564
23.5428
23.5297
23.5169
23.5044
23.4924
23.4807
23.4694
23.4586
23.448
23.4379
23.4282
23.4189
23.4099
23.4014
23.3933
23.3856
23.3782
23.3713
23.3648
23.3587
23.3531
23.3478
23.343
23.3385
23.3345
23.3309
23.3278
23.325
23.3227
23.3208
23.3193
23.3182
23.3176
23.3174
