25
24.403
23.8066
23.2112
22.6175
22.0259
21.437
20.8514
20.2694
19.6917
19.1187
18.5509
17.9888
17.4327
16.8832
16.3407
15.8055
15.2781
14.7587
14.2478
13.7456
13.2524
12.7685
12.2942
11.8297
11.3752
10.9309
10.4969
10.0734
9.66043
9.25817
8.86667
8.48596
8.11609
7.75705
7.40884
7.07143
6.74477
6.42879
6.12341
5.82853
5.54404
5.26981
5.0057
4.75155
4.5072
4.27248
4.04719
3.83115
3.62414
3.42597
3.23642
3.05526
2.88227
2.71723
2.55989
2.41004
2.26743
2.13183
2.00301
1.88073
1.76476
1.65486
1.55082
1.4524
1.35938
1.27155
1.18869
1.11059
1.03706
0.967882
0.902873
0.841843
0.784611
0.731002
0.680845
0.63398
0.590248
0.549501
0.511596
0.476396
0.443772
0.413601
0.385768
0.360163
0.336684
0.315236
0.295729
0.278083
0.262221
0.248076
0.235584
0.224692
0.215351
0.207517
0.201157
0.19624
0.192744
0.190652
0.189957
