25
24.9686
24.9372
24.9058
24.8744
24.8431
24.8118
24.7806
24.7494
24.7183
24.6872
24.6562
24.6253
24.5945
24.5639
24.5333
24.5028
24.4725
24.4423
24.4122
24.3823
24.3525
24.3229
24.2935
24.2642
24.2352
24.2063
24.1776
24.1491
24.1209
24.0929
24.065
24.0375
24.0102
23.9831
23.9563
23.9297
23.9034
23.8774
23.8517
23.8262
23.8011
23.7762
23.7517
23.7275
23.7036
23.68
23.6568
23.6339
23.6113
23.5891
23.5672
23.5457
23.5246
23.5038
23.4835
23.4635
23.4439
23.4246
23.4058
23.3874
23.3694
23.3518
23.3346
23.3178
23.3015
23.2855
23.27
23.255
23.2404
23.2262
23.2125
23.1992
23.1864
23.174
23.1621
23.1507
23.1397
23.1292
23.1191
23.1096
23.1005
23.0919
23.0838
23.0761
23.0689
23.0623
23.0561
23.0504
23.0452
23.0405
23.0362
23.0325
23.0293
23.0265
23.0243
23.0225
23.0213
23.0206
23.0203
