25
24.7245
24.4491
24.1738
23.8988
23.624
23.3496
23.0757
22.8022
22.5294
22.2572
21.9857
21.7151
21.4453
21.1765
20.9087
20.642
20.3764
20.1121
19.849
19.5874
19.3272
19.0685
18.8113
18.5558
18.302
18.05
17.7998
17.5515
17.3052
17.0609
16.8186
16.5786
16.3407
16.1052
15.8719
15.641
15.4126
15.1867
14.9634
14.7426
14.5246
14.3092
14.0967
13.8869
13.68
13.4761
13.2751
13.0772
12.8823
12.6906
12.502
12.3166
12.1345
11.9556
11.7801
11.608
11.4392
11.274
11.1122
10.9539
10.7992
10.6481
10.5006
10.3568
10.2167
10.0803
9.94772
9.81887
9.69384
9.57265
9.45532
9.34189
9.23237
9.1268
9.02518
8.92755
8.83392
8.74432
8.65876
8.57726
8.49984
8.42651
8.35729
8.29219
8.23123
8.17443
8.12178
8.0733
8.02901
7.98891
7.95301
7.92131
7.89383
7.87056
7.85152
7.83671
7.82612
7.81977
7.81766
