25
24.9682
24.9363
24.9045
24.8728
24.841
24.8093
24.7776
24.746
24.7145
24.683
24.6516
24.6203
24.5891
24.558
24.527
24.4962
24.4654
24.4348
24.4043
24.374
24.3439
24.3139
24.284
24.2544
24.2249
24.1957
24.1666
24.1378
24.1091
24.0807
24.0526
24.0246
23.9969
23.9695
23.9423
23.9154
23.8888
23.8624
23.8363
23.8105
23.7851
23.7599
23.735
23.7105
23.6863
23.6624
23.6388
23.6156
23.5927
23.5702
23.5481
23.5263
23.5049
23.4839
23.4632
23.4429
23.4231
23.4036
23.3845
23.3658
23.3476
23.3297
23.3123
23.2953
23.2788
23.2626
23.2469
23.2317
23.2169
23.2025
23.1886
23.1751
23.1622
23.1496
23.1376
23.126
23.1148
23.1042
23.094
23.0843
23.0751
23.0664
23.0582
23.0504
23.0431
23.0364
23.0301
23.0243
23.0191
23.0143
23.01
23.0062
23.0029
23.0002
22.9979
22.9961
22.9949
22.9941
22.9939
