25
24.7867
24.5734
24.3602
24.1471
23.9343
23.7218
23.5096
23.2978
23.0864
22.8754
22.6651
22.4553
22.2461
22.0377
21.83
21.6231
21.4171
21.212
21.0078
20.8047
20.6026
20.4017
20.2019
20.0033
19.806
19.61
19.4154
19.2221
19.0304
18.8402
18.6515
18.4644
18.279
18.0953
17.9133
17.7332
17.5548
17.3784
17.2039
17.0313
16.8608
16.6923
16.526
16.3617
16.1997
16.0399
15.8823
15.7271
15.5742
15.4236
15.2755
15.1299
14.9867
14.8461
14.708
14.5725
14.4396
14.3094
14.182
14.0572
13.9352
13.8159
13.6995
13.586
13.4753
13.3675
13.2627
13.1608
13.0618
12.9659
12.873
12.7832
12.6964
12.6128
12.5322
12.4548
12.3805
12.3094
12.2415
12.1768
12.1153
12.0571
12.0021
11.9503
11.9019
11.8567
11.8149
11.7763
11.7411
11.7092
11.6806
11.6554
11.6336
11.615
11.5999
11.5881
11.5797
11.5746
11.5729
