25
24.9158
24.8317
24.7476
24.6636
24.5796
24.4958
24.4121
24.3285
24.2451
24.1619
24.0789
23.9962
23.9137
23.8314
23.7495
23.6679
23.5866
23.5056
23.4251
23.3449
23.2652
23.1859
23.107
23.0286
22.9507
22.8734
22.7966
22.7203
22.6446
22.5695
22.495
22.4211
22.3479
22.2754
22.2035
22.1323
22.0619
21.9922
21.9233
21.8551
21.7877
21.7212
21.6554
21.5905
21.5265
21.4633
21.401
21.3397
21.2792
21.2197
21.1612
21.1036
21.047
20.9914
20.9367
20.8832
20.8306
20.7791
20.7287
20.6793
20.6311
20.5839
20.5378
20.4929
20.4491
20.4064
20.3649
20.3246
20.2854
20.2475
20.2107
20.1751
20.1408
20.1076
20.0758
20.0451
20.0157
19.9875
19.9606
19.935
19.9107
19.8876
19.8658
19.8453
19.8261
19.8082
19.7917
19.7764
19.7624
19.7498
19.7385
19.7285
19.7198
19.7125
19.7065
19.7018
19.6985
19.6965
19.6958
