25
24.9629
24.9259
24.8888
24.8518
24.8148
24.7779
24.741
24.7042
24.6674
24.6308
24.5942
24.5577
24.5214
24.4851
24.449
24.4131
24.3773
24.3416
24.3061
24.2708
24.2356
24.2007
24.166
24.1314
24.0971
24.063
24.0292
23.9956
23.9622
23.9291
23.8963
23.8638
23.8315
23.7995
23.7679
23.7365
23.7055
23.6748
23.6444
23.6144
23.5847
23.5554
23.5264
23.4978
23.4696
23.4418
23.4143
23.3873
23.3607
23.3344
23.3086
23.2833
23.2583
23.2338
23.2098
23.1862
23.163
23.1403
23.1181
23.0963
23.0751
23.0543
23.034
23.0142
22.9949
22.9761
22.9578
22.9401
22.9228
22.9061
22.8899
22.8742
22.8591
22.8445
22.8304
22.8169
22.804
22.7915
22.7797
22.7684
22.7577
22.7475
22.7379
22.7289
22.7204
22.7126
22.7052
22.6985
22.6924
22.6868
22.6818
22.6774
22.6736
22.6704
22.6677
22.6657
22.6642
22.6633
22.663
