25
24.8597
24.7194
24.5793
24.4392
24.2992
24.1595
24.0199
23.8806
23.7416
23.6029
23.4645
23.3266
23.189
23.0519
22.9153
22.7792
22.6437
22.5088
22.3745
22.2409
22.1079
21.9757
21.8443
21.7136
21.5838
21.4548
21.3267
21.1996
21.0734
20.9482
20.824
20.7009
20.5788
20.4579
20.3381
20.2195
20.102
19.9859
19.8709
19.7573
19.645
19.534
19.4245
19.3163
19.2095
19.1042
19.0004
18.8981
18.7974
18.6982
18.6006
18.5046
18.4102
18.3175
18.2265
18.1372
18.0496
17.9637
17.8797
17.7974
17.7169
17.6383
17.5615
17.4866
17.4136
17.3425
17.2733
17.2061
17.1408
17.0775
17.0162
16.9569
16.8997
16.8445
16.7913
16.7402
16.6912
16.6442
16.5994
16.5567
16.5161
16.4777
16.4414
16.4072
16.3752
16.3454
16.3178
16.2923
16.269
16.248
16.2291
16.2125
16.198
16.1858
16.1758
16.168
16.1624
16.1591
16.158
