25
24.9693
24.9386
24.908
24.8773
24.8467
24.8161
24.7856
24.7551
24.7247
24.6944
24.6641
24.6339
24.6039
24.5739
24.544
24.5142
24.4846
24.4551
24.4257
24.3965
24.3674
24.3385
24.3097
24.2811
24.2527
24.2245
24.1965
24.1687
24.1411
24.1137
24.0865
24.0596
24.0329
24.0064
23.9802
23.9543
23.9286
23.9032
23.878
23.8532
23.8286
23.8043
23.7804
23.7567
23.7333
23.7103
23.6876
23.6652
23.6432
23.6215
23.6001
23.5791
23.5585
23.5382
23.5183
23.4987
23.4796
23.4608
23.4424
23.4244
23.4068
23.3896
23.3728
23.3564
23.3405
23.3249
23.3098
23.2951
23.2808
23.2669
23.2535
23.2406
23.228
23.2159
23.2043
23.1931
23.1824
23.1721
23.1623
23.153
23.1441
23.1357
23.1278
23.1203
23.1133
23.1068
23.1007
23.0951
23.0901
23.0854
23.0813
23.0777
23.0745
23.0718
23.0697
23.068
23.0667
23.066
23.0658
