25
24.9492
24.8984
24.8476
24.7968
24.7462
24.6955
24.645
24.5945
24.5442
24.4939
24.4438
24.3938
24.344
24.2943
24.2449
24.1956
24.1465
24.0976
24.0489
24.0005
23.9524
23.9045
23.8569
23.8095
23.7625
23.7158
23.6694
23.6233
23.5776
23.5323
23.4873
23.4427
23.3985
23.3547
23.3113
23.2683
23.2258
23.1837
23.142
23.1009
23.0602
23.02
22.9803
22.9411
22.9024
22.8643
22.8267
22.7896
22.7531
22.7172
22.6818
22.6471
22.6129
22.5793
22.5463
22.514
22.4822
22.4511
22.4207
22.3909
22.3617
22.3332
22.3054
22.2783
22.2518
22.2261
22.201
22.1767
22.153
22.1301
22.1079
22.0864
22.0657
22.0456
22.0264
22.0079
21.9901
21.9731
21.9569
21.9414
21.9267
21.9128
21.8996
21.8872
21.8756
21.8648
21.8548
21.8456
21.8372
21.8295
21.8227
21.8167
21.8114
21.807
21.8034
21.8006
21.7986
21.7973
21.7969
