25
24.8164
24.6328
24.4493
24.266
24.0829
23.8999
23.7173
23.535
23.353
23.1715
22.9904
22.8099
22.6299
22.4504
22.2717
22.0936
21.9162
21.7397
21.5639
21.3891
21.2151
21.0421
20.8701
20.6991
20.5292
20.3604
20.1929
20.0265
19.8614
19.6975
19.5351
19.3739
19.2143
19.056
18.8993
18.7441
18.5905
18.4385
18.2881
18.1395
17.9926
17.8474
17.7041
17.5625
17.4229
17.2852
17.1494
17.0156
16.8838
16.754
16.6264
16.5008
16.3774
16.2561
16.1371
16.0203
15.9057
15.7935
15.6835
15.5759
15.4707
15.3679
15.2675
15.1695
15.0741
14.9811
14.8906
14.8027
14.7174
14.6346
14.5545
14.477
14.4021
14.3299
14.2604
14.1936
14.1295
14.0681
14.0095
13.9537
13.9006
13.8504
13.8029
13.7583
13.7164
13.6775
13.6413
13.6081
13.5776
13.5501
13.5254
13.5037
13.4848
13.4688
13.4557
13.4456
13.4383
13.4339
13.4325
