25
24.7902
24.5804
24.3708
24.1613
23.952
23.743
23.5343
23.326
23.1181
22.9107
22.7038
22.4975
22.2918
22.0868
21.8826
21.6791
21.4765
21.2748
21.074
20.8742
20.6755
20.4778
20.2814
20.0861
19.892
19.6992
19.5078
19.3178
19.1292
18.9421
18.7565
18.5726
18.3902
18.2095
18.0305
17.8533
17.6779
17.5044
17.3327
17.163
16.9953
16.8296
16.6659
16.5044
16.345
16.1878
16.0328
15.8801
15.7297
15.5816
15.4359
15.2926
15.1518
15.0135
14.8776
14.7444
14.6137
14.4856
14.3602
14.2374
14.1174
14.0001
13.8856
13.7739
13.665
13.5589
13.4558
13.3555
13.2582
13.1638
13.0724
12.984
12.8987
12.8164
12.7371
12.6609
12.5879
12.5179
12.4511
12.3874
12.3269
12.2696
12.2155
12.1646
12.117
12.0725
12.0313
11.9934
11.9587
11.9274
11.8993
11.8744
11.8529
11.8347
11.8198
11.8082
11.7999
11.7949
11.7933
