25
24.6006
24.2014
23.8025
23.4041
23.0063
22.6093
22.2134
21.8185
21.425
21.0329
20.6425
20.2537
19.8669
19.4822
19.0997
18.7195
18.3418
17.9667
17.5945
17.2251
16.8587
16.4956
16.1357
15.7792
15.4262
15.0769
14.7313
14.3895
14.0517
13.718
13.3884
13.063
12.7419
12.4252
12.113
11.8053
11.5023
11.2039
10.9102
10.6214
10.3374
10.0583
9.78411
9.51491
9.25074
8.99161
8.73756
8.48861
8.24479
8.00611
7.77259
7.54425
7.32108
7.1031
6.89031
6.68271
6.4803
6.28307
6.09101
5.90412
5.72239
5.54579
5.37432
5.20795
5.04667
4.89046
4.7393
4.59315
4.45201
4.31584
4.18462
4.05832
3.93692
3.82038
3.70869
3.60181
3.49972
3.40239
3.30979
3.2219
3.13869
3.06014
2.98622
2.91691
2.85218
2.79202
2.7364
2.6853
2.63871
2.59661
2.55899
2.52582
2.4971
2.47282
2.45297
2.43753
2.42651
2.4199
2.4177
