25
24.9218
24.8436
24.7654
24.6873
24.6092
24.5313
24.4535
24.3758
24.2983
24.2209
24.1438
24.0668
23.9901
23.9137
23.8375
23.7616
23.6861
23.6108
23.536
23.4614
23.3873
23.3136
23.2403
23.1674
23.095
23.0231
22.9517
22.8808
22.8104
22.7406
22.6713
22.6027
22.5346
22.4672
22.4004
22.3342
22.2687
22.204
22.1399
22.0765
22.0139
21.952
21.8909
21.8306
21.771
21.7123
21.6544
21.5974
21.5412
21.4859
21.4314
21.3779
21.3253
21.2736
21.2228
21.173
21.1242
21.0763
21.0294
20.9835
20.9386
20.8948
20.852
20.8102
20.7695
20.7298
20.6913
20.6538
20.6174
20.5821
20.5479
20.5148
20.4829
20.4521
20.4224
20.3939
20.3666
20.3404
20.3154
20.2916
20.269
20.2475
20.2273
20.2082
20.1904
20.1738
20.1583
20.1441
20.1312
20.1194
20.1089
20.0996
20.0916
20.0847
20.0792
20.0748
20.0717
20.0699
20.0692
