25
24.4166
23.8338
23.252
22.6717
22.0934
21.5176
20.9448
20.3755
19.8101
19.2491
18.693
18.1422
17.5971
17.0581
16.5257
16.0001
15.4817
14.971
14.4681
13.9735
13.4874
13.01
12.5417
12.0826
11.6329
11.1928
10.7625
10.3421
9.93178
9.53158
9.14161
8.76191
8.39254
8.03352
7.68484
7.3465
7.01846
6.70068
6.3931
6.09563
5.80818
5.53065
5.26291
5.00484
4.75629
4.5171
4.28712
4.06618
3.85408
3.65065
3.45569
3.269
3.09037
2.91961
2.75649
2.6008
2.45233
2.31086
2.17617
2.04804
1.92625
1.81059
1.70084
1.59679
1.49823
1.40496
1.31676
1.23344
1.1548
1.08065
1.01081
0.945087
0.883314
0.825318
0.770934
0.720001
0.672368
0.627888
0.586418
0.547826
0.511982
0.478766
0.448061
0.419761
0.393762
0.369969
0.348294
0.328655
0.310975
0.295187
0.281227
0.269041
0.258579
0.249798
0.242662
0.237143
0.233217
0.230868
0.230086
