25
24.6905
24.3811
24.0718
23.7629
23.4542
23.1461
22.8384
22.5314
22.2251
21.9196
21.615
21.3113
21.0087
20.7072
20.407
20.1081
19.8105
19.5145
19.22
18.9271
18.636
18.3466
18.0592
17.7737
17.4902
17.2088
16.9297
16.6527
16.3782
16.106
15.8362
15.5691
15.3045
15.0426
14.7834
14.5271
14.2736
14.0231
13.7755
13.531
13.2896
13.0514
12.8164
12.5846
12.3562
12.1312
11.9096
11.6915
11.4769
11.2659
11.0585
10.8548
10.6548
10.4585
10.266
10.0774
9.89257
9.71167
9.53471
9.36172
9.19273
9.02778
8.86689
8.7101
8.55743
8.40891
8.26457
8.12443
7.98851
7.85684
7.72945
7.60635
7.48755
7.3731
7.26299
7.15725
7.05589
6.95893
6.86639
6.77828
6.69461
6.61539
6.54064
6.47037
6.40458
6.34329
6.28651
6.23424
6.18649
6.14327
6.10458
6.07043
6.04083
6.01577
5.99527
5.97931
5.96792
5.96108
5.9588
