25
24.5984
24.197
23.796
23.3954
22.9955
22.5965
22.1984
21.8015
21.4058
21.0117
20.6192
20.2285
19.8397
19.453
19.0686
18.6865
18.307
17.9302
17.5561
17.185
16.817
16.4522
16.0907
15.7327
15.3782
15.0275
14.6805
14.3374
13.9983
13.6633
13.3325
13.006
12.6839
12.3662
12.053
11.7444
11.4405
11.1413
10.847
10.5574
10.2728
9.99307
9.71836
9.44868
9.18407
8.92456
8.67017
8.42093
8.17686
7.93798
7.70431
7.47584
7.2526
7.03458
6.82179
6.61422
6.41187
6.21474
6.02281
5.83608
5.65452
5.47813
5.30689
5.14078
4.97977
4.82384
4.67298
4.52715
4.38634
4.25051
4.11963
3.99368
3.87264
3.75646
3.64513
3.53861
3.43687
3.3399
3.24765
3.1601
3.07722
2.99899
2.92538
2.85637
2.79193
2.73204
2.67667
2.62582
2.57945
2.53755
2.50011
2.4671
2.43853
2.41437
2.39461
2.37926
2.36829
2.36172
2.35953
