25
23.8444
22.6929
21.5497
20.4187
19.3038
18.2087
17.1368
16.0913
15.0751
14.0909
13.1407
12.2267
11.3503
10.5128
9.715
8.95756
8.2407
7.56437
6.92823
6.33172
5.77404
5.25419
4.771
4.32316
3.90924
3.52771
3.17699
2.85542
2.56136
2.29312
2.04905
1.8275
1.62689
1.44564
1.28228
1.13537
1.00353
0.885479
0.779998
0.68594
0.60224
0.527904
0.462013
0.403718
0.35224
0.306864
0.26694
0.231873
0.201125
0.17421
0.150689
0.130168
0.112291
0.0967426
0.0832399
0.0715313
0.0613932
0.0526276
0.0450593
0.0385338
0.0329151
0.0280836
0.0239343
0.0203756
0.0173272
0.0147191
0.0124905
0.0105884
0.00896679
0.00758597
0.0064115
0.00541363
0.00456674
0.00384876
0.0032407
0.00272627
0.00229151
0.00192446
0.00161488
0.00135404
0.0011345
0.000949922
0.000794904
0.000664869
0.000555934
0.000464812
0.000388724
0.000325329
0.000272656
0.000229054
0.000193143
0.00016378
0.000140021
0.000121098
0.000106396
9.54339e-05
8.78522e-05
8.3401e-05
8.19335e-05
