25
23.9349
22.873
21.8175
20.7715
19.7381
18.7201
17.7203
16.7413
15.7855
14.8551
13.9521
13.0781
12.2347
11.4232
10.6445
9.89933
9.18831
8.5117
7.86957
7.2618
6.68806
6.14787
5.64056
5.16535
4.72133
4.30746
3.92264
3.56569
3.23537
2.9304
2.64949
2.39132
2.15457
1.93794
1.74015
1.55994
1.39608
1.2474
1.11277
0.991087
0.881332
0.78252
0.693728
0.614086
0.542782
0.479055
0.422201
0.371565
0.326544
0.286581
0.251167
0.219833
0.192154
0.16774
0.146241
0.127335
0.110735
0.0961809
0.0834383
0.0722974
0.0625704
0.0540893
0.0467043
0.0402822
0.0347046
0.0298666
0.0256754
0.0220489
0.0189149
0.0162096
0.0138772
0.0118685
0.0101407
0.00865605
0.0073818
0.00628933
0.00535372
0.00455334
0.00386937
0.00328553
0.00278773
0.00236379
0.00200318
0.00169686
0.00143705
0.00121704
0.00103113
0.000874417
0.000742732
0.00063254
0.00054085
0.000465154
0.000403363
0.000353759
0.000314954
0.000285857
0.000265644
0.000253741
0.000249811
