25
24.9705
24.941
24.9116
24.8821
24.8527
24.8233
24.794
24.7647
24.7355
24.7063
24.6772
24.6482
24.6193
24.5905
24.5618
24.5332
24.5047
24.4763
24.4481
24.42
24.3921
24.3643
24.3366
24.3092
24.2819
24.2548
24.2279
24.2011
24.1746
24.1483
24.1222
24.0963
24.0706
24.0452
24.02
23.9951
23.9704
23.946
23.9218
23.8979
23.8743
23.851
23.828
23.8052
23.7828
23.7607
23.7388
23.7173
23.6961
23.6753
23.6548
23.6346
23.6148
23.5953
23.5761
23.5574
23.5389
23.5209
23.5032
23.4859
23.469
23.4525
23.4363
23.4206
23.4052
23.3903
23.3757
23.3616
23.3479
23.3346
23.3217
23.3092
23.2972
23.2856
23.2744
23.2637
23.2534
23.2435
23.2341
23.2251
23.2166
23.2085
23.2008
23.1937
23.1869
23.1807
23.1749
23.1695
23.1646
23.1602
23.1562
23.1527
23.1497
23.1471
23.145
23.1434
23.1422
23.1415
23.1413
