25
24.9687
24.9374
24.9061
24.8749
24.8436
24.8124
24.7813
24.7502
24.7192
24.6882
24.6574
24.6266
24.5959
24.5653
24.5348
24.5045
24.4742
24.4441
24.4141
24.3843
24.3547
24.3251
24.2958
24.2667
24.2377
24.2089
24.1803
24.152
24.1238
24.0959
24.0681
24.0407
24.0134
23.9864
23.9597
23.9332
23.907
23.8811
23.8555
23.8301
23.805
23.7803
23.7558
23.7317
23.7079
23.6844
23.6612
23.6384
23.6159
23.5938
23.572
23.5506
23.5295
23.5088
23.4885
23.4686
23.449
23.4299
23.4111
23.3927
23.3748
23.3572
23.3401
23.3234
23.3071
23.2912
23.2758
23.2608
23.2462
23.2321
23.2184
23.2052
23.1924
23.1801
23.1682
23.1568
23.1459
23.1354
23.1254
23.1158
23.1068
23.0982
23.0901
23.0825
23.0753
23.0687
23.0625
23.0568
23.0516
23.0469
23.0427
23.039
23.0358
23.0331
23.0308
23.0291
23.0279
23.0271
23.0269
