25
24.9251
24.8502
24.7753
24.7005
24.6257
24.5511
24.4766
24.4022
24.3279
24.2538
24.1799
24.1062
24.0328
23.9596
23.8866
23.8139
23.7416
23.6695
23.5978
23.5264
23.4554
23.3848
23.3146
23.2448
23.1755
23.1066
23.0382
22.9703
22.9029
22.836
22.7697
22.7039
22.6387
22.5741
22.5101
22.4468
22.3841
22.322
22.2606
22.1999
22.14
22.0807
22.0222
21.9644
21.9074
21.8511
21.7957
21.741
21.6872
21.6342
21.5821
21.5308
21.4804
21.4309
21.3823
21.3346
21.2878
21.2419
21.197
21.1531
21.1101
21.0681
21.0271
20.9871
20.9481
20.9101
20.8732
20.8373
20.8024
20.7686
20.7359
20.7042
20.6736
20.6441
20.6157
20.5884
20.5622
20.5372
20.5132
20.4904
20.4687
20.4482
20.4288
20.4105
20.3935
20.3775
20.3628
20.3492
20.3367
20.3255
20.3154
20.3065
20.2988
20.2923
20.2869
20.2828
20.2798
20.278
20.2774
