25
24.7687
24.5375
24.3065
24.0756
23.8449
23.6145
23.3845
23.1549
22.9258
22.6972
22.4691
22.2418
22.0151
21.7892
21.5642
21.34
21.1167
20.8944
20.6732
20.4531
20.2341
20.0164
19.7999
19.5848
19.371
19.1587
18.9479
18.7386
18.5309
18.3249
18.1205
17.9179
17.7171
17.5182
17.3212
17.1261
16.933
16.742
16.5531
16.3663
16.1817
15.9994
15.8193
15.6416
15.4662
15.2933
15.1228
14.9548
14.7894
14.6265
14.4663
14.3087
14.1539
14.0018
13.8524
13.7059
13.5622
13.4215
13.2836
13.1487
13.0168
12.8879
12.7621
12.6393
12.5197
12.4032
12.2899
12.1798
12.0729
11.9692
11.8688
11.7718
11.678
11.5876
11.5006
11.4169
11.3367
11.2599
11.1866
11.1167
11.0503
10.9874
10.928
10.8721
10.8198
10.771
10.7258
10.6842
10.6461
10.6117
10.5809
10.5536
10.53
10.51
10.4937
10.4809
10.4718
10.4664
10.4646
