25
24.9692
24.9384
24.9077
24.8769
24.8462
24.8155
24.7849
24.7543
24.7238
24.6934
24.663
24.6327
24.6025
24.5725
24.5425
24.5126
24.4829
24.4533
24.4238
24.3944
24.3653
24.3363
24.3074
24.2787
24.2502
24.2219
24.1938
24.1659
24.1382
24.1107
24.0835
24.0565
24.0297
24.0031
23.9768
23.9508
23.925
23.8995
23.8743
23.8494
23.8247
23.8004
23.7763
23.7526
23.7291
23.706
23.6832
23.6608
23.6387
23.6169
23.5955
23.5744
23.5537
23.5333
23.5134
23.4938
23.4745
23.4557
23.4372
23.4192
23.4015
23.3843
23.3674
23.351
23.3349
23.3193
23.3041
23.2894
23.2751
23.2612
23.2477
23.2347
23.2221
23.21
23.1983
23.1871
23.1764
23.1661
23.1562
23.1469
23.1379
23.1295
23.1215
23.114
23.107
23.1005
23.0944
23.0888
23.0837
23.0791
23.0749
23.0713
23.0681
23.0654
23.0632
23.0615
23.0603
23.0596
23.0593
