25
24.8913
24.7827
24.6741
24.5656
24.4573
24.349
24.2409
24.133
24.0254
23.9179
23.8108
23.7039
23.5974
23.4912
23.3854
23.28
23.1751
23.0706
22.9666
22.8631
22.7601
22.6577
22.5559
22.4547
22.3541
22.2543
22.1551
22.0566
21.9588
21.8619
21.7657
21.6703
21.5758
21.4821
21.3893
21.2975
21.2065
21.1165
21.0275
20.9395
20.8525
20.7666
20.6817
20.5979
20.5152
20.4337
20.3533
20.2741
20.196
20.1192
20.0436
19.9692
19.8961
19.8243
19.7538
19.6846
19.6168
19.5503
19.4852
19.4215
19.3591
19.2982
19.2388
19.1807
19.1242
19.0691
19.0155
18.9635
18.9129
18.8639
18.8164
18.7705
18.7261
18.6834
18.6422
18.6026
18.5646
18.5283
18.4936
18.4605
18.429
18.3992
18.3711
18.3447
18.3199
18.2968
18.2754
18.2557
18.2376
18.2213
18.2067
18.1938
18.1826
18.1732
18.1654
18.1594
18.1551
18.1525
18.1516
