25
24.9464
24.8928
24.8393
24.7858
24.7323
24.6789
24.6256
24.5724
24.5193
24.4663
24.4135
24.3608
24.3082
24.2559
24.2037
24.1517
24.0999
24.0484
23.9971
23.946
23.8953
23.8448
23.7945
23.7446
23.695
23.6458
23.5968
23.5483
23.5001
23.4522
23.4048
23.3578
23.3111
23.2649
23.2192
23.1739
23.129
23.0846
23.0407
22.9973
22.9544
22.912
22.8702
22.8288
22.7881
22.7478
22.7082
22.6691
22.6306
22.5927
22.5554
22.5188
22.4827
22.4473
22.4125
22.3784
22.3449
22.3121
22.28
22.2486
22.2179
22.1878
22.1585
22.1299
22.102
22.0748
22.0484
22.0227
21.9978
21.9736
21.9502
21.9275
21.9056
21.8845
21.8642
21.8447
21.826
21.8081
21.7909
21.7746
21.7591
21.7444
21.7305
21.7175
21.7053
21.6939
21.6833
21.6736
21.6647
21.6567
21.6495
21.6431
21.6376
21.6329
21.6291
21.6261
21.624
21.6227
21.6223
