25
24.9757
24.9514
24.927
24.9028
24.8785
24.8542
24.8301
24.8059
24.7818
24.7577
24.7337
24.7098
24.686
24.6622
24.6385
24.6149
24.5914
24.568
24.5447
24.5216
24.4985
24.4756
24.4528
24.4301
24.4076
24.3852
24.363
24.341
24.3191
24.2974
24.2759
24.2545
24.2333
24.2124
24.1916
24.171
24.1507
24.1305
24.1106
24.0909
24.0714
24.0522
24.0332
24.0144
23.9959
23.9776
23.9596
23.9419
23.9244
23.9072
23.8903
23.8736
23.8573
23.8412
23.8254
23.8099
23.7947
23.7799
23.7653
23.751
23.737
23.7234
23.7101
23.6971
23.6844
23.6721
23.6601
23.6485
23.6371
23.6262
23.6155
23.6053
23.5953
23.5857
23.5765
23.5677
23.5592
23.551
23.5432
23.5358
23.5288
23.5221
23.5158
23.5099
23.5044
23.4992
23.4944
23.49
23.486
23.4823
23.479
23.4761
23.4736
23.4715
23.4698
23.4684
23.4675
23.4669
23.4667
