25
24.1585
23.3186
22.4818
21.6496
20.8235
20.005
19.1955
18.3963
17.6088
16.8342
16.0738
15.3285
14.5994
13.8874
13.1935
12.5183
11.8625
11.2267
10.6114
10.0169
9.44355
8.89159
8.36111
7.85216
7.36471
6.89863
6.45375
6.02982
5.62652
5.24349
4.8803
4.5365
4.21157
3.90497
3.61614
3.34447
3.08934
2.85013
2.62619
2.41686
2.22149
2.03942
1.87001
1.7126
1.56655
1.43126
1.3061
1.19048
1.08383
0.985588
0.895217
0.8122
0.736043
0.666275
0.602443
0.544121
0.490902
0.442404
0.398264
0.358141
0.321716
0.28869
0.258782
0.231731
0.207293
0.185243
0.165371
0.147484
0.131401
0.116958
0.104002
0.0923939
0.0820053
0.0727187
0.0644269
0.0570319
0.0504447
0.044584
0.0393764
0.034755
0.0306596
0.0270358
0.0238344
0.0210115
0.0185274
0.0163469
0.0144385
0.0127741
0.0113292
0.0100818
0.00901297
0.0081063
0.00734765
0.00672508
0.00622876
0.00585076
0.00558503
0.00542728
0.00537498
