25
24.979
24.9581
24.9372
24.9162
24.8953
24.8745
24.8536
24.8328
24.8121
24.7913
24.7707
24.7501
24.7295
24.7091
24.6887
24.6683
24.6481
24.6279
24.6079
24.5879
24.5681
24.5483
24.5287
24.5092
24.4898
24.4705
24.4514
24.4324
24.4136
24.3949
24.3763
24.3579
24.3397
24.3216
24.3037
24.286
24.2685
24.2511
24.234
24.217
24.2002
24.1836
24.1673
24.1511
24.1352
24.1195
24.1039
24.0887
24.0736
24.0588
24.0442
24.0299
24.0158
24.0019
23.9883
23.975
23.9619
23.9491
23.9365
23.9243
23.9122
23.9005
23.889
23.8778
23.8669
23.8563
23.846
23.8359
23.8262
23.8167
23.8076
23.7987
23.7902
23.7819
23.774
23.7663
23.759
23.752
23.7453
23.7389
23.7329
23.7271
23.7217
23.7166
23.7118
23.7074
23.7032
23.6994
23.696
23.6928
23.69
23.6875
23.6854
23.6835
23.682
23.6809
23.68
23.6795
23.6794
