25
24.116
23.2338
22.3551
21.4819
20.6157
19.7584
18.9114
18.0765
17.255
16.4485
15.6582
14.8853
14.131
13.3963
12.6821
11.9892
11.3183
10.6699
10.0445
9.44248
8.86405
8.30934
7.7784
7.27116
6.78746
6.32707
5.88967
5.47487
5.08222
4.7112
4.36124
4.03173
3.72202
3.43143
3.15924
2.90472
2.66713
2.4457
2.23969
2.04834
1.87088
1.70658
1.5547
1.41452
1.28534
1.16649
1.0573
0.957142
0.865402
0.781498
0.704873
0.634997
0.571365
0.513502
0.460958
0.41331
0.370161
0.331138
0.295894
0.264106
0.235471
0.20971
0.186564
0.165795
0.14718
0.130518
0.115621
0.102319
0.0904553
0.0798866
0.0704828
0.0621252
0.0547062
0.0481278
0.0423017
0.0371478
0.0325939
0.0285749
0.0250324
0.0219138
0.019172
0.016765
0.0146551
0.0128088
0.0111963
0.00979125
0.00857024
0.00751271
0.00660058
0.00581808
0.00515153
0.00458913
0.00412083
0.00373819
0.00343426
0.00320349
0.00304163
0.0029457
0.00291392
