25
24.9433
24.8866
24.83
24.7733
24.7168
24.6603
24.6039
24.5476
24.4914
24.4353
24.3794
24.3237
24.2681
24.2127
24.1575
24.1025
24.0477
23.9932
23.9389
23.8849
23.8311
23.7777
23.7246
23.6718
23.6193
23.5672
23.5154
23.464
23.413
23.3624
23.3122
23.2625
23.2131
23.1643
23.1158
23.0679
23.0204
22.9735
22.927
22.8811
22.8357
22.7909
22.7466
22.7028
22.6597
22.6171
22.5752
22.5338
22.4931
22.453
22.4136
22.3748
22.3366
22.2991
22.2624
22.2263
22.1909
22.1562
22.1222
22.0889
22.0564
22.0246
21.9936
21.9633
21.9338
21.9051
21.8771
21.8499
21.8235
21.798
21.7732
21.7492
21.7261
21.7037
21.6823
21.6616
21.6418
21.6228
21.6047
21.5874
21.571
21.5555
21.5408
21.527
21.5141
21.502
21.4908
21.4806
21.4712
21.4626
21.455
21.4483
21.4424
21.4375
21.4335
21.4303
21.4281
21.4267
21.4263
