25
24.8976
24.7953
24.693
24.5908
24.4887
24.3868
24.2849
24.1833
24.0819
23.9807
23.8797
23.7791
23.6787
23.5787
23.479
23.3798
23.2809
23.1825
23.0845
22.987
22.89
22.7935
22.6976
22.6023
22.5076
22.4135
22.32
22.2273
22.1352
22.0438
21.9532
21.8634
21.7743
21.6861
21.5987
21.5122
21.4265
21.3417
21.2579
21.175
21.093
21.0121
20.9321
20.8532
20.7753
20.6985
20.6227
20.5481
20.4746
20.4022
20.331
20.2609
20.1921
20.1244
20.058
19.9928
19.9289
19.8663
19.805
19.7449
19.6862
19.6288
19.5728
19.5182
19.4649
19.413
19.3625
19.3135
19.2659
19.2197
19.1749
19.1317
19.0899
19.0496
19.0108
18.9735
18.9378
18.9035
18.8708
18.8396
18.81
18.782
18.7555
18.7306
18.7072
18.6855
18.6653
18.6467
18.6297
18.6144
18.6006
18.5885
18.5779
18.569
18.5617
18.556
18.5519
18.5495
18.5487
