25
24.9635
24.9271
24.8906
24.8542
24.8178
24.7815
24.7452
24.709
24.6729
24.6368
24.6009
24.565
24.5292
24.4936
24.4581
24.4227
24.3875
24.3524
24.3175
24.2828
24.2482
24.2139
24.1797
24.1457
24.112
24.0784
24.0452
24.0121
23.9793
23.9468
23.9145
23.8825
23.8507
23.8193
23.7882
23.7573
23.7268
23.6966
23.6667
23.6372
23.608
23.5791
23.5507
23.5225
23.4948
23.4674
23.4404
23.4138
23.3876
23.3619
23.3365
23.3115
23.287
23.2629
23.2392
23.216
23.1932
23.1709
23.1491
23.1277
23.1068
23.0863
23.0664
23.0469
23.0279
23.0094
22.9914
22.974
22.957
22.9405
22.9246
22.9092
22.8943
22.8799
22.8661
22.8528
22.8401
22.8279
22.8162
22.8051
22.7946
22.7846
22.7751
22.7663
22.7579
22.7502
22.743
22.7364
22.7303
22.7249
22.72
22.7156
22.7119
22.7087
22.7061
22.7041
22.7026
22.7018
22.7015
