25
24.9136
24.8272
24.7408
24.6545
24.5683
24.4822
24.3963
24.3105
24.2248
24.1394
24.0542
23.9692
23.8844
23.8
23.7158
23.632
23.5485
23.4654
23.3827
23.3004
23.2185
23.1371
23.0561
22.9756
22.8956
22.8162
22.7373
22.659
22.5812
22.5041
22.4276
22.3517
22.2766
22.2021
22.1283
22.0552
21.9829
21.9113
21.8405
21.7705
21.7013
21.633
21.5654
21.4988
21.433
21.3682
21.3042
21.2412
21.1791
21.118
21.0579
20.9988
20.9406
20.8835
20.8274
20.7724
20.7185
20.6656
20.6138
20.5631
20.5135
20.4651
20.4178
20.3716
20.3267
20.2829
20.2402
20.1988
20.1586
20.1196
20.0819
20.0453
20.0101
19.976
19.9433
19.9118
19.8816
19.8527
19.8251
19.7987
19.7737
19.7501
19.7277
19.7066
19.6869
19.6686
19.6515
19.6359
19.6215
19.6085
19.5969
19.5867
19.5778
19.5702
19.5641
19.5593
19.5558
19.5538
19.5531
