25
24.8516
24.7032
24.5548
24.4066
24.2585
24.1107
23.963
23.8156
23.6685
23.5218
23.3754
23.2294
23.0839
22.9388
22.7943
22.6503
22.5069
22.3642
22.2221
22.0807
21.94
21.8001
21.6611
21.5228
21.3854
21.249
21.1135
20.979
20.8454
20.713
20.5816
20.4513
20.3222
20.1942
20.0675
19.942
19.8177
19.6948
19.5732
19.453
19.3342
19.2168
19.1008
18.9864
18.8734
18.762
18.6522
18.544
18.4374
18.3324
18.2291
18.1276
18.0277
17.9296
17.8333
17.7388
17.6462
17.5554
17.4664
17.3794
17.2942
17.211
17.1298
17.0506
16.9733
16.8981
16.8249
16.7538
16.6847
16.6178
16.5529
16.4902
16.4296
16.3712
16.3149
16.2609
16.209
16.1594
16.1119
16.0668
16.0238
15.9831
15.9447
15.9086
15.8747
15.8432
15.814
15.787
15.7624
15.7401
15.7202
15.7026
15.6873
15.6743
15.6638
15.6555
15.6496
15.6461
15.6449
