25
24.4779
23.9562
23.4352
22.9153
22.3968
21.8801
21.3656
20.8535
20.3443
19.8383
19.3358
18.8371
18.3425
17.8524
17.367
16.8866
16.4116
15.9421
15.4784
15.0208
14.5695
14.1247
13.6866
13.2555
12.8314
12.4147
12.0054
11.6036
11.2096
10.8233
10.445
10.0747
9.71254
9.35851
9.0127
8.67513
8.34585
8.02487
7.71218
7.40779
7.11168
6.82382
6.54416
6.27267
6.00927
5.75392
5.50652
5.267
5.03526
4.81121
4.59474
4.38574
4.18409
3.98967
3.80235
3.622
3.44849
3.28168
3.12143
2.96758
2.82001
2.67855
2.54307
2.41341
2.28943
2.17097
2.05788
1.95003
1.84726
1.74943
1.6564
1.56802
1.48416
1.40469
1.32946
1.25836
1.19126
1.12803
1.06857
1.01275
0.960471
0.911627
0.866118
0.823852
0.784739
0.748695
0.715641
0.685505
0.658219
0.63372
0.611952
0.592866
0.576415
0.562562
0.551272
0.542519
0.536282
0.532546
0.531302
