25
24.9414
24.8828
24.8242
24.7657
24.7072
24.6488
24.5905
24.5323
24.4742
24.4163
24.3585
24.3008
24.2434
24.1861
24.129
24.0722
24.0156
23.9592
23.9031
23.8472
23.7917
23.7365
23.6815
23.627
23.5727
23.5188
23.4653
23.4122
23.3595
23.3072
23.2553
23.2038
23.1528
23.1023
23.0523
23.0027
22.9536
22.9051
22.8571
22.8096
22.7627
22.7163
22.6705
22.6253
22.5807
22.5367
22.4934
22.4506
22.4085
22.3671
22.3263
22.2862
22.2468
22.208
22.17
22.1327
22.0961
22.0602
22.0251
21.9907
21.9571
21.9242
21.8921
21.8608
21.8303
21.8006
21.7717
21.7436
21.7164
21.6899
21.6643
21.6395
21.6156
21.5925
21.5703
21.549
21.5285
21.5089
21.4901
21.4723
21.4553
21.4393
21.4241
21.4098
21.3965
21.384
21.3724
21.3618
21.3521
21.3433
21.3354
21.3284
21.3224
21.3173
21.3131
21.3099
21.3075
21.3061
21.3057
