25
24.6917
24.3834
24.0753
23.7675
23.4601
23.1531
22.8466
22.5407
22.2355
21.9312
21.6277
21.3251
21.0237
20.7233
20.4242
20.1263
19.8299
19.5349
19.2415
18.9497
18.6596
18.3713
18.0848
17.8004
17.5179
17.2375
16.9593
16.6833
16.4097
16.1384
15.8696
15.6033
15.3396
15.0786
14.8203
14.5648
14.3121
14.0624
13.8156
13.5718
13.3312
13.0937
12.8594
12.6284
12.4007
12.1763
11.9554
11.7379
11.5239
11.3135
11.1067
10.9035
10.704
10.5083
10.3163
10.1282
9.94386
9.76343
9.58692
9.41437
9.2458
9.08126
8.92076
8.76435
8.61204
8.46387
8.31986
8.18004
8.04444
7.91307
7.78595
7.66312
7.54459
7.43038
7.3205
7.21498
7.11384
7.01708
6.92472
6.83679
6.75329
6.67423
6.59962
6.52949
6.46383
6.40266
6.34598
6.29381
6.24615
6.20301
6.1644
6.13031
6.10076
6.07575
6.05528
6.03936
6.02798
6.02116
6.01888
