25
24.9384
24.8768
24.8152
24.7537
24.6923
24.6309
24.5696
24.5085
24.4474
24.3865
24.3257
24.2652
24.2048
24.1446
24.0846
24.0248
23.9653
23.9061
23.8471
23.7884
23.73
23.672
23.6143
23.5569
23.4999
23.4432
23.387
23.3312
23.2758
23.2208
23.1662
23.1122
23.0586
23.0055
22.9529
22.9008
22.8492
22.7982
22.7477
22.6978
22.6485
22.5998
22.5517
22.5041
22.4573
22.411
22.3654
22.3205
22.2763
22.2327
22.1898
22.1477
22.1062
22.0655
22.0256
21.9863
21.9479
21.9102
21.8732
21.8371
21.8018
21.7672
21.7335
21.7006
21.6686
21.6373
21.607
21.5774
21.5488
21.521
21.4941
21.468
21.4429
21.4186
21.3953
21.3728
21.3513
21.3307
21.311
21.2922
21.2744
21.2575
21.2416
21.2266
21.2125
21.1994
21.1873
21.1761
21.1659
21.1567
21.1484
21.1411
21.1347
21.1294
21.125
21.1215
21.1191
21.1176
21.1171
