25
22.4433
19.9464
17.5615
15.3284
13.2735
11.4112
9.74563
8.27323
6.98478
5.86739
4.90606
4.08487
3.38785
2.79965
2.30584
1.89324
1.55
1.26557
1.03074
0.837514
0.67901
0.549364
0.443607
0.357551
0.287689
0.231099
0.185352
0.148443
0.118717
0.0948177
0.0756341
0.0602592
0.0479546
0.0381208
0.0302718
0.0240148
0.0190328
0.0150705
0.0119226
0.00942424
0.00744334
0.00587422
0.00463239
0.00365045
0.00287465
0.0022622
0.00177908
0.00139825
0.00109829
0.000862166
0.000676426
0.000530411
0.000415695
0.000325622
0.000254939
0.000199504
0.000156049
0.000122005
9.53453e-05
7.44794e-05
5.81558e-05
4.53915e-05
3.54149e-05
2.76204e-05
2.15335e-05
1.67819e-05
1.30742e-05
1.01821e-05
7.92716e-06
6.16957e-06
4.80015e-06
3.73353e-06
2.90304e-06
2.25662e-06
1.75364e-06
1.36238e-06
1.05813e-06
8.21607e-07
6.3779e-07
4.94976e-07
3.8405e-07
2.97917e-07
2.31056e-07
1.79172e-07
1.38923e-07
1.07712e-07
8.35232e-08
6.47885e-08
5.02922e-08
3.9092e-08
3.04583e-08
2.38278e-08
1.87672e-08
1.49453e-08
1.21116e-08
1.00802e-08
8.71768e-09
7.93443e-09
7.67895e-09
