25
24.5081
24.0166
23.5256
23.0356
22.5467
22.0594
21.5738
21.0904
20.6093
20.1309
19.6554
19.1831
18.7143
18.2492
17.7881
17.3313
16.8789
16.4313
15.9885
15.5509
15.1187
14.692
14.271
13.856
13.447
13.0443
12.6479
12.2581
11.8749
11.4984
11.1289
10.7663
10.4108
10.0624
9.72117
9.38721
9.06056
8.74124
8.42928
8.1247
7.82751
7.5377
7.25527
6.98021
6.71247
6.45204
6.19886
5.9529
5.71409
5.48238
5.2577
5.03997
4.82911
4.62505
4.42769
4.23694
4.0527
3.87487
3.70336
3.53804
3.37882
3.22558
3.07821
2.93659
2.80061
2.67016
2.54512
2.42537
2.31079
2.20127
2.0967
1.99696
1.90193
1.81152
1.72561
1.6441
1.56688
1.49385
1.42491
1.35997
1.29894
1.24173
1.18826
1.13845
1.09221
1.04949
1.0102
0.974297
0.941713
0.912396
0.886298
0.863374
0.843586
0.826899
0.813286
0.802723
0.795191
0.790677
0.789173
