25
24.9585
24.917
24.8755
24.8341
24.7927
24.7513
24.71
24.6688
24.6277
24.5867
24.5457
24.5049
24.4642
24.4236
24.3832
24.343
24.3029
24.263
24.2232
24.1837
24.1444
24.1052
24.0663
24.0277
23.9893
23.9511
23.9132
23.8756
23.8383
23.8012
23.7645
23.7281
23.6919
23.6562
23.6207
23.5856
23.5509
23.5165
23.4825
23.4489
23.4157
23.3828
23.3504
23.3184
23.2868
23.2557
23.2249
23.1947
23.1649
23.1355
23.1066
23.0782
23.0503
23.0229
22.9959
22.9695
22.9436
22.9182
22.8933
22.869
22.8452
22.8219
22.7992
22.777
22.7554
22.7344
22.7139
22.694
22.6747
22.656
22.6379
22.6203
22.6034
22.587
22.5713
22.5562
22.5417
22.5278
22.5145
22.5019
22.4899
22.4785
22.4677
22.4576
22.4482
22.4394
22.4312
22.4236
22.4168
22.4105
22.4049
22.4
22.3957
22.3921
22.3892
22.3869
22.3852
22.3842
22.3839
