25
24.7349
24.4699
24.205
23.9403
23.6759
23.4119
23.1482
22.8851
22.6225
22.3605
22.0993
21.8387
21.5791
21.3203
21.0625
20.8057
20.5501
20.2956
20.0423
19.7903
19.5397
19.2905
19.0429
18.7967
18.5522
18.3094
18.0684
17.8291
17.5917
17.3563
17.1228
16.8914
16.6621
16.4349
16.21
15.9873
15.767
15.5491
15.3336
15.1206
14.9102
14.7024
14.4972
14.2947
14.095
13.8981
13.704
13.5128
13.3246
13.1393
12.9571
12.778
12.602
12.4291
12.2594
12.093
11.9298
11.77
11.6135
11.4605
11.3108
11.1646
11.0219
10.8827
10.7471
10.6151
10.4867
10.362
10.2409
10.1236
10.0099
9.90005
9.79397
9.69169
9.59323
9.49863
9.4079
9.32107
9.23814
9.15915
9.0841
9.01301
8.94591
8.88279
8.82369
8.76861
8.71755
8.67054
8.62759
8.5887
8.55388
8.52313
8.49648
8.47391
8.45544
8.44107
8.43081
8.42465
8.42259
