25
24.8788
24.7576
24.6364
24.5154
24.3944
24.2737
24.1531
24.0327
23.9126
23.7927
23.6731
23.5539
23.4351
23.3166
23.1986
23.081
22.9639
22.8473
22.7312
22.6157
22.5009
22.3866
22.273
22.1601
22.0479
21.9365
21.8258
21.7159
21.6069
21.4987
21.3914
21.285
21.1795
21.075
20.9715
20.869
20.7675
20.6671
20.5678
20.4696
20.3725
20.2767
20.182
20.0885
19.9962
19.9052
19.8155
19.7271
19.6401
19.5543
19.47
19.387
19.3055
19.2254
19.1467
19.0695
18.9938
18.9196
18.847
18.7759
18.7063
18.6384
18.572
18.5073
18.4442
18.3828
18.323
18.2649
18.2085
18.1538
18.1008
18.0496
18.0001
17.9524
17.9064
17.8623
17.8199
17.7793
17.7406
17.7037
17.6686
17.6354
17.604
17.5745
17.5468
17.5211
17.4972
17.4752
17.4551
17.4369
17.4206
17.4062
17.3937
17.3831
17.3745
17.3678
17.3629
17.3601
17.3591
