25
24.9344
24.8688
24.8032
24.7377
24.6723
24.6069
24.5416
24.4765
24.4114
24.3466
24.2819
24.2173
24.153
24.0889
24.025
23.9614
23.898
23.8349
23.7721
23.7096
23.6474
23.5856
23.5241
23.463
23.4022
23.3419
23.282
23.2226
23.1635
23.105
23.0469
22.9893
22.9322
22.8757
22.8196
22.7642
22.7092
22.6549
22.6011
22.548
22.4955
22.4436
22.3923
22.3417
22.2918
22.2425
22.194
22.1461
22.099
22.0526
22.007
21.9621
21.9179
21.8746
21.832
21.7902
21.7492
21.7091
21.6698
21.6313
21.5936
21.5569
21.521
21.4859
21.4518
21.4185
21.3861
21.3547
21.3242
21.2946
21.2659
21.2382
21.2114
21.1856
21.1607
21.1368
21.1139
21.0919
21.0709
21.051
21.032
21.014
20.997
20.981
20.9661
20.9521
20.9392
20.9273
20.9164
20.9065
20.8977
20.8899
20.8832
20.8775
20.8728
20.8691
20.8665
20.865
20.8644
