25
24.6996
24.3993
24.0992
23.7993
23.4998
23.2007
22.9021
22.6041
22.3067
22.0101
21.7144
21.4195
21.1257
20.833
20.5414
20.251
19.962
19.6744
19.3883
19.1037
18.8208
18.5395
18.2601
17.9825
17.7069
17.4332
17.1617
16.8923
16.6251
16.3602
16.0977
15.8376
15.5799
15.3249
15.0724
14.8227
14.5757
14.3315
14.0902
13.8517
13.6163
13.3839
13.1546
12.9285
12.7055
12.4858
12.2694
12.0564
11.8467
11.6405
11.4378
11.2386
11.043
10.851
10.6627
10.4781
10.2972
10.1201
9.94686
9.77743
9.61189
9.45026
9.29258
9.13888
8.98919
8.84355
8.70196
8.56448
8.43111
8.30189
8.17683
8.05597
7.93932
7.82691
7.71874
7.61486
7.51526
7.41997
7.32901
7.24239
7.16013
7.08223
7.00872
6.9396
6.87489
6.81459
6.75873
6.7073
6.66031
6.61778
6.5797
6.54609
6.51695
6.49229
6.4721
6.4564
6.44518
6.43845
6.43621
