25
23.6514
22.3095
20.9811
19.6725
18.3897
17.1385
15.924
14.7508
13.6227
12.5432
11.5148
10.5395
9.61857
8.75276
7.94218
7.18641
6.48455
5.83531
5.23701
4.6877
4.18517
3.72707
3.31088
2.93401
2.59385
2.28779
2.01325
1.7677
1.54871
1.35396
1.18123
1.02844
0.893632
0.774981
0.670807
0.579556
0.49981
0.430272
0.369767
0.317232
0.271711
0.232345
0.198369
0.169099
0.143931
0.122327
0.103816
0.0879824
0.0744605
0.0629317
0.0531177
0.0447763
0.0376971
0.0316979
0.0266211
0.022331
0.0187106
0.0156593
0.0130911
0.0109321
0.00911949
0.00759947
0.00632632
0.00526118
0.00437108
0.00362808
0.00300852
0.00249246
0.00206305
0.00170609
0.00140967
0.00116376
0.000959933
0.000791158
0.000651532
0.000536126
0.000440822
0.000362189
0.000297366
0.000243974
0.000200036
0.000163909
0.000134232
0.000109876
8.99077e-05
7.35561e-05
6.01843e-05
4.92679e-05
4.03757e-05
3.31538e-05
2.73131e-05
2.26183e-05
1.88791e-05
1.59431e-05
1.36901e-05
1.20275e-05
1.08868e-05
1.02208e-05
1.00018e-05
