25
24.9333
24.8666
24.7999
24.7333
24.6668
24.6003
24.534
24.4677
24.4016
24.3356
24.2699
24.2042
24.1388
24.0737
24.0087
23.944
23.8795
23.8154
23.7515
23.688
23.6248
23.5619
23.4994
23.4373
23.3755
23.3142
23.2533
23.1928
23.1328
23.0733
23.0142
22.9557
22.8976
22.8401
22.7832
22.7267
22.6709
22.6157
22.561
22.507
22.4536
22.4008
22.3487
22.2972
22.2465
22.1964
22.147
22.0984
22.0505
22.0033
21.9569
21.9112
21.8664
21.8223
21.779
21.7365
21.6948
21.654
21.614
21.5749
21.5367
21.4993
21.4627
21.4271
21.3924
21.3586
21.3257
21.2937
21.2627
21.2326
21.2034
21.1752
21.148
21.1217
21.0965
21.0721
21.0488
21.0265
21.0052
20.9849
20.9656
20.9473
20.93
20.9138
20.8986
20.8844
20.8712
20.8591
20.8481
20.8381
20.8291
20.8212
20.8143
20.8085
20.8037
20.8
20.7974
20.7958
20.7953
