25
23.4519
21.9143
20.3976
18.9114
17.465
16.0663
14.7224
13.4394
12.2219
11.0734
9.99619
8.99152
8.05952
7.19943
6.40967
5.68799
5.03158
4.4372
3.90132
3.42018
2.98989
2.60657
2.26634
1.96542
1.70018
1.46716
1.26309
1.08491
0.929796
0.795144
0.678569
0.577911
0.491215
0.416728
0.352879
0.298275
0.251679
0.212001
0.178284
0.149689
0.125484
0.105033
0.0877859
0.0732655
0.0610615
0.0508212
0.0422423
0.0350663
0.0290729
0.0240744
0.0199115
0.0164494
0.0135738
0.0111886
0.00921256
0.00757756
0.00622634
0.00511095
0.00419127
0.0034338
0.0028106
0.00229842
0.00187789
0.00153298
0.00125035
0.00101897
0.000829743
0.000675115
0.000548875
0.000445901
0.000361976
0.000293632
0.000238022
0.000192809
0.000156078
0.000126259
0.000102071
8.24642e-05
6.65826e-05
5.37276e-05
4.33298e-05
3.49256e-05
2.81378e-05
2.26596e-05
1.82422e-05
1.46833e-05
1.18193e-05
9.5177e-06
7.67132e-06
6.19382e-06
5.01573e-06
4.08138e-06
3.34642e-06
2.77583e-06
2.34231e-06
2.02505e-06
1.80877e-06
1.68304e-06
1.6418e-06
