25
24.6296
24.2594
23.8894
23.5199
23.1508
22.7825
22.4149
22.0483
21.6827
21.3183
20.9552
20.5935
20.2335
19.8751
19.5185
19.1638
18.8112
18.4608
18.1126
17.7669
17.4236
17.083
16.7451
16.41
16.0778
15.7487
15.4227
15.0999
14.7804
14.4643
14.1517
13.8426
13.5372
13.2356
12.9377
12.6437
12.3536
12.0675
11.7855
11.5076
11.234
10.9645
10.6993
10.4385
10.1821
9.93008
9.68254
9.43952
9.20103
8.96713
8.73783
8.51317
8.29317
8.07785
7.86724
7.66135
7.46021
7.26382
7.0722
6.88536
6.70331
6.52606
6.35361
6.18596
6.02313
5.86511
5.7119
5.5635
5.41991
5.28113
5.14715
5.01797
4.89358
4.77397
4.65915
4.5491
4.44381
4.34328
4.24749
4.15645
4.07014
3.98856
3.91168
3.83952
3.77205
3.70928
3.65119
3.59777
3.54903
3.50495
3.46552
3.43074
3.40062
3.37513
3.35429
3.33807
3.3265
3.31955
3.31724
