25
24.9
24.8
24.7001
24.6002
24.5005
24.4008
24.3014
24.2021
24.103
24.0041
23.9055
23.8071
23.7091
23.6113
23.514
23.417
23.3204
23.2242
23.1285
23.0332
22.9384
22.8442
22.7505
22.6573
22.5648
22.4729
22.3816
22.2909
22.201
22.1117
22.0232
21.9354
21.8484
21.7622
21.6768
21.5922
21.5085
21.4257
21.3438
21.2628
21.1827
21.1036
21.0255
20.9484
20.8723
20.7972
20.7232
20.6503
20.5785
20.5078
20.4382
20.3697
20.3025
20.2364
20.1715
20.1078
20.0454
19.9842
19.9242
19.8656
19.8082
19.7522
19.6974
19.644
19.592
19.5413
19.492
19.444
19.3975
19.3524
19.3087
19.2664
19.2256
19.1862
19.1483
19.1119
19.077
19.0435
19.0115
18.9811
18.9521
18.9247
18.8989
18.8745
18.8517
18.8304
18.8107
18.7926
18.776
18.761
18.7475
18.7357
18.7254
18.7167
18.7095
18.704
18.7
18.6976
18.6968
