25
24.9546
24.9092
24.8639
24.8185
24.7732
24.728
24.6829
24.6378
24.5928
24.5479
24.5031
24.4585
24.414
24.3696
24.3254
24.2814
24.2375
24.1939
24.1504
24.1072
24.0642
24.0214
23.9788
23.9366
23.8945
23.8528
23.8114
23.7702
23.7294
23.6889
23.6487
23.6088
23.5693
23.5302
23.4914
23.4531
23.4151
23.3775
23.3403
23.3035
23.2672
23.2313
23.1958
23.1608
23.1262
23.0922
23.0586
23.0255
22.9929
22.9608
22.9292
22.8981
22.8676
22.8376
22.8081
22.7792
22.7509
22.7231
22.6959
22.6692
22.6432
22.6178
22.5929
22.5687
22.545
22.522
22.4996
22.4779
22.4568
22.4363
22.4164
22.3973
22.3787
22.3609
22.3436
22.3271
22.3112
22.2961
22.2815
22.2677
22.2546
22.2421
22.2304
22.2193
22.209
22.1993
22.1904
22.1822
22.1746
22.1678
22.1617
22.1563
22.1516
22.1477
22.1444
22.1419
22.1401
22.139
22.1387
