25
24.7483
24.4966
24.245
23.9937
23.7426
23.4918
23.2414
22.9915
22.7421
22.4933
22.2452
21.9977
21.7511
21.5052
21.2603
21.0164
20.7735
20.5316
20.291
20.0515
19.8134
19.5766
19.3411
19.1072
18.8747
18.6439
18.4147
18.1872
17.9614
17.7375
17.5154
17.2952
17.0771
16.8609
16.6469
16.435
16.2253
16.0179
15.8127
15.6099
15.4096
15.2116
15.0162
14.8233
14.633
14.4454
14.2605
14.0783
13.8988
13.7223
13.5485
13.3777
13.2098
13.045
12.8831
12.7244
12.5687
12.4162
12.2669
12.1208
11.9779
11.8383
11.7021
11.5692
11.4397
11.3136
11.191
11.0718
10.9561
10.844
10.7354
10.6304
10.529
10.4312
10.3371
10.2467
10.1599
10.0769
9.99761
9.92207
9.85029
9.7823
9.71811
9.65774
9.6012
9.5485
9.49965
9.45468
9.41358
9.37636
9.34304
9.31362
9.28812
9.26652
9.24885
9.23509
9.22527
9.21937
9.21741
