25
24.537
24.0743
23.612
23.1505
22.6901
22.2308
21.7731
21.3171
20.8631
20.4114
19.9621
19.5154
19.0717
18.6311
18.1939
17.7603
17.3304
16.9044
16.4827
16.0652
15.6523
15.2442
14.8408
14.4425
14.0494
13.6616
13.2793
12.9026
12.5315
12.1663
11.807
11.4538
11.1066
10.7657
10.431
10.1027
9.78076
9.46526
9.15625
8.85376
8.55782
8.26844
7.98565
7.70944
7.43983
7.17679
6.92032
6.67039
6.42699
6.19008
5.95963
5.73558
5.51791
5.30655
5.10145
4.90255
4.70979
4.5231
4.34242
4.16766
3.99876
3.83564
3.67822
3.52641
3.38013
3.2393
3.10384
2.97366
2.84867
2.72878
2.61392
2.504
2.39892
2.29861
2.20299
2.11196
2.02547
1.94341
1.86573
1.79233
1.72317
1.65815
1.59723
1.54033
1.4874
1.43837
1.3932
1.35183
1.31421
1.28032
1.25009
1.22351
1.20053
1.18114
1.16531
1.15301
1.14424
1.13898
1.13722
