25
24.918
24.8361
24.7542
24.6724
24.5907
24.509
24.4275
24.3461
24.2649
24.1839
24.1031
24.0225
23.9421
23.862
23.7822
23.7028
23.6236
23.5448
23.4663
23.3883
23.3106
23.2334
23.1566
23.0803
23.0044
22.9291
22.8543
22.78
22.7063
22.6331
22.5606
22.4887
22.4174
22.3467
22.2768
22.2075
22.1389
22.071
22.0039
21.9375
21.8719
21.8071
21.743
21.6798
21.6175
21.556
21.4953
21.4356
21.3767
21.3188
21.2617
21.2057
21.1505
21.0964
21.0432
20.991
20.9398
20.8897
20.8406
20.7925
20.7455
20.6996
20.6547
20.611
20.5683
20.5268
20.4864
20.4471
20.409
20.372
20.3362
20.3015
20.2681
20.2358
20.2048
20.1749
20.1463
20.1188
20.0927
20.0677
20.044
20.0215
20.0003
19.9804
19.9617
19.9442
19.9281
19.9132
19.8996
19.8873
19.8763
19.8666
19.8581
19.851
19.8452
19.8406
19.8374
19.8354
19.8348
