25
24.9793
24.9587
24.938
24.9173
24.8967
24.8761
24.8556
24.835
24.8145
24.7941
24.7737
24.7534
24.7331
24.7129
24.6928
24.6727
24.6527
24.6328
24.6131
24.5934
24.5738
24.5543
24.5349
24.5156
24.4965
24.4775
24.4586
24.4399
24.4213
24.4028
24.3845
24.3664
24.3484
24.3306
24.3129
24.2954
24.2781
24.261
24.2441
24.2273
24.2108
24.1944
24.1783
24.1623
24.1466
24.1311
24.1158
24.1007
24.0858
24.0712
24.0568
24.0427
24.0288
24.0151
24.0017
23.9885
23.9756
23.963
23.9506
23.9384
23.9266
23.915
23.9037
23.8926
23.8819
23.8714
23.8612
23.8513
23.8417
23.8323
23.8233
23.8146
23.8061
23.798
23.7901
23.7826
23.7754
23.7685
23.7619
23.7556
23.7496
23.7439
23.7386
23.7335
23.7288
23.7244
23.7203
23.7166
23.7132
23.7101
23.7073
23.7048
23.7027
23.7009
23.6994
23.6983
23.6974
23.697
23.6968
