25
24.9455
24.891
24.8366
24.7822
24.7278
24.6736
24.6194
24.5653
24.5113
24.4574
24.4037
24.3501
24.2966
24.2434
24.1904
24.1375
24.0849
24.0325
23.9803
23.9284
23.8768
23.8254
23.7744
23.7236
23.6732
23.6231
23.5734
23.524
23.475
23.4263
23.3781
23.3303
23.2829
23.2359
23.1894
23.1433
23.0977
23.0526
23.008
22.9638
22.9202
22.8771
22.8345
22.7925
22.7511
22.7102
22.6698
22.6301
22.591
22.5524
22.5145
22.4772
22.4406
22.4046
22.3692
22.3345
22.3005
22.2672
22.2345
22.2026
22.1713
22.1408
22.1109
22.0818
22.0535
22.0259
21.999
21.9729
21.9475
21.923
21.8991
21.8761
21.8539
21.8324
21.8118
21.7919
21.7729
21.7547
21.7372
21.7206
21.7049
21.6899
21.6758
21.6626
21.6502
21.6386
21.6278
21.6179
21.6089
21.6007
21.5934
21.5869
21.5813
21.5766
21.5727
21.5697
21.5675
21.5662
21.5658
