25
24.8327
24.6655
24.4983
24.3313
24.1644
23.9977
23.8313
23.6652
23.4994
23.334
23.169
23.0045
22.8405
22.677
22.5142
22.3519
22.1903
22.0294
21.8693
21.71
21.5514
21.3938
21.2371
21.0813
20.9265
20.7727
20.62
20.4684
20.3179
20.1686
20.0206
19.8738
19.7282
19.584
19.4412
19.2998
19.1598
19.0213
18.8843
18.7488
18.6149
18.4826
18.352
18.223
18.0957
17.9702
17.8465
17.7245
17.6044
17.4861
17.3698
17.2553
17.1428
17.0323
16.9238
16.8173
16.7129
16.6106
16.5104
16.4123
16.3164
16.2226
16.1311
16.0418
15.9548
15.87
15.7876
15.7075
15.6297
15.5542
15.4812
15.4105
15.3422
15.2764
15.213
15.1521
15.0937
15.0378
14.9843
14.9334
14.8851
14.8392
14.796
14.7552
14.7171
14.6816
14.6486
14.6183
14.5906
14.5655
14.543
14.5231
14.5059
14.4914
14.4794
14.4702
14.4635
14.4595
14.4582
