25
24.6857
24.3716
24.0576
23.7439
23.4305
23.1176
22.8053
22.4936
22.1826
21.8724
21.5632
21.255
20.9478
20.6418
20.3371
20.0337
19.7317
19.4313
19.1325
18.8353
18.54
18.2464
17.9548
17.6653
17.3777
17.0924
16.8093
16.5285
16.2501
15.9742
15.7008
15.43
15.1619
14.8965
14.634
14.3743
14.1175
13.8637
13.613
13.3654
13.121
12.8799
12.642
12.4075
12.1763
11.9487
11.7245
11.5038
11.2868
11.0734
10.8637
10.6577
10.4556
10.2572
10.0626
9.872
9.6853
9.50255
9.32381
9.1491
8.97845
8.8119
8.64948
8.49121
8.33711
8.18723
8.04158
7.90018
7.76307
7.63025
7.50176
7.37761
7.25782
7.14242
7.03141
6.92481
6.82264
6.72492
6.63165
6.54286
6.45855
6.37873
6.30342
6.23262
6.16635
6.10461
6.04742
5.99477
5.94668
5.90316
5.86419
5.82981
5.79999
5.77476
5.75411
5.73805
5.72658
5.71969
5.7174
