25
24.9048
24.8097
24.7146
24.6196
24.5247
24.4299
24.3353
24.2408
24.1465
24.0524
23.9586
23.865
23.7717
23.6788
23.5861
23.4938
23.4019
23.3104
23.2193
23.1287
23.0385
22.9489
22.8597
22.7711
22.683
22.5956
22.5087
22.4225
22.3369
22.252
22.1677
22.0842
22.0014
21.9194
21.8382
21.7577
21.6781
21.5993
21.5213
21.4443
21.3681
21.2928
21.2185
21.1451
21.0727
21.0013
20.9309
20.8615
20.7932
20.7259
20.6597
20.5946
20.5306
20.4677
20.4059
20.3454
20.2859
20.2277
20.1707
20.1149
20.0603
20.007
19.9549
19.9041
19.8546
19.8063
19.7594
19.7138
19.6696
19.6266
19.585
19.5448
19.506
19.4685
19.4325
19.3978
19.3646
19.3327
19.3023
19.2733
19.2458
19.2197
19.1951
19.1719
19.1502
19.13
19.1113
19.094
19.0782
19.0639
19.0511
19.0398
19.03
19.0218
19.015
19.0097
19.0059
19.0036
19.0029
