25
24.6581
24.3164
23.9749
23.6337
23.2929
22.9527
22.6131
22.2743
21.9364
21.5994
21.2635
20.9288
20.5954
20.2634
19.9329
19.604
19.2768
18.9514
18.6279
18.3063
17.9869
17.6696
17.3547
17.042
16.7318
16.4242
16.1192
15.8169
15.5174
15.2207
14.927
14.6364
14.3488
14.0644
13.7832
13.5054
13.2309
12.9599
12.6924
12.4284
12.1681
11.9115
11.6586
11.4095
11.1643
10.9229
10.6855
10.4521
10.2227
9.99738
9.77618
9.55913
9.34627
9.13764
8.93326
8.73318
8.53741
8.34599
8.15894
7.97629
7.79806
7.62428
7.45496
7.29013
7.1298
6.97399
6.82272
6.676
6.53385
6.39627
6.26329
6.1349
6.01112
5.89197
5.77744
5.66754
5.56229
5.46169
5.36574
5.27444
5.18781
5.10585
5.02855
4.95593
4.88799
4.82472
4.76613
4.71223
4.663
4.61847
4.57862
4.54345
4.51297
4.48718
4.46608
4.44967
4.43794
4.43091
4.42857
