25
24.7718
24.5437
24.3157
24.0879
23.8604
23.6331
23.4061
23.1796
22.9535
22.728
22.503
22.2787
22.0551
21.8322
21.6101
21.3889
21.1686
20.9493
20.731
20.5138
20.2978
20.083
19.8694
19.6571
19.4462
19.2367
19.0286
18.8221
18.6172
18.4139
18.2122
18.0123
17.8142
17.6179
17.4234
17.2309
17.0404
16.8519
16.6654
16.4811
16.2989
16.1189
15.9412
15.7658
15.5928
15.4221
15.2538
15.088
14.9247
14.764
14.6058
14.4503
14.2975
14.1473
13.9999
13.8553
13.7135
13.5745
13.4384
13.3053
13.175
13.0478
12.9236
12.8024
12.6843
12.5693
12.4574
12.3487
12.2432
12.1408
12.0417
11.9459
11.8534
11.7641
11.6782
11.5956
11.5164
11.4406
11.3681
11.2991
11.2336
11.1715
11.1128
11.0577
11.006
10.9578
10.9132
10.8721
10.8345
10.8005
10.7701
10.7432
10.7199
10.7001
10.684
10.6714
10.6624
10.657
10.6552
