25
24.5773
24.1549
23.7328
23.3113
22.8906
22.4708
22.0522
21.6349
21.2191
20.805
20.3928
19.9827
19.5748
19.1694
18.7665
18.3664
17.9692
17.575
17.1841
16.7966
16.4126
16.0323
15.6557
15.2832
14.9147
14.5504
14.1904
13.8348
13.4838
13.1374
12.7958
12.459
12.1271
11.8002
11.4784
11.1618
10.8504
10.5443
10.2435
9.94807
9.6581
9.3736
9.09462
8.82118
8.55331
8.29102
8.03435
7.78328
7.53785
7.29804
7.06385
6.83529
6.61235
6.39501
6.18325
5.97706
5.77642
5.5813
5.39167
5.2075
5.02877
4.85543
4.68745
4.52479
4.36741
4.21527
4.06832
3.92653
3.78984
3.65821
3.53159
3.40995
3.29322
3.18137
3.07434
2.9721
2.87459
2.78177
2.6936
2.61004
2.53104
2.45655
2.38655
2.32099
2.25985
2.20307
2.15064
2.10252
2.05867
2.01909
1.98374
1.9526
1.92565
1.90288
1.88426
1.8698
1.85947
1.85328
1.85121
