25
24.7007
24.4015
24.1025
23.8038
23.5053
23.2073
22.9098
22.6129
22.3166
22.0211
21.7264
21.4327
21.1399
20.8482
20.5577
20.2684
19.9804
19.6938
19.4087
19.1252
18.8432
18.563
18.2845
18.0079
17.7332
17.4605
17.1899
16.9214
16.6552
16.3912
16.1295
15.8703
15.6135
15.3593
15.1077
14.8588
14.6125
14.3691
14.1286
13.8909
13.6562
13.4246
13.196
12.9705
12.7482
12.5292
12.3135
12.101
11.892
11.6864
11.4843
11.2857
11.0906
10.8992
10.7114
10.5273
10.3469
10.1703
9.99751
9.82853
9.66342
9.50222
9.34495
9.19165
9.04235
8.89707
8.75584
8.6187
8.48566
8.35676
8.23201
8.11143
7.99506
7.88292
7.77501
7.67136
7.572
7.47693
7.38618
7.29975
7.21767
7.13995
7.0666
6.99764
6.93307
6.87291
6.81717
6.76585
6.71896
6.67652
6.63853
6.60499
6.57591
6.5513
6.53116
6.51549
6.50429
6.49758
6.49534
