25
24.95
24.9
24.8501
24.8002
24.7503
24.7005
24.6508
24.6012
24.5517
24.5022
24.4529
24.4038
24.3548
24.3059
24.2573
24.2088
24.1605
24.1124
24.0646
24.017
23.9696
23.9225
23.8757
23.8291
23.7829
23.7369
23.6913
23.646
23.601
23.5564
23.5122
23.4683
23.4248
23.3817
23.3391
23.2968
23.255
23.2136
23.1726
23.1321
23.0921
23.0526
23.0135
22.975
22.937
22.8994
22.8625
22.826
22.7901
22.7548
22.72
22.6858
22.6522
22.6191
22.5867
22.5549
22.5237
22.4931
22.4631
22.4338
22.4051
22.3771
22.3498
22.3231
22.297
22.2717
22.2471
22.2231
22.1999
22.1773
22.1555
22.1343
22.1139
22.0943
22.0753
22.0571
22.0396
22.0229
22.0069
21.9917
21.9773
21.9636
21.9506
21.9385
21.9271
21.9164
21.9066
21.8975
21.8892
21.8817
21.875
21.8691
21.8639
21.8596
21.856
21.8532
21.8512
21.85
21.8496
