25
24.9771
24.9542
24.9313
24.9084
24.8855
24.8627
24.8399
24.8171
24.7944
24.7718
24.7492
24.7266
24.7042
24.6818
24.6595
24.6372
24.6151
24.5931
24.5711
24.5493
24.5276
24.506
24.4845
24.4632
24.442
24.4209
24.4
24.3792
24.3586
24.3381
24.3178
24.2977
24.2778
24.258
24.2385
24.2191
24.1999
24.1809
24.1622
24.1436
24.1253
24.1071
24.0892
24.0716
24.0541
24.0369
24.02
24.0032
23.9868
23.9706
23.9546
23.939
23.9235
23.9084
23.8935
23.8789
23.8646
23.8506
23.8369
23.8234
23.8103
23.7974
23.7849
23.7727
23.7607
23.7491
23.7378
23.7268
23.7162
23.7058
23.6958
23.6861
23.6768
23.6677
23.6591
23.6507
23.6427
23.635
23.6277
23.6207
23.6141
23.6078
23.6019
23.5963
23.5911
23.5862
23.5817
23.5775
23.5737
23.5703
23.5672
23.5645
23.5621
23.5601
23.5585
23.5572
23.5563
23.5558
23.5556
