25
24.9086
24.8172
24.7258
24.6345
24.5433
24.4522
24.3612
24.2704
24.1798
24.0894
23.9993
23.9093
23.8197
23.7303
23.6413
23.5526
23.4643
23.3764
23.2888
23.2017
23.1151
23.0289
22.9433
22.8581
22.7735
22.6894
22.606
22.5231
22.4408
22.3592
22.2783
22.198
22.1185
22.0397
21.9616
21.8843
21.8078
21.732
21.6571
21.5831
21.5099
21.4375
21.3661
21.2956
21.226
21.1574
21.0897
21.0231
20.9574
20.8927
20.8291
20.7665
20.705
20.6446
20.5853
20.5271
20.47
20.414
20.3592
20.3056
20.2532
20.2019
20.1519
20.103
20.0554
20.0091
19.964
19.9202
19.8776
19.8364
19.7964
19.7578
19.7205
19.6845
19.6498
19.6165
19.5846
19.554
19.5247
19.4969
19.4704
19.4454
19.4217
19.3995
19.3786
19.3592
19.3411
19.3246
19.3094
19.2957
19.2834
19.2725
19.2631
19.2551
19.2486
19.2435
19.2399
19.2377
19.237
