25
24.9558
24.9116
24.8674
24.8233
24.7792
24.7351
24.6912
24.6473
24.6035
24.5598
24.5162
24.4727
24.4293
24.3861
24.3431
24.3002
24.2575
24.215
24.1727
24.1306
24.0887
24.047
24.0056
23.9644
23.9235
23.8829
23.8425
23.8024
23.7627
23.7232
23.6841
23.6453
23.6068
23.5687
23.531
23.4936
23.4566
23.42
23.3838
23.3479
23.3126
23.2776
23.2431
23.209
23.1753
23.1421
23.1094
23.0772
23.0454
23.0142
22.9834
22.9532
22.9234
22.8942
22.8655
22.8374
22.8098
22.7827
22.7562
22.7303
22.7049
22.6802
22.656
22.6324
22.6094
22.5869
22.5651
22.544
22.5234
22.5034
22.4841
22.4654
22.4474
22.43
22.4132
22.3971
22.3817
22.3669
22.3528
22.3393
22.3265
22.3144
22.3029
22.2922
22.2821
22.2727
22.264
22.256
22.2486
22.242
22.2361
22.2308
22.2263
22.2224
22.2193
22.2168
22.215
22.214
22.2136
