25
24.9716
24.9431
24.9147
24.8863
24.858
24.8296
24.8014
24.7731
24.745
24.7168
24.6888
24.6608
24.633
24.6052
24.5775
24.5499
24.5225
24.4951
24.4679
24.4408
24.4139
24.3871
24.3604
24.3339
24.3076
24.2815
24.2555
24.2298
24.2042
24.1788
24.1536
24.1287
24.1039
24.0794
24.0552
24.0311
24.0073
23.9838
23.9605
23.9374
23.9147
23.8922
23.87
23.8481
23.8264
23.8051
23.784
23.7633
23.7429
23.7228
23.703
23.6835
23.6644
23.6456
23.6272
23.6091
23.5913
23.5739
23.5569
23.5402
23.5239
23.5079
23.4924
23.4772
23.4624
23.448
23.434
23.4203
23.4071
23.3943
23.3819
23.3698
23.3582
23.347
23.3363
23.3259
23.316
23.3065
23.2974
23.2887
23.2805
23.2727
23.2653
23.2584
23.2519
23.2459
23.2403
23.2351
23.2304
23.2261
23.2223
23.2189
23.216
23.2135
23.2115
23.2099
23.2088
23.2081
23.2079
