25
24.6963
24.3926
24.0891
23.7859
23.483
23.1805
22.8786
22.5773
22.2766
21.9767
21.6777
21.3796
21.0825
20.7866
20.4918
20.1983
19.9061
19.6154
19.3262
19.0385
18.7525
18.4683
18.1859
17.9054
17.6268
17.3503
17.076
16.8038
16.5338
16.2662
16.001
15.7383
15.4781
15.2205
14.9656
14.7134
14.4639
14.2174
13.9737
13.733
13.4954
13.2608
13.0294
12.8011
12.5761
12.3544
12.1361
11.9211
11.7096
11.5016
11.2971
11.0962
10.899
10.7054
10.5155
10.3293
10.147
9.96846
9.79378
9.623
9.45615
9.29325
9.13435
8.97948
8.82865
8.68191
8.53927
8.40077
8.26643
8.13627
8.01031
7.88859
7.77112
7.65792
7.549
7.4444
7.34413
7.24819
7.15662
7.06942
6.98661
6.90821
6.83421
6.76465
6.69952
6.63884
6.58261
6.53086
6.48357
6.44077
6.40246
6.36864
6.33932
6.3145
6.29419
6.27839
6.2671
6.26033
6.25807
