25
24.6381
24.2764
23.9149
23.5538
23.1932
22.8332
22.474
22.1156
21.7582
21.402
21.047
20.6933
20.3411
19.9905
19.6417
19.2946
18.9495
18.6065
18.2655
17.9269
17.5906
17.2568
16.9256
16.5971
16.2713
15.9484
15.6285
15.3116
14.9978
14.6873
14.3801
14.0763
13.776
13.4792
13.186
12.8965
12.6108
12.3289
12.0509
11.7769
11.5068
11.2408
10.979
10.7213
10.4678
10.2186
9.97369
9.73313
9.49696
9.2652
9.0379
8.81509
8.59679
8.38304
8.17385
7.96926
7.76928
7.57393
7.38324
7.19721
7.01586
6.8392
6.66725
6.50001
6.3375
6.17971
6.02666
5.87834
5.73477
5.59595
5.46187
5.33253
5.20794
5.0881
4.973
4.86265
4.75703
4.65614
4.55999
4.46857
4.38187
4.29989
4.22262
4.15007
4.08222
4.01908
3.96063
3.90688
3.85781
3.81343
3.77373
3.73871
3.70837
3.6827
3.6617
3.64537
3.6337
3.6267
3.62437
