25
24.8152
24.6304
24.4457
24.2611
24.0767
23.8926
23.7087
23.5252
23.342
23.1593
22.977
22.7952
22.614
22.4334
22.2535
22.0742
21.8957
21.7179
21.541
21.365
21.1898
21.0157
20.8425
20.6704
20.4994
20.3295
20.1608
19.9933
19.8271
19.6622
19.4986
19.3364
19.1757
19.0164
18.8586
18.7024
18.5477
18.3947
18.2434
18.0937
17.9458
17.7997
17.6554
17.513
17.3724
17.2337
17.0971
16.9624
16.8297
16.6991
16.5706
16.4442
16.3199
16.1979
16.078
15.9604
15.8451
15.7321
15.6215
15.5131
15.4072
15.3037
15.2027
15.1041
15.008
14.9144
14.8233
14.7348
14.6489
14.5656
14.485
14.4069
14.3316
14.2589
14.1889
14.1217
14.0571
13.9954
13.9364
13.8802
13.8268
13.7762
13.7284
13.6835
13.6414
13.6021
13.5658
13.5323
13.5016
13.4739
13.4491
13.4272
13.4082
13.3921
13.3789
13.3687
13.3614
13.357
13.3555
