25
24.7274
24.4549
24.1825
23.9103
23.6384
23.3669
23.0958
22.8253
22.5553
22.2859
22.0173
21.7495
21.4825
21.2165
20.9514
20.6875
20.4247
20.1631
19.9027
19.6438
19.3862
19.1301
18.8756
18.6227
18.3715
18.122
17.8744
17.6286
17.3847
17.1429
16.9031
16.6654
16.4299
16.1967
15.9657
15.7371
15.5109
15.2872
15.0661
14.8475
14.6315
14.4182
14.2077
13.9999
13.795
13.593
13.3939
13.1979
13.0048
12.8148
12.628
12.4443
12.2639
12.0867
11.9127
11.7422
11.575
11.4112
11.2509
11.094
10.9407
10.7909
10.6448
10.5022
10.3633
10.2281
10.0967
9.96893
9.84498
9.72483
9.6085
9.49604
9.38745
9.28277
9.18201
9.0852
8.99236
8.90351
8.81866
8.73784
8.66106
8.58834
8.51969
8.45513
8.39467
8.33833
8.28612
8.23804
8.1941
8.15433
8.11872
8.08728
8.06002
8.03694
8.01806
8.00336
7.99287
7.98657
7.98447
