25
24.9127
24.8255
24.7382
24.6511
24.564
24.4771
24.3902
24.3036
24.2171
24.1308
24.0447
23.9589
23.8733
23.788
23.703
23.6183
23.534
23.4501
23.3665
23.2834
23.2007
23.1184
23.0366
22.9553
22.8746
22.7943
22.7146
22.6355
22.557
22.4791
22.4019
22.3252
22.2493
22.1741
22.0995
22.0257
21.9527
21.8804
21.8089
21.7382
21.6683
21.5993
21.5311
21.4638
21.3974
21.3318
21.2673
21.2036
21.1409
21.0792
21.0185
20.9587
20.9
20.8423
20.7857
20.7301
20.6756
20.6222
20.5699
20.5187
20.4686
20.4197
20.3719
20.3253
20.2799
20.2357
20.1926
20.1508
20.1102
20.0708
20.0326
19.9958
19.9601
19.9258
19.8927
19.8609
19.8304
19.8012
19.7733
19.7467
19.7215
19.6975
19.6749
19.6537
19.6338
19.6152
19.598
19.5822
19.5677
19.5546
19.5429
19.5325
19.5235
19.5159
19.5097
19.5048
19.5014
19.4993
19.4986
