25
24.8862
24.7724
24.6586
24.545
24.4315
24.3181
24.2048
24.0918
23.979
23.8665
23.7542
23.6423
23.5307
23.4195
23.3086
23.1982
23.0883
22.9788
22.8699
22.7614
22.6536
22.5463
22.4397
22.3337
22.2283
22.1237
22.0198
21.9166
21.8142
21.7126
21.6119
21.512
21.413
21.3148
21.2176
21.1214
21.0261
20.9319
20.8386
20.7464
20.6553
20.5653
20.4764
20.3886
20.302
20.2165
20.1323
20.0493
19.9676
19.8871
19.8079
19.73
19.6534
19.5782
19.5043
19.4319
19.3608
19.2912
19.2229
19.1562
19.0909
19.0271
18.9648
18.904
18.8448
18.7871
18.731
18.6764
18.6235
18.5721
18.5224
18.4743
18.4278
18.383
18.3398
18.2984
18.2586
18.2205
18.1842
18.1495
18.1166
18.0854
18.0559
18.0282
18.0022
17.978
17.9556
17.935
17.9161
17.899
17.8837
17.8702
17.8585
17.8485
17.8404
17.8341
17.8296
17.8269
17.826
