25
24.9513
24.9027
24.854
24.8054
24.7569
24.7084
24.66
24.6116
24.5634
24.5153
24.4673
24.4194
24.3717
24.3241
24.2767
24.2295
24.1825
24.1357
24.0891
24.0427
23.9966
23.9507
23.9051
23.8598
23.8148
23.77
23.7256
23.6815
23.6377
23.5942
23.5512
23.5084
23.4661
23.4241
23.3826
23.3414
23.3007
23.2604
23.2205
23.1811
23.1421
23.1036
23.0656
23.028
22.991
22.9545
22.9185
22.883
22.848
22.8136
22.7797
22.7464
22.7137
22.6815
22.6499
22.6189
22.5885
22.5587
22.5296
22.501
22.4731
22.4458
22.4192
22.3932
22.3679
22.3432
22.3192
22.2959
22.2732
22.2513
22.23
22.2094
22.1895
22.1704
22.1519
22.1342
22.1172
22.1009
22.0854
22.0705
22.0564
22.0431
22.0305
22.0187
22.0076
21.9972
21.9876
21.9788
21.9707
21.9634
21.9569
21.9511
21.9461
21.9418
21.9384
21.9357
21.9337
21.9326
21.9322
