25
24.9697
24.9394
24.9092
24.8789
24.8487
24.8186
24.7884
24.7584
24.7284
24.6984
24.6686
24.6388
24.6091
24.5795
24.55
24.5206
24.4914
24.4622
24.4333
24.4044
24.3757
24.3472
24.3188
24.2906
24.2626
24.2347
24.2071
24.1796
24.1524
24.1254
24.0986
24.072
24.0456
24.0195
23.9937
23.9681
23.9427
23.9176
23.8928
23.8683
23.8441
23.8201
23.7964
23.7731
23.75
23.7273
23.7049
23.6828
23.6611
23.6397
23.6186
23.5979
23.5775
23.5575
23.5378
23.5185
23.4996
23.4811
23.463
23.4452
23.4278
23.4108
23.3943
23.3781
23.3623
23.347
23.3321
23.3175
23.3034
23.2898
23.2766
23.2638
23.2514
23.2395
23.228
23.217
23.2064
23.1962
23.1866
23.1773
23.1686
23.1603
23.1524
23.1451
23.1382
23.1317
23.1258
23.1203
23.1152
23.1107
23.1066
23.103
23.0999
23.0973
23.0951
23.0934
23.0922
23.0915
23.0913
