25
24.959
24.9181
24.8772
24.8363
24.7954
24.7546
24.7139
24.6732
24.6326
24.5921
24.5517
24.5114
24.4713
24.4312
24.3914
24.3516
24.3121
24.2727
24.2335
24.1945
24.1556
24.117
24.0787
24.0405
24.0026
23.965
23.9276
23.8904
23.8536
23.817
23.7808
23.7448
23.7092
23.6739
23.6389
23.6043
23.57
23.5361
23.5025
23.4693
23.4366
23.4042
23.3722
23.3406
23.3094
23.2787
23.2484
23.2185
23.1891
23.1601
23.1316
23.1036
23.076
23.049
23.0224
22.9963
22.9707
22.9457
22.9211
22.8971
22.8736
22.8506
22.8282
22.8063
22.785
22.7643
22.7441
22.7244
22.7054
22.6869
22.669
22.6517
22.635
22.6188
22.6033
22.5884
22.5741
22.5604
22.5473
22.5348
22.523
22.5117
22.5011
22.4912
22.4818
22.4731
22.465
22.4576
22.4508
22.4447
22.4392
22.4343
22.4301
22.4265
22.4236
22.4213
22.4197
22.4187
22.4184
