25
24.9794
24.9588
24.9382
24.9176
24.8971
24.8765
24.856
24.8356
24.8151
24.7948
24.7745
24.7542
24.734
24.7138
24.6938
24.6738
24.6539
24.6341
24.6143
24.5947
24.5752
24.5558
24.5364
24.5173
24.4982
24.4792
24.4604
24.4417
24.4232
24.4048
24.3866
24.3685
24.3506
24.3328
24.3152
24.2978
24.2805
24.2635
24.2466
24.2299
24.2134
24.1971
24.181
24.1651
24.1494
24.1339
24.1187
24.1037
24.0889
24.0743
24.0599
24.0458
24.032
24.0184
24.005
23.9919
23.979
23.9664
23.954
23.942
23.9301
23.9186
23.9073
23.8963
23.8856
23.8751
23.865
23.8551
23.8455
23.8362
23.8272
23.8185
23.8101
23.802
23.7942
23.7866
23.7794
23.7725
23.766
23.7597
23.7537
23.7481
23.7427
23.7377
23.733
23.7286
23.7246
23.7208
23.7174
23.7143
23.7116
23.7091
23.707
23.7052
23.7037
23.7026
23.7018
23.7013
23.7011
