25
24.9007
24.8013
24.7021
24.6029
24.5038
24.4048
24.306
24.2073
24.1089
24.0107
23.9127
23.815
23.7176
23.6205
23.5238
23.4274
23.3315
23.2359
23.1408
23.0462
22.9521
22.8584
22.7654
22.6728
22.5809
22.4896
22.3989
22.3088
22.2195
22.1308
22.0429
21.9557
21.8693
21.7836
21.6988
21.6148
21.5316
21.4494
21.368
21.2875
21.208
21.1294
21.0518
20.9752
20.8996
20.825
20.7515
20.6791
20.6077
20.5375
20.4683
20.4004
20.3335
20.2679
20.2034
20.1402
20.0781
20.0173
19.9578
19.8995
19.8426
19.7869
19.7325
19.6795
19.6277
19.5774
19.5284
19.4808
19.4346
19.3897
19.3463
19.3044
19.2638
19.2247
19.187
19.1508
19.1161
19.0829
19.0511
19.0209
18.9922
18.9649
18.9392
18.915
18.8924
18.8712
18.8517
18.8336
18.8172
18.8023
18.7889
18.7771
18.7669
18.7582
18.7511
18.7456
18.7417
18.7393
18.7385
