25
24.9559
24.9119
24.8679
24.8239
24.7799
24.736
24.6922
24.6484
24.6048
24.5612
24.5178
24.4744
24.4312
24.3882
24.3453
24.3025
24.26
24.2176
24.1754
24.1334
24.0917
24.0502
24.0089
23.9678
23.9271
23.8866
23.8463
23.8064
23.7668
23.7274
23.6884
23.6498
23.6114
23.5735
23.5358
23.4986
23.4617
23.4252
23.3891
23.3534
23.3181
23.2833
23.2489
23.2149
23.1814
23.1483
23.1157
23.0836
23.0519
23.0208
22.9901
22.9599
22.9303
22.9012
22.8726
22.8445
22.817
22.7901
22.7637
22.7378
22.7125
22.6878
22.6637
22.6402
22.6173
22.5949
22.5732
22.5521
22.5316
22.5117
22.4925
22.4738
22.4559
22.4385
22.4218
22.4058
22.3904
22.3756
22.3615
22.3481
22.3354
22.3233
22.3119
22.3012
22.2911
22.2817
22.2731
22.2651
22.2578
22.2511
22.2452
22.24
22.2354
22.2316
22.2285
22.226
22.2243
22.2232
22.2229
