25
24.9745
24.949
24.9236
24.8981
24.8727
24.8473
24.822
24.7967
24.7714
24.7462
24.7211
24.696
24.671
24.6461
24.6213
24.5966
24.572
24.5475
24.5231
24.4988
24.4747
24.4506
24.4268
24.403
24.3794
24.356
24.3328
24.3097
24.2867
24.264
24.2414
24.2191
24.1969
24.1749
24.1532
24.1316
24.1103
24.0892
24.0683
24.0477
24.0273
24.0071
23.9872
23.9675
23.9481
23.929
23.9102
23.8916
23.8733
23.8553
23.8375
23.8201
23.8029
23.7861
23.7696
23.7533
23.7374
23.7218
23.7066
23.6916
23.677
23.6627
23.6488
23.6352
23.6219
23.609
23.5964
23.5842
23.5723
23.5608
23.5497
23.5389
23.5285
23.5185
23.5088
23.4996
23.4906
23.4821
23.474
23.4662
23.4588
23.4519
23.4453
23.4391
23.4332
23.4278
23.4228
23.4182
23.414
23.4101
23.4067
23.4037
23.4011
23.3988
23.397
23.3956
23.3946
23.394
23.3938
