25
24.8011
24.6023
24.4035
24.2049
24.0065
23.8084
23.6106
23.4131
23.216
23.0193
22.8232
22.6276
22.4327
22.2383
22.0447
21.8518
21.6597
21.4685
21.2781
21.0887
20.9003
20.7129
20.5266
20.3414
20.1574
19.9747
19.7932
19.613
19.4342
19.2567
19.0808
18.9063
18.7334
18.562
18.3923
18.2243
18.0579
17.8933
17.7305
17.5696
17.4105
17.2533
17.0981
16.9449
16.7937
16.6446
16.4976
16.3527
16.2101
16.0696
15.9314
15.7955
15.6619
15.5306
15.4017
15.2753
15.1513
15.0298
14.9108
14.7943
14.6804
14.5692
14.4605
14.3545
14.2512
14.1505
14.0526
13.9575
13.8652
13.7756
13.6889
13.605
13.524
13.4458
13.3706
13.2983
13.229
13.1626
13.0992
13.0387
12.9813
12.9269
12.8756
12.8273
12.782
12.7399
12.7008
12.6648
12.6319
12.6021
12.5754
12.5518
12.5314
12.5141
12.5
12.489
12.4811
12.4764
12.4748
