25
24.8895
24.7791
24.6687
24.5584
24.4482
24.3381
24.2282
24.1185
24.0091
23.8998
23.7909
23.6822
23.5739
23.466
23.3584
23.2513
23.1445
23.0383
22.9325
22.8273
22.7226
22.6185
22.515
22.4121
22.3099
22.2083
22.1075
22.0073
21.908
21.8094
21.7116
21.6146
21.5185
21.4233
21.3289
21.2355
21.1431
21.0516
20.9611
20.8716
20.7831
20.6958
20.6095
20.5243
20.4402
20.3573
20.2756
20.195
20.1156
20.0375
19.9607
19.8851
19.8107
19.7377
19.6661
19.5957
19.5267
19.4591
19.3929
19.3281
19.2648
19.2028
19.1424
19.0834
19.0259
18.9699
18.9154
18.8625
18.8111
18.7612
18.713
18.6663
18.6212
18.5777
18.5358
18.4956
18.457
18.42
18.3847
18.3511
18.3191
18.2888
18.2602
18.2333
18.2081
18.1846
18.1629
18.1428
18.1245
18.1079
18.0931
18.08
18.0686
18.059
18.0511
18.0449
18.0406
18.0379
18.0371
