25
24.6951
24.3903
24.0857
23.7813
23.4773
23.1737
22.8707
22.5682
22.2664
21.9655
21.6653
21.3661
21.068
20.7709
20.4751
20.1805
19.8872
19.5955
19.3052
19.0165
18.7295
18.4443
18.1609
17.8794
17.5999
17.3224
17.0471
16.7739
16.5031
16.2346
15.9685
15.7048
15.4438
15.1853
14.9295
14.6765
14.4263
14.1789
13.9345
13.693
13.4546
13.2193
12.9872
12.7583
12.5326
12.3102
12.0912
11.8756
11.6635
11.4549
11.2498
11.0484
10.8506
10.6564
10.466
10.2794
10.0965
9.9175
9.74236
9.57114
9.40385
9.24054
9.08124
8.92597
8.77477
8.62767
8.48469
8.34585
8.21119
8.08072
7.95447
7.83247
7.71473
7.60127
7.49211
7.38728
7.28678
7.19064
7.09887
7.01148
6.92849
6.84992
6.77577
6.70606
6.64079
6.57999
6.52365
6.47178
6.4244
6.38152
6.34312
6.30924
6.27986
6.25499
6.23464
6.21881
6.2075
6.20071
6.19845
