25
24.8831
24.7663
24.6495
24.5327
24.4162
24.2997
24.1834
24.0674
23.9515
23.836
23.7207
23.6058
23.4912
23.3769
23.2631
23.1498
23.0369
22.9244
22.8126
22.7012
22.5905
22.4803
22.3708
22.2619
22.1538
22.0463
21.9396
21.8337
21.7285
21.6242
21.5207
21.4181
21.3165
21.2157
21.1159
21.017
20.9192
20.8224
20.7267
20.632
20.5384
20.446
20.3547
20.2645
20.1756
20.0879
20.0014
19.9161
19.8322
19.7495
19.6682
19.5882
19.5096
19.4323
19.3565
19.2821
19.2091
19.1376
19.0675
18.999
18.9319
18.8664
18.8024
18.74
18.6792
18.6199
18.5623
18.5063
18.4519
18.3992
18.3481
18.2987
18.251
18.205
18.1607
18.1181
18.0772
18.0381
18.0008
17.9652
17.9314
17.8993
17.8691
17.8406
17.814
17.7891
17.7661
17.7449
17.7255
17.708
17.6922
17.6784
17.6663
17.6561
17.6478
17.6413
17.6367
17.6339
17.633
