25
24.9013
24.8026
24.704
24.6055
24.5071
24.4087
24.3106
24.2126
24.1148
24.0172
23.9199
23.8228
23.7261
23.6297
23.5336
23.4378
23.3425
23.2476
23.1531
23.0591
22.9656
22.8726
22.7801
22.6882
22.5969
22.5062
22.4161
22.3266
22.2379
22.1498
22.0624
21.9758
21.89
21.8049
21.7206
21.6372
21.5546
21.4728
21.392
21.3121
21.2331
21.155
21.0779
21.0018
20.9267
20.8526
20.7796
20.7077
20.6368
20.567
20.4983
20.4308
20.3644
20.2992
20.2351
20.1723
20.1107
20.0503
19.9912
19.9333
19.8767
19.8214
19.7673
19.7147
19.6633
19.6133
19.5646
19.5173
19.4714
19.4269
19.3837
19.342
19.3017
19.2629
19.2255
19.1895
19.1551
19.122
19.0905
19.0604
19.0319
19.0048
18.9793
18.9553
18.9328
18.9118
18.8923
18.8744
18.8581
18.8432
18.83
18.8183
18.8081
18.7995
18.7925
18.787
18.7831
18.7807
18.7799
