25
24.981
24.9621
24.9431
24.9242
24.9053
24.8864
24.8675
24.8487
24.8299
24.8111
24.7924
24.7738
24.7552
24.7366
24.7182
24.6998
24.6814
24.6632
24.645
24.627
24.609
24.5911
24.5733
24.5557
24.5381
24.5207
24.5034
24.4862
24.4691
24.4522
24.4354
24.4188
24.4023
24.3859
24.3697
24.3537
24.3378
24.3221
24.3066
24.2912
24.276
24.261
24.2462
24.2316
24.2171
24.2029
24.1889
24.175
24.1614
24.148
24.1348
24.1218
24.109
24.0965
24.0842
24.0721
24.0603
24.0487
24.0373
24.0262
24.0153
24.0047
23.9943
23.9842
23.9743
23.9647
23.9553
23.9462
23.9374
23.9289
23.9206
23.9126
23.9048
23.8973
23.8902
23.8832
23.8766
23.8703
23.8642
23.8584
23.8529
23.8477
23.8428
23.8382
23.8339
23.8299
23.8261
23.8227
23.8195
23.8167
23.8141
23.8119
23.8099
23.8083
23.8069
23.8059
23.8051
23.8047
23.8045
