25
24.971
24.942
24.913
24.8841
24.8551
24.8262
24.7974
24.7686
24.7398
24.7112
24.6825
24.654
24.6256
24.5972
24.569
24.5409
24.5128
24.485
24.4572
24.4296
24.4021
24.3747
24.3476
24.3205
24.2937
24.267
24.2406
24.2143
24.1882
24.1623
24.1366
24.1112
24.0859
24.0609
24.0362
24.0116
23.9874
23.9633
23.9396
23.9161
23.8929
23.8699
23.8473
23.8249
23.8028
23.781
23.7596
23.7384
23.7176
23.6971
23.6769
23.6571
23.6375
23.6184
23.5996
23.5811
23.563
23.5452
23.5278
23.5108
23.4942
23.4779
23.4621
23.4466
23.4315
23.4168
23.4025
23.3886
23.3751
23.362
23.3493
23.3371
23.3252
23.3138
23.3028
23.2922
23.2821
23.2724
23.2631
23.2543
23.2459
23.238
23.2304
23.2234
23.2168
23.2106
23.2049
23.1996
23.1948
23.1905
23.1866
23.1831
23.1801
23.1776
23.1755
23.1739
23.1728
23.1721
23.1719
