25
24.3168
23.6344
22.9536
22.2753
21.6002
20.9292
20.263
19.6023
18.948
18.3007
17.6611
17.0299
16.4077
15.7951
15.1926
14.6009
14.0204
13.4516
12.8948
12.3505
11.8191
11.3008
10.7958
10.3045
9.82704
9.36351
8.91404
8.47873
8.0576
7.65067
7.2579
6.87923
6.51458
6.16381
5.82678
5.50333
5.19324
4.89629
4.61225
4.34086
4.08184
3.83489
3.59971
3.37598
3.16338
2.96157
2.77021
2.58895
2.41744
2.25533
2.10227
1.95789
1.82186
1.69382
1.57343
1.46035
1.35424
1.25477
1.16163
1.0745
0.993075
0.917059
0.846163
0.780111
0.718632
0.661469
0.608371
0.5591
0.513427
0.471133
0.432008
0.395854
0.362482
0.331711
0.303372
0.277303
0.253354
0.23138
0.211249
0.192833
0.176016
0.160687
0.146744
0.134092
0.122644
0.112319
0.103042
0.0947471
0.0873715
0.0808604
0.0751642
0.070239
0.0660466
0.0625542
0.059734
0.0575636
0.0560257
0.0551079
0.0548028
