25
24.823
24.646
24.4691
24.2924
24.1158
23.9395
23.7634
23.5876
23.4122
23.2372
23.0626
22.8885
22.715
22.542
22.3697
22.198
22.027
21.8568
21.6873
21.5187
21.351
21.1842
21.0184
20.8535
20.6898
20.527
20.3655
20.2051
20.0459
19.8879
19.7313
19.5759
19.422
19.2694
19.1183
18.9687
18.8205
18.674
18.529
18.3857
18.244
18.1041
17.9659
17.8294
17.6948
17.562
17.431
17.302
17.1749
17.0498
16.9267
16.8056
16.6866
16.5697
16.4549
16.3423
16.2318
16.1236
16.0176
15.9138
15.8123
15.7132
15.6164
15.5219
15.4299
15.3402
15.253
15.1682
15.0859
15.0061
14.9288
14.8541
14.7819
14.7123
14.6452
14.5808
14.519
14.4598
14.4033
14.3494
14.2983
14.2498
14.204
14.161
14.1206
14.083
14.0482
14.0161
13.9868
13.9602
13.9364
13.9155
13.8972
13.8818
13.8692
13.8594
13.8524
13.8482
13.8468
