25
24.9322
24.8644
24.7966
24.7289
24.6612
24.5936
24.5262
24.4588
24.3916
24.3245
24.2576
24.1909
24.1244
24.0582
23.9921
23.9263
23.8608
23.7956
23.7306
23.666
23.6018
23.5378
23.4743
23.4111
23.3483
23.286
23.2241
23.1626
23.1016
23.041
22.981
22.9215
22.8625
22.804
22.7461
22.6887
22.6319
22.5758
22.5202
22.4653
22.411
22.3573
22.3043
22.252
22.2004
22.1495
22.0993
22.0499
22.0011
21.9532
21.906
21.8596
21.8139
21.7691
21.7251
21.6819
21.6396
21.598
21.5574
21.5176
21.4787
21.4407
21.4036
21.3673
21.332
21.2977
21.2642
21.2317
21.2002
21.1695
21.1399
21.1112
21.0836
21.0569
21.0311
21.0064
20.9827
20.96
20.9384
20.9177
20.8981
20.8795
20.8619
20.8454
20.83
20.8155
20.8022
20.7899
20.7786
20.7684
20.7593
20.7513
20.7443
20.7384
20.7335
20.7298
20.7271
20.7255
20.7249
