25
24.8333
24.6666
24.5
24.3335
24.1672
24.001
23.8352
23.6696
23.5044
23.3396
23.1751
23.0112
22.8477
22.6848
22.5224
22.3607
22.1996
22.0393
21.8797
21.7209
21.5629
21.4058
21.2495
21.0943
20.94
20.7867
20.6345
20.4834
20.3334
20.1847
20.0371
19.8908
19.7457
19.602
19.4597
19.3187
19.1792
19.0411
18.9045
18.7695
18.6361
18.5042
18.374
18.2455
18.1186
17.9935
17.8702
17.7486
17.6289
17.511
17.395
17.281
17.1689
17.0587
16.9506
16.8444
16.7404
16.6384
16.5385
16.4407
16.3451
16.2517
16.1605
16.0715
15.9848
15.9003
15.8181
15.7382
15.6607
15.5855
15.5127
15.4423
15.3742
15.3086
15.2455
15.1848
15.1265
15.0708
15.0175
14.9668
14.9186
14.8729
14.8297
14.7892
14.7512
14.7158
14.6829
14.6527
14.625
14.6
14.5776
14.5578
14.5407
14.5262
14.5143
14.505
14.4984
14.4944
14.4931
