25
24.5962
24.1927
23.7894
23.3867
22.9846
22.5834
22.1831
21.7841
21.3864
20.9902
20.5956
20.2028
19.8121
19.4234
19.037
18.6531
18.2717
17.893
17.5172
17.1444
16.7747
16.4082
16.0451
15.6856
15.3296
14.9774
14.629
14.2846
13.9442
13.608
13.276
12.9484
12.6251
12.3064
11.9923
11.6828
11.3781
11.0781
10.783
10.4927
10.2075
9.92718
9.65195
9.3818
9.11676
8.85688
8.60217
8.35265
8.10836
7.86929
7.63547
7.40691
7.18361
6.96557
6.7528
6.54529
6.34303
6.14601
5.95424
5.76768
5.58634
5.41018
5.23919
5.07335
4.91263
4.75702
4.60649
4.461
4.32053
4.18506
4.05456
3.92898
3.80832
3.69252
3.58157
3.47543
3.37408
3.27747
3.18559
3.0984
3.01588
2.93799
2.86471
2.79601
2.73187
2.67226
2.61716
2.56656
2.52042
2.47874
2.44149
2.40866
2.38023
2.3562
2.33655
2.32128
2.31037
2.30383
2.30165
