25
24.7816
24.5632
24.345
24.1269
23.9091
23.6915
23.4742
23.2574
23.041
22.825
22.6097
22.3949
22.1808
21.9675
21.7549
21.5431
21.3322
21.1222
20.9132
20.7053
20.4984
20.2927
20.0882
19.8849
19.683
19.4823
19.2831
19.0854
18.8891
18.6944
18.5013
18.3098
18.12
17.932
17.7458
17.5614
17.3789
17.1983
17.0197
16.8431
16.6686
16.4962
16.3259
16.1579
15.992
15.8285
15.6673
15.5084
15.3519
15.1979
15.0463
14.8973
14.7508
14.6069
14.4656
14.327
14.191
14.0578
13.9274
13.7997
13.6749
13.5529
13.4338
13.3177
13.2044
13.0941
12.9869
12.8826
12.7814
12.6833
12.5883
12.4964
12.4076
12.322
12.2396
12.1604
12.0844
12.0117
11.9423
11.8761
11.8132
11.7536
11.6974
11.6444
11.5949
11.5487
11.5059
11.4665
11.4304
11.3978
11.3686
11.3428
11.3204
11.3015
11.286
11.2739
11.2653
11.2601
11.2584
