25
24.805
24.6101
24.4153
24.2207
24.0262
23.832
23.6381
23.4445
23.2513
23.0586
22.8663
22.6746
22.4835
22.293
22.1032
21.9141
21.7258
21.5384
21.3518
21.1661
20.9814
20.7977
20.6151
20.4336
20.2532
20.0741
19.8962
19.7195
19.5443
19.3703
19.1978
19.0268
18.8573
18.6893
18.523
18.3582
18.1951
18.0338
17.8742
17.7164
17.5605
17.4064
17.2542
17.104
16.9558
16.8096
16.6655
16.5235
16.3836
16.2459
16.1104
15.9772
15.8462
15.7175
15.5911
15.4672
15.3456
15.2265
15.1098
14.9956
14.884
14.7749
14.6683
14.5644
14.4631
14.3644
14.2684
14.1752
14.0846
13.9968
13.9118
13.8295
13.7501
13.6735
13.5997
13.5288
13.4608
13.3957
13.3336
13.2743
13.218
13.1647
13.1143
13.067
13.0226
12.9812
12.9429
12.9076
12.8753
12.8461
12.82
12.7969
12.7768
12.7599
12.746
12.7352
12.7275
12.7229
12.7213
