25
24.9675
24.9351
24.9026
24.8702
24.8378
24.8055
24.7732
24.7409
24.7088
24.6767
24.6446
24.6127
24.5809
24.5491
24.5175
24.486
24.4547
24.4234
24.3924
24.3614
24.3307
24.3001
24.2696
24.2394
24.2093
24.1795
24.1499
24.1204
24.0912
24.0622
24.0335
24.005
23.9768
23.9488
23.921
23.8936
23.8664
23.8395
23.8129
23.7866
23.7606
23.7349
23.7096
23.6845
23.6598
23.6355
23.6114
23.5878
23.5644
23.5415
23.5189
23.4967
23.4748
23.4534
23.4323
23.4116
23.3914
23.3715
23.352
23.333
23.3144
23.2962
23.2784
23.261
23.2441
23.2277
23.2117
23.1961
23.181
23.1664
23.1522
23.1384
23.1252
23.1124
23.1001
23.0883
23.0769
23.0661
23.0557
23.0458
23.0364
23.0275
23.0191
23.0112
23.0038
22.9969
22.9905
22.9846
22.9792
22.9743
22.97
22.9661
22.9628
22.9599
22.9576
22.9558
22.9545
22.9538
22.9535
