25
24.9808
24.9617
24.9425
24.9234
24.9043
24.8852
24.8662
24.8471
24.8282
24.8092
24.7903
24.7715
24.7527
24.734
24.7153
24.6968
24.6782
24.6598
24.6415
24.6232
24.6051
24.587
24.5691
24.5512
24.5335
24.5159
24.4984
24.481
24.4638
24.4467
24.4298
24.4129
24.3963
24.3798
24.3634
24.3472
24.3312
24.3153
24.2996
24.2841
24.2688
24.2536
24.2386
24.2239
24.2093
24.1949
24.1807
24.1668
24.153
24.1395
24.1261
24.113
24.1001
24.0875
24.075
24.0628
24.0509
24.0392
24.0277
24.0164
24.0055
23.9947
23.9842
23.974
23.964
23.9543
23.9449
23.9357
23.9268
23.9181
23.9098
23.9017
23.8939
23.8863
23.879
23.8721
23.8654
23.859
23.8528
23.847
23.8415
23.8362
23.8313
23.8266
23.8222
23.8182
23.8144
23.8109
23.8077
23.8048
23.8023
23.8
23.798
23.7964
23.795
23.7939
23.7932
23.7927
23.7926
