25
24.9337
24.8675
24.8013
24.7351
24.669
24.603
24.537
24.4712
24.4056
24.34
24.2747
24.2095
24.1445
24.0798
24.0153
23.951
23.887
23.8232
23.7598
23.6967
23.6339
23.5714
23.5093
23.4476
23.3863
23.3253
23.2648
23.2048
23.1452
23.086
23.0274
22.9692
22.9115
22.8544
22.7978
22.7418
22.6863
22.6314
22.5771
22.5235
22.4704
22.418
22.3662
22.3151
22.2647
22.215
22.1659
22.1176
22.07
22.0231
21.977
21.9317
21.8871
21.8433
21.8003
21.7581
21.7167
21.6762
21.6364
21.5976
21.5596
21.5224
21.4861
21.4508
21.4163
21.3827
21.35
21.3182
21.2874
21.2575
21.2285
21.2005
21.1735
21.1474
21.1223
21.0981
21.075
21.0528
21.0316
21.0114
20.9923
20.9741
20.9569
20.9408
20.9257
20.9116
20.8986
20.8865
20.8755
20.8656
20.8567
20.8488
20.842
20.8362
20.8315
20.8278
20.8252
20.8236
20.8231
