25
24.8843
24.7686
24.6529
24.5374
24.4219
24.3066
24.1915
24.0766
23.9619
23.8475
23.7334
23.6196
23.5061
23.393
23.2803
23.1681
23.0563
22.945
22.8342
22.724
22.6143
22.5053
22.3968
22.289
22.1819
22.0756
21.9699
21.865
21.7609
21.6576
21.5552
21.4536
21.3529
21.2532
21.1544
21.0565
20.9596
20.8638
20.769
20.6753
20.5826
20.4911
20.4007
20.3114
20.2234
20.1365
20.0509
19.9665
19.8834
19.8015
19.721
19.6418
19.564
19.4875
19.4124
19.3387
19.2665
19.1956
19.1263
19.0584
18.992
18.9272
18.8638
18.802
18.7418
18.6831
18.6261
18.5706
18.5168
18.4646
18.414
18.3651
18.3178
18.2723
18.2284
18.1863
18.1458
18.1071
18.0701
18.0349
18.0014
17.9697
17.9397
17.9115
17.8852
17.8606
17.8378
17.8168
17.7976
17.7802
17.7646
17.7509
17.739
17.7289
17.7206
17.7142
17.7096
17.7069
17.7059
