25
24.9285
24.857
24.7855
24.7141
24.6427
24.5715
24.5003
24.4293
24.3584
24.2877
24.2172
24.1468
24.0767
24.0068
23.9372
23.8678
23.7987
23.7299
23.6614
23.5933
23.5255
23.4581
23.3911
23.3245
23.2583
23.1925
23.1272
23.0624
22.9981
22.9342
22.8709
22.8081
22.7459
22.6842
22.6232
22.5627
22.5028
22.4436
22.385
22.3271
22.2698
22.2132
22.1573
22.1022
22.0478
21.9941
21.9411
21.889
21.8376
21.787
21.7373
21.6883
21.6402
21.5929
21.5465
21.501
21.4563
21.4125
21.3697
21.3277
21.2867
21.2466
21.2075
21.1693
21.132
21.0958
21.0605
21.0262
20.9929
20.9607
20.9294
20.8992
20.87
20.8418
20.8147
20.7887
20.7637
20.7397
20.7169
20.6951
20.6744
20.6548
20.6363
20.6189
20.6026
20.5874
20.5733
20.5603
20.5484
20.5377
20.5281
20.5196
20.5122
20.506
20.5009
20.4969
20.4941
20.4924
20.4918
