25
24.9634
24.9268
24.8903
24.8537
24.8172
24.7808
24.7444
24.7081
24.6718
24.6356
24.5995
24.5636
24.5277
24.4919
24.4563
24.4208
24.3855
24.3503
24.3153
24.2804
24.2457
24.2112
24.177
24.1429
24.109
24.0754
24.042
24.0088
23.9759
23.9433
23.9109
23.8787
23.8469
23.8154
23.7841
23.7532
23.7226
23.6923
23.6623
23.6327
23.6034
23.5744
23.5458
23.5176
23.4898
23.4623
23.4352
23.4086
23.3823
23.3564
23.3309
23.3059
23.2813
23.2571
23.2334
23.2101
23.1872
23.1648
23.1429
23.1215
23.1005
23.08
23.0599
23.0404
23.0213
23.0028
22.9848
22.9672
22.9502
22.9337
22.9177
22.9022
22.8873
22.8729
22.859
22.8457
22.8329
22.8207
22.809
22.7978
22.7872
22.7772
22.7677
22.7588
22.7505
22.7427
22.7355
22.7289
22.7228
22.7173
22.7124
22.708
22.7043
22.7011
22.6985
22.6964
22.695
22.6941
22.6938
