25
24.8455
24.6911
24.5367
24.3825
24.2284
24.0745
23.9209
23.7675
23.6144
23.4617
23.3093
23.1574
23.006
22.855
22.7046
22.5548
22.4056
22.257
22.1092
21.962
21.8156
21.6701
21.5253
21.3815
21.2385
21.0965
20.9555
20.8155
20.6766
20.5387
20.402
20.2664
20.1321
19.9989
19.867
19.7364
19.6071
19.4792
19.3527
19.2276
19.1039
18.9818
18.8611
18.742
18.6245
18.5086
18.3943
18.2816
18.1707
18.0615
17.954
17.8483
17.7444
17.6424
17.5422
17.4438
17.3474
17.2529
17.1603
17.0698
16.9812
16.8946
16.8101
16.7276
16.6472
16.569
16.4928
16.4188
16.3469
16.2773
16.2098
16.1445
16.0815
16.0207
15.9622
15.9059
15.8519
15.8003
15.7509
15.7039
15.6592
15.6169
15.5769
15.5393
15.5041
15.4713
15.4408
15.4128
15.3872
15.364
15.3433
15.3249
15.309
15.2956
15.2846
15.276
15.2699
15.2662
15.265
