25
24.88
24.76
24.64
24.5202
24.4004
24.2809
24.1615
24.0423
23.9233
23.8047
23.6863
23.5683
23.4506
23.3333
23.2164
23.1
22.984
22.8686
22.7537
22.6394
22.5256
22.4125
22.3
22.1883
22.0772
21.9668
21.8573
21.7485
21.6405
21.5334
21.4271
21.3218
21.2173
21.1139
21.0114
20.9099
20.8094
20.71
20.6117
20.5145
20.4184
20.3234
20.2297
20.1371
20.0458
19.9557
19.8669
19.7794
19.6931
19.6083
19.5248
19.4426
19.3619
19.2826
19.2047
19.1282
19.0533
18.9799
18.9079
18.8375
18.7687
18.7014
18.6357
18.5716
18.5091
18.4483
18.3891
18.3316
18.2757
18.2216
18.1691
18.1184
18.0694
18.0222
17.9767
17.933
17.891
17.8509
17.8125
17.776
17.7412
17.7083
17.6773
17.648
17.6207
17.5951
17.5715
17.5497
17.5298
17.5118
17.4956
17.4814
17.469
17.4586
17.45
17.4434
17.4386
17.4357
17.4348
