25
24.9328
24.8657
24.7986
24.7315
24.6646
24.5977
24.5309
24.4642
24.3976
24.3312
24.265
24.1989
24.1331
24.0675
24.0021
23.937
23.8721
23.8075
23.7432
23.6792
23.6156
23.5523
23.4894
23.4268
23.3647
23.303
23.2417
23.1808
23.1204
23.0604
23.001
22.9421
22.8836
22.8257
22.7684
22.7116
22.6554
22.5998
22.5448
22.4904
22.4366
22.3835
22.331
22.2792
22.2281
22.1777
22.128
22.0791
22.0308
21.9834
21.9366
21.8907
21.8455
21.8011
21.7575
21.7148
21.6728
21.6317
21.5915
21.5521
21.5136
21.4759
21.4392
21.4033
21.3684
21.3343
21.3012
21.269
21.2378
21.2075
21.1781
21.1498
21.1224
21.0959
21.0705
21.046
21.0225
21.0001
20.9786
20.9581
20.9387
20.9203
20.9029
20.8866
20.8713
20.857
20.8438
20.8316
20.8204
20.8103
20.8013
20.7933
20.7864
20.7806
20.7758
20.7721
20.7694
20.7678
20.7673
