25
24.7367
24.4735
24.2105
23.9476
23.6851
23.4228
23.161
22.8997
22.6389
22.3787
22.1193
21.8606
21.6027
21.3457
21.0896
20.8346
20.5807
20.3279
20.0764
19.8261
19.5772
19.3297
19.0837
18.8393
18.5964
18.3553
18.1158
17.8782
17.6424
17.4085
17.1766
16.9467
16.7189
16.4932
16.2698
16.0486
15.8297
15.6132
15.3992
15.1876
14.9785
14.772
14.5682
14.367
14.1685
13.9729
13.78
13.5901
13.403
13.2189
13.0379
12.8599
12.6849
12.5131
12.3445
12.1791
12.017
11.8581
11.7026
11.5505
11.4018
11.2564
11.1146
10.9763
10.8415
10.7103
10.5826
10.4586
10.3383
10.2216
10.1087
9.99947
9.89401
9.79233
9.69446
9.60041
9.51021
9.42388
9.34144
9.2629
9.18829
9.11762
9.0509
8.98815
8.92939
8.87462
8.82386
8.77712
8.73441
8.69574
8.66112
8.63055
8.60405
8.58161
8.56325
8.54896
8.53876
8.53263
8.53059
