25
24.9402
24.8804
24.8207
24.761
24.7013
24.6418
24.5823
24.5229
24.4637
24.4046
24.3456
24.2868
24.2282
24.1697
24.1115
24.0535
23.9958
23.9383
23.881
23.8241
23.7674
23.7111
23.655
23.5993
23.544
23.489
23.4345
23.3803
23.3265
23.2731
23.2202
23.1677
23.1157
23.0641
23.0131
22.9625
22.9125
22.863
22.814
22.7656
22.7177
22.6704
22.6237
22.5776
22.5321
22.4872
22.443
22.3994
22.3564
22.3141
22.2725
22.2316
22.1914
22.1519
22.1131
22.075
22.0377
22.0011
21.9652
21.9302
21.8959
21.8624
21.8296
21.7977
21.7666
21.7363
21.7068
21.6781
21.6503
21.6233
21.5972
21.572
21.5475
21.524
21.5013
21.4796
21.4587
21.4387
21.4196
21.4013
21.384
21.3677
21.3522
21.3376
21.324
21.3113
21.2995
21.2886
21.2787
21.2697
21.2617
21.2546
21.2485
21.2432
21.239
21.2357
21.2333
21.2319
21.2314
