25
24.9707
24.9414
24.9121
24.8829
24.8537
24.8245
24.7953
24.7663
24.7372
24.7083
24.6794
24.6506
24.6218
24.5932
24.5647
24.5363
24.508
24.4798
24.4518
24.4239
24.3961
24.3685
24.341
24.3137
24.2866
24.2597
24.233
24.2064
24.1801
24.1539
24.128
24.1023
24.0768
24.0515
24.0265
24.0017
23.9772
23.953
23.929
23.9052
23.8818
23.8586
23.8357
23.8131
23.7908
23.7689
23.7472
23.7258
23.7048
23.6841
23.6637
23.6436
23.6239
23.6046
23.5855
23.5669
23.5486
23.5307
23.5131
23.4959
23.4791
23.4627
23.4467
23.431
23.4158
23.4009
23.3865
23.3725
23.3588
23.3456
23.3328
23.3204
23.3085
23.2969
23.2858
23.2752
23.2649
23.2551
23.2458
23.2368
23.2284
23.2203
23.2127
23.2056
23.1989
23.1927
23.1869
23.1816
23.1768
23.1724
23.1684
23.1649
23.1619
23.1594
23.1573
23.1557
23.1545
23.1538
23.1536
