25
24.9775
24.9549
24.9324
24.9099
24.8874
24.865
24.8425
24.8202
24.7978
24.7755
24.7533
24.7311
24.709
24.687
24.6651
24.6432
24.6214
24.5998
24.5782
24.5567
24.5354
24.5141
24.493
24.472
24.4511
24.4304
24.4098
24.3894
24.3691
24.349
24.3291
24.3093
24.2897
24.2703
24.251
24.2319
24.2131
24.1944
24.1759
24.1577
24.1396
24.1218
24.1042
24.0868
24.0697
24.0528
24.0361
24.0196
24.0035
23.9875
23.9718
23.9564
23.9412
23.9264
23.9117
23.8974
23.8833
23.8695
23.856
23.8428
23.8299
23.8172
23.8049
23.7928
23.7811
23.7697
23.7586
23.7478
23.7373
23.7271
23.7173
23.7077
23.6985
23.6897
23.6811
23.6729
23.665
23.6575
23.6503
23.6434
23.6369
23.6307
23.6249
23.6194
23.6143
23.6095
23.605
23.6009
23.5972
23.5938
23.5908
23.5881
23.5858
23.5838
23.5822
23.581
23.5801
23.5795
23.5794
