25
24.8808
24.7616
24.6424
24.5234
24.4044
24.2856
24.167
24.0486
23.9305
23.8126
23.695
23.5777
23.4608
23.3443
23.2282
23.1126
22.9974
22.8827
22.7686
22.655
22.542
22.4296
22.3179
22.2069
22.0965
21.9869
21.878
21.77
21.6627
21.5563
21.4508
21.3461
21.2424
21.1396
21.0378
20.9369
20.8372
20.7384
20.6407
20.5442
20.4487
20.3544
20.2612
20.1693
20.0786
19.9891
19.9008
19.8139
19.7283
19.6439
19.561
19.4794
19.3992
19.3204
19.243
19.1671
19.0926
19.0197
18.9482
18.8783
18.8099
18.7431
18.6778
18.6141
18.5521
18.4916
18.4328
18.3757
18.3202
18.2664
18.2143
18.1639
18.1153
18.0683
18.0231
17.9797
17.938
17.8981
17.86
17.8237
17.7892
17.7566
17.7257
17.6967
17.6695
17.6441
17.6206
17.599
17.5792
17.5613
17.5453
17.5311
17.5189
17.5085
17.5
17.4933
17.4886
17.4858
17.4848
