25
24.594
24.1882
23.7827
23.3778
22.9735
22.5701
22.1677
21.7665
21.3666
20.9683
20.5716
20.1768
19.784
19.3934
19.005
18.6191
18.2359
17.8554
17.4777
17.1032
16.7317
16.3636
15.9989
15.6378
15.2803
14.9266
14.5768
14.231
13.8894
13.5519
13.2187
12.89
12.5657
12.2459
11.9308
11.6205
11.3149
11.0141
10.7182
10.4273
10.1414
9.86059
9.58485
9.31424
9.0488
8.78855
8.53353
8.28376
8.03925
7.80002
7.56609
7.33744
7.11411
6.89607
6.68334
6.4759
6.27376
6.07689
5.88529
5.69894
5.51782
5.34192
5.17121
5.00567
4.84527
4.69
4.53981
4.39469
4.2546
4.11952
3.98941
3.86423
3.74397
3.62858
3.51803
3.4123
3.31134
3.21513
3.12364
3.03683
2.95467
2.87714
2.8042
2.73584
2.67201
2.6127
2.55789
2.50755
2.46166
2.42019
2.38315
2.3505
2.32223
2.29833
2.27879
2.2636
2.25276
2.24626
2.24409
