25
24.9765
24.9531
24.9297
24.9062
24.8828
24.8595
24.8361
24.8129
24.7896
24.7664
24.7433
24.7202
24.6972
24.6743
24.6515
24.6287
24.6061
24.5835
24.561
24.5387
24.5165
24.4944
24.4724
24.4506
24.4288
24.4073
24.3859
24.3646
24.3435
24.3226
24.3018
24.2812
24.2608
24.2406
24.2206
24.2007
24.1811
24.1617
24.1425
24.1235
24.1047
24.0861
24.0678
24.0497
24.0319
24.0143
23.9969
23.9798
23.963
23.9464
23.9301
23.914
23.8982
23.8827
23.8675
23.8526
23.8379
23.8236
23.8095
23.7958
23.7823
23.7692
23.7563
23.7438
23.7316
23.7197
23.7081
23.6969
23.686
23.6754
23.6652
23.6552
23.6457
23.6364
23.6275
23.619
23.6108
23.603
23.5955
23.5883
23.5815
23.5751
23.569
23.5633
23.558
23.553
23.5484
23.5441
23.5402
23.5367
23.5335
23.5308
23.5283
23.5263
23.5246
23.5233
23.5224
23.5218
23.5217
