25
24.8574
24.7148
24.5722
24.4298
24.2875
24.1454
24.0035
23.8619
23.7205
23.5795
23.4388
23.2985
23.1587
23.0193
22.8804
22.7421
22.6043
22.4671
22.3306
22.1947
22.0595
21.9251
21.7914
21.6586
21.5266
21.3955
21.2653
21.136
21.0077
20.8804
20.7541
20.6289
20.5048
20.3819
20.2601
20.1395
20.0201
19.902
19.7851
19.6696
19.5554
19.4426
19.3312
19.2212
19.1126
19.0056
18.9
18.796
18.6936
18.5927
18.4935
18.3959
18.2999
18.2057
18.1131
18.0223
17.9333
17.846
17.7605
17.6769
17.5951
17.5151
17.4371
17.3609
17.2867
17.2144
17.144
17.0757
17.0093
16.945
16.8827
16.8224
16.7642
16.708
16.654
16.602
16.5522
16.5045
16.4589
16.4155
16.3742
16.3351
16.2982
16.2635
16.2309
16.2006
16.1725
16.1466
16.123
16.1016
16.0824
16.0655
16.0508
16.0383
16.0282
16.0203
16.0146
16.0112
16.0101
