25
24.7125
24.425
24.1378
23.8507
23.564
23.2777
22.9918
22.7065
22.4218
22.1378
21.8546
21.5722
21.2908
21.0104
20.7311
20.4529
20.176
19.9003
19.6261
19.3533
19.0821
18.8124
18.5444
18.2782
18.0137
17.7512
17.4906
17.232
16.9755
16.7211
16.4689
16.2191
15.9715
15.7264
15.4837
15.2436
15.0061
14.7711
14.5389
14.3095
14.0828
13.8591
13.6382
13.4204
13.2055
12.9938
12.7851
12.5797
12.3774
12.1785
11.9829
11.7906
11.6017
11.4163
11.2343
11.0559
10.8811
10.7099
10.5423
10.3784
10.2182
10.0618
9.90915
9.76033
9.61535
9.47425
9.33707
9.20381
9.07453
8.94923
8.82795
8.71071
8.59753
8.48844
8.38346
8.28261
8.1859
8.09337
8.00502
7.92087
7.84094
7.76525
7.6938
7.62662
7.56372
7.5051
7.45077
7.40076
7.35507
7.3137
7.27666
7.24397
7.21562
7.19163
7.17199
7.15671
7.14579
7.13924
7.13706
