25
24.9729
24.9457
24.9186
24.8915
24.8644
24.8374
24.8104
24.7834
24.7565
24.7297
24.7029
24.6762
24.6496
24.6231
24.5967
24.5703
24.5441
24.518
24.492
24.4662
24.4405
24.4149
24.3895
24.3642
24.3391
24.3141
24.2893
24.2647
24.2403
24.2161
24.1921
24.1682
24.1446
24.1212
24.098
24.0751
24.0524
24.0299
24.0077
23.9857
23.964
23.9425
23.9213
23.9003
23.8797
23.8593
23.8392
23.8194
23.7999
23.7808
23.7619
23.7433
23.725
23.7071
23.6895
23.6722
23.6553
23.6386
23.6224
23.6065
23.5909
23.5757
23.5608
23.5463
23.5322
23.5184
23.5051
23.4921
23.4794
23.4672
23.4553
23.4438
23.4328
23.4221
23.4118
23.4019
23.3924
23.3833
23.3747
23.3664
23.3585
23.3511
23.3441
23.3375
23.3313
23.3255
23.3202
23.3152
23.3107
23.3067
23.303
23.2998
23.297
23.2946
23.2927
23.2912
23.2901
23.2895
23.2892
