25
24.9089
24.8178
24.7267
24.6357
24.5448
24.454
24.3634
24.2729
24.1826
24.0925
24.0026
23.913
23.8236
23.7346
23.6458
23.5574
23.4694
23.3818
23.2945
23.2077
23.1213
23.0355
22.9501
22.8652
22.7809
22.6971
22.6139
22.5313
22.4493
22.368
22.2873
22.2073
22.128
22.0495
21.9717
21.8946
21.8183
21.7429
21.6682
21.5944
21.5214
21.4493
21.3782
21.3079
21.2385
21.1701
21.1027
21.0362
20.9708
20.9063
20.8429
20.7806
20.7193
20.659
20.5999
20.5419
20.485
20.4292
20.3746
20.3212
20.2689
20.2178
20.1679
20.1193
20.0718
20.0256
19.9807
19.937
19.8946
19.8535
19.8137
19.7752
19.738
19.7021
19.6675
19.6343
19.6025
19.572
19.5429
19.5151
19.4888
19.4638
19.4402
19.418
19.3972
19.3779
19.3599
19.3434
19.3282
19.3146
19.3023
19.2915
19.2821
19.2742
19.2677
19.2626
19.259
19.2568
19.2561
