25
24.9147
24.8295
24.7442
24.6591
24.574
24.4891
24.4042
24.3196
24.235
24.1507
24.0666
23.9828
23.8991
23.8158
23.7328
23.6501
23.5677
23.4857
23.404
23.3228
23.242
23.1616
23.0817
23.0023
22.9234
22.845
22.7671
22.6898
22.6131
22.537
22.4615
22.3867
22.3125
22.2389
22.1661
22.094
22.0226
21.952
21.8821
21.8131
21.7448
21.6773
21.6107
21.545
21.4801
21.4161
21.353
21.2908
21.2295
21.1692
21.1099
21.0515
20.9941
20.9378
20.8825
20.8282
20.7749
20.7227
20.6716
20.6216
20.5727
20.5249
20.4782
20.4327
20.3883
20.345
20.303
20.2621
20.2224
20.184
20.1467
20.1107
20.0758
20.0423
20.01
19.9789
19.9491
19.9206
19.8933
19.8673
19.8427
19.8193
19.7972
19.7764
19.757
19.7389
19.7221
19.7066
19.6924
19.6796
19.6682
19.658
19.6493
19.6418
19.6357
19.631
19.6276
19.6256
19.6249
