25
24.7094
24.4188
24.1284
23.8382
23.5484
23.2589
22.9699
22.6815
22.3938
22.1067
21.8204
21.535
21.2506
20.9672
20.6849
20.4037
20.1238
19.8453
19.5681
19.2925
19.0184
18.7459
18.4751
18.2061
17.9389
17.6736
17.4103
17.1491
16.8899
16.633
16.3783
16.1259
15.8759
15.6283
15.3832
15.1407
14.9008
14.6636
14.4292
14.1975
13.9687
13.7428
13.5198
13.2999
13.083
12.8693
12.6587
12.4514
12.2473
12.0465
11.8491
11.6551
11.4646
11.2775
11.094
10.914
10.7376
10.5649
10.3959
10.2306
10.0691
9.91133
9.75741
9.60735
9.46118
9.31892
9.18062
9.04628
8.91595
8.78965
8.66741
8.54924
8.43517
8.32523
8.21943
8.1178
8.02035
7.9271
7.83808
7.75329
7.67276
7.5965
7.52452
7.45683
7.39346
7.3344
7.27968
7.2293
7.18327
7.1416
7.10429
7.07136
7.04281
7.01864
6.99886
6.98347
6.97247
6.96588
6.96368
