25
24.6048
24.2098
23.8151
23.4209
23.0274
22.6346
22.2427
21.852
21.4625
21.0745
20.6879
20.3032
19.9202
19.5393
19.1605
18.784
18.4099
18.0384
17.6696
17.3036
16.9405
16.5805
16.2238
15.8703
15.5203
15.1738
14.8309
14.4918
14.1565
13.8252
13.498
13.1748
12.8558
12.5412
12.2309
11.925
11.6237
11.3269
11.0348
10.7473
10.4646
10.1867
9.91365
9.64546
9.38219
9.12387
8.87054
8.62222
8.37894
8.14072
7.90757
7.67952
7.45656
7.23872
7.026
6.8184
6.61592
6.41856
6.22632
6.03918
5.85715
5.68021
5.50835
5.34155
5.1798
5.02309
4.87139
4.72469
4.58296
4.44618
4.31434
4.1874
4.06535
3.94817
3.83582
3.72828
3.62554
3.52756
3.43433
3.34581
3.26199
3.18284
3.10835
3.03848
2.97323
2.91256
2.85647
2.80493
2.75793
2.71545
2.67749
2.64402
2.61503
2.59053
2.57049
2.55491
2.54378
2.53711
2.53488
