25
24.911
24.8219
24.733
24.6441
24.5552
24.4665
24.378
24.2896
24.2013
24.1133
24.0255
23.9379
23.8506
23.7636
23.6769
23.5906
23.5045
23.4189
23.3337
23.2489
23.1645
23.0806
22.9971
22.9142
22.8318
22.75
22.6687
22.588
22.5079
22.4284
22.3496
22.2715
22.194
22.1172
22.0412
21.9659
21.8914
21.8176
21.7447
21.6726
21.6013
21.5309
21.4613
21.3927
21.3249
21.2581
21.1922
21.1273
21.0633
21.0003
20.9384
20.8775
20.8176
20.7587
20.7009
20.6442
20.5887
20.5342
20.4808
20.4286
20.3775
20.3276
20.2789
20.2313
20.185
20.1398
20.0959
20.0533
20.0118
19.9717
19.9328
19.8951
19.8588
19.8237
19.79
19.7575
19.7264
19.6966
19.6682
19.6411
19.6153
19.5909
19.5679
19.5462
19.5259
19.5069
19.4894
19.4732
19.4585
19.4451
19.4331
19.4226
19.4134
19.4056
19.3993
19.3943
19.3908
19.3887
19.388
