25
24.9738
24.9477
24.9215
24.8954
24.8693
24.8432
24.8172
24.7912
24.7653
24.7394
24.7136
24.6878
24.6622
24.6366
24.6111
24.5857
24.5605
24.5353
24.5102
24.4853
24.4605
24.4359
24.4113
24.387
24.3627
24.3387
24.3148
24.2911
24.2675
24.2442
24.221
24.1981
24.1753
24.1527
24.1304
24.1082
24.0863
24.0647
24.0432
24.022
24.0011
23.9804
23.9599
23.9398
23.9199
23.9002
23.8808
23.8618
23.843
23.8245
23.8062
23.7883
23.7707
23.7534
23.7365
23.7198
23.7035
23.6874
23.6718
23.6564
23.6414
23.6267
23.6124
23.5984
23.5848
23.5715
23.5586
23.5461
23.5339
23.5221
23.5107
23.4996
23.4889
23.4786
23.4687
23.4592
23.45
23.4413
23.4329
23.425
23.4174
23.4102
23.4034
23.3971
23.3911
23.3855
23.3804
23.3756
23.3713
23.3674
23.3638
23.3607
23.358
23.3558
23.3539
23.3524
23.3514
23.3508
23.3506
