25
24.8839
24.7678
24.6518
24.5358
24.42
24.3043
24.1888
24.0735
23.9585
23.8437
23.7292
23.615
23.5011
23.3877
23.2746
23.162
23.0498
22.9382
22.827
22.7164
22.6064
22.497
22.3882
22.28
22.1726
22.0658
21.9598
21.8546
21.7502
21.6465
21.5437
21.4418
21.3408
21.2407
21.1416
21.0434
20.9462
20.8501
20.7549
20.6609
20.5679
20.4761
20.3854
20.2959
20.2075
20.1204
20.0344
19.9498
19.8664
19.7843
19.7035
19.624
19.5459
19.4692
19.3938
19.3199
19.2474
19.1764
19.1068
19.0387
18.9721
18.907
18.8434
18.7814
18.721
18.6621
18.6049
18.5492
18.4952
18.4428
18.3921
18.343
18.2956
18.2499
18.2059
18.1636
18.123
18.0842
18.0471
18.0117
17.9781
17.9463
17.9163
17.888
17.8615
17.8368
17.814
17.7929
17.7736
17.7562
17.7406
17.7268
17.7148
17.7047
17.6964
17.69
17.6854
17.6826
17.6817
