25
24.939
24.878
24.8171
24.7562
24.6953
24.6346
24.5739
24.5133
24.4529
24.3926
24.3324
24.2724
24.2126
24.153
24.0936
24.0345
23.9756
23.9169
23.8585
23.8004
23.7426
23.6851
23.628
23.5712
23.5147
23.4587
23.403
23.3477
23.2928
23.2384
23.1844
23.1309
23.0778
23.0252
22.9731
22.9216
22.8705
22.82
22.77
22.7206
22.6718
22.6236
22.5759
22.5289
22.4825
22.4367
22.3915
22.3471
22.3033
22.2601
22.2177
22.1759
22.1349
22.0946
22.055
22.0162
21.9781
21.9408
21.9042
21.8684
21.8335
21.7993
21.7659
21.7333
21.7016
21.6707
21.6406
21.6113
21.583
21.5554
21.5288
21.503
21.4781
21.4541
21.431
21.4088
21.3874
21.367
21.3475
21.329
21.3113
21.2946
21.2788
21.264
21.2501
21.2371
21.2251
21.214
21.2039
21.1947
21.1865
21.1793
21.173
21.1677
21.1633
21.16
21.1575
21.1561
21.1556
