25
24.9483
24.8967
24.845
24.7935
24.7419
24.6904
24.639
24.5877
24.5365
24.4854
24.4345
24.3837
24.333
24.2825
24.2322
24.1821
24.1322
24.0825
24.033
23.9838
23.9349
23.8862
23.8377
23.7896
23.7418
23.6943
23.6471
23.6003
23.5538
23.5077
23.462
23.4166
23.3717
23.3271
23.283
23.2393
23.1961
23.1533
23.111
23.0691
23.0277
22.9869
22.9465
22.9067
22.8673
22.8286
22.7903
22.7527
22.7155
22.679
22.6431
22.6077
22.5729
22.5388
22.5053
22.4724
22.4401
22.4085
22.3775
22.3472
22.3176
22.2886
22.2603
22.2327
22.2059
22.1797
22.1542
22.1294
22.1054
22.0821
22.0595
22.0376
22.0166
21.9962
21.9766
21.9578
21.9398
21.9225
21.906
21.8902
21.8753
21.8611
21.8477
21.8352
21.8234
21.8124
21.8022
21.7928
21.7843
21.7765
21.7696
21.7634
21.7581
21.7536
21.7499
21.747
21.745
21.7438
21.7434
