25
24.9721
24.9443
24.9164
24.8886
24.8608
24.833
24.8053
24.7776
24.75
24.7224
24.6949
24.6675
24.6402
24.613
24.5858
24.5588
24.5319
24.5051
24.4784
24.4518
24.4254
24.3991
24.373
24.3471
24.3213
24.2957
24.2702
24.2449
24.2199
24.195
24.1703
24.1459
24.1216
24.0976
24.0738
24.0502
24.0269
24.0038
23.981
23.9584
23.9361
23.914
23.8923
23.8708
23.8496
23.8286
23.808
23.7877
23.7677
23.748
23.7286
23.7095
23.6907
23.6723
23.6542
23.6365
23.6191
23.602
23.5853
23.569
23.553
23.5374
23.5221
23.5072
23.4927
23.4786
23.4648
23.4515
23.4385
23.4259
23.4138
23.402
23.3906
23.3796
23.3691
23.3589
23.3492
23.3398
23.3309
23.3224
23.3144
23.3067
23.2995
23.2927
23.2864
23.2805
23.275
23.2699
23.2653
23.2611
23.2574
23.254
23.2512
23.2487
23.2468
23.2452
23.2441
23.2434
23.2432
