25
24.9805
24.961
24.9416
24.9221
24.9027
24.8833
24.8639
24.8446
24.8253
24.806
24.7868
24.7677
24.7486
24.7295
24.7106
24.6917
24.6729
24.6541
24.6355
24.6169
24.5985
24.5801
24.5619
24.5437
24.5257
24.5078
24.49
24.4724
24.4548
24.4375
24.4202
24.4031
24.3862
24.3694
24.3528
24.3363
24.32
24.3039
24.2879
24.2721
24.2565
24.2411
24.2259
24.2109
24.1961
24.1814
24.167
24.1528
24.1388
24.1251
24.1115
24.0982
24.0851
24.0722
24.0596
24.0472
24.035
24.0231
24.0114
24
23.9888
23.9779
23.9672
23.9568
23.9467
23.9368
23.9272
23.9179
23.9088
23.9
23.8915
23.8833
23.8753
23.8677
23.8603
23.8532
23.8464
23.8399
23.8337
23.8277
23.8221
23.8167
23.8117
23.807
23.8025
23.7984
23.7945
23.791
23.7878
23.7849
23.7822
23.7799
23.7779
23.7762
23.7748
23.7737
23.773
23.7725
23.7724
