25
24.7923
24.5846
24.3771
24.1697
23.9625
23.7555
23.5489
23.3427
23.1369
22.9315
22.7267
22.5224
22.3188
22.1159
21.9137
21.7122
21.5116
21.3119
21.1131
20.9154
20.7186
20.5229
20.3284
20.135
19.9429
19.7521
19.5625
19.3744
19.1877
19.0024
18.8187
18.6365
18.456
18.2771
18.0999
17.9244
17.7508
17.579
17.409
17.241
17.0749
16.9108
16.7488
16.5888
16.431
16.2754
16.1219
15.9707
15.8218
15.6751
15.5309
15.389
15.2496
15.1126
14.9781
14.8461
14.7167
14.5899
14.4657
14.3441
14.2253
14.1091
13.9957
13.8851
13.7773
13.6723
13.5701
13.4708
13.3745
13.281
13.1905
13.103
13.0184
12.9369
12.8584
12.783
12.7106
12.6414
12.5752
12.5122
12.4523
12.3955
12.3419
12.2915
12.2443
12.2003
12.1595
12.122
12.0876
12.0566
12.0287
12.0042
11.9828
11.9648
11.95
11.9386
11.9303
11.9254
11.9238
