25
24.9628
24.9256
24.8884
24.8513
24.8142
24.7771
24.7401
24.7032
24.6663
24.6295
24.5928
24.5563
24.5198
24.4834
24.4472
24.4111
24.3752
24.3394
24.3038
24.2684
24.2331
24.198
24.1632
24.1285
24.0941
24.0599
24.026
23.9922
23.9588
23.9256
23.8926
23.86
23.8276
23.7956
23.7638
23.7323
23.7012
23.6704
23.6399
23.6098
23.58
23.5506
23.5215
23.4928
23.4645
23.4366
23.4091
23.3819
23.3552
23.3289
23.303
23.2776
23.2525
23.228
23.2038
23.1801
23.1569
23.1341
23.1118
23.09
23.0687
23.0478
23.0275
23.0076
22.9882
22.9694
22.951
22.9332
22.9159
22.8991
22.8829
22.8671
22.852
22.8373
22.8232
22.8097
22.7967
22.7842
22.7723
22.761
22.7502
22.74
22.7304
22.7213
22.7129
22.705
22.6976
22.6909
22.6847
22.6791
22.6741
22.6697
22.6659
22.6626
22.66
22.6579
22.6564
22.6555
22.6552
