25
24.8997
24.7993
24.6991
24.5989
24.4988
24.3989
24.299
24.1994
24.1
24.0008
23.9018
23.8031
23.7048
23.6067
23.509
23.4117
23.3148
23.2183
23.1222
23.0267
22.9316
22.837
22.743
22.6496
22.5567
22.4645
22.3729
22.2819
22.1917
22.1021
22.0133
21.9252
21.8379
21.7514
21.6658
21.5809
21.4969
21.4138
21.3316
21.2504
21.17
21.0907
21.0123
20.9349
20.8586
20.7833
20.709
20.6358
20.5638
20.4928
20.423
20.3543
20.2868
20.2205
20.1554
20.0915
20.0289
19.9675
19.9074
19.8485
19.791
19.7347
19.6798
19.6262
19.574
19.5231
19.4737
19.4256
19.3789
19.3336
19.2898
19.2474
19.2064
19.1669
19.1289
19.0923
19.0573
19.0237
18.9916
18.9611
18.932
18.9045
18.8786
18.8541
18.8313
18.8099
18.7902
18.772
18.7553
18.7402
18.7268
18.7148
18.7045
18.6958
18.6886
18.683
18.6791
18.6767
18.6759
