25
24.8491
24.6982
24.5474
24.3967
24.2461
24.0958
23.9457
23.7958
23.6462
23.497
23.3482
23.1998
23.0518
22.9043
22.7574
22.611
22.4652
22.32
22.1756
22.0318
21.8888
21.7466
21.6052
21.4646
21.325
21.1862
21.0484
20.9117
20.7759
20.6412
20.5076
20.3752
20.2439
20.1138
19.9849
19.8573
19.731
19.606
19.4824
19.3602
19.2394
19.12
19.0021
18.8857
18.7709
18.6576
18.546
18.4359
18.3275
18.2208
18.1158
18.0126
17.9111
17.8113
17.7134
17.6174
17.5231
17.4308
17.3404
17.2519
17.1653
17.0807
16.9981
16.9176
16.839
16.7625
16.6881
16.6158
16.5456
16.4775
16.4116
16.3478
16.2862
16.2268
16.1697
16.1147
16.062
16.0115
15.9633
15.9173
15.8737
15.8323
15.7932
15.7565
15.7221
15.69
15.6603
15.6329
15.6079
15.5852
15.5649
15.547
15.5315
15.5184
15.5076
15.4992
15.4932
15.4896
15.4884
